2024-10-19 11:35:57.626 [info] Starting TS Server
2024-10-19 11:35:57.626 [info] Using tsserver from: /usr/lib/code/extensions/node_modules/typescript/lib/tsserver.js
2024-10-19 11:35:57.626 [info] <syntax> Forking...
2024-10-19 11:35:57.626 [info] <syntax> Starting...
2024-10-19 11:35:57.626 [info] <semantic> Forking...
2024-10-19 11:35:57.626 [info] <semantic> Starting...
2024-10-19 11:36:40.385 [error] TSServer exited. Code: null. Signal: SIGTERM
2024-10-19 11:36:40.385 [info] Starting TS Server
2024-10-19 11:36:40.385 [info] Not starting server: disposed
2024-10-19 11:37:41.107 [info] Starting TS Server
2024-10-19 11:37:41.107 [info] Using tsserver from: /usr/lib/code/extensions/node_modules/typescript/lib/tsserver.js
2024-10-19 11:37:41.107 [info] <syntax> Forking...
2024-10-19 11:37:41.107 [info] <syntax> Starting...
2024-10-19 11:37:41.107 [info] <semantic> Forking...
2024-10-19 11:37:41.107 [info] <semantic> Starting...
2024-10-19 11:48:58.071 [error] TSServer exited. Code: null. Signal: SIGTERM
2024-10-19 11:48:58.076 [info] Starting TS Server
2024-10-19 11:48:58.076 [info] Not starting server: disposed
2024-10-19 11:50:11.067 [info] Starting TS Server
2024-10-19 11:50:11.067 [info] Using tsserver from: /usr/lib/code/extensions/node_modules/typescript/lib/tsserver.js
2024-10-19 11:50:11.067 [info] <syntax> Forking...
2024-10-19 11:50:11.067 [info] <syntax> Starting...
2024-10-19 11:50:11.067 [info] <semantic> Forking...
2024-10-19 11:50:11.067 [info] <semantic> Starting...
2024-10-19 12:16:17.611 [error] TSServer exited. Code: null. Signal: SIGTERM
2024-10-19 12:16:17.614 [info] Starting TS Server
2024-10-19 12:16:17.614 [info] Not starting server: disposed
2024-10-19 12:16:26.335 [info] Starting TS Server
2024-10-19 12:16:26.339 [info] Using tsserver from: /usr/lib/code/extensions/node_modules/typescript/lib/tsserver.js
2024-10-19 12:16:26.339 [info] <syntax> Forking...
2024-10-19 12:16:26.339 [info] <syntax> Starting...
2024-10-19 12:16:26.339 [info] <semantic> Forking...
2024-10-19 12:16:26.339 [info] <semantic> Starting...
2024-10-19 13:21:07.794 [error] TSServer exited. Code: null. Signal: SIGTERM
2024-10-19 13:21:07.795 [info] Starting TS Server
2024-10-19 13:21:07.795 [info] Not starting server: disposed
