2024-10-19 11:38:00.446 [info] Name: Python Debugger
2024-10-19 11:38:00.446 [info] Module: debugpy
2024-10-19 11:38:00.446 [error] sendDebugpySuccessActivationTelemetry() failed. Error: Extension 'ms-python.debugpy' CANNOT use API proposal: portsAttributes.
Its package.json#enabledApiProposals-property declares:  but NOT portsAttributes.
 The missing proposal MUST be added and you must start in extension development mode or use the following command line switch: --enable-proposed-api ms-python.debugpy
    at H (file:///usr/lib/code/out/vs/workbench/api/node/extensionHostProcess.js:112:16479)
    at Object.registerPortAttributesProvider (file:///usr/lib/code/out/vs/workbench/api/node/extensionHostProcess.js:156:55383)
    at t.registerDebugger (/home/xeyossr/.vscode-oss/extensions/ms-python.debugpy-2024.12.0-linux-x64/dist/extension.js:2:907336)
    at e.activate (/home/xeyossr/.vscode-oss/extensions/ms-python.debugpy-2024.12.0-linux-x64/dist/extension.js:2:1156364)
    at Function.kb (file:///usr/lib/code/out/vs/workbench/api/node/extensionHostProcess.js:118:15217)
    at Function.jb (file:///usr/lib/code/out/vs/workbench/api/node/extensionHostProcess.js:118:14924)
    at file:///usr/lib/code/out/vs/workbench/api/node/extensionHostProcess.js:118:13082
    at x0.n (file:///usr/lib/code/out/vs/workbench/api/node/extensionHostProcess.js:114:4450)
    at x0.m (file:///usr/lib/code/out/vs/workbench/api/node/extensionHostProcess.js:114:4413)
    at x0.l (file:///usr/lib/code/out/vs/workbench/api/node/extensionHostProcess.js:114:3869)
2024-10-19 11:49:06.544 [info] Name: Python Debugger
2024-10-19 11:49:06.545 [info] Module: debugpy
2024-10-19 11:49:06.545 [error] sendDebugpySuccessActivationTelemetry() failed. Error: Extension 'ms-python.debugpy' CANNOT use API proposal: portsAttributes.
Its package.json#enabledApiProposals-property declares:  but NOT portsAttributes.
 The missing proposal MUST be added and you must start in extension development mode or use the following command line switch: --enable-proposed-api ms-python.debugpy
    at H (file:///usr/lib/code/out/vs/workbench/api/node/extensionHostProcess.js:112:16479)
    at Object.registerPortAttributesProvider (file:///usr/lib/code/out/vs/workbench/api/node/extensionHostProcess.js:156:55383)
    at t.registerDebugger (/home/xeyossr/.vscode-oss/extensions/ms-python.debugpy-2024.12.0-linux-x64/dist/extension.js:2:907336)
    at e.activate (/home/xeyossr/.vscode-oss/extensions/ms-python.debugpy-2024.12.0-linux-x64/dist/extension.js:2:1156364)
    at Function.kb (file:///usr/lib/code/out/vs/workbench/api/node/extensionHostProcess.js:118:15217)
    at Function.jb (file:///usr/lib/code/out/vs/workbench/api/node/extensionHostProcess.js:118:14924)
    at file:///usr/lib/code/out/vs/workbench/api/node/extensionHostProcess.js:118:13082
    at x0.n (file:///usr/lib/code/out/vs/workbench/api/node/extensionHostProcess.js:114:4450)
    at x0.m (file:///usr/lib/code/out/vs/workbench/api/node/extensionHostProcess.js:114:4413)
    at x0.l (file:///usr/lib/code/out/vs/workbench/api/node/extensionHostProcess.js:114:3869)
2024-10-19 12:16:36.210 [info] Name: Python Debugger
2024-10-19 12:16:36.210 [info] Module: debugpy
2024-10-19 12:16:36.210 [error] sendDebugpySuccessActivationTelemetry() failed. Error: Extension 'ms-python.debugpy' CANNOT use API proposal: portsAttributes.
Its package.json#enabledApiProposals-property declares:  but NOT portsAttributes.
 The missing proposal MUST be added and you must start in extension development mode or use the following command line switch: --enable-proposed-api ms-python.debugpy
    at H (file:///usr/lib/code/out/vs/workbench/api/node/extensionHostProcess.js:112:16479)
    at Object.registerPortAttributesProvider (file:///usr/lib/code/out/vs/workbench/api/node/extensionHostProcess.js:156:55383)
    at t.registerDebugger (/home/xeyossr/.vscode-oss/extensions/ms-python.debugpy-2024.12.0-linux-x64/dist/extension.js:2:907336)
    at e.activate (/home/xeyossr/.vscode-oss/extensions/ms-python.debugpy-2024.12.0-linux-x64/dist/extension.js:2:1156364)
    at Function.kb (file:///usr/lib/code/out/vs/workbench/api/node/extensionHostProcess.js:118:15217)
    at Function.jb (file:///usr/lib/code/out/vs/workbench/api/node/extensionHostProcess.js:118:14924)
    at file:///usr/lib/code/out/vs/workbench/api/node/extensionHostProcess.js:118:13082
    at x0.n (file:///usr/lib/code/out/vs/workbench/api/node/extensionHostProcess.js:114:4450)
    at x0.m (file:///usr/lib/code/out/vs/workbench/api/node/extensionHostProcess.js:114:4413)
    at x0.l (file:///usr/lib/code/out/vs/workbench/api/node/extensionHostProcess.js:114:3869)
