2024-10-18 21:42:22.827 [info] Started local extension host with pid 459392.
2024-10-18 21:42:24.475 [error] Error scanning extensions at /$HOME/.vscode-oss/extensions/undefined_publisher.wallbash-0.0.1: Var olmayan '/$HOME/.vscode-oss/extensions/undefined_publisher.wallbash-0.0.1' dosyası çözümlenemiyor
2024-10-18 21:42:24.479 [error] Extension 'ms-python.debugpy CANNOT USE these API proposals 'portsAttributes, contribIssueReporter, debugVisualization, contribViewsWelcome'. You MUST start in extension development mode or use the --enable-proposed-api command line flag
2024-10-18 21:42:24.479 [error] Extension 'ms-python.python CANNOT USE these API proposals 'contribEditorContentMenu, quickPickSortByLabel, testObserver, quickPickItemTooltip, terminalDataWriteEvent, terminalExecuteCommandEvent, contribIssueReporter, codeActionAI, notebookReplDocument, notebookVariableProvider'. You MUST start in extension development mode or use the --enable-proposed-api command line flag
2024-10-18 21:42:24.601 [error] [ms-python.debugpy]: issue/reporter önerilen bir menü tanımlayıcısıdır. 'package.json#enabledApiProposals: ["contribIssueReporter"]' özelliğini gerektirir ve yalnızca geliştirme dışında veya --enable-proposed-api ms-python.debugpy komut satırı anahtarıyla çalışırken kullanılabilir
2024-10-18 21:42:24.602 [error] [ms-python.python]: issue/reporter önerilen bir menü tanımlayıcısıdır. 'package.json#enabledApiProposals: ["contribIssueReporter"]' özelliğini gerektirir ve yalnızca geliştirme dışında veya --enable-proposed-api ms-python.python komut satırı anahtarıyla çalışırken kullanılabilir
2024-10-18 21:42:24.603 [error] [ms-python.python]: editor/content önerilen bir menü tanımlayıcısıdır. 'package.json#enabledApiProposals: ["contribEditorContentMenu"]' özelliğini gerektirir ve yalnızca geliştirme dışında veya --enable-proposed-api ms-python.python komut satırı anahtarıyla çalışırken kullanılabilir
2024-10-18 21:42:28.199 [info] [perf] Render performance baseline is 301ms
2024-10-18 21:52:50.436 [info] Started local extension host with pid 471768.
2024-10-18 21:52:51.784 [error] Error scanning extensions at /$HOME/.vscode-oss/extensions/undefined_publisher.wallbash-0.0.1: Var olmayan '/$HOME/.vscode-oss/extensions/undefined_publisher.wallbash-0.0.1' dosyası çözümlenemiyor
2024-10-18 21:52:51.788 [error] Extension 'ms-python.debugpy CANNOT USE these API proposals 'portsAttributes, contribIssueReporter, debugVisualization, contribViewsWelcome'. You MUST start in extension development mode or use the --enable-proposed-api command line flag
2024-10-18 21:52:51.791 [error] Extension 'ms-python.python CANNOT USE these API proposals 'contribEditorContentMenu, quickPickSortByLabel, testObserver, quickPickItemTooltip, terminalDataWriteEvent, terminalExecuteCommandEvent, contribIssueReporter, codeActionAI, notebookReplDocument, notebookVariableProvider'. You MUST start in extension development mode or use the --enable-proposed-api command line flag
2024-10-18 21:52:51.853 [error] [ms-python.debugpy]: issue/reporter önerilen bir menü tanımlayıcısıdır. 'package.json#enabledApiProposals: ["contribIssueReporter"]' özelliğini gerektirir ve yalnızca geliştirme dışında veya --enable-proposed-api ms-python.debugpy komut satırı anahtarıyla çalışırken kullanılabilir
2024-10-18 21:52:51.853 [error] [ms-python.python]: issue/reporter önerilen bir menü tanımlayıcısıdır. 'package.json#enabledApiProposals: ["contribIssueReporter"]' özelliğini gerektirir ve yalnızca geliştirme dışında veya --enable-proposed-api ms-python.python komut satırı anahtarıyla çalışırken kullanılabilir
2024-10-18 21:52:51.858 [error] [ms-python.python]: editor/content önerilen bir menü tanımlayıcısıdır. 'package.json#enabledApiProposals: ["contribEditorContentMenu"]' özelliğini gerektirir ve yalnızca geliştirme dışında veya --enable-proposed-api ms-python.python komut satırı anahtarıyla çalışırken kullanılabilir
2024-10-18 21:52:54.625 [info] [perf] Render performance baseline is 103ms
2024-10-18 21:56:47.718 [info] Started local extension host with pid 476140.
2024-10-18 21:56:49.344 [error] Error scanning extensions at /$HOME/.vscode-oss/extensions/undefined_publisher.wallbash-0.0.1: Var olmayan '/$HOME/.vscode-oss/extensions/undefined_publisher.wallbash-0.0.1' dosyası çözümlenemiyor
2024-10-18 21:56:49.359 [error] Extension 'ms-python.debugpy CANNOT USE these API proposals 'portsAttributes, contribIssueReporter, debugVisualization, contribViewsWelcome'. You MUST start in extension development mode or use the --enable-proposed-api command line flag
2024-10-18 21:56:49.360 [error] Extension 'ms-python.python CANNOT USE these API proposals 'contribEditorContentMenu, quickPickSortByLabel, testObserver, quickPickItemTooltip, terminalDataWriteEvent, terminalExecuteCommandEvent, contribIssueReporter, codeActionAI, notebookReplDocument, notebookVariableProvider'. You MUST start in extension development mode or use the --enable-proposed-api command line flag
2024-10-18 21:56:49.517 [error] [ms-python.debugpy]: issue/reporter önerilen bir menü tanımlayıcısıdır. 'package.json#enabledApiProposals: ["contribIssueReporter"]' özelliğini gerektirir ve yalnızca geliştirme dışında veya --enable-proposed-api ms-python.debugpy komut satırı anahtarıyla çalışırken kullanılabilir
2024-10-18 21:56:49.523 [error] [ms-python.python]: issue/reporter önerilen bir menü tanımlayıcısıdır. 'package.json#enabledApiProposals: ["contribIssueReporter"]' özelliğini gerektirir ve yalnızca geliştirme dışında veya --enable-proposed-api ms-python.python komut satırı anahtarıyla çalışırken kullanılabilir
2024-10-18 21:56:49.524 [error] [ms-python.python]: editor/content önerilen bir menü tanımlayıcısıdır. 'package.json#enabledApiProposals: ["contribEditorContentMenu"]' özelliğini gerektirir ve yalnızca geliştirme dışında veya --enable-proposed-api ms-python.python komut satırı anahtarıyla çalışırken kullanılabilir
2024-10-18 22:02:46.403 [info] [perf] Render performance baseline is 79ms
2024-10-18 22:02:53.098 [error] spawn /home/xeyossr/.vscode-oss/extensions/ms-python.python-2024.16.1-universal/python-env-tools/bin/pet ENOENT: Error: spawn /home/xeyossr/.vscode-oss/extensions/ms-python.python-2024.16.1-universal/python-env-tools/bin/pet ENOENT
    at Process.ChildProcess._handle.onexit (node:internal/child_process:286:19)
    at onErrorNT (node:internal/child_process:484:16)
    at processTicksAndRejections (node:internal/process/task_queues:82:21)
2024-10-18 22:09:28.956 [error] Beklenmeyen bir hata oluştu. Daha fazla ayrıntı için lütfen günlüğe bakın.
2024-10-18 22:12:42.898 [error] Beklenmeyen bir hata oluştu. Daha fazla ayrıntı için lütfen günlüğe bakın.
2024-10-18 22:12:46.242 [error] Beklenmeyen bir hata oluştu. Daha fazla ayrıntı için lütfen günlüğe bakın.
2024-10-18 22:12:49.997 [error] Beklenmeyen bir hata oluştu. Daha fazla ayrıntı için lütfen günlüğe bakın.
