2024-10-18 21:42:22.154 [info] Added views:outline in workbench.view.explorer
2024-10-18 21:42:22.154 [info] Added views:workbench.view.search in workbench.view.search
2024-10-18 21:42:22.154 [info] Added views:workbench.scm in workbench.view.scm
2024-10-18 21:42:22.154 [info] Added views:workbench.panel.markers.view in workbench.panel.markers
2024-10-18 21:42:22.154 [info] Added views:workbench.panel.output in workbench.panel.output
2024-10-18 21:42:22.154 [info] Added views:terminal in terminal
2024-10-18 21:42:22.154 [info] Added views:timeline in workbench.view.explorer
2024-10-18 21:42:22.154 [info] Added views:workbench.explorer.fileView in workbench.view.explorer
2024-10-18 21:42:22.737 [info] Added views:workbench.debug.welcome in workbench.view.debug
2024-10-18 21:42:24.664 [info] Added views:discordTreeView in workbench.view.explorer
2024-10-18 21:42:25.126 [info] Added views:workbench.panel.repl.view in workbench.panel.repl
2024-10-18 21:42:26.246 [info] Added views:~remote.forwardedPorts in ~remote.forwardedPortsContainer
2024-10-18 21:52:50.264 [info] Added views:outline in workbench.view.explorer
2024-10-18 21:52:50.264 [info] Added views:workbench.view.search in workbench.view.search
2024-10-18 21:52:50.264 [info] Added views:workbench.scm in workbench.view.scm
2024-10-18 21:52:50.264 [info] Added views:workbench.panel.markers.view in workbench.panel.markers
2024-10-18 21:52:50.264 [info] Added views:workbench.panel.output in workbench.panel.output
2024-10-18 21:52:50.264 [info] Added views:terminal in terminal
2024-10-18 21:52:50.264 [info] Added views:timeline in workbench.view.explorer
2024-10-18 21:52:50.264 [info] Added views:workbench.explorer.fileView in workbench.view.explorer
2024-10-18 21:52:51.968 [info] Added views:discordTreeView in workbench.view.explorer
2024-10-18 21:52:52.274 [info] Added views:workbench.debug.variablesView,workbench.debug.watchExpressionsView,workbench.debug.callStackView,workbench.debug.breakPointsView in workbench.view.debug
2024-10-18 21:52:52.417 [info] Added views:workbench.panel.repl.view in workbench.panel.repl
2024-10-18 21:52:52.417 [info] Removed views:workbench.debug.breakPointsView,workbench.debug.callStackView,workbench.debug.watchExpressionsView,workbench.debug.variablesView from workbench.view.debug
2024-10-18 21:52:52.418 [info] Added views:workbench.debug.welcome in workbench.view.debug
2024-10-18 21:52:52.634 [info] Added views:~remote.forwardedPorts in ~remote.forwardedPortsContainer
2024-10-18 21:56:47.578 [info] Added views:outline in workbench.view.explorer
2024-10-18 21:56:47.578 [info] Added views:workbench.view.search in workbench.view.search
2024-10-18 21:56:47.578 [info] Added views:workbench.scm in workbench.view.scm
2024-10-18 21:56:47.578 [info] Added views:workbench.panel.markers.view in workbench.panel.markers
2024-10-18 21:56:47.578 [info] Added views:workbench.panel.output in workbench.panel.output
2024-10-18 21:56:47.578 [info] Added views:terminal in terminal
2024-10-18 21:56:47.578 [info] Added views:timeline in workbench.view.explorer
2024-10-18 21:56:47.578 [info] Added views:workbench.explorer.fileView in workbench.view.explorer
2024-10-18 21:56:47.885 [info] Added views:workbench.debug.variablesView,workbench.debug.watchExpressionsView,workbench.debug.callStackView,workbench.debug.breakPointsView in workbench.view.debug
2024-10-18 21:56:49.634 [info] Added views:discordTreeView in workbench.view.explorer
2024-10-18 21:56:49.719 [info] Added views:~remote.forwardedPorts in ~remote.forwardedPortsContainer
2024-10-18 21:56:50.408 [info] Added views:workbench.panel.repl.view in workbench.panel.repl
2024-10-18 21:56:50.422 [info] Removed views:workbench.debug.breakPointsView,workbench.debug.callStackView,workbench.debug.watchExpressionsView,workbench.debug.variablesView from workbench.view.debug
2024-10-18 21:56:50.423 [info] Added views:workbench.debug.welcome in workbench.view.debug
2024-10-18 22:02:53.266 [info] Added views:workbench.view.testing in workbench.view.extension.test
2024-10-18 22:15:27.767 [info] Removed views:workbench.view.testing from workbench.view.extension.test
