2024-10-19 20:49:56.743 [info] Added views:outline in workbench.view.explorer
2024-10-19 20:49:56.743 [info] Added views:workbench.view.search in workbench.view.search
2024-10-19 20:49:56.743 [info] Added views:workbench.scm in workbench.view.scm
2024-10-19 20:49:56.743 [info] Added views:workbench.panel.markers.view in workbench.panel.markers
2024-10-19 20:49:56.743 [info] Added views:workbench.panel.output in workbench.panel.output
2024-10-19 20:49:56.743 [info] Added views:terminal in terminal
2024-10-19 20:49:56.743 [info] Added views:timeline in workbench.view.explorer
2024-10-19 20:49:56.743 [info] Added views:workbench.explorer.fileView in workbench.view.explorer
2024-10-19 20:49:58.085 [info] Added views:workbench.debug.variablesView,workbench.debug.watchExpressionsView,workbench.debug.callStackView,workbench.debug.breakPointsView in workbench.view.debug
2024-10-19 20:49:59.099 [info] Added views:discordTreeView in workbench.view.explorer
2024-10-19 20:49:59.193 [info] Added views:~remote.forwardedPorts in ~remote.forwardedPortsContainer
2024-10-19 20:50:00.183 [info] Added views:workbench.panel.repl.view in workbench.panel.repl
2024-10-19 20:50:00.186 [info] Removed views:workbench.debug.breakPointsView,workbench.debug.callStackView,workbench.debug.watchExpressionsView,workbench.debug.variablesView from workbench.view.debug
2024-10-19 20:50:00.187 [info] Added views:workbench.debug.welcome in workbench.view.debug
2024-10-19 20:50:02.285 [info] Added views:workbench.views.extensions.installed,workbench.views.extensions.popular,extensions.recommendedList in workbench.view.extensions
2024-10-19 20:50:02.289 [info] Removed views:workbench.views.extensions.popular from workbench.view.extensions
2024-10-19 20:50:02.669 [info] Added views:workbench.scm.history in workbench.view.scm
2024-10-19 20:50:08.239 [info] Removed views:extensions.recommendedList,workbench.views.extensions.installed from workbench.view.extensions
2024-10-19 20:50:08.256 [info] Added views:workbench.views.extensions.marketplace in workbench.view.extensions
2024-10-19 21:36:52.447 [info] Removed views:workbench.scm.history from workbench.view.scm
2024-10-19 21:36:53.638 [info] Added views:outline in workbench.view.explorer
2024-10-19 21:36:53.638 [info] Added views:workbench.view.search in workbench.view.search
2024-10-19 21:36:53.638 [info] Added views:workbench.scm in workbench.view.scm
2024-10-19 21:36:53.638 [info] Added views:workbench.panel.markers.view in workbench.panel.markers
2024-10-19 21:36:53.638 [info] Added views:workbench.panel.output in workbench.panel.output
2024-10-19 21:36:53.638 [info] Added views:terminal in terminal
2024-10-19 21:36:53.638 [info] Added views:timeline in workbench.view.explorer
2024-10-19 21:36:53.638 [info] Added views:workbench.explorer.fileView in workbench.view.explorer
2024-10-19 21:36:53.869 [info] Added views:workbench.debug.welcome in workbench.view.debug
2024-10-19 21:36:55.305 [info] Added views:discordTreeView in workbench.view.explorer
2024-10-19 21:36:55.647 [info] Added views:workbench.panel.repl.view in workbench.panel.repl
2024-10-19 21:36:58.468 [info] Added views:~remote.forwardedPorts in ~remote.forwardedPortsContainer
2024-10-19 21:36:59.603 [info] Added views:workbench.scm.history in workbench.view.scm
