2024-10-17 23:23:51.722 [info] [ana] Günlük düzeyi: Info
2024-10-17 23:23:51.722 [info] [ana] Şurada bulunan git doğrulanıyor: "git"
2024-10-17 23:23:51.722 [info] [ana] "git" konumundaki "2.47.0" git'i kullanılıyor
2024-10-17 23:23:51.722 [info] [Model][doInitialScan] Initial repository scan started
2024-10-17 23:23:51.722 [info] > git rev-parse --show-toplevel [186ms]
2024-10-17 23:23:51.722 [info] fatal: not a git repository (or any parent up to mount point /)
Stopping at filesystem boundary (GIT_DISCOVERY_ACROSS_FILESYSTEM not set).
2024-10-17 23:23:51.722 [info] > git rev-parse --show-toplevel [17ms]
2024-10-17 23:23:51.722 [info] fatal: not a git repository (or any parent up to mount point /)
Stopping at filesystem boundary (GIT_DISCOVERY_ACROSS_FILESYSTEM not set).
2024-10-17 23:23:51.783 [info] > git rev-parse --show-toplevel [65ms]
2024-10-17 23:23:51.784 [info] fatal: not a git repository (or any parent up to mount point /)
Stopping at filesystem boundary (GIT_DISCOVERY_ACROSS_FILESYSTEM not set).
2024-10-17 23:23:51.836 [info] > git rev-parse --show-toplevel [39ms]
2024-10-17 23:23:51.836 [info] fatal: not a git repository (or any parent up to mount point /)
Stopping at filesystem boundary (GIT_DISCOVERY_ACROSS_FILESYSTEM not set).
2024-10-17 23:23:51.851 [info] > git rev-parse --show-toplevel [3ms]
2024-10-17 23:23:51.851 [info] fatal: not a git repository (or any parent up to mount point /)
Stopping at filesystem boundary (GIT_DISCOVERY_ACROSS_FILESYSTEM not set).
2024-10-17 23:23:51.852 [info] [Model][doInitialScan] Initial repository scan completed - repositories (0), closed repositories (0), parent repositories (0), unsafe repositories (0)
2024-10-17 23:24:23.090 [info] [ana] Günlük düzeyi: Info
2024-10-17 23:24:23.090 [info] [ana] Şurada bulunan git doğrulanıyor: "git"
2024-10-17 23:24:23.090 [info] [ana] "git" konumundaki "2.47.0" git'i kullanılıyor
2024-10-17 23:24:23.090 [info] [Model][doInitialScan] Initial repository scan started
2024-10-17 23:24:23.090 [info] > git rev-parse --show-toplevel [13ms]
2024-10-17 23:24:23.090 [info] fatal: not a git repository (or any parent up to mount point /)
Stopping at filesystem boundary (GIT_DISCOVERY_ACROSS_FILESYSTEM not set).
2024-10-17 23:24:23.090 [info] [Model][doInitialScan] Initial repository scan completed - repositories (0), closed repositories (0), parent repositories (0), unsafe repositories (0)
2024-10-17 23:24:54.609 [info] > git rev-parse --show-toplevel [3ms]
2024-10-17 23:24:54.610 [info] fatal: not a git repository (or any parent up to mount point /)
Stopping at filesystem boundary (GIT_DISCOVERY_ACROSS_FILESYSTEM not set).
2024-10-17 23:27:08.306 [info] > git rev-parse --show-toplevel [8ms]
2024-10-17 23:27:08.306 [info] fatal: not a git repository (or any parent up to mount point /)
Stopping at filesystem boundary (GIT_DISCOVERY_ACROSS_FILESYSTEM not set).
2024-10-17 23:27:22.066 [info] > git rev-parse --show-toplevel [2ms]
2024-10-17 23:27:22.066 [info] fatal: not a git repository (or any parent up to mount point /)
Stopping at filesystem boundary (GIT_DISCOVERY_ACROSS_FILESYSTEM not set).
2024-10-17 23:27:45.415 [info] > git rev-parse --show-toplevel [6ms]
2024-10-17 23:27:45.415 [info] fatal: not a git repository (or any parent up to mount point /)
Stopping at filesystem boundary (GIT_DISCOVERY_ACROSS_FILESYSTEM not set).
2024-10-17 23:27:46.803 [info] > git rev-parse --show-toplevel [4ms]
2024-10-17 23:27:46.803 [info] fatal: not a git repository (or any parent up to mount point /)
Stopping at filesystem boundary (GIT_DISCOVERY_ACROSS_FILESYSTEM not set).
2024-10-17 23:28:25.939 [info] > git rev-parse --show-toplevel [14ms]
2024-10-17 23:28:25.940 [info] fatal: not a git repository (or any parent up to mount point /)
Stopping at filesystem boundary (GIT_DISCOVERY_ACROSS_FILESYSTEM not set).
2024-10-17 23:28:58.691 [info] > git rev-parse --show-toplevel [5ms]
2024-10-17 23:28:58.691 [info] fatal: not a git repository (or any parent up to mount point /)
Stopping at filesystem boundary (GIT_DISCOVERY_ACROSS_FILESYSTEM not set).
2024-10-17 23:29:23.540 [info] > git rev-parse --show-toplevel [5ms]
2024-10-17 23:29:23.540 [info] fatal: not a git repository (or any parent up to mount point /)
Stopping at filesystem boundary (GIT_DISCOVERY_ACROSS_FILESYSTEM not set).
2024-10-17 23:31:08.645 [info] > git rev-parse --show-toplevel [9ms]
2024-10-17 23:31:08.646 [info] fatal: not a git repository (or any parent up to mount point /)
Stopping at filesystem boundary (GIT_DISCOVERY_ACROSS_FILESYSTEM not set).
2024-10-17 23:38:09.276 [info] > git rev-parse --show-toplevel [26ms]
2024-10-17 23:38:09.277 [info] fatal: not a git repository (or any parent up to mount point /)
Stopping at filesystem boundary (GIT_DISCOVERY_ACROSS_FILESYSTEM not set).
2024-10-17 23:38:27.109 [info] > git rev-parse --show-toplevel [3ms]
2024-10-17 23:38:27.109 [info] fatal: not a git repository (or any parent up to mount point /)
Stopping at filesystem boundary (GIT_DISCOVERY_ACROSS_FILESYSTEM not set).
2024-10-17 23:38:30.567 [info] > git rev-parse --show-toplevel [4ms]
2024-10-17 23:38:30.567 [info] fatal: not a git repository (or any parent up to mount point /)
Stopping at filesystem boundary (GIT_DISCOVERY_ACROSS_FILESYSTEM not set).
2024-10-17 23:38:53.441 [info] > git rev-parse --show-toplevel [8ms]
2024-10-17 23:38:53.441 [info] fatal: not a git repository (or any parent up to mount point /)
Stopping at filesystem boundary (GIT_DISCOVERY_ACROSS_FILESYSTEM not set).
2024-10-17 23:40:11.356 [info] > git rev-parse --show-toplevel [11ms]
2024-10-17 23:40:11.356 [info] fatal: not a git repository (or any parent up to mount point /)
Stopping at filesystem boundary (GIT_DISCOVERY_ACROSS_FILESYSTEM not set).
2024-10-17 23:40:19.459 [info] > git rev-parse --show-toplevel [7ms]
2024-10-17 23:40:19.460 [info] fatal: not a git repository (or any parent up to mount point /)
Stopping at filesystem boundary (GIT_DISCOVERY_ACROSS_FILESYSTEM not set).
2024-10-17 23:42:38.950 [info] > git rev-parse --show-toplevel [65ms]
2024-10-17 23:42:38.951 [info] fatal: not a git repository (or any parent up to mount point /)
Stopping at filesystem boundary (GIT_DISCOVERY_ACROSS_FILESYSTEM not set).
2024-10-17 23:44:37.201 [info] > git rev-parse --show-toplevel [67ms]
2024-10-17 23:44:37.202 [info] fatal: not a git repository (or any parent up to mount point /)
Stopping at filesystem boundary (GIT_DISCOVERY_ACROSS_FILESYSTEM not set).
2024-10-17 23:44:58.752 [info] > git rev-parse --show-toplevel [6ms]
2024-10-17 23:44:58.752 [info] fatal: not a git repository (or any parent up to mount point /)
Stopping at filesystem boundary (GIT_DISCOVERY_ACROSS_FILESYSTEM not set).
2024-10-17 23:45:06.407 [info] > git rev-parse --show-toplevel [6ms]
2024-10-17 23:45:06.407 [info] fatal: not a git repository (or any parent up to mount point /)
Stopping at filesystem boundary (GIT_DISCOVERY_ACROSS_FILESYSTEM not set).
2024-10-17 23:45:17.601 [info] > git rev-parse --show-toplevel [7ms]
2024-10-17 23:45:17.601 [info] fatal: not a git repository (or any parent up to mount point /)
Stopping at filesystem boundary (GIT_DISCOVERY_ACROSS_FILESYSTEM not set).
2024-10-17 23:45:18.943 [info] > git rev-parse --show-toplevel [21ms]
2024-10-17 23:45:18.943 [info] fatal: not a git repository (or any parent up to mount point /)
Stopping at filesystem boundary (GIT_DISCOVERY_ACROSS_FILESYSTEM not set).
2024-10-17 23:45:29.933 [info] > git rev-parse --show-toplevel [6ms]
2024-10-17 23:45:29.934 [info] fatal: not a git repository (or any parent up to mount point /)
Stopping at filesystem boundary (GIT_DISCOVERY_ACROSS_FILESYSTEM not set).
2024-10-17 23:45:32.385 [info] > git rev-parse --show-toplevel [12ms]
2024-10-17 23:45:32.385 [info] fatal: not a git repository (or any parent up to mount point /)
Stopping at filesystem boundary (GIT_DISCOVERY_ACROSS_FILESYSTEM not set).
2024-10-17 23:46:37.423 [info] > git rev-parse --show-toplevel [16ms]
2024-10-17 23:46:37.423 [info] fatal: not a git repository (or any parent up to mount point /)
Stopping at filesystem boundary (GIT_DISCOVERY_ACROSS_FILESYSTEM not set).
2024-10-17 23:47:03.545 [info] > git rev-parse --show-toplevel [5ms]
2024-10-17 23:47:03.545 [info] fatal: not a git repository (or any parent up to mount point /)
Stopping at filesystem boundary (GIT_DISCOVERY_ACROSS_FILESYSTEM not set).
2024-10-17 23:47:03.906 [info] > git rev-parse --show-toplevel [6ms]
2024-10-17 23:47:03.906 [info] fatal: not a git repository (or any parent up to mount point /)
Stopping at filesystem boundary (GIT_DISCOVERY_ACROSS_FILESYSTEM not set).
2024-10-17 23:47:22.432 [info] > git rev-parse --show-toplevel [11ms]
2024-10-17 23:47:22.433 [info] fatal: not a git repository (or any parent up to mount point /)
Stopping at filesystem boundary (GIT_DISCOVERY_ACROSS_FILESYSTEM not set).
2024-10-17 23:47:41.394 [info] > git rev-parse --show-toplevel [4ms]
2024-10-17 23:47:41.394 [info] fatal: not a git repository (or any parent up to mount point /)
Stopping at filesystem boundary (GIT_DISCOVERY_ACROSS_FILESYSTEM not set).
2024-10-17 23:47:59.267 [info] > git rev-parse --show-toplevel [20ms]
2024-10-17 23:47:59.270 [info] fatal: not a git repository (or any parent up to mount point /)
Stopping at filesystem boundary (GIT_DISCOVERY_ACROSS_FILESYSTEM not set).
2024-10-17 23:48:25.395 [info] > git rev-parse --show-toplevel [29ms]
2024-10-17 23:48:25.395 [info] fatal: not a git repository (or any parent up to mount point /)
Stopping at filesystem boundary (GIT_DISCOVERY_ACROSS_FILESYSTEM not set).
2024-10-17 23:48:34.617 [info] > git rev-parse --show-toplevel [5ms]
2024-10-17 23:48:34.618 [info] fatal: not a git repository (or any parent up to mount point /)
Stopping at filesystem boundary (GIT_DISCOVERY_ACROSS_FILESYSTEM not set).
2024-10-17 23:50:26.488 [info] > git rev-parse --show-toplevel [25ms]
2024-10-17 23:50:26.489 [info] fatal: not a git repository (or any parent up to mount point /)
Stopping at filesystem boundary (GIT_DISCOVERY_ACROSS_FILESYSTEM not set).
2024-10-17 23:50:30.832 [info] > git rev-parse --show-toplevel [5ms]
2024-10-17 23:50:30.832 [info] fatal: not a git repository (or any parent up to mount point /)
Stopping at filesystem boundary (GIT_DISCOVERY_ACROSS_FILESYSTEM not set).
2024-10-17 23:50:37.689 [info] > git rev-parse --show-toplevel [5ms]
2024-10-17 23:50:37.689 [info] fatal: not a git repository (or any parent up to mount point /)
Stopping at filesystem boundary (GIT_DISCOVERY_ACROSS_FILESYSTEM not set).
2024-10-17 23:51:31.082 [info] > git rev-parse --show-toplevel [11ms]
2024-10-17 23:51:31.087 [info] fatal: not a git repository (or any parent up to mount point /)
Stopping at filesystem boundary (GIT_DISCOVERY_ACROSS_FILESYSTEM not set).
2024-10-17 23:51:33.374 [info] > git rev-parse --show-toplevel [18ms]
2024-10-17 23:51:33.374 [info] fatal: not a git repository (or any parent up to mount point /)
Stopping at filesystem boundary (GIT_DISCOVERY_ACROSS_FILESYSTEM not set).
2024-10-17 23:51:36.926 [info] > git rev-parse --show-toplevel [13ms]
2024-10-17 23:51:36.930 [info] fatal: not a git repository (or any parent up to mount point /)
Stopping at filesystem boundary (GIT_DISCOVERY_ACROSS_FILESYSTEM not set).
2024-10-17 23:51:55.712 [info] > git rev-parse --show-toplevel [18ms]
2024-10-17 23:51:55.712 [info] fatal: not a git repository (or any parent up to mount point /)
Stopping at filesystem boundary (GIT_DISCOVERY_ACROSS_FILESYSTEM not set).
2024-10-17 23:51:57.664 [info] > git rev-parse --show-toplevel [8ms]
2024-10-17 23:51:57.664 [info] fatal: not a git repository (or any parent up to mount point /)
Stopping at filesystem boundary (GIT_DISCOVERY_ACROSS_FILESYSTEM not set).
2024-10-17 23:51:58.426 [info] > git rev-parse --show-toplevel [6ms]
2024-10-17 23:51:58.426 [info] fatal: not a git repository (or any parent up to mount point /)
Stopping at filesystem boundary (GIT_DISCOVERY_ACROSS_FILESYSTEM not set).
2024-10-17 23:54:22.863 [info] > git rev-parse --show-toplevel [28ms]
2024-10-17 23:54:22.864 [info] fatal: not a git repository (or any parent up to mount point /)
Stopping at filesystem boundary (GIT_DISCOVERY_ACROSS_FILESYSTEM not set).
2024-10-17 23:54:47.942 [info] > git rev-parse --show-toplevel [164ms]
2024-10-17 23:54:47.943 [info] fatal: not a git repository (or any parent up to mount point /)
Stopping at filesystem boundary (GIT_DISCOVERY_ACROSS_FILESYSTEM not set).
2024-10-17 23:56:32.335 [info] > git rev-parse --show-toplevel [20ms]
2024-10-17 23:56:32.335 [info] fatal: not a git repository (or any parent up to mount point /)
Stopping at filesystem boundary (GIT_DISCOVERY_ACROSS_FILESYSTEM not set).
