2024-10-18 19:22:25.845 [info] Extension host with pid 290203 started
2024-10-18 19:22:25.846 [info] Skipping acquiring lock for /home/xeyossr/.config/Code - OSS/User/workspaceStorage/628cc3c87116229f800bc51f5091f03e.
2024-10-18 19:22:26.624 [info] ExtensionService#_doActivateExtension vscode.emmet, startup: false, activationEvent: 'onLanguage'
2024-10-18 19:22:26.629 [info] ExtensionService#_doActivateExtension vscode.typescript-language-features, startup: false, activationEvent: 'onLanguage:javascript'
2024-10-18 19:22:27.192 [warning] [vscode.typescript-language-features] Accessing a resource scoped configuration without providing a resource is not expected. To get the effective value for 'files.watcherExclude', provide the URI of a resource or 'null' for any resource.
2024-10-18 19:22:27.784 [info] ExtensionService#_doActivateExtension vscode.git-base, startup: true, activationEvent: '*', root cause: vscode.git
2024-10-18 19:22:27.789 [info] ExtensionService#_doActivateExtension Darkempire78.discord-tools, startup: true, activationEvent: '*'
2024-10-18 19:22:29.341 [info] ExtensionService#_doActivateExtension vscode.npm, startup: true, activationEvent: 'workspaceContains:package.json'
2024-10-18 19:22:29.617 [warning] [vscode.typescript-language-features] Accessing a resource scoped configuration without providing a resource is not expected. To get the effective value for 'files.watcherExclude', provide the URI of a resource or 'null' for any resource.
2024-10-18 19:22:29.779 [warning] [vscode.typescript-language-features] Accessing a resource scoped configuration without providing a resource is not expected. To get the effective value for 'files.watcherExclude', provide the URI of a resource or 'null' for any resource.
2024-10-18 19:22:30.168 [warning] [vscode.typescript-language-features] Accessing a resource scoped configuration without providing a resource is not expected. To get the effective value for 'files.watcherExclude', provide the URI of a resource or 'null' for any resource.
2024-10-18 19:22:30.384 [info] ExtensionService#_doActivateExtension vscode.git, startup: true, activationEvent: '*'
2024-10-18 19:22:30.385 [info] ExtensionService#_doActivateExtension vscode.github, startup: true, activationEvent: '*'
2024-10-18 19:22:32.093 [warning] Accessing a resource scoped configuration without providing a resource is not expected. To get the effective value for 'files.watcherExclude', provide the URI of a resource or 'null' for any resource.
2024-10-18 19:22:32.294 [warning] [vscode.git] Accessing a resource scoped configuration without providing a resource is not expected. To get the effective value for 'git.openRepositoryInParentFolders', provide the URI of a resource or 'null' for any resource.
2024-10-18 19:22:32.294 [warning] [vscode.git] Accessing a resource scoped configuration without providing a resource is not expected. To get the effective value for 'git.showProgress', provide the URI of a resource or 'null' for any resource.
2024-10-18 19:22:32.465 [info] Eager extensions activated
2024-10-18 19:22:32.678 [info] ExtensionService#_doActivateExtension vscode.debug-auto-launch, startup: false, activationEvent: 'onStartupFinished'
2024-10-18 19:22:32.679 [info] ExtensionService#_doActivateExtension vscode.merge-conflict, startup: false, activationEvent: 'onStartupFinished'
2024-10-18 19:22:32.680 [info] ExtensionService#_doActivateExtension ecmel.vscode-html-css, startup: false, activationEvent: 'onStartupFinished'
2024-10-18 19:22:32.713 [info] ExtensionService#_doActivateExtension LeonardSSH.vscord, startup: false, activationEvent: 'onStartupFinished'
2024-10-18 19:22:32.945 [info] ExtensionService#_doActivateExtension ritwickdey.LiveServer, startup: false, activationEvent: 'onStartupFinished'
2024-10-18 19:22:33.951 [warning] Accessing a resource scoped configuration without providing a resource is not expected. To get the effective value for 'files.watcherExclude', provide the URI of a resource or 'null' for any resource.
2024-10-18 19:22:33.954 [warning] Accessing a resource scoped configuration without providing a resource is not expected. To get the effective value for 'files.watcherExclude', provide the URI of a resource or 'null' for any resource.
2024-10-18 19:22:33.955 [warning] Accessing a resource scoped configuration without providing a resource is not expected. To get the effective value for 'files.watcherExclude', provide the URI of a resource or 'null' for any resource.
2024-10-18 19:22:35.723 [info] ExtensionService#_doActivateExtension vscode.configuration-editing, startup: false, activationEvent: 'onLanguage:json'
2024-10-18 19:22:35.727 [info] ExtensionService#_doActivateExtension vscode.extension-editing, startup: false, activationEvent: 'onLanguage:json'
2024-10-18 19:22:35.732 [info] ExtensionService#_doActivateExtension vscode.json-language-features, startup: false, activationEvent: 'onLanguage:json'
2024-10-18 19:22:38.017 [warning] Accessing a resource scoped configuration without providing a resource is not expected. To get the effective value for 'files.watcherExclude', provide the URI of a resource or 'null' for any resource.
2024-10-18 19:22:38.018 [warning] Accessing a resource scoped configuration without providing a resource is not expected. To get the effective value for 'files.watcherExclude', provide the URI of a resource or 'null' for any resource.
2024-10-18 19:22:38.237 [warning] Accessing a resource scoped configuration without providing a resource is not expected. To get the effective value for 'files.watcherExclude', provide the URI of a resource or 'null' for any resource.
2024-10-18 19:22:38.238 [warning] Accessing a resource scoped configuration without providing a resource is not expected. To get the effective value for 'files.watcherExclude', provide the URI of a resource or 'null' for any resource.
2024-10-18 19:22:47.772 [info] Extension host terminating: renderer closed the MessagePort
2024-10-18 19:22:52.115 [info] Extension host with pid 290693 started
2024-10-18 19:22:52.115 [info] Skipping acquiring lock for /home/xeyossr/.config/Code - OSS/User/workspaceStorage/3cd3bee3b663cb6ec52dd89b3c34b35f.
2024-10-18 19:22:52.270 [info] ExtensionService#_doActivateExtension vscode.emmet, startup: false, activationEvent: 'onLanguage'
2024-10-18 19:22:52.283 [info] ExtensionService#_doActivateExtension vscode.html-language-features, startup: false, activationEvent: 'onLanguage:html'
2024-10-18 19:22:52.833 [info] Extension host with pid 290203 exiting with code 0
2024-10-18 19:22:53.206 [info] ExtensionService#_doActivateExtension vscode.git-base, startup: true, activationEvent: '*', root cause: vscode.git
2024-10-18 19:22:53.221 [info] ExtensionService#_doActivateExtension Darkempire78.discord-tools, startup: true, activationEvent: '*'
2024-10-18 19:22:54.986 [info] ExtensionService#_doActivateExtension ms-python.python, startup: true, activationEvent: 'workspaceContains:app.py'
2024-10-18 19:22:55.169 [error] Failed to load translations for ms-python.python from file:///home/xeyossr/.vscode-oss/extensions/ms-python.python-2024.16.1-universal/l10n/bundle.l10n.tr.json: '/home/xeyossr/.vscode-oss/extensions/ms-python.python-2024.16.1-universal/l10n/bundle.l10n.tr.json' (Error: Var olmayan '/home/xeyossr/.vscode-oss/extensions/ms-python.python-2024.16.1-universal/l10n/bundle.l10n.tr.json' dosyası çözümlenemiyor) dosyası okunamıyor
2024-10-18 19:22:55.936 [warning] Using default string since no string found in i18n bundle that has the key: Source map support is enabled in the Python Extension, this will adversely impact performance of the extension.
2024-10-18 19:22:55.937 [warning] Using default string since no string found in i18n bundle that has the key: Disable Source Map Support
2024-10-18 19:22:55.937 [warning] Using default string since no string found in i18n bundle that has the key: Enabling source map support in the Python Extension will adversely impact performance of the extension.
2024-10-18 19:22:55.937 [warning] Using default string since no string found in i18n bundle that has the key: Enable and reload Window.
2024-10-18 19:22:55.937 [warning] Using default string since no string found in i18n bundle that has the key: Your operating system does not meet the minimum requirements of the Python Language Server. Reverting to the alternative autocompletion provider, Jedi.
2024-10-18 19:22:55.937 [warning] Using default string since no string found in i18n bundle that has the key: You need to select a Python interpreter before you start debugging.

Tip: click on "Select Interpreter" in the status bar.
2024-10-18 19:22:55.937 [warning] Using default string since no string found in i18n bundle that has the key: The Python path in your debug configuration is invalid.
2024-10-18 19:22:55.937 [warning] Using default string since no string found in i18n bundle that has the key: Your launch.json file needs to be updated to change the "pythonExperimental" debug configurations to use the "python" debugger type, otherwise Python debugging may not work. Would you like to automatically update your launch.json file now?
2024-10-18 19:22:55.937 [warning] Using default string since no string found in i18n bundle that has the key: Your launch.json file needs to be updated to change the console type string from "none" to "internalConsole", otherwise Python debugging may not work. Would you like to automatically update your launch.json file now?
2024-10-18 19:22:55.937 [warning] Using default string since no string found in i18n bundle that has the key: Configuration "debugStdLib" in launch.json is no longer supported. It's recommended to replace it with "justMyCode", which is the exact opposite of using "debugStdLib". Would you like to automatically update your launch.json file to do that?
2024-10-18 19:22:55.937 [warning] Using default string since no string found in i18n bundle that has the key: Yes, update launch.json
2024-10-18 19:22:55.937 [warning] Using default string since no string found in i18n bundle that has the key: Your settings needs to be updated to change the setting "python.unitTest." to "python.testing.", otherwise testing Python code using the extension may not work. Would you like to automatically update your settings now?
2024-10-18 19:22:55.937 [warning] Using default string since no string found in i18n bundle that has the key: Yes, update settings
2024-10-18 19:22:55.937 [warning] Using default string since no string found in i18n bundle that has the key: The Python extension now includes Pylance to improve completions, code navigation, overall performance and much more! You can learn more about the update and learn how to change your language server [here](https://aka.ms/new-python-bundle).

Read Pylance's license [here](https://marketplace.visualstudio.com/items/ms-python.vscode-pylance/license).
2024-10-18 19:22:55.937 [warning] Using default string since no string found in i18n bundle that has the key: Python is unable to parse the code provided. Please
    turn off Smart Send if you wish to always run line by line or explicitly select code
    to force run. See [logs](command:{0}) for more details
2024-10-18 19:22:55.937 [warning] Using default string since no string found in i18n bundle that has the key: Allow
2024-10-18 19:22:55.937 [warning] Using default string since no string found in i18n bundle that has the key: See Instructions
2024-10-18 19:22:55.937 [warning] Using default string since no string found in i18n bundle that has the key: Close
2024-10-18 19:22:55.938 [warning] Using default string since no string found in i18n bundle that has the key: Yes
2024-10-18 19:22:55.938 [warning] Using default string since no string found in i18n bundle that has the key: No
2024-10-18 19:22:55.938 [warning] Using default string since no string found in i18n bundle that has the key: Canceled
2024-10-18 19:22:55.938 [warning] Using default string since no string found in i18n bundle that has the key: Cancel
2024-10-18 19:22:55.938 [warning] Using default string since no string found in i18n bundle that has the key: Ok
2024-10-18 19:22:55.938 [warning] Using default string since no string found in i18n bundle that has the key: Error
2024-10-18 19:22:55.938 [warning] Using default string since no string found in i18n bundle that has the key: Got it!
2024-10-18 19:22:55.938 [warning] Using default string since no string found in i18n bundle that has the key: Install
2024-10-18 19:22:55.938 [warning] Using default string since no string found in i18n bundle that has the key: Python extension loading...
2024-10-18 19:22:55.938 [warning] Using default string since no string found in i18n bundle that has the key: Show output
2024-10-18 19:22:55.938 [warning] Using default string since no string found in i18n bundle that has the key: No, I will do it later
2024-10-18 19:22:55.938 [warning] Using default string since no string found in i18n bundle that has the key: Not now
2024-10-18 19:22:55.938 [warning] Using default string since no string found in i18n bundle that has the key: Don't show again
2024-10-18 19:22:55.938 [warning] Using default string since no string found in i18n bundle that has the key: Edit {0}
2024-10-18 19:22:55.938 [warning] Using default string since no string found in i18n bundle that has the key: Reload
2024-10-18 19:22:55.938 [warning] Using default string since no string found in i18n bundle that has the key: More Info
2024-10-18 19:22:55.938 [warning] Using default string since no string found in i18n bundle that has the key: Learn more
2024-10-18 19:22:55.938 [warning] Using default string since no string found in i18n bundle that has the key: and
2024-10-18 19:22:55.938 [warning] Using default string since no string found in i18n bundle that has the key: Report this issue
2024-10-18 19:22:55.938 [warning] Using default string since no string found in i18n bundle that has the key: Recommended
2024-10-18 19:22:55.938 [warning] Using default string since no string found in i18n bundle that has the key: Clear all
2024-10-18 19:22:55.938 [warning] Using default string since no string found in i18n bundle that has the key: Always Ignore
2024-10-18 19:22:55.938 [warning] Using default string since no string found in i18n bundle that has the key: Ignore
2024-10-18 19:22:55.938 [warning] Using default string since no string found in i18n bundle that has the key: Select Python Interpreter
2024-10-18 19:22:55.938 [warning] Using default string since no string found in i18n bundle that has the key: Open launch.json
2024-10-18 19:22:55.938 [warning] Using default string since no string found in i18n bundle that has the key: Use Command Prompt
2024-10-18 19:22:55.938 [warning] Using default string since no string found in i18n bundle that has the key: Download
2024-10-18 19:22:55.938 [warning] Using default string since no string found in i18n bundle that has the key: Show logs
2024-10-18 19:22:55.938 [warning] Using default string since no string found in i18n bundle that has the key: Open Folder...
2024-10-18 19:22:55.938 [warning] Using default string since no string found in i18n bundle that has the key: Remind me later
2024-10-18 19:22:55.938 [warning] Using default string since no string found in i18n bundle that has the key: Yes, take survey now
2024-10-18 19:22:55.938 [warning] Using default string since no string found in i18n bundle that has the key: No, thanks
2024-10-18 19:22:55.938 [warning] Using default string since no string found in i18n bundle that has the key: Attach to process
2024-10-18 19:22:55.938 [warning] Using default string since no string found in i18n bundle that has the key: Select the process to attach to
2024-10-18 19:22:55.938 [warning] Using default string since no string found in i18n bundle that has the key: No process selected
2024-10-18 19:22:55.938 [warning] Using default string since no string found in i18n bundle that has the key: Refresh process list
2024-10-18 19:22:55.938 [warning] Using default string since no string found in i18n bundle that has the key: Disable Smart Send
2024-10-18 19:22:55.938 [warning] Using default string since no string found in i18n bundle that has the key: Remind me later
2024-10-18 19:22:55.938 [warning] Using default string since no string found in i18n bundle that has the key: Pylance extension is not installed.
2024-10-18 19:22:55.938 [warning] Using default string since no string found in i18n bundle that has the key: Pylance extension is now installed. Reload window to activate?
2024-10-18 19:22:55.938 [warning] Using default string since no string found in i18n bundle that has the key: The Pylance extension is not installed but the python.languageServer value is set to "Pylance". Would you like to install the Pylance extension to use Pylance, or revert back to Jedi?
2024-10-18 19:22:55.938 [warning] Using default string since no string found in i18n bundle that has the key: Install Pylance
2024-10-18 19:22:55.938 [warning] Using default string since no string found in i18n bundle that has the key: Revert to Jedi
2024-10-18 19:22:55.938 [warning] Using default string since no string found in i18n bundle that has the key: Enter remote URL
2024-10-18 19:22:55.938 [warning] Using default string since no string found in i18n bundle that has the key: Enter a URL pointing to a remote directory containing your TensorBoard log files
2024-10-18 19:22:55.939 [warning] Using default string since no string found in i18n bundle that has the key: TensorBoard will search for tfevent files in all subdirectories of the current working directory
2024-10-18 19:22:55.939 [warning] Using default string since no string found in i18n bundle that has the key: Use current working directory
2024-10-18 19:22:55.939 [warning] Using default string since no string found in i18n bundle that has the key: Select a log directory to start TensorBoard with
2024-10-18 19:22:55.939 [warning] Using default string since no string found in i18n bundle that has the key: Starting TensorBoard session...
2024-10-18 19:22:55.939 [warning] Using default string since no string found in i18n bundle that has the key: VS Code now has integrated TensorBoard support. Would you like to launch TensorBoard?  (Tip: Launch TensorBoard anytime by opening the command palette and searching for "Launch TensorBoard".)
2024-10-18 19:22:55.939 [warning] Using default string since no string found in i18n bundle that has the key: Select a folder
2024-10-18 19:22:55.939 [warning] Using default string since no string found in i18n bundle that has the key: Select a log directory containing tfevent files
2024-10-18 19:22:55.939 [warning] Using default string since no string found in i18n bundle that has the key: Select another folder
2024-10-18 19:22:55.939 [warning] Using default string since no string found in i18n bundle that has the key: Use the file explorer to select another folder
2024-10-18 19:22:55.939 [warning] Using default string since no string found in i18n bundle that has the key: The package TensorBoard is required to launch a TensorBoard session. Would you like to install it?
2024-10-18 19:22:55.939 [warning] Using default string since no string found in i18n bundle that has the key: TensorBoard >= 2.4.1 and the PyTorch Profiler TensorBoard plugin >= 0.2.0 are required. Would you like to install these packages?
2024-10-18 19:22:55.939 [warning] Using default string since no string found in i18n bundle that has the key: We recommend installing version >= 0.2.0 of the PyTorch Profiler TensorBoard plugin. Would you like to install the package?
2024-10-18 19:22:55.939 [warning] Using default string since no string found in i18n bundle that has the key: Integrated TensorBoard support is only available for TensorBoard >= 2.4.1. Would you like to upgrade your copy of TensorBoard?
2024-10-18 19:22:55.939 [warning] Using default string since no string found in i18n bundle that has the key: ▶ Launch TensorBoard Session
2024-10-18 19:22:55.939 [warning] Using default string since no string found in i18n bundle that has the key: Launch TensorBoard session
2024-10-18 19:22:55.939 [warning] Using default string since no string found in i18n bundle that has the key: The Python extension could not locate the requested source file on disk. Please manually specify the file.
2024-10-18 19:22:55.939 [warning] Using default string since no string found in i18n bundle that has the key: Choose File
2024-10-18 19:22:55.939 [warning] Using default string since no string found in i18n bundle that has the key: The source file's contents may not match the original contents in the trace.
2024-10-18 19:22:55.939 [warning] Using default string since no string found in i18n bundle that has the key: Limited IntelliSense supported by Jedi and Pylance
2024-10-18 19:22:55.939 [warning] Using default string since no string found in i18n bundle that has the key: Python IntelliSense Status
2024-10-18 19:22:55.939 [warning] Using default string since no string found in i18n bundle that has the key: Partial Mode
2024-10-18 19:22:55.939 [warning] Using default string since no string found in i18n bundle that has the key: Limited IntelliSense provided by Pylance
2024-10-18 19:22:55.939 [warning] Using default string since no string found in i18n bundle that has the key: Starting Pylance language server.
2024-10-18 19:22:55.939 [warning] Using default string since no string found in i18n bundle that has the key: Editor support is inactive since language server is set to None.
2024-10-18 19:22:55.939 [warning] Using default string since no string found in i18n bundle that has the key: Only Pylance is supported in untrusted workspaces, setting language server to None.
2024-10-18 19:22:55.939 [warning] Using default string since no string found in i18n bundle that has the key: Reload the window after switching between language servers.
2024-10-18 19:22:55.939 [warning] Using default string since no string found in i18n bundle that has the key: We encountered an issue starting the language server. Reverting to Jedi language engine. Check the Python output panel for details.
2024-10-18 19:22:55.939 [warning] Using default string since no string found in i18n bundle that has the key: We encountered an issue downloading the language server. Reverting to Jedi language engine. Check the Python output panel for details.
2024-10-18 19:22:55.939 [warning] Using default string since no string found in i18n bundle that has the key: We encountered an issue extracting the language server. Reverting to Jedi language engine. Check the Python output panel for details.
2024-10-18 19:22:55.939 [warning] Using default string since no string found in i18n bundle that has the key: Language server download failed.
2024-10-18 19:22:55.939 [warning] Using default string since no string found in i18n bundle that has the key: Language server extraction failed.
2024-10-18 19:22:55.939 [warning] Using default string since no string found in i18n bundle that has the key: Language server download complete.
2024-10-18 19:22:55.939 [warning] Using default string since no string found in i18n bundle that has the key: done.
2024-10-18 19:22:55.939 [warning] Using default string since no string found in i18n bundle that has the key: Search paths have changed for this Python interpreter. Reload the extension to ensure that the IntelliSense works correctly.
2024-10-18 19:22:55.939 [warning] Using default string since no string found in i18n bundle that has the key: Running in Interactive window requires Jupyter Extension. Would you like to install it? [Learn more](https://aka.ms/pythonJupyterSupport).
2024-10-18 19:22:55.939 [warning] Using default string since no string found in i18n bundle that has the key: Installing Python into Environment...
2024-10-18 19:22:55.939 [warning] Using default string since no string found in i18n bundle that has the key: Discovering Python Interpreters
2024-10-18 19:22:55.939 [warning] Using default string since no string found in i18n bundle that has the key: Refreshing Python Interpreters
2024-10-18 19:22:55.939 [warning] Using default string since no string found in i18n bundle that has the key: We noticed you're using a conda environment. If you are experiencing issues with this environment in the integrated terminal, we recommend that you let the Python extension change "terminal.integrated.inheritEnv" to false in your user settings. [Learn more](https://aka.ms/AA66i8f).
2024-10-18 19:22:55.939 [warning] Using default string since no string found in i18n bundle that has the key: Reactivating terminals...
2024-10-18 19:22:55.939 [warning] Using default string since no string found in i18n bundle that has the key: Activated environment for
2024-10-18 19:22:55.939 [warning] Using default string since no string found in i18n bundle that has the key: {0} environment was successfully activated, even though {1} indicator may not be present in the terminal prompt. [Learn more](https://aka.ms/vscodePythonTerminalActivation).
2024-10-18 19:22:55.939 [warning] Using default string since no string found in i18n bundle that has the key: Editing {0}...
2024-10-18 19:22:55.939 [warning] Using default string since no string found in i18n bundle that has the key: Restarting terminal and deactivating...
2024-10-18 19:22:55.939 [warning] Using default string since no string found in i18n bundle that has the key: Deactivating virtual environments may not work by default. To make it work, edit your "{0}" and then restart your shell. [Learn more](https://aka.ms/AAmx2ft).
2024-10-18 19:22:55.939 [warning] Using default string since no string found in i18n bundle that has the key: We noticed VS Code was launched from an activated conda environment, would you like to select it?
2024-10-18 19:22:55.939 [warning] Using default string since no string found in i18n bundle that has the key: We noticed a new environment has been created. Do you want to select it for the workspace folder?
2024-10-18 19:22:55.939 [warning] Using default string since no string found in i18n bundle that has the key: Select at workspace level
2024-10-18 19:22:55.939 [warning] Using default string since no string found in i18n bundle that has the key: Clear at workspace level
2024-10-18 19:22:55.940 [warning] Using default string since no string found in i18n bundle that has the key: Tip: you can change the Python interpreter used by the Python extension by clicking on the Python version in the status bar
2024-10-18 19:22:55.940 [warning] Using default string since no string found in i18n bundle that has the key: 💡 Try installing the Python package using your package manager. Alternatively you can also download it from https://www.python.org/downloads
2024-10-18 19:22:55.940 [warning] Using default string since no string found in i18n bundle that has the key: 💡 Brew does not seem to be available. You can download Python from https://www.python.org/downloads. Alternatively, you can install the Python package using some other available package manager.
2024-10-18 19:22:55.940 [warning] Using default string since no string found in i18n bundle that has the key: Change Python Interpreter
2024-10-18 19:22:55.940 [warning] Using default string since no string found in i18n bundle that has the key: Selected Python Interpreter
2024-10-18 19:22:55.940 [warning] Using default string since no string found in i18n bundle that has the key: Python is not available in this environment, it will automatically be installed upon selecting it
2024-10-18 19:22:55.940 [warning] Using default string since no string found in i18n bundle that has the key: Python is not installed
2024-10-18 19:22:55.940 [warning] Using default string since no string found in i18n bundle that has the key: Click for instructions...
2024-10-18 19:22:55.940 [warning] Using default string since no string found in i18n bundle that has the key: Global
2024-10-18 19:22:55.940 [warning] Using default string since no string found in i18n bundle that has the key: Workspace
2024-10-18 19:22:55.940 [warning] Using default string since no string found in i18n bundle that has the key: Enter interpreter path...
2024-10-18 19:22:55.940 [warning] Using default string since no string found in i18n bundle that has the key: Enter path to a Python interpreter.
2024-10-18 19:22:55.940 [warning] Using default string since no string found in i18n bundle that has the key: Use Python from `python.defaultInterpreterPath` setting
2024-10-18 19:22:55.940 [warning] Using default string since no string found in i18n bundle that has the key: Find...
2024-10-18 19:22:55.940 [warning] Using default string since no string found in i18n bundle that has the key: Browse your file system to find a Python interpreter.
2024-10-18 19:22:55.940 [warning] Using default string since no string found in i18n bundle that has the key: Select Interpreter
2024-10-18 19:22:55.940 [warning] Using default string since no string found in i18n bundle that has the key: Select Python interpreter
2024-10-18 19:22:55.940 [warning] Using default string since no string found in i18n bundle that has the key: Refresh Interpreter list
2024-10-18 19:22:55.940 [warning] Using default string since no string found in i18n bundle that has the key: Refreshing Interpreter list...
2024-10-18 19:22:55.940 [warning] Using default string since no string found in i18n bundle that has the key: Create Virtual Environment...
2024-10-18 19:22:55.940 [warning] Using default string since no string found in i18n bundle that has the key: Python Language Server
2024-10-18 19:22:55.940 [warning] Using default string since no string found in i18n bundle that has the key: Python
2024-10-18 19:22:55.940 [warning] Using default string since no string found in i18n bundle that has the key: Python Test Log
2024-10-18 19:22:55.940 [warning] Using default string since no string found in i18n bundle that has the key: Select Linter
2024-10-18 19:22:55.940 [warning] Using default string since no string found in i18n bundle that has the key: There is no Conda or Pip installer available in the selected environment.
2024-10-18 19:22:55.940 [warning] Using default string since no string found in i18n bundle that has the key: There is no Pip installer available in the selected environment.
2024-10-18 19:22:55.940 [warning] Using default string since no string found in i18n bundle that has the key: Search for help
2024-10-18 19:22:55.940 [warning] Using default string since no string found in i18n bundle that has the key: Can you take 2 minutes to tell us how the Python extension is working for you?
2024-10-18 19:22:55.940 [warning] Using default string since no string found in i18n bundle that has the key: Yes, take survey now
2024-10-18 19:22:55.940 [warning] Using default string since no string found in i18n bundle that has the key: No, thanks
2024-10-18 19:22:55.940 [warning] Using default string since no string found in i18n bundle that has the key: Maybe later
2024-10-18 19:22:55.940 [warning] Using default string since no string found in i18n bundle that has the key: Select a debug configuration
2024-10-18 19:22:55.940 [warning] Using default string since no string found in i18n bundle that has the key: Debug Configuration
2024-10-18 19:22:55.940 [warning] Using default string since no string found in i18n bundle that has the key: Python
2024-10-18 19:22:55.940 [warning] Using default string since no string found in i18n bundle that has the key: Select a Python debug configuration
2024-10-18 19:22:55.942 [warning] Using default string since no string found in i18n bundle that has the key: Python: Current File
2024-10-18 19:22:55.942 [warning] Using default string since no string found in i18n bundle that has the key: Python File
2024-10-18 19:22:55.942 [warning] Using default string since no string found in i18n bundle that has the key: Debug the currently active Python file
2024-10-18 19:22:55.942 [warning] Using default string since no string found in i18n bundle that has the key: Python: Module
2024-10-18 19:22:55.942 [warning] Using default string since no string found in i18n bundle that has the key: enter-your-module-name
2024-10-18 19:22:55.942 [warning] Using default string since no string found in i18n bundle that has the key: Module
2024-10-18 19:22:55.942 [warning] Using default string since no string found in i18n bundle that has the key: Debug a Python module by invoking it with '-m'
2024-10-18 19:22:55.942 [warning] Using default string since no string found in i18n bundle that has the key: Debug Module
2024-10-18 19:22:55.942 [warning] Using default string since no string found in i18n bundle that has the key: Enter a Python module/package name
2024-10-18 19:22:55.942 [warning] Using default string since no string found in i18n bundle that has the key: enter-your-module-name
2024-10-18 19:22:55.942 [warning] Using default string since no string found in i18n bundle that has the key: Enter a valid module name
2024-10-18 19:22:55.942 [warning] Using default string since no string found in i18n bundle that has the key: Python: Remote Attach
2024-10-18 19:22:55.942 [warning] Using default string since no string found in i18n bundle that has the key: Remote Attach
2024-10-18 19:22:55.942 [warning] Using default string since no string found in i18n bundle that has the key: Attach to a remote debug server
2024-10-18 19:22:55.942 [warning] Using default string since no string found in i18n bundle that has the key: Remote Debugging
2024-10-18 19:22:55.942 [warning] Using default string since no string found in i18n bundle that has the key: Enter a valid host name or IP address
2024-10-18 19:22:55.942 [warning] Using default string since no string found in i18n bundle that has the key: Enter a valid host name or IP address
2024-10-18 19:22:55.942 [warning] Using default string since no string found in i18n bundle that has the key: Remote Debugging
2024-10-18 19:22:55.942 [warning] Using default string since no string found in i18n bundle that has the key: Enter the port number that the debug server is listening on
2024-10-18 19:22:55.942 [warning] Using default string since no string found in i18n bundle that has the key: Enter a valid port number
2024-10-18 19:22:55.943 [warning] Using default string since no string found in i18n bundle that has the key: Python: Attach using Process Id
2024-10-18 19:22:55.943 [warning] Using default string since no string found in i18n bundle that has the key: Attach using Process ID
2024-10-18 19:22:55.943 [warning] Using default string since no string found in i18n bundle that has the key: Attach to a local process
2024-10-18 19:22:55.943 [warning] Using default string since no string found in i18n bundle that has the key: Python: Django
2024-10-18 19:22:55.943 [warning] Using default string since no string found in i18n bundle that has the key: Django
2024-10-18 19:22:55.943 [warning] Using default string since no string found in i18n bundle that has the key: Launch and debug a Django web application
2024-10-18 19:22:55.943 [warning] Using default string since no string found in i18n bundle that has the key: Debug Django
2024-10-18 19:22:55.943 [warning] Using default string since no string found in i18n bundle that has the key: Enter the path to manage.py ('${workspaceFolder}' points to the root of the current workspace folder)
2024-10-18 19:22:55.943 [warning] Using default string since no string found in i18n bundle that has the key: Enter a valid Python file path
2024-10-18 19:22:55.943 [warning] Using default string since no string found in i18n bundle that has the key: Python: FastAPI
2024-10-18 19:22:55.943 [warning] Using default string since no string found in i18n bundle that has the key: FastAPI
2024-10-18 19:22:55.943 [warning] Using default string since no string found in i18n bundle that has the key: Launch and debug a FastAPI web application
2024-10-18 19:22:55.943 [warning] Using default string since no string found in i18n bundle that has the key: Debug FastAPI
2024-10-18 19:22:55.943 [warning] Using default string since no string found in i18n bundle that has the key: Enter the path to the application, e.g. 'main.py' or 'main'
2024-10-18 19:22:55.943 [warning] Using default string since no string found in i18n bundle that has the key: Enter a valid name
2024-10-18 19:22:55.943 [warning] Using default string since no string found in i18n bundle that has the key: Python: Flask
2024-10-18 19:22:55.943 [warning] Using default string since no string found in i18n bundle that has the key: Flask
2024-10-18 19:22:55.943 [warning] Using default string since no string found in i18n bundle that has the key: Launch and debug a Flask web application
2024-10-18 19:22:55.943 [warning] Using default string since no string found in i18n bundle that has the key: Debug Flask
2024-10-18 19:22:55.944 [warning] Using default string since no string found in i18n bundle that has the key: Python: Flask
2024-10-18 19:22:55.944 [warning] Using default string since no string found in i18n bundle that has the key: Enter a valid name
2024-10-18 19:22:55.944 [warning] Using default string since no string found in i18n bundle that has the key: Python: Pyramid Application
2024-10-18 19:22:55.944 [warning] Using default string since no string found in i18n bundle that has the key: Pyramid
2024-10-18 19:22:55.944 [warning] Using default string since no string found in i18n bundle that has the key: Launch and debug a Pyramid web application
2024-10-18 19:22:55.944 [warning] Using default string since no string found in i18n bundle that has the key: Debug Pyramid
2024-10-18 19:22:55.944 [warning] Using default string since no string found in i18n bundle that has the key: Enter a valid file path
2024-10-18 19:22:55.944 [warning] Using default string since no string found in i18n bundle that has the key: Configure Test Framework
2024-10-18 19:22:55.944 [warning] Using default string since no string found in i18n bundle that has the key: No test framework configured.
2024-10-18 19:22:55.944 [warning] Using default string since no string found in i18n bundle that has the key: Canceled unittest test discovery
2024-10-18 19:22:55.944 [warning] Using default string since no string found in i18n bundle that has the key: Unittest test discovery error
2024-10-18 19:22:55.944 [warning] Using default string since no string found in i18n bundle that has the key: Canceled pytest test discovery
2024-10-18 19:22:55.944 [warning] Using default string since no string found in i18n bundle that has the key: pytest test discovery error
2024-10-18 19:22:55.944 [warning] Using default string since no string found in i18n bundle that has the key: (see Output > Python)
2024-10-18 19:22:55.944 [warning] Using default string since no string found in i18n bundle that has the key: Canceled unittest test execution
2024-10-18 19:22:55.944 [warning] Using default string since no string found in i18n bundle that has the key: Unittest test execution error
2024-10-18 19:22:55.944 [warning] Using default string since no string found in i18n bundle that has the key: Canceled pytest test execution
2024-10-18 19:22:55.944 [warning] Using default string since no string found in i18n bundle that has the key: pytest test execution error
2024-10-18 19:22:55.944 [warning] Using default string since no string found in i18n bundle that has the key: Confirm your Python testing framework to enable test discovery.
2024-10-18 19:22:55.944 [warning] Using default string since no string found in i18n bundle that has the key: We noticed you are attaching to ptvsd (Python debugger), which was deprecated on May 1st, 2020. Use [debugpy](https://aka.ms/migrateToDebugpy) instead.
2024-10-18 19:22:55.944 [warning] Using default string since no string found in i18n bundle that has the key: IntelliSense with Jedi for Python 2.7 is no longer supported. [Learn more](https://aka.ms/python-27-support).
2024-10-18 19:22:55.944 [warning] Using default string since no string found in i18n bundle that has the key: The Microsoft Python Language Server has reached end of life. Your language server has been set to the default for Python in VS Code, Pylance.

If you'd like to change your language server, you can learn about how to do so [here](https://devblogs.microsoft.com/python/python-in-visual-studio-code-may-2021-release/#configuring-your-language-server).

Read Pylance's license [here](https://marketplace.visualstudio.com/items/ms-python.vscode-pylance/license).
2024-10-18 19:22:55.944 [warning] Using default string since no string found in i18n bundle that has the key: The following environment is selected:
2024-10-18 19:22:55.944 [warning] Using default string since no string found in i18n bundle that has the key: Creating environment
2024-10-18 19:22:55.944 [warning] Using default string since no string found in i18n bundle that has the key: Starting...
2024-10-18 19:22:55.944 [warning] Using default string since no string found in i18n bundle that has the key: Workspace folder contains a virtual environment
2024-10-18 19:22:55.945 [warning] Using default string since no string found in i18n bundle that has the key: A workspace is required when creating an environment using venv.
2024-10-18 19:22:55.945 [warning] Using default string since no string found in i18n bundle that has the key: Select a workspace to create environment
2024-10-18 19:22:55.945 [warning] Using default string since no string found in i18n bundle that has the key: Select an environment type
2024-10-18 19:22:55.945 [warning] Using default string since no string found in i18n bundle that has the key: Creating venv...
2024-10-18 19:22:55.945 [warning] Using default string since no string found in i18n bundle that has the key: Creating microvenv...
2024-10-18 19:22:55.945 [warning] Using default string since no string found in i18n bundle that has the key: Environment created...
2024-10-18 19:22:55.945 [warning] Using default string since no string found in i18n bundle that has the key: Using existing environment...
2024-10-18 19:22:55.945 [warning] Using default string since no string found in i18n bundle that has the key: Downloading pip...
2024-10-18 19:22:55.945 [warning] Using default string since no string found in i18n bundle that has the key: Installing pip...
2024-10-18 19:22:55.945 [warning] Using default string since no string found in i18n bundle that has the key: Upgrading pip...
2024-10-18 19:22:55.945 [warning] Using default string since no string found in i18n bundle that has the key: Installing packages...
2024-10-18 19:22:55.945 [warning] Using default string since no string found in i18n bundle that has the key: Error while creating virtual environment.
2024-10-18 19:22:55.945 [warning] Using default string since no string found in i18n bundle that has the key: Select a Python installation to create the virtual environment
2024-10-18 19:22:55.945 [warning] Using default string since no string found in i18n bundle that has the key: Creates a `.venv` virtual environment in the current workspace
2024-10-18 19:22:55.945 [warning] Using default string since no string found in i18n bundle that has the key: Creating virtual environment failed with error.
2024-10-18 19:22:55.945 [warning] Using default string since no string found in i18n bundle that has the key: Select optional dependencies to install from pyproject.toml
2024-10-18 19:22:55.945 [warning] Using default string since no string found in i18n bundle that has the key: Select dependencies to install
2024-10-18 19:22:55.945 [warning] Using default string since no string found in i18n bundle that has the key: Delete and Recreate
2024-10-18 19:22:55.945 [warning] Using default string since no string found in i18n bundle that has the key: Delete existing ".venv" directory and create a new ".venv" environment
2024-10-18 19:22:55.945 [warning] Using default string since no string found in i18n bundle that has the key: Use Existing
2024-10-18 19:22:55.945 [warning] Using default string since no string found in i18n bundle that has the key: Use existing ".venv" environment with no changes to it
2024-10-18 19:22:55.945 [warning] Using default string since no string found in i18n bundle that has the key: Choose an option to handle the existing ".venv" environment
2024-10-18 19:22:55.945 [warning] Using default string since no string found in i18n bundle that has the key: Deleting existing ".venv" environment...
2024-10-18 19:22:55.945 [warning] Using default string since no string found in i18n bundle that has the key: Error while deleting existing ".venv" environment.
2024-10-18 19:22:55.945 [warning] Using default string since no string found in i18n bundle that has the key: Open requirements file
2024-10-18 19:22:55.946 [warning] Using default string since no string found in i18n bundle that has the key: Install `conda` to create conda environments.
2024-10-18 19:22:55.946 [warning] Using default string since no string found in i18n bundle that has the key: Environment created...
2024-10-18 19:22:55.946 [warning] Using default string since no string found in i18n bundle that has the key: Installing packages...
2024-10-18 19:22:55.946 [warning] Using default string since no string found in i18n bundle that has the key: Error while creating conda environment.
2024-10-18 19:22:55.946 [warning] Using default string since no string found in i18n bundle that has the key: Select the version of Python to install in the environment
2024-10-18 19:22:55.946 [warning] Using default string since no string found in i18n bundle that has the key: Creating conda environment...
2024-10-18 19:22:55.946 [warning] Using default string since no string found in i18n bundle that has the key: Creates a `.conda` Conda environment in the current workspace
2024-10-18 19:22:55.946 [warning] Using default string since no string found in i18n bundle that has the key: Delete and Recreate
2024-10-18 19:22:55.946 [warning] Using default string since no string found in i18n bundle that has the key: Delete existing ".conda" environment and create a new one
2024-10-18 19:22:55.946 [warning] Using default string since no string found in i18n bundle that has the key: Use Existing
2024-10-18 19:22:55.946 [warning] Using default string since no string found in i18n bundle that has the key: Use existing ".conda" environment with no changes to it
2024-10-18 19:22:55.946 [warning] Using default string since no string found in i18n bundle that has the key: Choose an option to handle the existing ".conda" environment
2024-10-18 19:22:55.946 [warning] Using default string since no string found in i18n bundle that has the key: Deleting existing ".conda" environment...
2024-10-18 19:22:55.946 [warning] Using default string since no string found in i18n bundle that has the key: Error while deleting existing ".conda" environment.
2024-10-18 19:22:55.946 [warning] Using default string since no string found in i18n bundle that has the key: A virtual environment is not currently selected for your Python interpreter. Would you like to create a virtual environment?
2024-10-18 19:22:55.946 [warning] Using default string since no string found in i18n bundle that has the key: Create
2024-10-18 19:22:55.946 [warning] Using default string since no string found in i18n bundle that has the key: You may have installed Python packages into your global environment, which can cause conflicts between package versions. Would you like to create a virtual environment with these packages to isolate your dependencies?
2024-10-18 19:22:56.016 [warning] Using default string since no string found in i18n bundle that has the key: The selected macOS system install of Python is not recommended, some functionality in the extension will be limited. [Install another version of Python](https://www.python.org/downloads) or select a different interpreter for the best experience. [Learn more](https://aka.ms/AA7jfor).
2024-10-18 19:22:56.017 [warning] Using default string since no string found in i18n bundle that has the key: Activation of the selected Python environment is not supported in PowerShell. Consider changing your shell to Command Prompt.
2024-10-18 19:22:56.019 [warning] Using default string since no string found in i18n bundle that has the key: No Python interpreter is selected. Please select a Python interpreter to enable features such as IntelliSense, linting, and debugging.
2024-10-18 19:22:56.020 [warning] Using default string since no string found in i18n bundle that has the key: An Invalid Python interpreter is selected{0}, please try changing it to enable features such as IntelliSense, linting, and debugging. See output for more details regarding why the interpreter is invalid.
2024-10-18 19:22:56.020 [warning] Using default string since no string found in i18n bundle that has the key: We detected an issue with one of your environment variables that breaks features such as IntelliSense, linting and debugging. Try setting the "ComSpec" variable to a valid Command Prompt path in your system to fix it.
2024-10-18 19:22:56.020 [warning] Using default string since no string found in i18n bundle that has the key: We detected an issue with "Path" environment variable that breaks features such as IntelliSense, linting and debugging. Please edit it to make sure it contains the "System32" subdirectories.
2024-10-18 19:22:56.020 [warning] Using default string since no string found in i18n bundle that has the key: We detected an issue with your default shell that breaks features such as IntelliSense, linting and debugging. Try resetting "ComSpec" and "Path" environment variables to fix it.
2024-10-18 19:22:56.220 [error] Error: spawn /home/xeyossr/.vscode-oss/extensions/ms-python.python-2024.16.1-universal/python-env-tools/bin/pet ENOENT
	at ChildProcess._handle.onexit (node:internal/child_process:286:19)
	at onErrorNT (node:internal/child_process:484:16)
	at process.processTicksAndRejections (node:internal/process/task_queues:82:21)
2024-10-18 19:22:56.322 [info] ExtensionService#_doActivateExtension vscode.git, startup: true, activationEvent: '*'
2024-10-18 19:22:56.323 [info] ExtensionService#_doActivateExtension vscode.github, startup: true, activationEvent: '*'
2024-10-18 19:22:56.340 [warning] [ms-python.python] Accessing a window scoped configuration for a resource is not expected. To associate 'python.languageServer' to a resource, define its scope to 'resource' in configuration contributions in 'package.json'.
2024-10-18 19:22:56.345 [warning] [ms-python.python] Accessing a window scoped configuration for a resource is not expected. To associate 'python.languageServer' to a resource, define its scope to 'resource' in configuration contributions in 'package.json'.
2024-10-18 19:22:56.357 [warning] [ms-python.python] Accessing a resource scoped configuration without providing a resource is not expected. To get the effective value for 'python.terminal.shellIntegration.enabled', provide the URI of a resource or 'null' for any resource.
2024-10-18 19:22:56.363 [warning] [ms-python.python] Accessing a window scoped configuration for a resource is not expected. To associate 'python.languageServer' to a resource, define its scope to 'resource' in configuration contributions in 'package.json'.
2024-10-18 19:22:56.443 [warning] Using default string since no string found in i18n bundle that has the key: Python interpreter path: {0}
2024-10-18 19:22:56.785 [warning] [ms-python.python] Accessing a resource scoped configuration without providing a resource is not expected. To get the effective value for 'python.envFile', provide the URI of a resource or 'null' for any resource.
2024-10-18 19:22:56.978 [warning] [vscode.git] Accessing a resource scoped configuration without providing a resource is not expected. To get the effective value for 'git.openRepositoryInParentFolders', provide the URI of a resource or 'null' for any resource.
2024-10-18 19:22:56.978 [warning] [vscode.git] Accessing a resource scoped configuration without providing a resource is not expected. To get the effective value for 'git.showProgress', provide the URI of a resource or 'null' for any resource.
2024-10-18 19:22:57.050 [info] Eager extensions activated
2024-10-18 19:22:57.131 [warning] [ms-python.python] Accessing a window scoped configuration for a resource is not expected. To associate 'python.languageServer' to a resource, define its scope to 'resource' in configuration contributions in 'package.json'.
2024-10-18 19:22:57.135 [warning] [ms-python.python] Accessing a window scoped configuration for a resource is not expected. To associate 'python.languageServer' to a resource, define its scope to 'resource' in configuration contributions in 'package.json'.
2024-10-18 19:22:57.138 [warning] [ms-python.python] Accessing a window scoped configuration for a resource is not expected. To associate 'python.languageServer' to a resource, define its scope to 'resource' in configuration contributions in 'package.json'.
2024-10-18 19:22:57.143 [info] ExtensionService#_doActivateExtension vscode.debug-auto-launch, startup: false, activationEvent: 'onStartupFinished'
2024-10-18 19:22:57.144 [info] ExtensionService#_doActivateExtension vscode.merge-conflict, startup: false, activationEvent: 'onStartupFinished'
2024-10-18 19:22:57.145 [info] ExtensionService#_doActivateExtension ecmel.vscode-html-css, startup: false, activationEvent: 'onStartupFinished'
2024-10-18 19:22:57.176 [info] ExtensionService#_doActivateExtension LeonardSSH.vscord, startup: false, activationEvent: 'onStartupFinished'
2024-10-18 19:22:57.347 [info] ExtensionService#_doActivateExtension ritwickdey.LiveServer, startup: false, activationEvent: 'onStartupFinished'
2024-10-18 19:22:58.896 [error] Error: Extension 'ms-python.python' CANNOT use API proposal: testObserver.
Its package.json#enabledApiProposals-property declares:  but NOT testObserver.
 The missing proposal MUST be added and you must start in extension development mode or use the following command line switch: --enable-proposed-api ms-python.python
    at H (file:///usr/lib/code/out/vs/workbench/api/node/extensionHostProcess.js:112:16479)
    at Object.get testResults [as testResults] (file:///usr/lib/code/out/vs/workbench/api/node/extensionHostProcess.js:156:39221)
    at C.activate (/home/xeyossr/.vscode-oss/extensions/ms-python.python-2024.16.1-universal/out/client/extension.js:2:947691)
    at /home/xeyossr/.vscode-oss/extensions/ms-python.python-2024.16.1-universal/out/client/extension.js:2:2457
    at Array.map (<anonymous>)
    at v.activateWorkspace (/home/xeyossr/.vscode-oss/extensions/ms-python.python-2024.16.1-universal/out/client/extension.js:2:2447)
2024-10-18 19:23:00.673 [warning] Using default string since no string found in i18n bundle that has the key: Starting Jedi language server for {0}.
2024-10-18 19:23:05.766 [info] ExtensionService#_doActivateExtension ms-python.debugpy, startup: false, activationEvent: 'onLanguage:python'
2024-10-18 19:23:05.896 [error] Failed to load translations for ms-python.debugpy from file:///home/xeyossr/.vscode-oss/extensions/ms-python.debugpy-2024.12.0-linux-x64/l10n/bundle.l10n.tr.json: '/home/xeyossr/.vscode-oss/extensions/ms-python.debugpy-2024.12.0-linux-x64/l10n/bundle.l10n.tr.json' (Error: Var olmayan '/home/xeyossr/.vscode-oss/extensions/ms-python.debugpy-2024.12.0-linux-x64/l10n/bundle.l10n.tr.json' dosyası çözümlenemiyor) dosyası okunamıyor
2024-10-18 19:23:06.019 [warning] Using default string since no string found in i18n bundle that has the key: Attach to process
2024-10-18 19:23:06.019 [warning] Using default string since no string found in i18n bundle that has the key: Select the process to attach to
2024-10-18 19:23:06.019 [warning] Using default string since no string found in i18n bundle that has the key: No process selected
2024-10-18 19:23:06.019 [warning] Using default string since no string found in i18n bundle that has the key: Refresh process list
2024-10-18 19:23:06.019 [warning] Using default string since no string found in i18n bundle that has the key: Debug Stopped
2024-10-18 19:23:06.020 [warning] Using default string since no string found in i18n bundle that has the key: Select a debug configuration
2024-10-18 19:23:06.020 [warning] Using default string since no string found in i18n bundle that has the key: Debug Configuration
2024-10-18 19:23:06.020 [warning] Using default string since no string found in i18n bundle that has the key: Python Debugger
2024-10-18 19:23:06.020 [warning] Using default string since no string found in i18n bundle that has the key: Select a Python Debugger debug configuration
2024-10-18 19:23:06.020 [warning] Using default string since no string found in i18n bundle that has the key: Browse Files...
2024-10-18 19:23:06.020 [warning] Using default string since no string found in i18n bundle that has the key: Browse your file system to find a Python file.
2024-10-18 19:23:06.020 [warning] Using default string since no string found in i18n bundle that has the key: Select File
2024-10-18 19:23:06.020 [warning] Using default string since no string found in i18n bundle that has the key: Select Python File
2024-10-18 19:23:06.020 [warning] Using default string since no string found in i18n bundle that has the key: Python Debugger: Current File
2024-10-18 19:23:06.020 [warning] Using default string since no string found in i18n bundle that has the key: Python File
2024-10-18 19:23:06.020 [warning] Using default string since no string found in i18n bundle that has the key: Debug the currently active Python file
2024-10-18 19:23:06.020 [warning] Using default string since no string found in i18n bundle that has the key: Python Debugger: Current File with Arguments
2024-10-18 19:23:06.020 [warning] Using default string since no string found in i18n bundle that has the key: Python File with Arguments
2024-10-18 19:23:06.020 [warning] Using default string since no string found in i18n bundle that has the key: Debug the currently active Python file with arguments
2024-10-18 19:23:06.020 [warning] Using default string since no string found in i18n bundle that has the key: Python Debugger: Module
2024-10-18 19:23:06.020 [warning] Using default string since no string found in i18n bundle that has the key: enter-your-module-name
2024-10-18 19:23:06.020 [warning] Using default string since no string found in i18n bundle that has the key: Module
2024-10-18 19:23:06.020 [warning] Using default string since no string found in i18n bundle that has the key: Debug a Python module by invoking it with '-m'
2024-10-18 19:23:06.020 [warning] Using default string since no string found in i18n bundle that has the key: Debug Module
2024-10-18 19:23:06.020 [warning] Using default string since no string found in i18n bundle that has the key: Enter a Python module/package name
2024-10-18 19:23:06.020 [warning] Using default string since no string found in i18n bundle that has the key: enter-your-module-name
2024-10-18 19:23:06.020 [warning] Using default string since no string found in i18n bundle that has the key: Enter a valid module name
2024-10-18 19:23:06.020 [warning] Using default string since no string found in i18n bundle that has the key: Python Debugger: Remote Attach
2024-10-18 19:23:06.020 [warning] Using default string since no string found in i18n bundle that has the key: Remote Attach
2024-10-18 19:23:06.020 [warning] Using default string since no string found in i18n bundle that has the key: Attach to a remote debug server
2024-10-18 19:23:06.020 [warning] Using default string since no string found in i18n bundle that has the key: Remote Debugging
2024-10-18 19:23:06.020 [warning] Using default string since no string found in i18n bundle that has the key: Enter a valid host name or IP address
2024-10-18 19:23:06.020 [warning] Using default string since no string found in i18n bundle that has the key: Enter a valid host name or IP address
2024-10-18 19:23:06.020 [warning] Using default string since no string found in i18n bundle that has the key: Remote Debugging
2024-10-18 19:23:06.020 [warning] Using default string since no string found in i18n bundle that has the key: Enter the port number that the debug server is listening on
2024-10-18 19:23:06.020 [warning] Using default string since no string found in i18n bundle that has the key: Enter a valid port number
2024-10-18 19:23:06.020 [warning] Using default string since no string found in i18n bundle that has the key: Python Debugger: Attach using Process Id
2024-10-18 19:23:06.020 [warning] Using default string since no string found in i18n bundle that has the key: Attach using Process ID
2024-10-18 19:23:06.020 [warning] Using default string since no string found in i18n bundle that has the key: Attach to a local process
2024-10-18 19:23:06.020 [warning] Using default string since no string found in i18n bundle that has the key: Python Debugger: Django
2024-10-18 19:23:06.020 [warning] Using default string since no string found in i18n bundle that has the key: Django
2024-10-18 19:23:06.020 [warning] Using default string since no string found in i18n bundle that has the key: Launch and debug a Django web application
2024-10-18 19:23:06.020 [warning] Using default string since no string found in i18n bundle that has the key: Debug Django
2024-10-18 19:23:06.020 [warning] Using default string since no string found in i18n bundle that has the key: Enter the path to manage.py or select a file from the list.
2024-10-18 19:23:06.020 [warning] Using default string since no string found in i18n bundle that has the key: Python Debugger: FastAPI
2024-10-18 19:23:06.020 [warning] Using default string since no string found in i18n bundle that has the key: FastAPI
2024-10-18 19:23:06.020 [warning] Using default string since no string found in i18n bundle that has the key: Launch and debug a FastAPI web application
2024-10-18 19:23:06.020 [warning] Using default string since no string found in i18n bundle that has the key: Debug FastAPI
2024-10-18 19:23:06.020 [warning] Using default string since no string found in i18n bundle that has the key: Enter the path to the application, e.g. 'main.py' or 'main'
2024-10-18 19:23:06.020 [warning] Using default string since no string found in i18n bundle that has the key: Enter a valid name
2024-10-18 19:23:06.020 [warning] Using default string since no string found in i18n bundle that has the key: Python Debugger: Flask
2024-10-18 19:23:06.020 [warning] Using default string since no string found in i18n bundle that has the key: Flask
2024-10-18 19:23:06.020 [warning] Using default string since no string found in i18n bundle that has the key: Launch and debug a Flask web application
2024-10-18 19:23:06.020 [warning] Using default string since no string found in i18n bundle that has the key: Debug Flask
2024-10-18 19:23:06.020 [warning] Using default string since no string found in i18n bundle that has the key: Python Debugger: Flask
2024-10-18 19:23:06.020 [warning] Using default string since no string found in i18n bundle that has the key: Enter a valid name
2024-10-18 19:23:06.020 [warning] Using default string since no string found in i18n bundle that has the key: Debug Flask
2024-10-18 19:23:06.021 [warning] Using default string since no string found in i18n bundle that has the key: Enter the path to app.py or select a file from the list.
2024-10-18 19:23:06.021 [warning] Using default string since no string found in i18n bundle that has the key: Python Debugger: Pyramid Application
2024-10-18 19:23:06.021 [warning] Using default string since no string found in i18n bundle that has the key: Pyramid
2024-10-18 19:23:06.021 [warning] Using default string since no string found in i18n bundle that has the key: Launch and debug a Pyramid web application
2024-10-18 19:23:06.021 [warning] Using default string since no string found in i18n bundle that has the key: Debug Pyramid
2024-10-18 19:23:06.021 [warning] Using default string since no string found in i18n bundle that has the key: Enter a valid file path
2024-10-18 19:23:06.021 [warning] Using default string since no string found in i18n bundle that has the key: Python Debugger extension loading...
2024-10-18 19:23:06.021 [warning] Using default string since no string found in i18n bundle that has the key: Do not show again
2024-10-18 19:23:06.021 [warning] Using default string since no string found in i18n bundle that has the key: More Info
2024-10-18 19:23:06.021 [warning] Using default string since no string found in i18n bundle that has the key: No, I will do it later
2024-10-18 19:23:06.021 [warning] Using default string since no string found in i18n bundle that has the key: Open launch.json
2024-10-18 19:23:06.021 [warning] Using default string since no string found in i18n bundle that has the key: Select Python Interpreter
2024-10-18 19:23:06.021 [warning] Using default string since no string found in i18n bundle that has the key: Change Python Interpreter
2024-10-18 19:23:06.021 [warning] Using default string since no string found in i18n bundle that has the key: We noticed you are attaching to ptvsd (Python debugger), which was deprecated on May 1st, 2020. Please switch to [debugpy](https://aka.ms/migrateToDebugpy).
2024-10-18 19:23:06.021 [warning] Using default string since no string found in i18n bundle that has the key: cwd:
2024-10-18 19:23:06.021 [warning] Using default string since no string found in i18n bundle that has the key: Command Line Arguments
2024-10-18 19:23:06.021 [warning] Using default string since no string found in i18n bundle that has the key: Enter the command line arguments you want to pass to the program
2024-10-18 19:23:06.021 [warning] Using default string since no string found in i18n bundle that has the key: Show as Hex
2024-10-18 19:23:06.073 [error] Activating extension ms-python.debugpy failed due to an error:
2024-10-18 19:23:06.073 [error] Error: Extension 'ms-python.debugpy' CANNOT use API proposal: portsAttributes.
Its package.json#enabledApiProposals-property declares:  but NOT portsAttributes.
 The missing proposal MUST be added and you must start in extension development mode or use the following command line switch: --enable-proposed-api ms-python.debugpy
    at H (file:///usr/lib/code/out/vs/workbench/api/node/extensionHostProcess.js:112:16479)
    at Object.registerPortAttributesProvider (file:///usr/lib/code/out/vs/workbench/api/node/extensionHostProcess.js:156:55383)
    at t.registerDebugger (/home/xeyossr/.vscode-oss/extensions/ms-python.debugpy-2024.12.0-linux-x64/dist/extension.js:2:907336)
    at e.activate (/home/xeyossr/.vscode-oss/extensions/ms-python.debugpy-2024.12.0-linux-x64/dist/extension.js:2:1156364)
    at Function.kb (file:///usr/lib/code/out/vs/workbench/api/node/extensionHostProcess.js:118:15217)
    at Function.jb (file:///usr/lib/code/out/vs/workbench/api/node/extensionHostProcess.js:118:14924)
    at file:///usr/lib/code/out/vs/workbench/api/node/extensionHostProcess.js:118:13082
    at x0.n (file:///usr/lib/code/out/vs/workbench/api/node/extensionHostProcess.js:114:4450)
    at x0.m (file:///usr/lib/code/out/vs/workbench/api/node/extensionHostProcess.js:114:4413)
    at x0.l (file:///usr/lib/code/out/vs/workbench/api/node/extensionHostProcess.js:114:3869)
2024-10-18 19:23:23.542 [info] ExtensionService#_doActivateExtension vscode.typescript-language-features, startup: false, activationEvent: 'onLanguage:javascript'
2024-10-18 19:23:23.806 [warning] [vscode.typescript-language-features] Accessing a resource scoped configuration without providing a resource is not expected. To get the effective value for 'files.watcherExclude', provide the URI of a resource or 'null' for any resource.
2024-10-18 19:23:24.938 [warning] Accessing a resource scoped configuration without providing a resource is not expected. To get the effective value for 'files.watcherExclude', provide the URI of a resource or 'null' for any resource.
2024-10-18 19:23:24.957 [warning] Accessing a resource scoped configuration without providing a resource is not expected. To get the effective value for 'files.watcherExclude', provide the URI of a resource or 'null' for any resource.
2024-10-18 19:23:24.962 [warning] Accessing a resource scoped configuration without providing a resource is not expected. To get the effective value for 'files.watcherExclude', provide the URI of a resource or 'null' for any resource.
2024-10-18 19:23:24.964 [warning] Accessing a resource scoped configuration without providing a resource is not expected. To get the effective value for 'files.watcherExclude', provide the URI of a resource or 'null' for any resource.
2024-10-18 19:23:27.213 [warning] Accessing a resource scoped configuration without providing a resource is not expected. To get the effective value for 'files.watcherExclude', provide the URI of a resource or 'null' for any resource.
2024-10-18 19:23:27.215 [warning] Accessing a resource scoped configuration without providing a resource is not expected. To get the effective value for 'files.watcherExclude', provide the URI of a resource or 'null' for any resource.
2024-10-18 19:23:27.215 [warning] Accessing a resource scoped configuration without providing a resource is not expected. To get the effective value for 'files.watcherExclude', provide the URI of a resource or 'null' for any resource.
2024-10-18 19:30:47.933 [info] ExtensionService#_doActivateExtension vscode.css-language-features, startup: false, activationEvent: 'onLanguage:css'
2024-10-18 19:30:50.858 [info] ExtensionService#_doActivateExtension vscode.configuration-editing, startup: false, activationEvent: 'onLanguage:json'
2024-10-18 19:30:50.860 [info] ExtensionService#_doActivateExtension vscode.extension-editing, startup: false, activationEvent: 'onLanguage:json'
2024-10-18 19:30:50.861 [info] ExtensionService#_doActivateExtension vscode.json-language-features, startup: false, activationEvent: 'onLanguage:json'
2024-10-18 19:30:50.862 [info] ExtensionService#_doActivateExtension vscode.npm, startup: false, activationEvent: 'onLanguage:json'
2024-10-18 19:31:02.580 [error] [ecmel.vscode-html-css] provider FAILED
2024-10-18 19:31:02.580 [error] undefined
2024-10-18 19:35:13.217 [info] Extension host terminating: renderer closed the MessagePort
2024-10-18 19:35:14.185 [info] Extension host with pid 290693 exiting with code 0
