2024-10-17 22:08:25.704 [info] [ana] Günlük düzeyi: Info
2024-10-17 22:08:25.704 [info] [ana] Şurada bulunan git doğrulanıyor: "git"
2024-10-17 22:08:25.704 [info] [ana] "git" konumundaki "2.47.0" git'i kullanılıyor
2024-10-17 22:08:25.704 [info] [Model][doInitialScan] Initial repository scan started
2024-10-17 22:08:25.704 [info] > git rev-parse --show-toplevel [38ms]
2024-10-17 22:08:25.704 [info] fatal: not a git repository (or any parent up to mount point /)
Stopping at filesystem boundary (GIT_DISCOVERY_ACROSS_FILESYSTEM not set).
2024-10-17 22:08:25.704 [info] > git rev-parse --show-toplevel [122ms]
2024-10-17 22:08:25.704 [info] fatal: not a git repository (or any parent up to mount point /)
Stopping at filesystem boundary (GIT_DISCOVERY_ACROSS_FILESYSTEM not set).
2024-10-17 22:08:25.704 [info] [Model][doInitialScan] Initial repository scan completed - repositories (0), closed repositories (0), parent repositories (0), unsafe repositories (0)
2024-10-17 22:10:27.525 [info] [ana] Günlük düzeyi: Info
2024-10-17 22:10:27.526 [info] [ana] Şurada bulunan git doğrulanıyor: "git"
2024-10-17 22:10:27.526 [info] [ana] "git" konumundaki "2.47.0" git'i kullanılıyor
2024-10-17 22:10:27.526 [info] [Model][doInitialScan] Initial repository scan started
2024-10-17 22:10:27.526 [info] > git rev-parse --show-toplevel [112ms]
2024-10-17 22:10:27.526 [info] fatal: not a git repository (or any parent up to mount point /)
Stopping at filesystem boundary (GIT_DISCOVERY_ACROSS_FILESYSTEM not set).
2024-10-17 22:10:27.526 [info] [Model][doInitialScan] Initial repository scan completed - repositories (0), closed repositories (0), parent repositories (0), unsafe repositories (0)
2024-10-17 22:10:28.295 [info] > git rev-parse --show-toplevel [2ms]
2024-10-17 22:10:28.295 [info] fatal: not a git repository (or any parent up to mount point /)
Stopping at filesystem boundary (GIT_DISCOVERY_ACROSS_FILESYSTEM not set).
2024-10-17 22:10:50.645 [info] > git rev-parse --show-toplevel [2ms]
2024-10-17 22:10:50.645 [info] fatal: not a git repository (or any parent up to mount point /)
Stopping at filesystem boundary (GIT_DISCOVERY_ACROSS_FILESYSTEM not set).
2024-10-17 22:10:55.594 [info] > git rev-parse --show-toplevel [16ms]
2024-10-17 22:10:55.594 [info] fatal: not a git repository (or any parent up to mount point /)
Stopping at filesystem boundary (GIT_DISCOVERY_ACROSS_FILESYSTEM not set).
2024-10-17 22:11:34.783 [info] > git rev-parse --show-toplevel [3ms]
2024-10-17 22:11:34.783 [info] fatal: not a git repository (or any parent up to mount point /)
Stopping at filesystem boundary (GIT_DISCOVERY_ACROSS_FILESYSTEM not set).
2024-10-17 22:11:36.047 [info] > git rev-parse --show-toplevel [5ms]
2024-10-17 22:11:36.047 [info] fatal: not a git repository (or any parent up to mount point /)
Stopping at filesystem boundary (GIT_DISCOVERY_ACROSS_FILESYSTEM not set).
2024-10-17 22:13:53.111 [info] > git rev-parse --show-toplevel [9ms]
2024-10-17 22:13:53.111 [info] fatal: not a git repository (or any parent up to mount point /)
Stopping at filesystem boundary (GIT_DISCOVERY_ACROSS_FILESYSTEM not set).
2024-10-17 22:13:55.377 [info] > git rev-parse --show-toplevel [2ms]
2024-10-17 22:13:55.377 [info] fatal: not a git repository (or any parent up to mount point /)
Stopping at filesystem boundary (GIT_DISCOVERY_ACROSS_FILESYSTEM not set).
2024-10-17 22:13:55.982 [info] > git rev-parse --show-toplevel [7ms]
2024-10-17 22:13:55.982 [info] fatal: not a git repository (or any parent up to mount point /)
Stopping at filesystem boundary (GIT_DISCOVERY_ACROSS_FILESYSTEM not set).
2024-10-17 22:14:46.947 [info] > git rev-parse --show-toplevel [17ms]
2024-10-17 22:14:46.948 [info] fatal: not a git repository (or any parent up to mount point /)
Stopping at filesystem boundary (GIT_DISCOVERY_ACROSS_FILESYSTEM not set).
2024-10-17 22:14:48.091 [info] > git rev-parse --show-toplevel [4ms]
2024-10-17 22:14:48.091 [info] fatal: not a git repository (or any parent up to mount point /)
Stopping at filesystem boundary (GIT_DISCOVERY_ACROSS_FILESYSTEM not set).
2024-10-17 22:15:06.195 [info] > git rev-parse --show-toplevel [7ms]
2024-10-17 22:15:06.195 [info] fatal: not a git repository (or any parent up to mount point /)
Stopping at filesystem boundary (GIT_DISCOVERY_ACROSS_FILESYSTEM not set).
2024-10-17 22:15:12.425 [info] > git rev-parse --show-toplevel [5ms]
2024-10-17 22:15:12.425 [info] fatal: not a git repository (or any parent up to mount point /)
Stopping at filesystem boundary (GIT_DISCOVERY_ACROSS_FILESYSTEM not set).
2024-10-17 22:15:43.322 [info] > git rev-parse --show-toplevel [11ms]
2024-10-17 22:15:43.328 [info] fatal: not a git repository (or any parent up to mount point /)
Stopping at filesystem boundary (GIT_DISCOVERY_ACROSS_FILESYSTEM not set).
2024-10-17 22:20:37.097 [info] [ana] Günlük düzeyi: Info
2024-10-17 22:20:37.097 [info] [ana] Şurada bulunan git doğrulanıyor: "git"
2024-10-17 22:20:37.097 [info] [ana] "git" konumundaki "2.47.0" git'i kullanılıyor
2024-10-17 22:20:37.097 [info] [Model][doInitialScan] Initial repository scan started
2024-10-17 22:20:37.097 [info] > git rev-parse --show-toplevel [101ms]
2024-10-17 22:20:37.097 [info] fatal: not a git repository (or any parent up to mount point /)
Stopping at filesystem boundary (GIT_DISCOVERY_ACROSS_FILESYSTEM not set).
2024-10-17 22:20:37.338 [info] > git rev-parse --show-toplevel [71ms]
2024-10-17 22:20:37.339 [info] fatal: not a git repository (or any parent up to mount point /)
Stopping at filesystem boundary (GIT_DISCOVERY_ACROSS_FILESYSTEM not set).
2024-10-17 22:20:37.355 [info] > git rev-parse --show-toplevel [2ms]
2024-10-17 22:20:37.355 [info] fatal: not a git repository (or any parent up to mount point /)
Stopping at filesystem boundary (GIT_DISCOVERY_ACROSS_FILESYSTEM not set).
2024-10-17 22:20:37.366 [info] > git rev-parse --show-toplevel [4ms]
2024-10-17 22:20:37.366 [info] fatal: not a git repository (or any parent up to mount point /)
Stopping at filesystem boundary (GIT_DISCOVERY_ACROSS_FILESYSTEM not set).
2024-10-17 22:20:37.368 [info] [Model][doInitialScan] Initial repository scan completed - repositories (0), closed repositories (0), parent repositories (0), unsafe repositories (0)
2024-10-17 22:20:59.556 [info] > git rev-parse --show-toplevel [4ms]
2024-10-17 22:20:59.556 [info] fatal: not a git repository (or any parent up to mount point /)
Stopping at filesystem boundary (GIT_DISCOVERY_ACROSS_FILESYSTEM not set).
2024-10-17 22:23:28.552 [info] > git rev-parse --show-toplevel [3ms]
2024-10-17 22:23:28.552 [info] fatal: not a git repository (or any parent up to mount point /)
Stopping at filesystem boundary (GIT_DISCOVERY_ACROSS_FILESYSTEM not set).
2024-10-17 22:28:32.797 [info] > git rev-parse --show-toplevel [18ms]
2024-10-17 22:28:32.799 [info] fatal: not a git repository (or any parent up to mount point /)
Stopping at filesystem boundary (GIT_DISCOVERY_ACROSS_FILESYSTEM not set).
2024-10-17 22:28:39.837 [info] > git rev-parse --show-toplevel [3ms]
2024-10-17 22:28:39.837 [info] fatal: not a git repository (or any parent up to mount point /)
Stopping at filesystem boundary (GIT_DISCOVERY_ACROSS_FILESYSTEM not set).
2024-10-17 22:29:42.413 [info] > git rev-parse --show-toplevel [21ms]
2024-10-17 22:29:42.414 [info] fatal: not a git repository (or any parent up to mount point /)
Stopping at filesystem boundary (GIT_DISCOVERY_ACROSS_FILESYSTEM not set).
2024-10-17 22:30:49.491 [info] > git rev-parse --show-toplevel [6ms]
2024-10-17 22:30:49.492 [info] fatal: not a git repository (or any parent up to mount point /)
Stopping at filesystem boundary (GIT_DISCOVERY_ACROSS_FILESYSTEM not set).
2024-10-17 22:31:48.502 [info] > git rev-parse --show-toplevel [5ms]
2024-10-17 22:31:48.505 [info] fatal: not a git repository (or any parent up to mount point /)
Stopping at filesystem boundary (GIT_DISCOVERY_ACROSS_FILESYSTEM not set).
2024-10-17 22:31:48.744 [info] > git rev-parse --show-toplevel [6ms]
2024-10-17 22:31:48.744 [info] fatal: not a git repository (or any parent up to mount point /)
Stopping at filesystem boundary (GIT_DISCOVERY_ACROSS_FILESYSTEM not set).
