2024-10-17 23:23:44.712 [info] Started local extension host with pid 509441.
2024-10-17 23:23:46.889 [error] Error scanning extensions at /$HOME/.vscode-oss/extensions/undefined_publisher.wallbash-0.0.1: Var olmayan '/$HOME/.vscode-oss/extensions/undefined_publisher.wallbash-0.0.1' dosyası çözümlenemiyor
2024-10-17 23:23:46.892 [error] Extension 'ms-python.debugpy CANNOT USE these API proposals 'portsAttributes, contribIssueReporter, debugVisualization, contribViewsWelcome'. You MUST start in extension development mode or use the --enable-proposed-api command line flag
2024-10-17 23:23:46.893 [error] Extension 'ms-python.python CANNOT USE these API proposals 'contribEditorContentMenu, quickPickSortByLabel, testObserver, quickPickItemTooltip, terminalDataWriteEvent, terminalExecuteCommandEvent, contribIssueReporter'. You MUST start in extension development mode or use the --enable-proposed-api command line flag
2024-10-17 23:23:47.034 [error] [ms-python.debugpy]: issue/reporter önerilen bir menü tanımlayıcısıdır. 'package.json#enabledApiProposals: ["contribIssueReporter"]' özelliğini gerektirir ve yalnızca geliştirme dışında veya --enable-proposed-api ms-python.debugpy komut satırı anahtarıyla çalışırken kullanılabilir
2024-10-17 23:23:47.035 [error] [ms-python.python]: issue/reporter önerilen bir menü tanımlayıcısıdır. 'package.json#enabledApiProposals: ["contribIssueReporter"]' özelliğini gerektirir ve yalnızca geliştirme dışında veya --enable-proposed-api ms-python.python komut satırı anahtarıyla çalışırken kullanılabilir
2024-10-17 23:23:47.038 [error] [ms-python.python]: editor/content önerilen bir menü tanımlayıcısıdır. 'package.json#enabledApiProposals: ["contribEditorContentMenu"]' özelliğini gerektirir ve yalnızca geliştirme dışında veya --enable-proposed-api ms-python.python komut satırı anahtarıyla çalışırken kullanılabilir
2024-10-17 23:23:50.199 [error] spawn /home/xeyossr/.vscode-oss/extensions/ms-python.python-2024.14.1-universal/python-env-tools/bin/pet ENOENT: Error: spawn /home/xeyossr/.vscode-oss/extensions/ms-python.python-2024.14.1-universal/python-env-tools/bin/pet ENOENT
	at ChildProcess._handle.onexit (node:internal/child_process:286:19)
	at onErrorNT (node:internal/child_process:484:16)
	at process.processTicksAndRejections (node:internal/process/task_queues:82:21)
2024-10-17 23:23:50.780 [info] [perf] Render performance baseline is 167ms
2024-10-17 23:24:19.554 [info] Started local extension host with pid 510029.
2024-10-17 23:24:21.243 [error] Error scanning extensions at /$HOME/.vscode-oss/extensions/undefined_publisher.wallbash-0.0.1: Var olmayan '/$HOME/.vscode-oss/extensions/undefined_publisher.wallbash-0.0.1' dosyası çözümlenemiyor
2024-10-17 23:24:21.251 [error] Extension 'ms-python.debugpy CANNOT USE these API proposals 'portsAttributes, contribIssueReporter, debugVisualization, contribViewsWelcome'. You MUST start in extension development mode or use the --enable-proposed-api command line flag
2024-10-17 23:24:21.254 [error] Extension 'ms-python.python CANNOT USE these API proposals 'contribEditorContentMenu, quickPickSortByLabel, testObserver, quickPickItemTooltip, terminalDataWriteEvent, terminalExecuteCommandEvent, contribIssueReporter'. You MUST start in extension development mode or use the --enable-proposed-api command line flag
2024-10-17 23:24:21.347 [error] [ms-python.debugpy]: issue/reporter önerilen bir menü tanımlayıcısıdır. 'package.json#enabledApiProposals: ["contribIssueReporter"]' özelliğini gerektirir ve yalnızca geliştirme dışında veya --enable-proposed-api ms-python.debugpy komut satırı anahtarıyla çalışırken kullanılabilir
2024-10-17 23:24:21.354 [error] [ms-python.python]: issue/reporter önerilen bir menü tanımlayıcısıdır. 'package.json#enabledApiProposals: ["contribIssueReporter"]' özelliğini gerektirir ve yalnızca geliştirme dışında veya --enable-proposed-api ms-python.python komut satırı anahtarıyla çalışırken kullanılabilir
2024-10-17 23:24:21.355 [error] [ms-python.python]: editor/content önerilen bir menü tanımlayıcısıdır. 'package.json#enabledApiProposals: ["contribEditorContentMenu"]' özelliğini gerektirir ve yalnızca geliştirme dışında veya --enable-proposed-api ms-python.python komut satırı anahtarıyla çalışırken kullanılabilir
2024-10-17 23:24:23.231 [info] [perf] Render performance baseline is 138ms
2024-10-17 23:24:55.407 [error] spawn /home/xeyossr/.vscode-oss/extensions/ms-python.python-2024.14.1-universal/python-env-tools/bin/pet ENOENT: Error: spawn /home/xeyossr/.vscode-oss/extensions/ms-python.python-2024.14.1-universal/python-env-tools/bin/pet ENOENT
    at Process.ChildProcess._handle.onexit (node:internal/child_process:286:19)
    at onErrorNT (node:internal/child_process:484:16)
    at processTicksAndRejections (node:internal/process/task_queues:82:21)
2024-10-17 23:27:47.887 [error] Beklenmeyen bir hata oluştu. Daha fazla ayrıntı için lütfen günlüğe bakın.
2024-10-17 23:27:49.497 [error] Beklenmeyen bir hata oluştu. Daha fazla ayrıntı için lütfen günlüğe bakın.
2024-10-17 23:27:54.611 [error] Beklenmeyen bir hata oluştu. Daha fazla ayrıntı için lütfen günlüğe bakın.
2024-10-17 23:27:58.735 [error] Beklenmeyen bir hata oluştu. Daha fazla ayrıntı için lütfen günlüğe bakın.
2024-10-17 23:27:59.952 [error] Beklenmeyen bir hata oluştu. Daha fazla ayrıntı için lütfen günlüğe bakın.
2024-10-17 23:29:03.422 [error] Beklenmeyen bir hata oluştu. Daha fazla ayrıntı için lütfen günlüğe bakın.
2024-10-17 23:29:04.474 [error] Beklenmeyen bir hata oluştu. Daha fazla ayrıntı için lütfen günlüğe bakın.
2024-10-17 23:29:05.998 [error] Beklenmeyen bir hata oluştu. Daha fazla ayrıntı için lütfen günlüğe bakın.
2024-10-17 23:29:08.941 [error] Beklenmeyen bir hata oluştu. Daha fazla ayrıntı için lütfen günlüğe bakın.
2024-10-17 23:29:30.046 [error] Beklenmeyen bir hata oluştu. Daha fazla ayrıntı için lütfen günlüğe bakın.
2024-10-17 23:29:42.298 [error] Beklenmeyen bir hata oluştu. Daha fazla ayrıntı için lütfen günlüğe bakın.
2024-10-17 23:29:43.628 [error] Beklenmeyen bir hata oluştu. Daha fazla ayrıntı için lütfen günlüğe bakın.
2024-10-17 23:29:46.958 [error] Beklenmeyen bir hata oluştu. Daha fazla ayrıntı için lütfen günlüğe bakın.
2024-10-17 23:30:01.239 [error] Beklenmeyen bir hata oluştu. Daha fazla ayrıntı için lütfen günlüğe bakın.
2024-10-17 23:30:04.012 [error] Beklenmeyen bir hata oluştu. Daha fazla ayrıntı için lütfen günlüğe bakın.
2024-10-17 23:30:08.392 [error] Beklenmeyen bir hata oluştu. Daha fazla ayrıntı için lütfen günlüğe bakın.
2024-10-17 23:30:10.611 [error] Beklenmeyen bir hata oluştu. Daha fazla ayrıntı için lütfen günlüğe bakın.
2024-10-17 23:30:11.655 [error] Beklenmeyen bir hata oluştu. Daha fazla ayrıntı için lütfen günlüğe bakın.
2024-10-17 23:30:21.191 [error] Beklenmeyen bir hata oluştu. Daha fazla ayrıntı için lütfen günlüğe bakın.
2024-10-17 23:30:33.050 [error] Beklenmeyen bir hata oluştu. Daha fazla ayrıntı için lütfen günlüğe bakın.
2024-10-17 23:30:53.353 [error] Beklenmeyen bir hata oluştu. Daha fazla ayrıntı için lütfen günlüğe bakın.
2024-10-17 23:30:54.586 [error] Beklenmeyen bir hata oluştu. Daha fazla ayrıntı için lütfen günlüğe bakın.
2024-10-17 23:30:57.835 [error] Beklenmeyen bir hata oluştu. Daha fazla ayrıntı için lütfen günlüğe bakın.
2024-10-17 23:31:05.014 [error] Beklenmeyen bir hata oluştu. Daha fazla ayrıntı için lütfen günlüğe bakın.
2024-10-17 23:38:18.431 [error] Beklenmeyen bir hata oluştu. Daha fazla ayrıntı için lütfen günlüğe bakın.
2024-10-17 23:38:23.098 [error] Beklenmeyen bir hata oluştu. Daha fazla ayrıntı için lütfen günlüğe bakın.
2024-10-17 23:38:24.591 [error] Beklenmeyen bir hata oluştu. Daha fazla ayrıntı için lütfen günlüğe bakın.
2024-10-17 23:38:25.926 [error] Beklenmeyen bir hata oluştu. Daha fazla ayrıntı için lütfen günlüğe bakın.
2024-10-17 23:38:32.761 [error] Beklenmeyen bir hata oluştu. Daha fazla ayrıntı için lütfen günlüğe bakın.
2024-10-17 23:38:35.419 [error] Beklenmeyen bir hata oluştu. Daha fazla ayrıntı için lütfen günlüğe bakın.
2024-10-17 23:38:36.560 [error] Beklenmeyen bir hata oluştu. Daha fazla ayrıntı için lütfen günlüğe bakın.
2024-10-17 23:38:39.562 [error] Beklenmeyen bir hata oluştu. Daha fazla ayrıntı için lütfen günlüğe bakın.
2024-10-17 23:38:41.150 [error] Beklenmeyen bir hata oluştu. Daha fazla ayrıntı için lütfen günlüğe bakın.
2024-10-17 23:38:43.345 [error] Beklenmeyen bir hata oluştu. Daha fazla ayrıntı için lütfen günlüğe bakın.
2024-10-17 23:38:52.103 [error] Beklenmeyen bir hata oluştu. Daha fazla ayrıntı için lütfen günlüğe bakın.
2024-10-17 23:42:45.325 [error] Beklenmeyen bir hata oluştu. Daha fazla ayrıntı için lütfen günlüğe bakın.
2024-10-17 23:44:19.478 [error] Beklenmeyen bir hata oluştu. Daha fazla ayrıntı için lütfen günlüğe bakın.
2024-10-17 23:44:25.275 [error] Beklenmeyen bir hata oluştu. Daha fazla ayrıntı için lütfen günlüğe bakın.
2024-10-17 23:45:04.264 [error] Beklenmeyen bir hata oluştu. Daha fazla ayrıntı için lütfen günlüğe bakın.
2024-10-17 23:46:56.865 [error] Beklenmeyen bir hata oluştu. Daha fazla ayrıntı için lütfen günlüğe bakın.
2024-10-17 23:48:34.717 [error] ValueError: `column` parameter (30) is not in a valid range (0-28) for line 6 ("Flask.redirect('index.html')\n").: Error: ValueError: `column` parameter (30) is not in a valid range (0-28) for line 6 ("Flask.redirect('index.html')\n").
    at ae (/home/xeyossr/.vscode-oss/extensions/ms-python.python-2024.14.1-universal/out/client/extension.js:2:2041224)
    at oe (/home/xeyossr/.vscode-oss/extensions/ms-python.python-2024.14.1-universal/out/client/extension.js:2:2039184)
    at Immediate.<anonymous> (/home/xeyossr/.vscode-oss/extensions/ms-python.python-2024.14.1-universal/out/client/extension.js:2:2035478)
    at processImmediate (node:internal/timers:483:21)
2024-10-17 23:51:03.753 [error] Beklenmeyen bir hata oluştu. Daha fazla ayrıntı için lütfen günlüğe bakın.
2024-10-17 23:51:17.343 [error] Beklenmeyen bir hata oluştu. Daha fazla ayrıntı için lütfen günlüğe bakın.
2024-10-17 23:51:18.627 [error] Beklenmeyen bir hata oluştu. Daha fazla ayrıntı için lütfen günlüğe bakın.
2024-10-17 23:51:21.749 [error] Beklenmeyen bir hata oluştu. Daha fazla ayrıntı için lütfen günlüğe bakın.
2024-10-17 23:51:28.967 [error] Beklenmeyen bir hata oluştu. Daha fazla ayrıntı için lütfen günlüğe bakın.
2024-10-17 23:54:30.865 [error] Beklenmeyen bir hata oluştu. Daha fazla ayrıntı için lütfen günlüğe bakın.
2024-10-17 23:54:35.643 [error] Beklenmeyen bir hata oluştu. Daha fazla ayrıntı için lütfen günlüğe bakın.
2024-10-17 23:54:37.734 [error] Beklenmeyen bir hata oluştu. Daha fazla ayrıntı için lütfen günlüğe bakın.
