2024-10-17 23:23:43.469 [info] Added views:outline in workbench.view.explorer
2024-10-17 23:23:43.469 [info] Added views:workbench.view.search in workbench.view.search
2024-10-17 23:23:43.469 [info] Added views:workbench.scm in workbench.view.scm
2024-10-17 23:23:43.469 [info] Added views:workbench.panel.markers.view in workbench.panel.markers
2024-10-17 23:23:43.469 [info] Added views:workbench.panel.output in workbench.panel.output
2024-10-17 23:23:43.469 [info] Added views:terminal in terminal
2024-10-17 23:23:43.469 [info] Added views:timeline in workbench.view.explorer
2024-10-17 23:23:43.469 [info] Added views:workbench.explorer.fileView in workbench.view.explorer
2024-10-17 23:23:44.684 [info] Added views:workbench.debug.welcome in workbench.view.debug
2024-10-17 23:23:47.135 [info] Added views:discordTreeView in workbench.view.explorer
2024-10-17 23:23:47.928 [info] Added views:workbench.panel.repl.view in workbench.panel.repl
2024-10-17 23:23:49.466 [info] Added views:~remote.forwardedPorts in ~remote.forwardedPortsContainer
2024-10-17 23:23:50.583 [info] Added views:workbench.view.testing in workbench.view.extension.test
2024-10-17 23:24:18.419 [info] Removed views:workbench.view.testing from workbench.view.extension.test
2024-10-17 23:24:19.395 [info] Added views:outline in workbench.view.explorer
2024-10-17 23:24:19.395 [info] Added views:workbench.view.search in workbench.view.search
2024-10-17 23:24:19.395 [info] Added views:workbench.scm in workbench.view.scm
2024-10-17 23:24:19.395 [info] Added views:workbench.panel.markers.view in workbench.panel.markers
2024-10-17 23:24:19.395 [info] Added views:workbench.panel.output in workbench.panel.output
2024-10-17 23:24:19.396 [info] Added views:terminal in terminal
2024-10-17 23:24:19.396 [info] Added views:timeline in workbench.view.explorer
2024-10-17 23:24:19.397 [info] Added views:workbench.explorer.fileView in workbench.view.explorer
2024-10-17 23:24:19.608 [info] Added views:workbench.debug.variablesView,workbench.debug.watchExpressionsView,workbench.debug.callStackView,workbench.debug.breakPointsView in workbench.view.debug
2024-10-17 23:24:21.409 [info] Added views:discordTreeView in workbench.view.explorer
2024-10-17 23:24:21.750 [info] Added views:workbench.panel.repl.view in workbench.panel.repl
2024-10-17 23:24:21.753 [info] Removed views:workbench.debug.breakPointsView,workbench.debug.callStackView,workbench.debug.watchExpressionsView,workbench.debug.variablesView from workbench.view.debug
2024-10-17 23:24:21.754 [info] Added views:workbench.debug.welcome in workbench.view.debug
2024-10-17 23:24:21.794 [info] Added views:~remote.forwardedPorts in ~remote.forwardedPortsContainer
2024-10-17 23:24:55.540 [info] Added views:workbench.view.testing in workbench.view.extension.test
2024-10-17 23:48:07.148 [info] Added views:workbench.views.extensions.installed,workbench.views.extensions.popular,extensions.recommendedList in workbench.view.extensions
2024-10-17 23:48:07.155 [info] Removed views:workbench.views.extensions.popular from workbench.view.extensions
2024-10-17 23:48:15.425 [info] Removed views:extensions.recommendedList,workbench.views.extensions.installed from workbench.view.extensions
2024-10-17 23:48:15.469 [info] Added views:workbench.views.extensions.marketplace in workbench.view.extensions
2024-10-17 23:57:03.882 [info] Removed views:workbench.view.testing from workbench.view.extension.test
