2024-10-18 22:37:40.473 [info] [ana] Günlük düzeyi: Info
2024-10-18 22:37:40.473 [info] [ana] Şurada bulunan git doğrulanıyor: "git"
2024-10-18 22:37:40.473 [info] [ana] "git" konumundaki "2.47.0" git'i kullanılıyor
2024-10-18 22:37:40.473 [info] [Model][doInitialScan] Initial repository scan started
2024-10-18 22:37:40.473 [info] > git rev-parse --show-toplevel [66ms]
2024-10-18 22:37:40.473 [info] fatal: not a git repository (or any parent up to mount point /)
Stopping at filesystem boundary (GIT_DISCOVERY_ACROSS_FILESYSTEM not set).
2024-10-18 22:37:40.528 [info] > git rev-parse --show-toplevel [66ms]
2024-10-18 22:37:40.528 [info] fatal: not a git repository (or any parent up to mount point /)
Stopping at filesystem boundary (GIT_DISCOVERY_ACROSS_FILESYSTEM not set).
2024-10-18 22:37:40.670 [info] > git rev-parse --show-toplevel [24ms]
2024-10-18 22:37:40.670 [info] fatal: not a git repository (or any parent up to mount point /)
Stopping at filesystem boundary (GIT_DISCOVERY_ACROSS_FILESYSTEM not set).
2024-10-18 22:37:40.757 [info] > git rev-parse --show-toplevel [22ms]
2024-10-18 22:37:40.757 [info] fatal: not a git repository (or any parent up to mount point /)
Stopping at filesystem boundary (GIT_DISCOVERY_ACROSS_FILESYSTEM not set).
2024-10-18 22:37:40.757 [info] [Model][doInitialScan] Initial repository scan completed - repositories (0), closed repositories (0), parent repositories (0), unsafe repositories (0)
2024-10-18 22:39:53.697 [info] > git rev-parse --show-toplevel [16ms]
2024-10-18 22:39:53.697 [info] fatal: not a git repository (or any parent up to mount point /)
Stopping at filesystem boundary (GIT_DISCOVERY_ACROSS_FILESYSTEM not set).
2024-10-18 22:39:53.836 [info] > git rev-parse --show-toplevel [6ms]
2024-10-18 22:39:53.836 [info] fatal: not a git repository (or any parent up to mount point /)
Stopping at filesystem boundary (GIT_DISCOVERY_ACROSS_FILESYSTEM not set).
2024-10-18 22:55:23.648 [info] > git rev-parse --show-toplevel [35ms]
2024-10-18 22:55:23.650 [info] fatal: not a git repository (or any parent up to mount point /)
Stopping at filesystem boundary (GIT_DISCOVERY_ACROSS_FILESYSTEM not set).
2024-10-18 22:55:41.863 [info] > git rev-parse --show-toplevel [7ms]
2024-10-18 22:55:41.864 [info] fatal: not a git repository (or any parent up to mount point /)
Stopping at filesystem boundary (GIT_DISCOVERY_ACROSS_FILESYSTEM not set).
2024-10-18 22:55:51.964 [info] > git rev-parse --show-toplevel [7ms]
2024-10-18 22:55:51.964 [info] fatal: not a git repository (or any parent up to mount point /)
Stopping at filesystem boundary (GIT_DISCOVERY_ACROSS_FILESYSTEM not set).
2024-10-18 22:56:01.692 [info] > git rev-parse --show-toplevel [12ms]
2024-10-18 22:56:01.693 [info] fatal: not a git repository (or any parent up to mount point /)
Stopping at filesystem boundary (GIT_DISCOVERY_ACROSS_FILESYSTEM not set).
2024-10-18 22:56:11.432 [info] > git rev-parse --show-toplevel [12ms]
2024-10-18 22:56:11.432 [info] fatal: not a git repository (or any parent up to mount point /)
Stopping at filesystem boundary (GIT_DISCOVERY_ACROSS_FILESYSTEM not set).
2024-10-18 22:58:28.961 [info] > git rev-parse --show-toplevel [51ms]
2024-10-18 22:58:28.962 [info] fatal: not a git repository (or any parent up to mount point /)
Stopping at filesystem boundary (GIT_DISCOVERY_ACROSS_FILESYSTEM not set).
2024-10-18 22:59:03.478 [info] > git rev-parse --show-toplevel [7ms]
2024-10-18 22:59:03.478 [info] fatal: not a git repository (or any parent up to mount point /)
Stopping at filesystem boundary (GIT_DISCOVERY_ACROSS_FILESYSTEM not set).
2024-10-18 22:59:10.515 [info] > git rev-parse --show-toplevel [4ms]
2024-10-18 22:59:10.515 [info] fatal: not a git repository (or any parent up to mount point /)
Stopping at filesystem boundary (GIT_DISCOVERY_ACROSS_FILESYSTEM not set).
2024-10-18 22:59:29.417 [info] > git rev-parse --show-toplevel [8ms]
2024-10-18 22:59:29.417 [info] fatal: not a git repository (or any parent up to mount point /)
Stopping at filesystem boundary (GIT_DISCOVERY_ACROSS_FILESYSTEM not set).
2024-10-18 23:00:05.108 [info] > git rev-parse --show-toplevel [5ms]
2024-10-18 23:00:05.108 [info] fatal: not a git repository (or any parent up to mount point /)
Stopping at filesystem boundary (GIT_DISCOVERY_ACROSS_FILESYSTEM not set).
2024-10-18 23:00:10.951 [info] > git rev-parse --show-toplevel [5ms]
2024-10-18 23:00:10.952 [info] fatal: not a git repository (or any parent up to mount point /)
Stopping at filesystem boundary (GIT_DISCOVERY_ACROSS_FILESYSTEM not set).
2024-10-18 23:02:13.301 [info] > git rev-parse --show-toplevel [8ms]
2024-10-18 23:02:13.302 [info] fatal: not a git repository (or any parent up to mount point /)
Stopping at filesystem boundary (GIT_DISCOVERY_ACROSS_FILESYSTEM not set).
2024-10-18 23:02:14.411 [info] > git rev-parse --show-toplevel [10ms]
2024-10-18 23:02:14.411 [info] fatal: not a git repository (or any parent up to mount point /)
Stopping at filesystem boundary (GIT_DISCOVERY_ACROSS_FILESYSTEM not set).
2024-10-18 23:02:24.344 [info] > git rev-parse --show-toplevel [5ms]
2024-10-18 23:02:24.345 [info] fatal: not a git repository (or any parent up to mount point /)
Stopping at filesystem boundary (GIT_DISCOVERY_ACROSS_FILESYSTEM not set).
2024-10-18 23:03:20.420 [info] > git rev-parse --show-toplevel [4ms]
2024-10-18 23:03:20.421 [info] fatal: not a git repository (or any parent up to mount point /)
Stopping at filesystem boundary (GIT_DISCOVERY_ACROSS_FILESYSTEM not set).
2024-10-18 23:03:22.991 [info] > git rev-parse --show-toplevel [3ms]
2024-10-18 23:03:22.991 [info] fatal: not a git repository (or any parent up to mount point /)
Stopping at filesystem boundary (GIT_DISCOVERY_ACROSS_FILESYSTEM not set).
2024-10-18 23:03:26.714 [info] > git rev-parse --show-toplevel [6ms]
2024-10-18 23:03:26.714 [info] fatal: not a git repository (or any parent up to mount point /)
Stopping at filesystem boundary (GIT_DISCOVERY_ACROSS_FILESYSTEM not set).
2024-10-18 23:03:44.230 [info] > git rev-parse --show-toplevel [4ms]
2024-10-18 23:03:44.230 [info] fatal: not a git repository (or any parent up to mount point /)
Stopping at filesystem boundary (GIT_DISCOVERY_ACROSS_FILESYSTEM not set).
2024-10-18 23:03:46.925 [info] > git rev-parse --show-toplevel [4ms]
2024-10-18 23:03:46.925 [info] fatal: not a git repository (or any parent up to mount point /)
Stopping at filesystem boundary (GIT_DISCOVERY_ACROSS_FILESYSTEM not set).
2024-10-18 23:04:42.081 [info] > git rev-parse --show-toplevel [13ms]
2024-10-18 23:04:42.081 [info] fatal: not a git repository (or any parent up to mount point /)
Stopping at filesystem boundary (GIT_DISCOVERY_ACROSS_FILESYSTEM not set).
2024-10-18 23:04:44.757 [info] > git rev-parse --show-toplevel [3ms]
2024-10-18 23:04:44.757 [info] fatal: not a git repository (or any parent up to mount point /)
Stopping at filesystem boundary (GIT_DISCOVERY_ACROSS_FILESYSTEM not set).
2024-10-18 23:04:55.994 [info] > git rev-parse --show-toplevel [7ms]
2024-10-18 23:04:55.994 [info] fatal: not a git repository (or any parent up to mount point /)
Stopping at filesystem boundary (GIT_DISCOVERY_ACROSS_FILESYSTEM not set).
2024-10-18 23:05:16.713 [info] > git rev-parse --show-toplevel [4ms]
2024-10-18 23:05:16.714 [info] fatal: not a git repository (or any parent up to mount point /)
Stopping at filesystem boundary (GIT_DISCOVERY_ACROSS_FILESYSTEM not set).
2024-10-18 23:05:18.131 [info] > git rev-parse --show-toplevel [5ms]
2024-10-18 23:05:18.131 [info] fatal: not a git repository (or any parent up to mount point /)
Stopping at filesystem boundary (GIT_DISCOVERY_ACROSS_FILESYSTEM not set).
2024-10-18 23:05:20.555 [info] > git rev-parse --show-toplevel [6ms]
2024-10-18 23:05:20.555 [info] fatal: not a git repository (or any parent up to mount point /)
Stopping at filesystem boundary (GIT_DISCOVERY_ACROSS_FILESYSTEM not set).
2024-10-18 23:05:23.067 [info] > git rev-parse --show-toplevel [8ms]
2024-10-18 23:05:23.067 [info] fatal: not a git repository (or any parent up to mount point /)
Stopping at filesystem boundary (GIT_DISCOVERY_ACROSS_FILESYSTEM not set).
2024-10-18 23:05:24.571 [info] > git rev-parse --show-toplevel [3ms]
2024-10-18 23:05:24.572 [info] fatal: not a git repository (or any parent up to mount point /)
Stopping at filesystem boundary (GIT_DISCOVERY_ACROSS_FILESYSTEM not set).
2024-10-18 23:05:27.483 [info] > git rev-parse --show-toplevel [6ms]
2024-10-18 23:05:27.483 [info] fatal: not a git repository (or any parent up to mount point /)
Stopping at filesystem boundary (GIT_DISCOVERY_ACROSS_FILESYSTEM not set).
2024-10-18 23:05:29.086 [info] > git rev-parse --show-toplevel [9ms]
2024-10-18 23:05:29.086 [info] fatal: not a git repository (or any parent up to mount point /)
Stopping at filesystem boundary (GIT_DISCOVERY_ACROSS_FILESYSTEM not set).
2024-10-18 23:05:32.468 [info] > git rev-parse --show-toplevel [6ms]
2024-10-18 23:05:32.468 [info] fatal: not a git repository (or any parent up to mount point /)
Stopping at filesystem boundary (GIT_DISCOVERY_ACROSS_FILESYSTEM not set).
2024-10-18 23:06:21.507 [info] > git rev-parse --show-toplevel [3ms]
2024-10-18 23:06:21.507 [info] fatal: not a git repository (or any parent up to mount point /)
Stopping at filesystem boundary (GIT_DISCOVERY_ACROSS_FILESYSTEM not set).
2024-10-18 23:06:41.089 [info] > git rev-parse --show-toplevel [5ms]
2024-10-18 23:06:41.089 [info] fatal: not a git repository (or any parent up to mount point /)
Stopping at filesystem boundary (GIT_DISCOVERY_ACROSS_FILESYSTEM not set).
2024-10-18 23:06:41.627 [info] > git rev-parse --show-toplevel [10ms]
2024-10-18 23:06:41.628 [info] fatal: not a git repository (or any parent up to mount point /)
Stopping at filesystem boundary (GIT_DISCOVERY_ACROSS_FILESYSTEM not set).
2024-10-18 23:06:43.621 [info] > git rev-parse --show-toplevel [10ms]
2024-10-18 23:06:43.621 [info] fatal: not a git repository (or any parent up to mount point /)
Stopping at filesystem boundary (GIT_DISCOVERY_ACROSS_FILESYSTEM not set).
2024-10-18 23:06:43.961 [info] > git rev-parse --show-toplevel [5ms]
2024-10-18 23:06:43.961 [info] fatal: not a git repository (or any parent up to mount point /)
Stopping at filesystem boundary (GIT_DISCOVERY_ACROSS_FILESYSTEM not set).
2024-10-18 23:06:48.834 [info] > git rev-parse --show-toplevel [3ms]
2024-10-18 23:06:48.834 [info] fatal: not a git repository (or any parent up to mount point /)
Stopping at filesystem boundary (GIT_DISCOVERY_ACROSS_FILESYSTEM not set).
2024-10-18 23:06:51.252 [info] > git rev-parse --show-toplevel [12ms]
2024-10-18 23:06:51.252 [info] fatal: not a git repository (or any parent up to mount point /)
Stopping at filesystem boundary (GIT_DISCOVERY_ACROSS_FILESYSTEM not set).
2024-10-18 23:06:52.626 [info] > git rev-parse --show-toplevel [4ms]
2024-10-18 23:06:52.626 [info] fatal: not a git repository (or any parent up to mount point /)
Stopping at filesystem boundary (GIT_DISCOVERY_ACROSS_FILESYSTEM not set).
2024-10-18 23:06:59.313 [info] > git rev-parse --show-toplevel [5ms]
2024-10-18 23:06:59.313 [info] fatal: not a git repository (or any parent up to mount point /)
Stopping at filesystem boundary (GIT_DISCOVERY_ACROSS_FILESYSTEM not set).
2024-10-18 23:07:00.269 [info] > git rev-parse --show-toplevel [2ms]
2024-10-18 23:07:00.270 [info] fatal: not a git repository (or any parent up to mount point /)
Stopping at filesystem boundary (GIT_DISCOVERY_ACROSS_FILESYSTEM not set).
2024-10-18 23:07:02.860 [info] > git rev-parse --show-toplevel [3ms]
2024-10-18 23:07:02.860 [info] fatal: not a git repository (or any parent up to mount point /)
Stopping at filesystem boundary (GIT_DISCOVERY_ACROSS_FILESYSTEM not set).
2024-10-18 23:07:16.391 [info] > git rev-parse --show-toplevel [5ms]
2024-10-18 23:07:16.391 [info] fatal: not a git repository (or any parent up to mount point /)
Stopping at filesystem boundary (GIT_DISCOVERY_ACROSS_FILESYSTEM not set).
2024-10-18 23:07:21.247 [info] > git rev-parse --show-toplevel [4ms]
2024-10-18 23:07:21.247 [info] fatal: not a git repository (or any parent up to mount point /)
Stopping at filesystem boundary (GIT_DISCOVERY_ACROSS_FILESYSTEM not set).
2024-10-18 23:07:29.864 [info] > git rev-parse --show-toplevel [10ms]
2024-10-18 23:07:29.865 [info] fatal: not a git repository (or any parent up to mount point /)
Stopping at filesystem boundary (GIT_DISCOVERY_ACROSS_FILESYSTEM not set).
2024-10-18 23:07:35.412 [info] > git rev-parse --show-toplevel [8ms]
2024-10-18 23:07:35.413 [info] fatal: not a git repository (or any parent up to mount point /)
Stopping at filesystem boundary (GIT_DISCOVERY_ACROSS_FILESYSTEM not set).
2024-10-18 23:07:37.230 [info] > git rev-parse --show-toplevel [7ms]
2024-10-18 23:07:37.230 [info] fatal: not a git repository (or any parent up to mount point /)
Stopping at filesystem boundary (GIT_DISCOVERY_ACROSS_FILESYSTEM not set).
2024-10-18 23:07:54.592 [info] > git rev-parse --show-toplevel [6ms]
2024-10-18 23:07:54.592 [info] fatal: not a git repository (or any parent up to mount point /)
Stopping at filesystem boundary (GIT_DISCOVERY_ACROSS_FILESYSTEM not set).
2024-10-18 23:23:19.258 [info] > git rev-parse --show-toplevel [84ms]
2024-10-18 23:23:19.260 [info] fatal: not a git repository (or any parent up to mount point /)
Stopping at filesystem boundary (GIT_DISCOVERY_ACROSS_FILESYSTEM not set).
2024-10-18 23:23:19.606 [info] > git rev-parse --show-toplevel [7ms]
2024-10-18 23:23:19.606 [info] fatal: not a git repository (or any parent up to mount point /)
Stopping at filesystem boundary (GIT_DISCOVERY_ACROSS_FILESYSTEM not set).
2024-10-18 23:23:21.513 [info] > git rev-parse --show-toplevel [7ms]
2024-10-18 23:23:21.513 [info] fatal: not a git repository (or any parent up to mount point /)
Stopping at filesystem boundary (GIT_DISCOVERY_ACROSS_FILESYSTEM not set).
2024-10-18 23:23:22.939 [info] > git rev-parse --show-toplevel [6ms]
2024-10-18 23:23:22.939 [info] fatal: not a git repository (or any parent up to mount point /)
Stopping at filesystem boundary (GIT_DISCOVERY_ACROSS_FILESYSTEM not set).
2024-10-18 23:23:29.958 [info] > git rev-parse --show-toplevel [8ms]
2024-10-18 23:23:29.958 [info] fatal: not a git repository (or any parent up to mount point /)
Stopping at filesystem boundary (GIT_DISCOVERY_ACROSS_FILESYSTEM not set).
2024-10-18 23:24:33.113 [info] > git rev-parse --show-toplevel [22ms]
2024-10-18 23:24:33.114 [info] fatal: not a git repository (or any parent up to mount point /)
Stopping at filesystem boundary (GIT_DISCOVERY_ACROSS_FILESYSTEM not set).
2024-10-18 23:25:05.949 [info] > git rev-parse --show-toplevel [12ms]
2024-10-18 23:25:05.949 [info] fatal: not a git repository (or any parent up to mount point /)
Stopping at filesystem boundary (GIT_DISCOVERY_ACROSS_FILESYSTEM not set).
2024-10-18 23:25:19.020 [info] > git rev-parse --show-toplevel [10ms]
2024-10-18 23:25:19.020 [info] fatal: not a git repository (or any parent up to mount point /)
Stopping at filesystem boundary (GIT_DISCOVERY_ACROSS_FILESYSTEM not set).
2024-10-18 23:26:21.061 [info] > git rev-parse --show-toplevel [9ms]
2024-10-18 23:26:21.063 [info] fatal: not a git repository (or any parent up to mount point /)
Stopping at filesystem boundary (GIT_DISCOVERY_ACROSS_FILESYSTEM not set).
2024-10-18 23:27:09.338 [info] > git rev-parse --show-toplevel [8ms]
2024-10-18 23:27:09.339 [info] fatal: not a git repository (or any parent up to mount point /)
Stopping at filesystem boundary (GIT_DISCOVERY_ACROSS_FILESYSTEM not set).
2024-10-18 23:27:11.499 [info] > git rev-parse --show-toplevel [7ms]
2024-10-18 23:27:11.499 [info] fatal: not a git repository (or any parent up to mount point /)
Stopping at filesystem boundary (GIT_DISCOVERY_ACROSS_FILESYSTEM not set).
2024-10-18 23:27:13.711 [info] > git rev-parse --show-toplevel [8ms]
2024-10-18 23:27:13.711 [info] fatal: not a git repository (or any parent up to mount point /)
Stopping at filesystem boundary (GIT_DISCOVERY_ACROSS_FILESYSTEM not set).
2024-10-18 23:28:59.601 [info] > git rev-parse --show-toplevel [16ms]
2024-10-18 23:28:59.611 [info] fatal: not a git repository (or any parent up to mount point /)
Stopping at filesystem boundary (GIT_DISCOVERY_ACROSS_FILESYSTEM not set).
2024-10-18 23:29:26.504 [info] > git rev-parse --show-toplevel [10ms]
2024-10-18 23:29:26.504 [info] fatal: not a git repository (or any parent up to mount point /)
Stopping at filesystem boundary (GIT_DISCOVERY_ACROSS_FILESYSTEM not set).
2024-10-18 23:45:24.459 [info] > git rev-parse --show-toplevel [72ms]
2024-10-18 23:45:24.461 [info] fatal: not a git repository (or any parent up to mount point /)
Stopping at filesystem boundary (GIT_DISCOVERY_ACROSS_FILESYSTEM not set).
2024-10-18 23:45:27.300 [info] > git rev-parse --show-toplevel [3ms]
2024-10-18 23:45:27.300 [info] fatal: not a git repository (or any parent up to mount point /)
Stopping at filesystem boundary (GIT_DISCOVERY_ACROSS_FILESYSTEM not set).
2024-10-18 23:47:00.942 [info] > git rev-parse --show-toplevel [33ms]
2024-10-18 23:47:00.943 [info] fatal: not a git repository (or any parent up to mount point /)
Stopping at filesystem boundary (GIT_DISCOVERY_ACROSS_FILESYSTEM not set).
2024-10-18 23:47:02.376 [info] > git rev-parse --show-toplevel [7ms]
2024-10-18 23:47:02.376 [info] fatal: not a git repository (or any parent up to mount point /)
Stopping at filesystem boundary (GIT_DISCOVERY_ACROSS_FILESYSTEM not set).
2024-10-18 23:47:02.837 [info] > git rev-parse --show-toplevel [6ms]
2024-10-18 23:47:02.837 [info] fatal: not a git repository (or any parent up to mount point /)
Stopping at filesystem boundary (GIT_DISCOVERY_ACROSS_FILESYSTEM not set).
2024-10-18 23:47:11.699 [info] > git rev-parse --show-toplevel [5ms]
2024-10-18 23:47:11.699 [info] fatal: not a git repository (or any parent up to mount point /)
Stopping at filesystem boundary (GIT_DISCOVERY_ACROSS_FILESYSTEM not set).
2024-10-18 23:47:43.342 [info] > git rev-parse --show-toplevel [4ms]
2024-10-18 23:47:43.342 [info] fatal: not a git repository (or any parent up to mount point /)
Stopping at filesystem boundary (GIT_DISCOVERY_ACROSS_FILESYSTEM not set).
2024-10-18 23:48:07.826 [info] > git rev-parse --show-toplevel [4ms]
2024-10-18 23:48:07.826 [info] fatal: not a git repository (or any parent up to mount point /)
Stopping at filesystem boundary (GIT_DISCOVERY_ACROSS_FILESYSTEM not set).
2024-10-18 23:48:17.800 [info] > git rev-parse --show-toplevel [4ms]
2024-10-18 23:48:17.800 [info] fatal: not a git repository (or any parent up to mount point /)
Stopping at filesystem boundary (GIT_DISCOVERY_ACROSS_FILESYSTEM not set).
2024-10-18 23:48:18.870 [info] > git rev-parse --show-toplevel [5ms]
2024-10-18 23:48:18.870 [info] fatal: not a git repository (or any parent up to mount point /)
Stopping at filesystem boundary (GIT_DISCOVERY_ACROSS_FILESYSTEM not set).
2024-10-18 23:48:56.229 [info] > git rev-parse --show-toplevel [11ms]
2024-10-18 23:48:56.229 [info] fatal: not a git repository (or any parent up to mount point /)
Stopping at filesystem boundary (GIT_DISCOVERY_ACROSS_FILESYSTEM not set).
2024-10-18 23:48:56.597 [info] > git rev-parse --show-toplevel [6ms]
2024-10-18 23:48:56.597 [info] fatal: not a git repository (or any parent up to mount point /)
Stopping at filesystem boundary (GIT_DISCOVERY_ACROSS_FILESYSTEM not set).
2024-10-18 23:48:58.180 [info] > git rev-parse --show-toplevel [3ms]
2024-10-18 23:48:58.180 [info] fatal: not a git repository (or any parent up to mount point /)
Stopping at filesystem boundary (GIT_DISCOVERY_ACROSS_FILESYSTEM not set).
2024-10-18 23:49:00.584 [info] > git rev-parse --show-toplevel [5ms]
2024-10-18 23:49:00.584 [info] fatal: not a git repository (or any parent up to mount point /)
Stopping at filesystem boundary (GIT_DISCOVERY_ACROSS_FILESYSTEM not set).
2024-10-18 23:49:01.746 [info] > git rev-parse --show-toplevel [7ms]
2024-10-18 23:49:01.746 [info] fatal: not a git repository (or any parent up to mount point /)
Stopping at filesystem boundary (GIT_DISCOVERY_ACROSS_FILESYSTEM not set).
2024-10-18 23:49:05.034 [info] > git rev-parse --show-toplevel [3ms]
2024-10-18 23:49:05.034 [info] fatal: not a git repository (or any parent up to mount point /)
Stopping at filesystem boundary (GIT_DISCOVERY_ACROSS_FILESYSTEM not set).
2024-10-18 23:49:06.970 [info] > git rev-parse --show-toplevel [6ms]
2024-10-18 23:49:06.970 [info] fatal: not a git repository (or any parent up to mount point /)
Stopping at filesystem boundary (GIT_DISCOVERY_ACROSS_FILESYSTEM not set).
2024-10-18 23:49:12.130 [info] > git rev-parse --show-toplevel [4ms]
2024-10-18 23:49:12.130 [info] fatal: not a git repository (or any parent up to mount point /)
Stopping at filesystem boundary (GIT_DISCOVERY_ACROSS_FILESYSTEM not set).
2024-10-18 23:52:43.510 [info] > git rev-parse --show-toplevel [29ms]
2024-10-18 23:52:43.511 [info] fatal: not a git repository (or any parent up to mount point /)
Stopping at filesystem boundary (GIT_DISCOVERY_ACROSS_FILESYSTEM not set).
2024-10-18 23:53:00.941 [info] > git rev-parse --show-toplevel [5ms]
2024-10-18 23:53:00.941 [info] fatal: not a git repository (or any parent up to mount point /)
Stopping at filesystem boundary (GIT_DISCOVERY_ACROSS_FILESYSTEM not set).
2024-10-18 23:53:09.584 [info] > git rev-parse --show-toplevel [5ms]
2024-10-18 23:53:09.585 [info] fatal: not a git repository (or any parent up to mount point /)
Stopping at filesystem boundary (GIT_DISCOVERY_ACROSS_FILESYSTEM not set).
2024-10-18 23:53:15.590 [info] > git rev-parse --show-toplevel [3ms]
2024-10-18 23:53:15.590 [info] fatal: not a git repository (or any parent up to mount point /)
Stopping at filesystem boundary (GIT_DISCOVERY_ACROSS_FILESYSTEM not set).
2024-10-18 23:53:16.749 [info] > git rev-parse --show-toplevel [9ms]
2024-10-18 23:53:16.749 [info] fatal: not a git repository (or any parent up to mount point /)
Stopping at filesystem boundary (GIT_DISCOVERY_ACROSS_FILESYSTEM not set).
