2024-10-18 16:32:30.596 [info] Deleted uninstalled extension from disk ms-ceintl.vscode-language-pack-tr /home/xeyossr/.vscode-oss/extensions/ms-ceintl.vscode-language-pack-tr-1.93.0-universal
2024-10-18 16:32:30.635 [error] [uncaught exception in sharedProcess]: Error: ENOENT: no such file or directory, stat '/home/xeyossr/.vscode-oss/extensions/ms-ceintl.vscode-language-pack-tr-1.93.0-universal.50cdcbf0.vsctmp': EntryNotFound (FileSystemError): Error: ENOENT: no such file or directory, stat '/home/xeyossr/.vscode-oss/extensions/ms-ceintl.vscode-language-pack-tr-1.93.0-universal.50cdcbf0.vsctmp'
    at lm.create (file:///usr/lib/code/out/vs/code/electron-utility/sharedProcess/sharedProcessMain.js:35:39253)
    at Es (file:///usr/lib/code/out/vs/code/electron-utility/sharedProcess/sharedProcessMain.js:35:39360)
    at Fr.ib (file:///usr/lib/code/out/vs/code/electron-utility/sharedProcess/sharedProcessMain.js:71:22661)
    at Fr.stat (file:///usr/lib/code/out/vs/code/electron-utility/sharedProcess/sharedProcessMain.js:71:15994)
    at async eh.stat (file:///usr/lib/code/out/vs/code/electron-utility/sharedProcess/sharedProcessMain.js:70:84484)
    at async Kl.yb (file:///usr/lib/code/out/vs/code/electron-utility/sharedProcess/sharedProcessMain.js:70:66600)
2024-10-18 16:32:30.983 [info] Deleted uninstalled extension from disk ms-python.debugpy /home/xeyossr/.vscode-oss/extensions/ms-python.debugpy-2024.11.0-dev-linux-x64
2024-10-18 16:32:30.999 [info] Deleted uninstalled extension from disk ms-python.python /home/xeyossr/.vscode-oss/extensions/ms-python.python-2024.14.1-universal
2024-10-18 16:33:15.498 [info] Getting Manifest... dracula-theme.theme-dracula
2024-10-18 16:33:17.019 [info] Installing extension: dracula-theme.theme-dracula {"isMachineScoped":false,"installPreReleaseVersion":false,"pinned":true,"profileLocation":{"$mid":1,"external":"vscode-userdata:/home/xeyossr/.vscode-oss/extensions/extensions.json","path":"/home/xeyossr/.vscode-oss/extensions/extensions.json","scheme":"vscode-userdata"},"installOnlyNewlyAddedFromExtensionPack":true,"isApplicationScoped":false,"productVersion":{"version":"1.94.2","date":"2024-10-11T16:41:53.891Z"}}
2024-10-18 16:33:18.941 [error] Could not load vsce-sign module Cannot find package '@vscode/vsce-sign' imported from /usr/lib/code/out/vs/code/electron-utility/sharedProcess/sharedProcessMain.js
2024-10-18 16:33:18.942 [info] Extension signature verification is not done: dracula-theme.theme-dracula
2024-10-18 16:33:19.139 [info] Extracted extension to file:///home/xeyossr/.vscode-oss/extensions/dracula-theme.theme-dracula-2.25.1-universal: dracula-theme.theme-dracula
2024-10-18 16:33:19.149 [info] Renamed to /home/xeyossr/.vscode-oss/extensions/dracula-theme.theme-dracula-2.25.1-universal
2024-10-18 16:33:19.186 [info] Extension installed successfully: dracula-theme.theme-dracula vscode-userdata:/home/xeyossr/.vscode-oss/extensions/extensions.json
2024-10-18 16:33:19.235 [error] [uncaught exception in sharedProcess]: Error: ENOENT: no such file or directory, stat '/home/xeyossr/.vscode-oss/extensions/extensions.json.vsctmp': EntryNotFound (FileSystemError): Error: ENOENT: no such file or directory, stat '/home/xeyossr/.vscode-oss/extensions/extensions.json.vsctmp'
    at lm.create (file:///usr/lib/code/out/vs/code/electron-utility/sharedProcess/sharedProcessMain.js:35:39253)
    at Es (file:///usr/lib/code/out/vs/code/electron-utility/sharedProcess/sharedProcessMain.js:35:39360)
    at Fr.ib (file:///usr/lib/code/out/vs/code/electron-utility/sharedProcess/sharedProcessMain.js:71:22661)
    at Fr.stat (file:///usr/lib/code/out/vs/code/electron-utility/sharedProcess/sharedProcessMain.js:71:15994)
    at async eh.stat (file:///usr/lib/code/out/vs/code/electron-utility/sharedProcess/sharedProcessMain.js:70:84484)
    at async Kl.yb (file:///usr/lib/code/out/vs/code/electron-utility/sharedProcess/sharedProcessMain.js:70:66600)
