2024-10-18 21:42:30.068 [info] [ana] Günlük düzeyi: Info
2024-10-18 21:42:30.068 [info] [ana] Şurada bulunan git doğrulanıyor: "git"
2024-10-18 21:42:30.068 [info] [ana] "git" konumundaki "2.47.0" git'i kullanılıyor
2024-10-18 21:42:30.068 [info] [Model][doInitialScan] Initial repository scan started
2024-10-18 21:42:30.068 [info] > git rev-parse --show-toplevel [413ms]
2024-10-18 21:42:30.068 [info] fatal: not a git repository (or any parent up to mount point /)
Stopping at filesystem boundary (GIT_DISCOVERY_ACROSS_FILESYSTEM not set).
2024-10-18 21:42:30.068 [info] > git rev-parse --show-toplevel [222ms]
2024-10-18 21:42:30.068 [info] fatal: not a git repository (or any parent up to mount point /)
Stopping at filesystem boundary (GIT_DISCOVERY_ACROSS_FILESYSTEM not set).
2024-10-18 21:42:30.068 [info] [Model][doInitialScan] Initial repository scan completed - repositories (0), closed repositories (0), parent repositories (0), unsafe repositories (0)
2024-10-18 21:52:54.077 [info] [ana] Günlük düzeyi: Info
2024-10-18 21:52:54.078 [info] [ana] Şurada bulunan git doğrulanıyor: "git"
2024-10-18 21:52:54.078 [info] [ana] "git" konumundaki "2.47.0" git'i kullanılıyor
2024-10-18 21:52:54.078 [info] [Model][doInitialScan] Initial repository scan started
2024-10-18 21:52:54.078 [info] > git rev-parse --show-toplevel [9ms]
2024-10-18 21:52:54.085 [info] [Model][doInitialScan] Initial repository scan completed - repositories (0), closed repositories (0), parent repositories (1), unsafe repositories (0)
2024-10-18 21:53:14.290 [info] > git rev-parse --show-toplevel [3ms]
2024-10-18 21:53:21.598 [info] > git rev-parse --show-toplevel [9ms]
2024-10-18 21:53:25.636 [info] > git rev-parse --show-toplevel [10ms]
2024-10-18 21:53:36.454 [info] > git rev-parse --show-toplevel [4ms]
2024-10-18 21:53:38.312 [info] > git rev-parse --show-toplevel [8ms]
2024-10-18 21:56:51.972 [info] [ana] Günlük düzeyi: Info
2024-10-18 21:56:51.972 [info] [ana] Şurada bulunan git doğrulanıyor: "git"
2024-10-18 21:56:51.972 [info] [ana] "git" konumundaki "2.47.0" git'i kullanılıyor
2024-10-18 21:56:51.972 [info] [Model][doInitialScan] Initial repository scan started
2024-10-18 21:56:51.972 [info] > git rev-parse --show-toplevel [160ms]
2024-10-18 21:56:51.972 [info] fatal: not a git repository (or any parent up to mount point /)
Stopping at filesystem boundary (GIT_DISCOVERY_ACROSS_FILESYSTEM not set).
2024-10-18 21:56:51.972 [info] [Model][doInitialScan] Initial repository scan completed - repositories (0), closed repositories (0), parent repositories (0), unsafe repositories (0)
2024-10-18 22:02:45.917 [info] > git rev-parse --show-toplevel [7ms]
2024-10-18 22:02:45.917 [info] fatal: not a git repository (or any parent up to mount point /)
Stopping at filesystem boundary (GIT_DISCOVERY_ACROSS_FILESYSTEM not set).
2024-10-18 22:02:46.234 [info] > git rev-parse --show-toplevel [13ms]
2024-10-18 22:02:46.234 [info] fatal: not a git repository (or any parent up to mount point /)
Stopping at filesystem boundary (GIT_DISCOVERY_ACROSS_FILESYSTEM not set).
2024-10-18 22:02:46.316 [info] > git rev-parse --show-toplevel [2ms]
2024-10-18 22:02:46.316 [info] fatal: not a git repository (or any parent up to mount point /)
Stopping at filesystem boundary (GIT_DISCOVERY_ACROSS_FILESYSTEM not set).
2024-10-18 22:02:52.324 [info] > git rev-parse --show-toplevel [2ms]
2024-10-18 22:02:52.324 [info] fatal: not a git repository (or any parent up to mount point /)
Stopping at filesystem boundary (GIT_DISCOVERY_ACROSS_FILESYSTEM not set).
2024-10-18 22:03:17.628 [info] > git rev-parse --show-toplevel [4ms]
2024-10-18 22:03:17.628 [info] fatal: not a git repository (or any parent up to mount point /)
Stopping at filesystem boundary (GIT_DISCOVERY_ACROSS_FILESYSTEM not set).
2024-10-18 22:03:22.559 [info] > git rev-parse --show-toplevel [4ms]
2024-10-18 22:03:22.559 [info] fatal: not a git repository (or any parent up to mount point /)
Stopping at filesystem boundary (GIT_DISCOVERY_ACROSS_FILESYSTEM not set).
2024-10-18 22:08:06.438 [info] > git rev-parse --show-toplevel [12ms]
2024-10-18 22:08:06.438 [info] fatal: not a git repository (or any parent up to mount point /)
Stopping at filesystem boundary (GIT_DISCOVERY_ACROSS_FILESYSTEM not set).
2024-10-18 22:09:24.161 [info] > git rev-parse --show-toplevel [5ms]
2024-10-18 22:09:24.161 [info] fatal: not a git repository (or any parent up to mount point /)
Stopping at filesystem boundary (GIT_DISCOVERY_ACROSS_FILESYSTEM not set).
2024-10-18 22:09:35.560 [info] > git rev-parse --show-toplevel [5ms]
2024-10-18 22:09:35.560 [info] fatal: not a git repository (or any parent up to mount point /)
Stopping at filesystem boundary (GIT_DISCOVERY_ACROSS_FILESYSTEM not set).
2024-10-18 22:09:45.845 [info] > git rev-parse --show-toplevel [8ms]
2024-10-18 22:09:45.845 [info] fatal: not a git repository (or any parent up to mount point /)
Stopping at filesystem boundary (GIT_DISCOVERY_ACROSS_FILESYSTEM not set).
2024-10-18 22:10:22.761 [info] > git rev-parse --show-toplevel [8ms]
2024-10-18 22:10:22.761 [info] fatal: not a git repository (or any parent up to mount point /)
Stopping at filesystem boundary (GIT_DISCOVERY_ACROSS_FILESYSTEM not set).
2024-10-18 22:10:40.485 [info] > git rev-parse --show-toplevel [4ms]
2024-10-18 22:10:40.485 [info] fatal: not a git repository (or any parent up to mount point /)
Stopping at filesystem boundary (GIT_DISCOVERY_ACROSS_FILESYSTEM not set).
2024-10-18 22:11:18.942 [info] > git rev-parse --show-toplevel [3ms]
2024-10-18 22:11:18.942 [info] fatal: not a git repository (or any parent up to mount point /)
Stopping at filesystem boundary (GIT_DISCOVERY_ACROSS_FILESYSTEM not set).
2024-10-18 22:11:42.610 [info] > git rev-parse --show-toplevel [10ms]
2024-10-18 22:11:42.611 [info] fatal: not a git repository (or any parent up to mount point /)
Stopping at filesystem boundary (GIT_DISCOVERY_ACROSS_FILESYSTEM not set).
2024-10-18 22:11:59.630 [info] > git rev-parse --show-toplevel [8ms]
2024-10-18 22:11:59.630 [info] fatal: not a git repository (or any parent up to mount point /)
Stopping at filesystem boundary (GIT_DISCOVERY_ACROSS_FILESYSTEM not set).
2024-10-18 22:12:08.323 [info] > git rev-parse --show-toplevel [10ms]
2024-10-18 22:12:08.323 [info] fatal: not a git repository (or any parent up to mount point /)
Stopping at filesystem boundary (GIT_DISCOVERY_ACROSS_FILESYSTEM not set).
2024-10-18 22:12:10.512 [info] > git rev-parse --show-toplevel [5ms]
2024-10-18 22:12:10.512 [info] fatal: not a git repository (or any parent up to mount point /)
Stopping at filesystem boundary (GIT_DISCOVERY_ACROSS_FILESYSTEM not set).
2024-10-18 22:12:10.957 [info] > git rev-parse --show-toplevel [7ms]
2024-10-18 22:12:10.957 [info] fatal: not a git repository (or any parent up to mount point /)
Stopping at filesystem boundary (GIT_DISCOVERY_ACROSS_FILESYSTEM not set).
2024-10-18 22:13:41.150 [info] > git rev-parse --show-toplevel [15ms]
2024-10-18 22:13:41.150 [info] fatal: not a git repository (or any parent up to mount point /)
Stopping at filesystem boundary (GIT_DISCOVERY_ACROSS_FILESYSTEM not set).
