2024-10-18 19:22:24.030 [info] Started local extension host with pid 290203.
2024-10-18 19:22:25.642 [error] Error scanning extensions at /$HOME/.vscode-oss/extensions/undefined_publisher.wallbash-0.0.1: Var olmayan '/$HOME/.vscode-oss/extensions/undefined_publisher.wallbash-0.0.1' dosyası çözümlenemiyor
2024-10-18 19:22:25.654 [error] Extension 'ms-python.debugpy CANNOT USE these API proposals 'portsAttributes, contribIssueReporter, debugVisualization, contribViewsWelcome'. You MUST start in extension development mode or use the --enable-proposed-api command line flag
2024-10-18 19:22:25.654 [error] Extension 'ms-python.python CANNOT USE these API proposals 'contribEditorContentMenu, quickPickSortByLabel, testObserver, quickPickItemTooltip, terminalDataWriteEvent, terminalExecuteCommandEvent, contribIssueReporter, codeActionAI, notebookReplDocument, notebookVariableProvider'. You MUST start in extension development mode or use the --enable-proposed-api command line flag
2024-10-18 19:22:25.828 [error] [ms-python.debugpy]: issue/reporter önerilen bir menü tanımlayıcısıdır. 'package.json#enabledApiProposals: ["contribIssueReporter"]' özelliğini gerektirir ve yalnızca geliştirme dışında veya --enable-proposed-api ms-python.debugpy komut satırı anahtarıyla çalışırken kullanılabilir
2024-10-18 19:22:25.834 [error] [ms-python.python]: issue/reporter önerilen bir menü tanımlayıcısıdır. 'package.json#enabledApiProposals: ["contribIssueReporter"]' özelliğini gerektirir ve yalnızca geliştirme dışında veya --enable-proposed-api ms-python.python komut satırı anahtarıyla çalışırken kullanılabilir
2024-10-18 19:22:25.834 [error] [ms-python.python]: editor/content önerilen bir menü tanımlayıcısıdır. 'package.json#enabledApiProposals: ["contribEditorContentMenu"]' özelliğini gerektirir ve yalnızca geliştirme dışında veya --enable-proposed-api ms-python.python komut satırı anahtarıyla çalışırken kullanılabilir
2024-10-18 19:22:30.214 [warning] Creation of workbench contribution 'workbench.contrib.dynamicWindowConfiguration' took 111ms.
2024-10-18 19:22:31.564 [info] [perf] Render performance baseline is 393ms
2024-10-18 19:22:47.862 [warning] [backup tracker] suspended, ignoring unregister event file:///home/xeyossr/Documents/Coding/GalacticAcademyBot/package.json 
2024-10-18 19:22:49.344 [info] Started local extension host with pid 290693.
2024-10-18 19:22:51.335 [error] Error scanning extensions at /$HOME/.vscode-oss/extensions/undefined_publisher.wallbash-0.0.1: Var olmayan '/$HOME/.vscode-oss/extensions/undefined_publisher.wallbash-0.0.1' dosyası çözümlenemiyor
2024-10-18 19:22:51.335 [error] Extension 'ms-python.debugpy CANNOT USE these API proposals 'portsAttributes, contribIssueReporter, debugVisualization, contribViewsWelcome'. You MUST start in extension development mode or use the --enable-proposed-api command line flag
2024-10-18 19:22:51.336 [error] Extension 'ms-python.python CANNOT USE these API proposals 'contribEditorContentMenu, quickPickSortByLabel, testObserver, quickPickItemTooltip, terminalDataWriteEvent, terminalExecuteCommandEvent, contribIssueReporter, codeActionAI, notebookReplDocument, notebookVariableProvider'. You MUST start in extension development mode or use the --enable-proposed-api command line flag
2024-10-18 19:22:51.440 [error] [ms-python.debugpy]: issue/reporter önerilen bir menü tanımlayıcısıdır. 'package.json#enabledApiProposals: ["contribIssueReporter"]' özelliğini gerektirir ve yalnızca geliştirme dışında veya --enable-proposed-api ms-python.debugpy komut satırı anahtarıyla çalışırken kullanılabilir
2024-10-18 19:22:51.445 [error] [ms-python.python]: issue/reporter önerilen bir menü tanımlayıcısıdır. 'package.json#enabledApiProposals: ["contribIssueReporter"]' özelliğini gerektirir ve yalnızca geliştirme dışında veya --enable-proposed-api ms-python.python komut satırı anahtarıyla çalışırken kullanılabilir
2024-10-18 19:22:51.447 [error] [ms-python.python]: editor/content önerilen bir menü tanımlayıcısıdır. 'package.json#enabledApiProposals: ["contribEditorContentMenu"]' özelliğini gerektirir ve yalnızca geliştirme dışında veya --enable-proposed-api ms-python.python komut satırı anahtarıyla çalışırken kullanılabilir
2024-10-18 19:22:56.223 [error] spawn /home/xeyossr/.vscode-oss/extensions/ms-python.python-2024.16.1-universal/python-env-tools/bin/pet ENOENT: Error: spawn /home/xeyossr/.vscode-oss/extensions/ms-python.python-2024.16.1-universal/python-env-tools/bin/pet ENOENT
	at ChildProcess._handle.onexit (node:internal/child_process:286:19)
	at onErrorNT (node:internal/child_process:484:16)
	at process.processTicksAndRejections (node:internal/process/task_queues:82:21)
2024-10-18 19:23:04.015 [info] [perf] Render performance baseline is 267ms
2024-10-18 19:31:02.584 [error] Beklenmeyen bir hata oluştu. Daha fazla ayrıntı için lütfen günlüğe bakın.
