2024-10-18 19:22:21.582 [info] Added views:outline in workbench.view.explorer
2024-10-18 19:22:21.582 [info] Added views:workbench.view.search in workbench.view.search
2024-10-18 19:22:21.582 [info] Added views:workbench.scm in workbench.view.scm
2024-10-18 19:22:21.582 [info] Added views:workbench.panel.markers.view in workbench.panel.markers
2024-10-18 19:22:21.582 [info] Added views:workbench.panel.output in workbench.panel.output
2024-10-18 19:22:21.582 [info] Added views:terminal in terminal
2024-10-18 19:22:21.582 [info] Added views:timeline in workbench.view.explorer
2024-10-18 19:22:21.582 [info] Added views:workbench.explorer.fileView in workbench.view.explorer
2024-10-18 19:22:23.955 [info] Added views:workbench.debug.welcome in workbench.view.debug
2024-10-18 19:22:25.923 [info] Added views:discordTreeView in workbench.view.explorer
2024-10-18 19:22:26.630 [info] Added views:workbench.panel.repl.view in workbench.panel.repl
2024-10-18 19:22:28.275 [info] Added views:~remote.forwardedPorts in ~remote.forwardedPortsContainer
2024-10-18 19:22:49.184 [info] Added views:outline in workbench.view.explorer
2024-10-18 19:22:49.184 [info] Added views:workbench.view.search in workbench.view.search
2024-10-18 19:22:49.184 [info] Added views:workbench.scm in workbench.view.scm
2024-10-18 19:22:49.184 [info] Added views:workbench.panel.markers.view in workbench.panel.markers
2024-10-18 19:22:49.184 [info] Added views:workbench.panel.output in workbench.panel.output
2024-10-18 19:22:49.184 [info] Added views:terminal in terminal
2024-10-18 19:22:49.184 [info] Added views:timeline in workbench.view.explorer
2024-10-18 19:22:49.184 [info] Added views:workbench.explorer.fileView in workbench.view.explorer
2024-10-18 19:22:49.379 [info] Added views:workbench.debug.welcome in workbench.view.debug
2024-10-18 19:22:51.601 [info] Added views:discordTreeView in workbench.view.explorer
2024-10-18 19:22:52.301 [info] Added views:workbench.panel.repl.view in workbench.panel.repl
2024-10-18 19:22:56.391 [info] Added views:workbench.view.testing in workbench.view.extension.test
2024-10-18 19:23:03.499 [info] Added views:~remote.forwardedPorts in ~remote.forwardedPortsContainer
2024-10-18 19:35:13.267 [info] Removed views:workbench.view.testing from workbench.view.extension.test
