2024-10-18 22:37:24.867 [info] Started local extension host with pid 517137.
2024-10-18 22:37:28.234 [error] Error scanning extensions at /$HOME/.vscode-oss/extensions/undefined_publisher.wallbash-0.0.1: Var olmayan '/$HOME/.vscode-oss/extensions/undefined_publisher.wallbash-0.0.1' dosyası çözümlenemiyor
2024-10-18 22:37:28.237 [error] Extension 'ms-python.debugpy CANNOT USE these API proposals 'portsAttributes, contribIssueReporter, debugVisualization, contribViewsWelcome'. You MUST start in extension development mode or use the --enable-proposed-api command line flag
2024-10-18 22:37:28.238 [error] Extension 'ms-python.python CANNOT USE these API proposals 'contribEditorContentMenu, quickPickSortByLabel, testObserver, quickPickItemTooltip, terminalDataWriteEvent, terminalExecuteCommandEvent, contribIssueReporter, codeActionAI, notebookReplDocument, notebookVariableProvider'. You MUST start in extension development mode or use the --enable-proposed-api command line flag
2024-10-18 22:37:28.471 [error] [ms-python.debugpy]: issue/reporter önerilen bir menü tanımlayıcısıdır. 'package.json#enabledApiProposals: ["contribIssueReporter"]' özelliğini gerektirir ve yalnızca geliştirme dışında veya --enable-proposed-api ms-python.debugpy komut satırı anahtarıyla çalışırken kullanılabilir
2024-10-18 22:37:28.474 [error] [ms-python.python]: issue/reporter önerilen bir menü tanımlayıcısıdır. 'package.json#enabledApiProposals: ["contribIssueReporter"]' özelliğini gerektirir ve yalnızca geliştirme dışında veya --enable-proposed-api ms-python.python komut satırı anahtarıyla çalışırken kullanılabilir
2024-10-18 22:37:28.475 [error] [ms-python.python]: editor/content önerilen bir menü tanımlayıcısıdır. 'package.json#enabledApiProposals: ["contribEditorContentMenu"]' özelliğini gerektirir ve yalnızca geliştirme dışında veya --enable-proposed-api ms-python.python komut satırı anahtarıyla çalışırken kullanılabilir
2024-10-18 22:37:30.721 [info] [perf] Render performance baseline is 156ms
2024-10-18 22:37:33.286 [info] Started local extension host with pid 517333.
2024-10-18 22:37:34.831 [error] Error scanning extensions at /$HOME/.vscode-oss/extensions/undefined_publisher.wallbash-0.0.1: Var olmayan '/$HOME/.vscode-oss/extensions/undefined_publisher.wallbash-0.0.1' dosyası çözümlenemiyor
2024-10-18 22:37:34.833 [error] Extension 'ms-python.debugpy CANNOT USE these API proposals 'portsAttributes, contribIssueReporter, debugVisualization, contribViewsWelcome'. You MUST start in extension development mode or use the --enable-proposed-api command line flag
2024-10-18 22:37:34.833 [error] Extension 'ms-python.python CANNOT USE these API proposals 'contribEditorContentMenu, quickPickSortByLabel, testObserver, quickPickItemTooltip, terminalDataWriteEvent, terminalExecuteCommandEvent, contribIssueReporter, codeActionAI, notebookReplDocument, notebookVariableProvider'. You MUST start in extension development mode or use the --enable-proposed-api command line flag
2024-10-18 22:37:34.946 [error] [ms-python.debugpy]: issue/reporter önerilen bir menü tanımlayıcısıdır. 'package.json#enabledApiProposals: ["contribIssueReporter"]' özelliğini gerektirir ve yalnızca geliştirme dışında veya --enable-proposed-api ms-python.debugpy komut satırı anahtarıyla çalışırken kullanılabilir
2024-10-18 22:37:34.947 [error] [ms-python.python]: issue/reporter önerilen bir menü tanımlayıcısıdır. 'package.json#enabledApiProposals: ["contribIssueReporter"]' özelliğini gerektirir ve yalnızca geliştirme dışında veya --enable-proposed-api ms-python.python komut satırı anahtarıyla çalışırken kullanılabilir
2024-10-18 22:37:34.954 [error] [ms-python.python]: editor/content önerilen bir menü tanımlayıcısıdır. 'package.json#enabledApiProposals: ["contribEditorContentMenu"]' özelliğini gerektirir ve yalnızca geliştirme dışında veya --enable-proposed-api ms-python.python komut satırı anahtarıyla çalışırken kullanılabilir
2024-10-18 22:39:53.943 [info] [perf] Render performance baseline is 238ms
2024-10-18 23:25:06.980 [error] spawn /home/xeyossr/.vscode-oss/extensions/ms-python.python-2024.16.1-universal/python-env-tools/bin/pet ENOENT: Error: spawn /home/xeyossr/.vscode-oss/extensions/ms-python.python-2024.16.1-universal/python-env-tools/bin/pet ENOENT
    at Process.ChildProcess._handle.onexit (node:internal/child_process:286:19)
    at onErrorNT (node:internal/child_process:484:16)
    at processTicksAndRejections (node:internal/process/task_queues:82:21)
2024-10-18 23:50:17.057 [error] <semantic> TypeScript Server Error (5.6.3)
Debug Failure. should never ask for module name at index higher than possible module name
Error: Debug Failure. should never ask for module name at index higher than possible module name
    at getModuleNameStringLiteralAt (/usr/lib/code/extensions/node_modules/typescript/lib/typescript.js:128006:9)
    at Object.getModeForResolutionAtIndex2 [as getModeForResolutionAtIndex] (/usr/lib/code/extensions/node_modules/typescript/lib/typescript.js:127737:43)
    at Object.getModeForResolutionAtIndex (/usr/lib/code/extensions/node_modules/typescript/lib/typescript.js:92961:56)
    at /usr/lib/code/extensions/node_modules/typescript/lib/typescript.js:49108:33
    at forEach (/usr/lib/code/extensions/node_modules/typescript/lib/typescript.js:2282:22)
    at /usr/lib/code/extensions/node_modules/typescript/lib/typescript.js:49104:107
    at forEach (/usr/lib/code/extensions/node_modules/typescript/lib/typescript.js:2282:22)
    at computeModuleSpecifiers (/usr/lib/code/extensions/node_modules/typescript/lib/typescript.js:49104:70)
    at getModuleSpecifiersWithCacheInfo (/usr/lib/code/extensions/node_modules/typescript/lib/typescript.js:49077:18)
    at getModuleSpecifiers (/usr/lib/code/extensions/node_modules/typescript/lib/typescript.js:49044:10)
    at getSpecifierForModuleSymbol (/usr/lib/code/extensions/node_modules/typescript/lib/typescript.js:55923:27)
    at createExpressionFromSymbolChain (/usr/lib/code/extensions/node_modules/typescript/lib/typescript.js:56182:46)
    at symbolToExpression (/usr/lib/code/extensions/node_modules/typescript/lib/typescript.js:56169:14)
    at symbolToNode (/usr/lib/code/extensions/node_modules/typescript/lib/typescript.js:54337:14)
    at /usr/lib/code/extensions/node_modules/typescript/lib/typescript.js:54238:174
    at withContext2 (/usr/lib/code/extensions/node_modules/typescript/lib/typescript.js:54369:29)
    at symbolToNode (/usr/lib/code/extensions/node_modules/typescript/lib/typescript.js:54238:95)
    at symbolToStringWorker (/usr/lib/code/extensions/node_modules/typescript/lib/typescript.js:54122:22)
    at usingSingleLineStringWriter (/usr/lib/code/extensions/node_modules/typescript/lib/typescript.js:16171:5)
    at symbolToString (/usr/lib/code/extensions/node_modules/typescript/lib/typescript.js:54120:62)
    at getFullyQualifiedName (/usr/lib/code/extensions/node_modules/typescript/lib/typescript.js:52784:118)
    at errorNoModuleMemberSymbol (/usr/lib/code/extensions/node_modules/typescript/lib/typescript.js:52434:24)
    at getExternalModuleMember (/usr/lib/code/extensions/node_modules/typescript/lib/typescript.js:52426:11)
    at getTargetOfImportSpecifier (/usr/lib/code/extensions/node_modules/typescript/lib/typescript.js:52499:22)
    at getTargetOfAliasDeclaration (/usr/lib/code/extensions/node_modules/typescript/lib/typescript.js:52614:16)
    at resolveAlias (/usr/lib/code/extensions/node_modules/typescript/lib/typescript.js:52653:22)
    at getSymbolFlags (/usr/lib/code/extensions/node_modules/typescript/lib/typescript.js:52684:61)
    at getSymbol2 (/usr/lib/code/extensions/node_modules/typescript/lib/typescript.js:51496:31)
    at resolveNameHelper (/usr/lib/code/extensions/node_modules/typescript/lib/typescript.js:23248:24)
    at getResolvedSymbol (/usr/lib/code/extensions/node_modules/typescript/lib/typescript.js:72317:54)
    at checkIdentifier (/usr/lib/code/extensions/node_modules/typescript/lib/typescript.js:75025:20)
    at checkExpressionWorker (/usr/lib/code/extensions/node_modules/typescript/lib/typescript.js:83707:16)
    at checkExpression (/usr/lib/code/extensions/node_modules/typescript/lib/typescript.js:83651:32)
    at checkNonNullExpression (/usr/lib/code/extensions/node_modules/typescript/lib/typescript.js:77746:29)
    at resolveNewExpression (/usr/lib/code/extensions/node_modules/typescript/lib/typescript.js:79821:26)
    at resolveSignature (/usr/lib/code/extensions/node_modules/typescript/lib/typescript.js:80207:16)
    at getResolvedSignature (/usr/lib/code/extensions/node_modules/typescript/lib/typescript.js:80231:18)
    at checkCallExpression (/usr/lib/code/extensions/node_modules/typescript/lib/typescript.js:80342:23)
    at checkExpressionWorker (/usr/lib/code/extensions/node_modules/typescript/lib/typescript.js:83751:16)
    at checkExpression (/usr/lib/code/extensions/node_modules/typescript/lib/typescript.js:83651:32)
    at checkNonNullExpression (/usr/lib/code/extensions/node_modules/typescript/lib/typescript.js:77746:29)
    at checkPropertyAccessExpression (/usr/lib/code/extensions/node_modules/typescript/lib/typescript.js:77825:162)
    at checkExpressionWorker (/usr/lib/code/extensions/node_modules/typescript/lib/typescript.js:83741:16)
    at checkExpression (/usr/lib/code/extensions/node_modules/typescript/lib/typescript.js:83651:32)
    at resolveCallExpression (/usr/lib/code/extensions/node_modules/typescript/lib/typescript.js:79756:20)
    at resolveSignature (/usr/lib/code/extensions/node_modules/typescript/lib/typescript.js:80205:16)
    at getResolvedSignature (/usr/lib/code/extensions/node_modules/typescript/lib/typescript.js:80231:18)
    at checkCallExpression (/usr/lib/code/extensions/node_modules/typescript/lib/typescript.js:80342:23)
    at checkExpressionWorker (/usr/lib/code/extensions/node_modules/typescript/lib/typescript.js:83751:16)
    at checkExpression (/usr/lib/code/extensions/node_modules/typescript/lib/typescript.js:83651:32)
    at checkNonNullExpression (/usr/lib/code/extensions/node_modules/typescript/lib/typescript.js:77746:29)
    at checkPropertyAccessExpression (/usr/lib/code/extensions/node_modules/typescript/lib/typescript.js:77825:162)
    at checkExpressionWorker (/usr/lib/code/extensions/node_modules/typescript/lib/typescript.js:83741:16)
    at checkExpression (/usr/lib/code/extensions/node_modules/typescript/lib/typescript.js:83651:32)
    at resolveCallExpression (/usr/lib/code/extensions/node_modules/typescript/lib/typescript.js:79756:20)
    at resolveSignature (/usr/lib/code/extensions/node_modules/typescript/lib/typescript.js:80205:16)
    at getResolvedSignature (/usr/lib/code/extensions/node_modules/typescript/lib/typescript.js:80231:18)
    at checkCallExpression (/usr/lib/code/extensions/node_modules/typescript/lib/typescript.js:80342:23)
    at checkExpressionWorker (/usr/lib/code/extensions/node_modules/typescript/lib/typescript.js:83751:16)
    at checkExpression (/usr/lib/code/extensions/node_modules/typescript/lib/typescript.js:83651:32)
    at checkNonNullExpression (/usr/lib/code/extensions/node_modules/typescript/lib/typescript.js:77746:29)
    at checkPropertyAccessExpression (/usr/lib/code/extensions/node_modules/typescript/lib/typescript.js:77825:162)
    at checkExpressionWorker (/usr/lib/code/extensions/node_modules/typescript/lib/typescript.js:83741:16)
    at checkExpression (/usr/lib/code/extensions/node_modules/typescript/lib/typescript.js:83651:32)
    at resolveCallExpression (/usr/lib/code/extensions/node_modules/typescript/lib/typescript.js:79756:20)
    at resolveSignature (/usr/lib/code/extensions/node_modules/typescript/lib/typescript.js:80205:16)
    at getResolvedSignature (/usr/lib/code/extensions/node_modules/typescript/lib/typescript.js:80231:18)
    at checkCallExpression (/usr/lib/code/extensions/node_modules/typescript/lib/typescript.js:80342:23)
    at checkExpressionWorker (/usr/lib/code/extensions/node_modules/typescript/lib/typescript.js:83751:16)
    at checkExpression (/usr/lib/code/extensions/node_modules/typescript/lib/typescript.js:83651:32)
    at checkNonNullExpression (/usr/lib/code/extensions/node_modules/typescript/lib/typescript.js:77746:29)
    at checkPropertyAccessExpression (/usr/lib/code/extensions/node_modules/typescript/lib/typescript.js:77825:162)
    at checkExpressionWorker (/usr/lib/code/extensions/node_modules/typescript/lib/typescript.js:83741:16)
    at checkExpression (/usr/lib/code/extensions/node_modules/typescript/lib/typescript.js:83651:32)
    at resolveCallExpression (/usr/lib/code/extensions/node_modules/typescript/lib/typescript.js:79756:20)
    at resolveSignature (/usr/lib/code/extensions/node_modules/typescript/lib/typescript.js:80205:16)
    at getResolvedSignature (/usr/lib/code/extensions/node_modules/typescript/lib/typescript.js:80231:18)
    at checkCallExpression (/usr/lib/code/extensions/node_modules/typescript/lib/typescript.js:80342:23)
    at checkExpressionWorker (/usr/lib/code/extensions/node_modules/typescript/lib/typescript.js:83751:16)
    at checkExpression (/usr/lib/code/extensions/node_modules/typescript/lib/typescript.js:83651:32)
    at checkExpressionForMutableLocation (/usr/lib/code/extensions/node_modules/typescript/lib/typescript.js:83410:18)
    at checkPropertyAssignment (/usr/lib/code/extensions/node_modules/typescript/lib/typescript.js:83426:12)
    at checkObjectLiteral (/usr/lib/code/extensions/node_modules/typescript/lib/typescript.js:76939:71)
    at checkExpressionWorker (/usr/lib/code/extensions/node_modules/typescript/lib/typescript.js:83739:16)
    at checkExpression (/usr/lib/code/extensions/node_modules/typescript/lib/typescript.js:83651:32)
    at checkExpressionCached (/usr/lib/code/extensions/node_modules/typescript/lib/typescript.js:83275:28)
    at getInitializerTypeFromAssignmentDeclaration (/usr/lib/code/extensions/node_modules/typescript/lib/typescript.js:59482:179)
    at getWidenedTypeForAssignmentDeclaration (/usr/lib/code/extensions/node_modules/typescript/lib/typescript.js:59367:107)
    at getTypeOfVariableOrParameterOrPropertyWorker (/usr/lib/code/extensions/node_modules/typescript/lib/typescript.js:59788:14)
    at getTypeOfVariableOrParameterOrProperty (/usr/lib/code/extensions/node_modules/typescript/lib/typescript.js:59739:20)
    at getTypeOfSymbol (/usr/lib/code/extensions/node_modules/typescript/lib/typescript.js:60062:14)
    at tryGetMemberInModuleExportsAndProperties (/usr/lib/code/extensions/node_modules/typescript/lib/typescript.js:53323:18)
    at Object.tryGetMemberInModuleExportsAndProperties (/usr/lib/code/extensions/node_modules/typescript/lib/typescript.js:50381:65)
    at rehydrateCachedInfo (/usr/lib/code/extensions/node_modules/typescript/lib/typescript.js:139315:105)
    at Array.map (<anonymous>)
    at /usr/lib/code/extensions/node_modules/typescript/lib/typescript.js:139263:35
    at forEachEntry (/usr/lib/code/extensions/node_modules/typescript/lib/typescript.js:16146:20)
    at Object.search (/usr/lib/code/extensions/node_modules/typescript/lib/typescript.js:139259:14)
    at /usr/lib/code/extensions/node_modules/typescript/lib/typescript.js:166141:20
    at resolvingModuleSpecifiers (/usr/lib/code/extensions/node_modules/typescript/lib/typescript.js:163552:18): Error: <semantic> TypeScript Server Error (5.6.3)
Debug Failure. should never ask for module name at index higher than possible module name
Error: Debug Failure. should never ask for module name at index higher than possible module name
    at getModuleNameStringLiteralAt (/usr/lib/code/extensions/node_modules/typescript/lib/typescript.js:128006:9)
    at Object.getModeForResolutionAtIndex2 [as getModeForResolutionAtIndex] (/usr/lib/code/extensions/node_modules/typescript/lib/typescript.js:127737:43)
    at Object.getModeForResolutionAtIndex (/usr/lib/code/extensions/node_modules/typescript/lib/typescript.js:92961:56)
    at /usr/lib/code/extensions/node_modules/typescript/lib/typescript.js:49108:33
    at forEach (/usr/lib/code/extensions/node_modules/typescript/lib/typescript.js:2282:22)
    at /usr/lib/code/extensions/node_modules/typescript/lib/typescript.js:49104:107
    at forEach (/usr/lib/code/extensions/node_modules/typescript/lib/typescript.js:2282:22)
    at computeModuleSpecifiers (/usr/lib/code/extensions/node_modules/typescript/lib/typescript.js:49104:70)
    at getModuleSpecifiersWithCacheInfo (/usr/lib/code/extensions/node_modules/typescript/lib/typescript.js:49077:18)
    at getModuleSpecifiers (/usr/lib/code/extensions/node_modules/typescript/lib/typescript.js:49044:10)
    at getSpecifierForModuleSymbol (/usr/lib/code/extensions/node_modules/typescript/lib/typescript.js:55923:27)
    at createExpressionFromSymbolChain (/usr/lib/code/extensions/node_modules/typescript/lib/typescript.js:56182:46)
    at symbolToExpression (/usr/lib/code/extensions/node_modules/typescript/lib/typescript.js:56169:14)
    at symbolToNode (/usr/lib/code/extensions/node_modules/typescript/lib/typescript.js:54337:14)
    at /usr/lib/code/extensions/node_modules/typescript/lib/typescript.js:54238:174
    at withContext2 (/usr/lib/code/extensions/node_modules/typescript/lib/typescript.js:54369:29)
    at symbolToNode (/usr/lib/code/extensions/node_modules/typescript/lib/typescript.js:54238:95)
    at symbolToStringWorker (/usr/lib/code/extensions/node_modules/typescript/lib/typescript.js:54122:22)
    at usingSingleLineStringWriter (/usr/lib/code/extensions/node_modules/typescript/lib/typescript.js:16171:5)
    at symbolToString (/usr/lib/code/extensions/node_modules/typescript/lib/typescript.js:54120:62)
    at getFullyQualifiedName (/usr/lib/code/extensions/node_modules/typescript/lib/typescript.js:52784:118)
    at errorNoModuleMemberSymbol (/usr/lib/code/extensions/node_modules/typescript/lib/typescript.js:52434:24)
    at getExternalModuleMember (/usr/lib/code/extensions/node_modules/typescript/lib/typescript.js:52426:11)
    at getTargetOfImportSpecifier (/usr/lib/code/extensions/node_modules/typescript/lib/typescript.js:52499:22)
    at getTargetOfAliasDeclaration (/usr/lib/code/extensions/node_modules/typescript/lib/typescript.js:52614:16)
    at resolveAlias (/usr/lib/code/extensions/node_modules/typescript/lib/typescript.js:52653:22)
    at getSymbolFlags (/usr/lib/code/extensions/node_modules/typescript/lib/typescript.js:52684:61)
    at getSymbol2 (/usr/lib/code/extensions/node_modules/typescript/lib/typescript.js:51496:31)
    at resolveNameHelper (/usr/lib/code/extensions/node_modules/typescript/lib/typescript.js:23248:24)
    at getResolvedSymbol (/usr/lib/code/extensions/node_modules/typescript/lib/typescript.js:72317:54)
    at checkIdentifier (/usr/lib/code/extensions/node_modules/typescript/lib/typescript.js:75025:20)
    at checkExpressionWorker (/usr/lib/code/extensions/node_modules/typescript/lib/typescript.js:83707:16)
    at checkExpression (/usr/lib/code/extensions/node_modules/typescript/lib/typescript.js:83651:32)
    at checkNonNullExpression (/usr/lib/code/extensions/node_modules/typescript/lib/typescript.js:77746:29)
    at resolveNewExpression (/usr/lib/code/extensions/node_modules/typescript/lib/typescript.js:79821:26)
    at resolveSignature (/usr/lib/code/extensions/node_modules/typescript/lib/typescript.js:80207:16)
    at getResolvedSignature (/usr/lib/code/extensions/node_modules/typescript/lib/typescript.js:80231:18)
    at checkCallExpression (/usr/lib/code/extensions/node_modules/typescript/lib/typescript.js:80342:23)
    at checkExpressionWorker (/usr/lib/code/extensions/node_modules/typescript/lib/typescript.js:83751:16)
    at checkExpression (/usr/lib/code/extensions/node_modules/typescript/lib/typescript.js:83651:32)
    at checkNonNullExpression (/usr/lib/code/extensions/node_modules/typescript/lib/typescript.js:77746:29)
    at checkPropertyAccessExpression (/usr/lib/code/extensions/node_modules/typescript/lib/typescript.js:77825:162)
    at checkExpressionWorker (/usr/lib/code/extensions/node_modules/typescript/lib/typescript.js:83741:16)
    at checkExpression (/usr/lib/code/extensions/node_modules/typescript/lib/typescript.js:83651:32)
    at resolveCallExpression (/usr/lib/code/extensions/node_modules/typescript/lib/typescript.js:79756:20)
    at resolveSignature (/usr/lib/code/extensions/node_modules/typescript/lib/typescript.js:80205:16)
    at getResolvedSignature (/usr/lib/code/extensions/node_modules/typescript/lib/typescript.js:80231:18)
    at checkCallExpression (/usr/lib/code/extensions/node_modules/typescript/lib/typescript.js:80342:23)
    at checkExpressionWorker (/usr/lib/code/extensions/node_modules/typescript/lib/typescript.js:83751:16)
    at checkExpression (/usr/lib/code/extensions/node_modules/typescript/lib/typescript.js:83651:32)
    at checkNonNullExpression (/usr/lib/code/extensions/node_modules/typescript/lib/typescript.js:77746:29)
    at checkPropertyAccessExpression (/usr/lib/code/extensions/node_modules/typescript/lib/typescript.js:77825:162)
    at checkExpressionWorker (/usr/lib/code/extensions/node_modules/typescript/lib/typescript.js:83741:16)
    at checkExpression (/usr/lib/code/extensions/node_modules/typescript/lib/typescript.js:83651:32)
    at resolveCallExpression (/usr/lib/code/extensions/node_modules/typescript/lib/typescript.js:79756:20)
    at resolveSignature (/usr/lib/code/extensions/node_modules/typescript/lib/typescript.js:80205:16)
    at getResolvedSignature (/usr/lib/code/extensions/node_modules/typescript/lib/typescript.js:80231:18)
    at checkCallExpression (/usr/lib/code/extensions/node_modules/typescript/lib/typescript.js:80342:23)
    at checkExpressionWorker (/usr/lib/code/extensions/node_modules/typescript/lib/typescript.js:83751:16)
    at checkExpression (/usr/lib/code/extensions/node_modules/typescript/lib/typescript.js:83651:32)
    at checkNonNullExpression (/usr/lib/code/extensions/node_modules/typescript/lib/typescript.js:77746:29)
    at checkPropertyAccessExpression (/usr/lib/code/extensions/node_modules/typescript/lib/typescript.js:77825:162)
    at checkExpressionWorker (/usr/lib/code/extensions/node_modules/typescript/lib/typescript.js:83741:16)
    at checkExpression (/usr/lib/code/extensions/node_modules/typescript/lib/typescript.js:83651:32)
    at resolveCallExpression (/usr/lib/code/extensions/node_modules/typescript/lib/typescript.js:79756:20)
    at resolveSignature (/usr/lib/code/extensions/node_modules/typescript/lib/typescript.js:80205:16)
    at getResolvedSignature (/usr/lib/code/extensions/node_modules/typescript/lib/typescript.js:80231:18)
    at checkCallExpression (/usr/lib/code/extensions/node_modules/typescript/lib/typescript.js:80342:23)
    at checkExpressionWorker (/usr/lib/code/extensions/node_modules/typescript/lib/typescript.js:83751:16)
    at checkExpression (/usr/lib/code/extensions/node_modules/typescript/lib/typescript.js:83651:32)
    at checkNonNullExpression (/usr/lib/code/extensions/node_modules/typescript/lib/typescript.js:77746:29)
    at checkPropertyAccessExpression (/usr/lib/code/extensions/node_modules/typescript/lib/typescript.js:77825:162)
    at checkExpressionWorker (/usr/lib/code/extensions/node_modules/typescript/lib/typescript.js:83741:16)
    at checkExpression (/usr/lib/code/extensions/node_modules/typescript/lib/typescript.js:83651:32)
    at resolveCallExpression (/usr/lib/code/extensions/node_modules/typescript/lib/typescript.js:79756:20)
    at resolveSignature (/usr/lib/code/extensions/node_modules/typescript/lib/typescript.js:80205:16)
    at getResolvedSignature (/usr/lib/code/extensions/node_modules/typescript/lib/typescript.js:80231:18)
    at checkCallExpression (/usr/lib/code/extensions/node_modules/typescript/lib/typescript.js:80342:23)
    at checkExpressionWorker (/usr/lib/code/extensions/node_modules/typescript/lib/typescript.js:83751:16)
    at checkExpression (/usr/lib/code/extensions/node_modules/typescript/lib/typescript.js:83651:32)
    at checkExpressionForMutableLocation (/usr/lib/code/extensions/node_modules/typescript/lib/typescript.js:83410:18)
    at checkPropertyAssignment (/usr/lib/code/extensions/node_modules/typescript/lib/typescript.js:83426:12)
    at checkObjectLiteral (/usr/lib/code/extensions/node_modules/typescript/lib/typescript.js:76939:71)
    at checkExpressionWorker (/usr/lib/code/extensions/node_modules/typescript/lib/typescript.js:83739:16)
    at checkExpression (/usr/lib/code/extensions/node_modules/typescript/lib/typescript.js:83651:32)
    at checkExpressionCached (/usr/lib/code/extensions/node_modules/typescript/lib/typescript.js:83275:28)
    at getInitializerTypeFromAssignmentDeclaration (/usr/lib/code/extensions/node_modules/typescript/lib/typescript.js:59482:179)
    at getWidenedTypeForAssignmentDeclaration (/usr/lib/code/extensions/node_modules/typescript/lib/typescript.js:59367:107)
    at getTypeOfVariableOrParameterOrPropertyWorker (/usr/lib/code/extensions/node_modules/typescript/lib/typescript.js:59788:14)
    at getTypeOfVariableOrParameterOrProperty (/usr/lib/code/extensions/node_modules/typescript/lib/typescript.js:59739:20)
    at getTypeOfSymbol (/usr/lib/code/extensions/node_modules/typescript/lib/typescript.js:60062:14)
    at tryGetMemberInModuleExportsAndProperties (/usr/lib/code/extensions/node_modules/typescript/lib/typescript.js:53323:18)
    at Object.tryGetMemberInModuleExportsAndProperties (/usr/lib/code/extensions/node_modules/typescript/lib/typescript.js:50381:65)
    at rehydrateCachedInfo (/usr/lib/code/extensions/node_modules/typescript/lib/typescript.js:139315:105)
    at Array.map (<anonymous>)
    at /usr/lib/code/extensions/node_modules/typescript/lib/typescript.js:139263:35
    at forEachEntry (/usr/lib/code/extensions/node_modules/typescript/lib/typescript.js:16146:20)
    at Object.search (/usr/lib/code/extensions/node_modules/typescript/lib/typescript.js:139259:14)
    at /usr/lib/code/extensions/node_modules/typescript/lib/typescript.js:166141:20
    at resolvingModuleSpecifiers (/usr/lib/code/extensions/node_modules/typescript/lib/typescript.js:163552:18)
    at Function.create (/usr/lib/code/extensions/typescript-language-features/dist/extension.js:1:474312)
    at v.dispatchResponse (/usr/lib/code/extensions/typescript-language-features/dist/extension.js:1:468282)
    at v.dispatchMessage (/usr/lib/code/extensions/typescript-language-features/dist/extension.js:1:467080)
    at ChildProcess.<anonymous> (/usr/lib/code/extensions/typescript-language-features/dist/extension.js:1:466573)
    at ChildProcess.emit (node:events:519:28)
    at emit (node:internal/child_process:951:14)
    at processTicksAndRejections (node:internal/process/task_queues:83:21)
2024-10-19 00:09:01.560 [warning] [lifecycle] onWillShutdown is taking a long time, pending operations: join.closeStorage
