2024-10-18 22:37:24.435 [info] Added views:outline in workbench.view.explorer
2024-10-18 22:37:24.435 [info] Added views:workbench.view.search in workbench.view.search
2024-10-18 22:37:24.435 [info] Added views:workbench.scm in workbench.view.scm
2024-10-18 22:37:24.435 [info] Added views:workbench.panel.markers.view in workbench.panel.markers
2024-10-18 22:37:24.435 [info] Added views:workbench.panel.output in workbench.panel.output
2024-10-18 22:37:24.435 [info] Added views:terminal in terminal
2024-10-18 22:37:24.435 [info] Added views:timeline in workbench.view.explorer
2024-10-18 22:37:24.435 [info] Added views:workbench.explorer.fileView in workbench.view.explorer
2024-10-18 22:37:24.848 [info] Added views:workbench.debug.welcome in workbench.view.debug
2024-10-18 22:37:28.597 [info] Added views:discordTreeView in workbench.view.explorer
2024-10-18 22:37:29.115 [info] Added views:workbench.panel.repl.view in workbench.panel.repl
2024-10-18 22:37:29.933 [info] Added views:~remote.forwardedPorts in ~remote.forwardedPortsContainer
2024-10-18 22:37:32.985 [info] Added views:outline in workbench.view.explorer
2024-10-18 22:37:32.986 [info] Added views:workbench.view.search in workbench.view.search
2024-10-18 22:37:32.986 [info] Added views:workbench.scm in workbench.view.scm
2024-10-18 22:37:32.986 [info] Added views:workbench.panel.markers.view in workbench.panel.markers
2024-10-18 22:37:32.986 [info] Added views:workbench.panel.output in workbench.panel.output
2024-10-18 22:37:32.986 [info] Added views:terminal in terminal
2024-10-18 22:37:32.986 [info] Added views:timeline in workbench.view.explorer
2024-10-18 22:37:32.986 [info] Added views:workbench.explorer.fileView in workbench.view.explorer
2024-10-18 22:37:33.341 [info] Added views:workbench.debug.welcome in workbench.view.debug
2024-10-18 22:37:35.039 [info] Added views:discordTreeView in workbench.view.explorer
2024-10-18 22:37:35.389 [info] Added views:workbench.panel.repl.view in workbench.panel.repl
2024-10-18 22:37:38.644 [info] Added views:~remote.forwardedPorts in ~remote.forwardedPortsContainer
2024-10-18 23:19:00.739 [info] Added views:workbench.views.extensions.installed,workbench.views.extensions.popular,extensions.recommendedList in workbench.view.extensions
2024-10-18 23:19:00.742 [info] Removed views:workbench.views.extensions.popular from workbench.view.extensions
2024-10-18 23:19:03.119 [info] Removed views:extensions.recommendedList,workbench.views.extensions.installed from workbench.view.extensions
2024-10-18 23:19:03.146 [info] Added views:workbench.views.extensions.marketplace in workbench.view.extensions
2024-10-18 23:20:38.276 [info] Added views:workbench.debug.breakPointsView in workbench.view.debug
2024-10-18 23:25:07.225 [info] Added views:workbench.view.testing in workbench.view.extension.test
2024-10-19 00:09:00.577 [info] Removed views:workbench.view.testing from workbench.view.extension.test
