2024-10-17 19:40:42.487 [info] [ana] Günlük düzeyi: Info
2024-10-17 19:40:42.487 [info] [ana] Şurada bulunan git doğrulanıyor: "git"
2024-10-17 19:40:42.488 [info] [ana] "git" konumundaki "2.47.0" git'i kullanılıyor
2024-10-17 19:40:42.488 [info] [Model][doInitialScan] Initial repository scan started
2024-10-17 19:40:42.488 [info] > git rev-parse --show-toplevel [15ms]
2024-10-17 19:40:42.488 [info] fatal: not a git repository (or any parent up to mount point /)
Stopping at filesystem boundary (GIT_DISCOVERY_ACROSS_FILESYSTEM not set).
2024-10-17 19:40:42.488 [info] [Model][doInitialScan] Initial repository scan completed - repositories (0), closed repositories (0), parent repositories (0), unsafe repositories (0)
2024-10-17 19:40:42.802 [info] > git rev-parse --show-toplevel [2ms]
2024-10-17 19:40:42.802 [info] fatal: not a git repository (or any parent up to mount point /)
Stopping at filesystem boundary (GIT_DISCOVERY_ACROSS_FILESYSTEM not set).
2024-10-17 19:40:43.015 [info] > git rev-parse --show-toplevel [6ms]
2024-10-17 19:40:43.015 [info] fatal: not a git repository (or any parent up to mount point /)
Stopping at filesystem boundary (GIT_DISCOVERY_ACROSS_FILESYSTEM not set).
2024-10-17 19:40:43.184 [info] > git rev-parse --show-toplevel [4ms]
2024-10-17 19:40:43.184 [info] fatal: not a git repository (or any parent up to mount point /)
Stopping at filesystem boundary (GIT_DISCOVERY_ACROSS_FILESYSTEM not set).
2024-10-17 19:40:56.403 [info] > git rev-parse --show-toplevel [3ms]
2024-10-17 19:40:56.403 [info] fatal: not a git repository (or any parent up to mount point /)
Stopping at filesystem boundary (GIT_DISCOVERY_ACROSS_FILESYSTEM not set).
