2024-10-17 19:40:51.086 [info] Telemetry level is off
2024-10-17 19:40:51.086 [info] Experiments are disabled, only manually opted experiments are active.
2024-10-17 19:40:51.086 [warning] Dir "/home/xeyossr/Documents/Coding/ray/.pixi/envs" is not watchable (directory does not exist)
2024-10-17 19:40:51.086 [info] Default formatter is set to null for workspace /home/xeyossr/Documents/Coding/ray
2024-10-17 19:40:51.086 [error] Unable to check if shell integration is active Error: Extension 'ms-python.python' CANNOT use API proposal: terminalDataWriteEvent.
Its package.json#enabledApiProposals-property declares:  but NOT terminalDataWriteEvent.
 The missing proposal MUST be added and you must start in extension development mode or use the following command line switch: --enable-proposed-api ms-python.python
    at H (file:///usr/lib/code/out/vs/workbench/api/node/extensionHostProcess.js:112:16479)
    at a.onDidWriteTerminalData (file:///usr/lib/code/out/vs/workbench/api/node/extensionHostProcess.js:156:45894)
    at new v (/home/xeyossr/.vscode-oss/extensions/ms-python.python-2024.14.1-universal/out/client/extension.js:2:904597)
    at me (/home/xeyossr/.vscode-oss/extensions/ms-python.python-2024.14.1-universal/out/client/extension.js:2:1750940)
    at /home/xeyossr/.vscode-oss/extensions/ms-python.python-2024.14.1-universal/out/client/extension.js:2:1754304
    at /home/xeyossr/.vscode-oss/extensions/ms-python.python-2024.14.1-universal/out/client/extension.js:2:1754332
    at Se (/home/xeyossr/.vscode-oss/extensions/ms-python.python-2024.14.1-universal/out/client/extension.js:2:1754399)
    at /home/xeyossr/.vscode-oss/extensions/ms-python.python-2024.14.1-universal/out/client/extension.js:2:1754879
    at we (/home/xeyossr/.vscode-oss/extensions/ms-python.python-2024.14.1-universal/out/client/extension.js:2:1754820)
    at Pe (/home/xeyossr/.vscode-oss/extensions/ms-python.python-2024.14.1-universal/out/client/extension.js:2:1754854)
    at /home/xeyossr/.vscode-oss/extensions/ms-python.python-2024.14.1-universal/out/client/extension.js:2:1752093
    at /home/xeyossr/.vscode-oss/extensions/ms-python.python-2024.14.1-universal/out/client/extension.js:2:1753698
    at Array.reduce (<anonymous>)
    at /home/xeyossr/.vscode-oss/extensions/ms-python.python-2024.14.1-universal/out/client/extension.js:2:1753670
    at /home/xeyossr/.vscode-oss/extensions/ms-python.python-2024.14.1-universal/out/client/extension.js:2:1753952
    at /home/xeyossr/.vscode-oss/extensions/ms-python.python-2024.14.1-universal/out/client/extension.js:2:1754332
    at Se (/home/xeyossr/.vscode-oss/extensions/ms-python.python-2024.14.1-universal/out/client/extension.js:2:1754399)
    at /home/xeyossr/.vscode-oss/extensions/ms-python.python-2024.14.1-universal/out/client/extension.js:2:1754879
    at we (/home/xeyossr/.vscode-oss/extensions/ms-python.python-2024.14.1-universal/out/client/extension.js:2:1754820)
    at Pe (/home/xeyossr/.vscode-oss/extensions/ms-python.python-2024.14.1-universal/out/client/extension.js:2:1754854)
    at /home/xeyossr/.vscode-oss/extensions/ms-python.python-2024.14.1-universal/out/client/extension.js:2:1752093
    at /home/xeyossr/.vscode-oss/extensions/ms-python.python-2024.14.1-universal/out/client/extension.js:2:1781763
    at /home/xeyossr/.vscode-oss/extensions/ms-python.python-2024.14.1-universal/out/client/extension.js:2:1781784
    at e._get (/home/xeyossr/.vscode-oss/extensions/ms-python.python-2024.14.1-universal/out/client/extension.js:2:1780797)
    at e._getButThrowIfAsync (/home/xeyossr/.vscode-oss/extensions/ms-python.python-2024.14.1-universal/out/client/extension.js:2:1780857)
    at e.get (/home/xeyossr/.vscode-oss/extensions/ms-python.python-2024.14.1-universal/out/client/extension.js:2:1776566)
    at e.dynamicValue (/home/xeyossr/.vscode-oss/extensions/ms-python.python-2024.14.1-universal/out/client/extension.js:2:1766299)
    at /home/xeyossr/.vscode-oss/extensions/ms-python.python-2024.14.1-universal/out/client/extension.js:2:1752476
    at Ee (/home/xeyossr/.vscode-oss/extensions/ms-python.python-2024.14.1-universal/out/client/extension.js:2:1752732)
    at Se (/home/xeyossr/.vscode-oss/extensions/ms-python.python-2024.14.1-universal/out/client/extension.js:2:1754448)
    at /home/xeyossr/.vscode-oss/extensions/ms-python.python-2024.14.1-universal/out/client/extension.js:2:1754879
    at we (/home/xeyossr/.vscode-oss/extensions/ms-python.python-2024.14.1-universal/out/client/extension.js:2:1754820)
    at Pe (/home/xeyossr/.vscode-oss/extensions/ms-python.python-2024.14.1-universal/out/client/extension.js:2:1754854)
    at /home/xeyossr/.vscode-oss/extensions/ms-python.python-2024.14.1-universal/out/client/extension.js:2:1752093
    at /home/xeyossr/.vscode-oss/extensions/ms-python.python-2024.14.1-universal/out/client/extension.js:2:1752027
    at Array.map (<anonymous>)
    at /home/xeyossr/.vscode-oss/extensions/ms-python.python-2024.14.1-universal/out/client/extension.js:2:1751998
    at /home/xeyossr/.vscode-oss/extensions/ms-python.python-2024.14.1-universal/out/client/extension.js:2:1753698
    at Array.reduce (<anonymous>)
    at /home/xeyossr/.vscode-oss/extensions/ms-python.python-2024.14.1-universal/out/client/extension.js:2:1753670
    at /home/xeyossr/.vscode-oss/extensions/ms-python.python-2024.14.1-universal/out/client/extension.js:2:1753952
    at /home/xeyossr/.vscode-oss/extensions/ms-python.python-2024.14.1-universal/out/client/extension.js:2:1754332
    at Se (/home/xeyossr/.vscode-oss/extensions/ms-python.python-2024.14.1-universal/out/client/extension.js:2:1754399)
    at /home/xeyossr/.vscode-oss/extensions/ms-python.python-2024.14.1-universal/out/client/extension.js:2:1754879
    at we (/home/xeyossr/.vscode-oss/extensions/ms-python.python-2024.14.1-universal/out/client/extension.js:2:1754820)
    at Pe (/home/xeyossr/.vscode-oss/extensions/ms-python.python-2024.14.1-universal/out/client/extension.js:2:1754854)
    at /home/xeyossr/.vscode-oss/extensions/ms-python.python-2024.14.1-universal/out/client/extension.js:2:1752093
    at /home/xeyossr/.vscode-oss/extensions/ms-python.python-2024.14.1-universal/out/client/extension.js:2:1781763
    at /home/xeyossr/.vscode-oss/extensions/ms-python.python-2024.14.1-universal/out/client/extension.js:2:1781784
    at e._get (/home/xeyossr/.vscode-oss/extensions/ms-python.python-2024.14.1-universal/out/client/extension.js:2:1780797)
    at e._getButThrowIfAsync (/home/xeyossr/.vscode-oss/extensions/ms-python.python-2024.14.1-universal/out/client/extension.js:2:1780857)
    at e.get (/home/xeyossr/.vscode-oss/extensions/ms-python.python-2024.14.1-universal/out/client/extension.js:2:1776566)
    at a.get (/home/xeyossr/.vscode-oss/extensions/ms-python.python-2024.14.1-universal/out/client/extension.js:2:523454)
    at /home/xeyossr/.vscode-oss/extensions/ms-python.python-2024.14.1-universal/out/client/extension.js:2:439421
    at t.activateComponents (/home/xeyossr/.vscode-oss/extensions/ms-python.python-2024.14.1-universal/out/client/extension.js:2:437708)
    at /home/xeyossr/.vscode-oss/extensions/ms-python.python-2024.14.1-universal/out/client/extension.js:2:2707679
    at e (/home/xeyossr/.vscode-oss/extensions/ms-python.python-2024.14.1-universal/out/client/extension.js:2:2707211)
    at x0.n (file:///usr/lib/code/out/vs/workbench/api/node/extensionHostProcess.js:114:4450)
    at x0.m (file:///usr/lib/code/out/vs/workbench/api/node/extensionHostProcess.js:114:4413)
    at x0.l (file:///usr/lib/code/out/vs/workbench/api/node/extensionHostProcess.js:114:3869)
2024-10-17 19:40:51.086 [info] Starting Environment refresh
2024-10-17 19:40:51.086 [info] Starting Environment refresh
2024-10-17 19:40:51.086 [info] > pixi --version
2024-10-17 19:40:51.086 [info] > hatch env show --json
2024-10-17 19:40:51.086 [info] cwd: .
2024-10-17 19:40:51.086 [info] Environments refresh finished (event): 70 milliseconds
2024-10-17 19:40:51.086 [info] Environments refresh paths discovered: 70 milliseconds
2024-10-17 19:40:51.086 [info] Environments refresh finished (event): 70 milliseconds
2024-10-17 19:40:51.086 [info] Environments refresh paths discovered: 70 milliseconds
2024-10-17 19:40:51.086 [info] Environment refresh took 84 milliseconds
2024-10-17 19:40:51.086 [info] Environment refresh took 80 milliseconds
2024-10-17 19:40:51.103 [info] > pyenv which python
2024-10-17 19:40:51.103 [info] cwd: .
2024-10-17 19:40:51.128 [warning] could not find a pixi interpreter for the interpreter at /bin/python
2024-10-17 19:40:51.140 [info] Python interpreter path: /bin/python
2024-10-17 19:40:51.360 [error] [
  'Failed to activate a workspace, Class name = v, completed in 361ms, has a falsy return value, Arg 1: <Uri:/home/xeyossr/Documents/Coding/ray>, Arg 2: {"started":1729179650810}, Return Value: undefined',
  Error: Extension 'ms-python.python' CANNOT use API proposal: testObserver.
  Its package.json#enabledApiProposals-property declares:  but NOT testObserver.
   The missing proposal MUST be added and you must start in extension development mode or use the following command line switch: --enable-proposed-api ms-python.python
      at H (file:///usr/lib/code/out/vs/workbench/api/node/extensionHostProcess.js:112:16479)
      at Object.get testResults [as testResults] (file:///usr/lib/code/out/vs/workbench/api/node/extensionHostProcess.js:156:39221)
      at C.activate (/home/xeyossr/.vscode-oss/extensions/ms-python.python-2024.14.1-universal/out/client/extension.js:2:938870)
      at /home/xeyossr/.vscode-oss/extensions/ms-python.python-2024.14.1-universal/out/client/extension.js:2:2457
      at Array.map (<anonymous>)
      at v.activateWorkspace (/home/xeyossr/.vscode-oss/extensions/ms-python.python-2024.14.1-universal/out/client/extension.js:2:2447)
]
2024-10-17 19:40:51.361 [error] Failure during activation. Error: Extension 'ms-python.python' CANNOT use API proposal: testObserver.
Its package.json#enabledApiProposals-property declares:  but NOT testObserver.
 The missing proposal MUST be added and you must start in extension development mode or use the following command line switch: --enable-proposed-api ms-python.python
    at H (file:///usr/lib/code/out/vs/workbench/api/node/extensionHostProcess.js:112:16479)
    at Object.get testResults [as testResults] (file:///usr/lib/code/out/vs/workbench/api/node/extensionHostProcess.js:156:39221)
    at C.activate (/home/xeyossr/.vscode-oss/extensions/ms-python.python-2024.14.1-universal/out/client/extension.js:2:938870)
    at /home/xeyossr/.vscode-oss/extensions/ms-python.python-2024.14.1-universal/out/client/extension.js:2:2457
    at Array.map (<anonymous>)
    at v.activateWorkspace (/home/xeyossr/.vscode-oss/extensions/ms-python.python-2024.14.1-universal/out/client/extension.js:2:2447)
2024-10-17 19:40:51.361 [error] sendStartupTelemetry() failed. Error: Extension 'ms-python.python' CANNOT use API proposal: testObserver.
Its package.json#enabledApiProposals-property declares:  but NOT testObserver.
 The missing proposal MUST be added and you must start in extension development mode or use the following command line switch: --enable-proposed-api ms-python.python
    at H (file:///usr/lib/code/out/vs/workbench/api/node/extensionHostProcess.js:112:16479)
    at Object.get testResults [as testResults] (file:///usr/lib/code/out/vs/workbench/api/node/extensionHostProcess.js:156:39221)
    at C.activate (/home/xeyossr/.vscode-oss/extensions/ms-python.python-2024.14.1-universal/out/client/extension.js:2:938870)
    at /home/xeyossr/.vscode-oss/extensions/ms-python.python-2024.14.1-universal/out/client/extension.js:2:2457
    at Array.map (<anonymous>)
    at v.activateWorkspace (/home/xeyossr/.vscode-oss/extensions/ms-python.python-2024.14.1-universal/out/client/extension.js:2:2447)
2024-10-17 19:40:53.232 [info] Starting Jedi language server for ray.
2024-10-17 19:46:03.429 [info] Discover tests for workspace name: ray - uri: /home/xeyossr/Documents/Coding/ray/ray.py
