2024-10-17 23:48:11.289 [info] Getting Manifest... ms-python.python
2024-10-17 23:48:11.996 [info] Getting Manifest... ms-python.debugpy
2024-10-17 23:48:12.746 [info] Installing extension: ms-python.debugpy {"pinned":true,"productVersion":{"version":"1.94.2","date":"2024-10-11T16:41:53.891Z"},"operation":3,"isApplicationScoped":false,"profileLocation":{"$mid":1,"external":"vscode-userdata:/home/xeyossr/.vscode-oss/extensions/extensions.json","path":"/home/xeyossr/.vscode-oss/extensions/extensions.json","scheme":"vscode-userdata"},"installOnlyNewlyAddedFromExtensionPack":true}
2024-10-17 23:48:12.825 [info] Installing extension: ms-python.python {"pinned":true,"productVersion":{"version":"1.94.2","date":"2024-10-11T16:41:53.891Z"},"operation":3,"isApplicationScoped":false,"profileLocation":{"$mid":1,"external":"vscode-userdata:/home/xeyossr/.vscode-oss/extensions/extensions.json","path":"/home/xeyossr/.vscode-oss/extensions/extensions.json","scheme":"vscode-userdata"},"installOnlyNewlyAddedFromExtensionPack":true}
2024-10-17 23:48:13.151 [info] Getting Manifest... ms-python.python
2024-10-17 23:48:13.867 [info] Getting Manifest... ms-ceintl.vscode-language-pack-tr
2024-10-17 23:48:15.830 [info] Installing extension: ms-ceintl.vscode-language-pack-tr {"pinned":true,"productVersion":{"version":"1.94.2","date":"2024-10-11T16:41:53.891Z"},"operation":3,"isApplicationScoped":true,"profileLocation":{"$mid":1,"external":"vscode-userdata:/home/xeyossr/.vscode-oss/extensions/extensions.json","path":"/home/xeyossr/.vscode-oss/extensions/extensions.json","scheme":"vscode-userdata"},"installOnlyNewlyAddedFromExtensionPack":true}
2024-10-17 23:48:17.433 [error] Could not load vsce-sign module Cannot find package '@vscode/vsce-sign' imported from /usr/lib/code/out/vs/code/electron-utility/sharedProcess/sharedProcessMain.js
2024-10-17 23:48:17.437 [info] Extension signature verification is not done: ms-python.python
2024-10-17 23:48:17.448 [error] Could not load vsce-sign module Cannot find package '@vscode/vsce-sign' imported from /usr/lib/code/out/vs/code/electron-utility/sharedProcess/sharedProcessMain.js
2024-10-17 23:48:17.449 [info] Extension signature verification is not done: ms-ceintl.vscode-language-pack-tr
2024-10-17 23:48:18.072 [info] Extracted extension to file:///home/xeyossr/.vscode-oss/extensions/ms-ceintl.vscode-language-pack-tr-1.94.0-universal: ms-ceintl.vscode-language-pack-tr
2024-10-17 23:48:18.094 [info] Renamed to /home/xeyossr/.vscode-oss/extensions/ms-ceintl.vscode-language-pack-tr-1.94.0-universal
2024-10-17 23:48:18.166 [info] Marked extension as uninstalled ms-ceintl.vscode-language-pack-tr-1.93.0-universal
2024-10-17 23:48:18.184 [info] Adding language packs from the extension ms-ceintl.vscode-language-pack-tr
2024-10-17 23:48:18.275 [error] [uncaught exception in sharedProcess]: Error: ENOENT: no such file or directory, stat '/home/xeyossr/.vscode-oss/extensions/extensions.json.vsctmp': EntryNotFound (FileSystemError): Error: ENOENT: no such file or directory, stat '/home/xeyossr/.vscode-oss/extensions/extensions.json.vsctmp'
    at lm.create (file:///usr/lib/code/out/vs/code/electron-utility/sharedProcess/sharedProcessMain.js:35:39253)
    at Es (file:///usr/lib/code/out/vs/code/electron-utility/sharedProcess/sharedProcessMain.js:35:39360)
    at Fr.ib (file:///usr/lib/code/out/vs/code/electron-utility/sharedProcess/sharedProcessMain.js:71:22661)
    at Fr.stat (file:///usr/lib/code/out/vs/code/electron-utility/sharedProcess/sharedProcessMain.js:71:15994)
    at async eh.stat (file:///usr/lib/code/out/vs/code/electron-utility/sharedProcess/sharedProcessMain.js:70:84484)
    at async Kl.yb (file:///usr/lib/code/out/vs/code/electron-utility/sharedProcess/sharedProcessMain.js:70:66600)
2024-10-17 23:48:18.566 [info] Extension installed successfully: ms-ceintl.vscode-language-pack-tr vscode-userdata:/home/xeyossr/.vscode-oss/extensions/extensions.json
2024-10-17 23:48:20.221 [info] Getting Manifest... vshaxe.haxe-debug
2024-10-17 23:48:20.548 [info] Installing extension: vshaxe.haxe-debug {"isMachineScoped":false,"installPreReleaseVersion":false,"pinned":true,"profileLocation":{"$mid":1,"external":"vscode-userdata:/home/xeyossr/.vscode-oss/extensions/extensions.json","path":"/home/xeyossr/.vscode-oss/extensions/extensions.json","scheme":"vscode-userdata"},"installOnlyNewlyAddedFromExtensionPack":true,"isApplicationScoped":false,"productVersion":{"version":"1.94.2","date":"2024-10-11T16:41:53.891Z"}}
2024-10-17 23:48:23.370 [info] Extracted extension to file:///home/xeyossr/.vscode-oss/extensions/ms-python.python-2024.16.1-universal: ms-python.python
2024-10-17 23:48:23.384 [info] Renamed to /home/xeyossr/.vscode-oss/extensions/ms-python.python-2024.16.1-universal
2024-10-17 23:48:23.429 [info] Marked extension as uninstalled ms-python.python-2024.14.1-universal
2024-10-17 23:48:23.435 [info] Extension installed successfully: ms-python.python vscode-userdata:/home/xeyossr/.vscode-oss/extensions/extensions.json
2024-10-17 23:48:23.481 [error] [uncaught exception in sharedProcess]: Error: ENOENT: no such file or directory, stat '/home/xeyossr/.vscode-oss/extensions/extensions.json.vsctmp': EntryNotFound (FileSystemError): Error: ENOENT: no such file or directory, stat '/home/xeyossr/.vscode-oss/extensions/extensions.json.vsctmp'
    at lm.create (file:///usr/lib/code/out/vs/code/electron-utility/sharedProcess/sharedProcessMain.js:35:39253)
    at Es (file:///usr/lib/code/out/vs/code/electron-utility/sharedProcess/sharedProcessMain.js:35:39360)
    at Fr.ib (file:///usr/lib/code/out/vs/code/electron-utility/sharedProcess/sharedProcessMain.js:71:22661)
    at Fr.stat (file:///usr/lib/code/out/vs/code/electron-utility/sharedProcess/sharedProcessMain.js:71:15994)
    at async eh.stat (file:///usr/lib/code/out/vs/code/electron-utility/sharedProcess/sharedProcessMain.js:70:84484)
    at async Kl.yb (file:///usr/lib/code/out/vs/code/electron-utility/sharedProcess/sharedProcessMain.js:70:66600)
2024-10-17 23:48:24.562 [error] Could not load vsce-sign module Cannot find package '@vscode/vsce-sign' imported from /usr/lib/code/out/vs/code/electron-utility/sharedProcess/sharedProcessMain.js
2024-10-17 23:48:24.562 [info] Extension signature verification is not done: vshaxe.haxe-debug
2024-10-17 23:48:24.887 [info] Extracted extension to file:///home/xeyossr/.vscode-oss/extensions/vshaxe.haxe-debug-1.2.3-universal: vshaxe.haxe-debug
2024-10-17 23:48:24.901 [info] Renamed to /home/xeyossr/.vscode-oss/extensions/vshaxe.haxe-debug-1.2.3-universal
2024-10-17 23:48:24.952 [info] Extension installed successfully: vshaxe.haxe-debug vscode-userdata:/home/xeyossr/.vscode-oss/extensions/extensions.json
2024-10-17 23:48:24.995 [error] [uncaught exception in sharedProcess]: Error: ENOENT: no such file or directory, stat '/home/xeyossr/.vscode-oss/extensions/extensions.json.vsctmp': EntryNotFound (FileSystemError): Error: ENOENT: no such file or directory, stat '/home/xeyossr/.vscode-oss/extensions/extensions.json.vsctmp'
    at lm.create (file:///usr/lib/code/out/vs/code/electron-utility/sharedProcess/sharedProcessMain.js:35:39253)
    at Es (file:///usr/lib/code/out/vs/code/electron-utility/sharedProcess/sharedProcessMain.js:35:39360)
    at Fr.ib (file:///usr/lib/code/out/vs/code/electron-utility/sharedProcess/sharedProcessMain.js:71:22661)
    at Fr.stat (file:///usr/lib/code/out/vs/code/electron-utility/sharedProcess/sharedProcessMain.js:71:15994)
    at async eh.stat (file:///usr/lib/code/out/vs/code/electron-utility/sharedProcess/sharedProcessMain.js:70:84484)
    at async Kl.yb (file:///usr/lib/code/out/vs/code/electron-utility/sharedProcess/sharedProcessMain.js:70:66600)
2024-10-17 23:48:27.061 [error] Could not load vsce-sign module Cannot find package '@vscode/vsce-sign' imported from /usr/lib/code/out/vs/code/electron-utility/sharedProcess/sharedProcessMain.js
2024-10-17 23:48:27.062 [info] Extension signature verification is not done: ms-python.debugpy
2024-10-17 23:48:28.570 [info] Extracted extension to file:///home/xeyossr/.vscode-oss/extensions/ms-python.debugpy-2024.12.0-linux-x64: ms-python.debugpy
2024-10-17 23:48:28.584 [info] Renamed to /home/xeyossr/.vscode-oss/extensions/ms-python.debugpy-2024.12.0-linux-x64
2024-10-17 23:48:28.644 [info] Marked extension as uninstalled ms-python.debugpy-2024.11.0-dev-linux-x64
2024-10-17 23:48:28.649 [info] Extension installed successfully: ms-python.debugpy vscode-userdata:/home/xeyossr/.vscode-oss/extensions/extensions.json
2024-10-17 23:48:28.696 [error] [uncaught exception in sharedProcess]: Error: ENOENT: no such file or directory, stat '/home/xeyossr/.vscode-oss/extensions/extensions.json.vsctmp': EntryNotFound (FileSystemError): Error: ENOENT: no such file or directory, stat '/home/xeyossr/.vscode-oss/extensions/extensions.json.vsctmp'
    at lm.create (file:///usr/lib/code/out/vs/code/electron-utility/sharedProcess/sharedProcessMain.js:35:39253)
    at Es (file:///usr/lib/code/out/vs/code/electron-utility/sharedProcess/sharedProcessMain.js:35:39360)
    at Fr.ib (file:///usr/lib/code/out/vs/code/electron-utility/sharedProcess/sharedProcessMain.js:71:22661)
    at Fr.stat (file:///usr/lib/code/out/vs/code/electron-utility/sharedProcess/sharedProcessMain.js:71:15994)
    at async eh.stat (file:///usr/lib/code/out/vs/code/electron-utility/sharedProcess/sharedProcessMain.js:70:84484)
    at async Kl.yb (file:///usr/lib/code/out/vs/code/electron-utility/sharedProcess/sharedProcessMain.js:70:66600)
