2024-10-17 22:08:16.843 [info] Started local extension host with pid 442223.
2024-10-17 22:08:19.519 [error] Error scanning extensions at /$HOME/.vscode-oss/extensions/undefined_publisher.wallbash-0.0.1: Var olmayan '/$HOME/.vscode-oss/extensions/undefined_publisher.wallbash-0.0.1' dosyası çözümlenemiyor
2024-10-17 22:08:19.521 [error] Extension 'ms-python.debugpy CANNOT USE these API proposals 'portsAttributes, contribIssueReporter, debugVisualization, contribViewsWelcome'. You MUST start in extension development mode or use the --enable-proposed-api command line flag
2024-10-17 22:08:19.521 [error] Extension 'ms-python.python CANNOT USE these API proposals 'contribEditorContentMenu, quickPickSortByLabel, testObserver, quickPickItemTooltip, terminalDataWriteEvent, terminalExecuteCommandEvent, contribIssueReporter'. You MUST start in extension development mode or use the --enable-proposed-api command line flag
2024-10-17 22:08:19.652 [error] [ms-python.debugpy]: issue/reporter önerilen bir menü tanımlayıcısıdır. 'package.json#enabledApiProposals: ["contribIssueReporter"]' özelliğini gerektirir ve yalnızca geliştirme dışında veya --enable-proposed-api ms-python.debugpy komut satırı anahtarıyla çalışırken kullanılabilir
2024-10-17 22:08:19.652 [error] [ms-python.python]: issue/reporter önerilen bir menü tanımlayıcısıdır. 'package.json#enabledApiProposals: ["contribIssueReporter"]' özelliğini gerektirir ve yalnızca geliştirme dışında veya --enable-proposed-api ms-python.python komut satırı anahtarıyla çalışırken kullanılabilir
2024-10-17 22:08:19.653 [error] [ms-python.python]: editor/content önerilen bir menü tanımlayıcısıdır. 'package.json#enabledApiProposals: ["contribEditorContentMenu"]' özelliğini gerektirir ve yalnızca geliştirme dışında veya --enable-proposed-api ms-python.python komut satırı anahtarıyla çalışırken kullanılabilir
2024-10-17 22:08:23.308 [info] [perf] Render performance baseline is 94ms
2024-10-17 22:08:23.338 [error] spawn /home/xeyossr/.vscode-oss/extensions/ms-python.python-2024.14.1-universal/python-env-tools/bin/pet ENOENT: Error: spawn /home/xeyossr/.vscode-oss/extensions/ms-python.python-2024.14.1-universal/python-env-tools/bin/pet ENOENT
	at ChildProcess._handle.onexit (node:internal/child_process:286:19)
	at onErrorNT (node:internal/child_process:484:16)
	at process.processTicksAndRejections (node:internal/process/task_queues:82:21)
2024-10-17 22:10:23.074 [info] Started local extension host with pid 444081.
2024-10-17 22:10:25.319 [error] Error scanning extensions at /$HOME/.vscode-oss/extensions/undefined_publisher.wallbash-0.0.1: Var olmayan '/$HOME/.vscode-oss/extensions/undefined_publisher.wallbash-0.0.1' dosyası çözümlenemiyor
2024-10-17 22:10:25.322 [error] Extension 'ms-python.debugpy CANNOT USE these API proposals 'portsAttributes, contribIssueReporter, debugVisualization, contribViewsWelcome'. You MUST start in extension development mode or use the --enable-proposed-api command line flag
2024-10-17 22:10:25.324 [error] Extension 'ms-python.python CANNOT USE these API proposals 'contribEditorContentMenu, quickPickSortByLabel, testObserver, quickPickItemTooltip, terminalDataWriteEvent, terminalExecuteCommandEvent, contribIssueReporter'. You MUST start in extension development mode or use the --enable-proposed-api command line flag
2024-10-17 22:10:25.394 [error] [ms-python.debugpy]: issue/reporter önerilen bir menü tanımlayıcısıdır. 'package.json#enabledApiProposals: ["contribIssueReporter"]' özelliğini gerektirir ve yalnızca geliştirme dışında veya --enable-proposed-api ms-python.debugpy komut satırı anahtarıyla çalışırken kullanılabilir
2024-10-17 22:10:25.395 [error] [ms-python.python]: issue/reporter önerilen bir menü tanımlayıcısıdır. 'package.json#enabledApiProposals: ["contribIssueReporter"]' özelliğini gerektirir ve yalnızca geliştirme dışında veya --enable-proposed-api ms-python.python komut satırı anahtarıyla çalışırken kullanılabilir
2024-10-17 22:10:25.397 [error] [ms-python.python]: editor/content önerilen bir menü tanımlayıcısıdır. 'package.json#enabledApiProposals: ["contribEditorContentMenu"]' özelliğini gerektirir ve yalnızca geliştirme dışında veya --enable-proposed-api ms-python.python komut satırı anahtarıyla çalışırken kullanılabilir
2024-10-17 22:10:28.988 [info] [perf] Render performance baseline is 108ms
2024-10-17 22:11:02.338 [error] Beklenmeyen bir hata oluştu. Daha fazla ayrıntı için lütfen günlüğe bakın.
2024-10-17 22:11:11.125 [error] Beklenmeyen bir hata oluştu. Daha fazla ayrıntı için lütfen günlüğe bakın.
2024-10-17 22:11:12.326 [error] Beklenmeyen bir hata oluştu. Daha fazla ayrıntı için lütfen günlüğe bakın.
2024-10-17 22:11:13.375 [error] Beklenmeyen bir hata oluştu. Daha fazla ayrıntı için lütfen günlüğe bakın.
2024-10-17 22:11:21.090 [error] Beklenmeyen bir hata oluştu. Daha fazla ayrıntı için lütfen günlüğe bakın.
2024-10-17 22:11:23.058 [error] Beklenmeyen bir hata oluştu. Daha fazla ayrıntı için lütfen günlüğe bakın.
2024-10-17 22:11:24.625 [error] Beklenmeyen bir hata oluştu. Daha fazla ayrıntı için lütfen günlüğe bakın.
2024-10-17 22:11:25.724 [error] Beklenmeyen bir hata oluştu. Daha fazla ayrıntı için lütfen günlüğe bakın.
2024-10-17 22:11:28.539 [error] Beklenmeyen bir hata oluştu. Daha fazla ayrıntı için lütfen günlüğe bakın.
2024-10-17 22:11:28.543 [warning] [suggest] did IGNORE invalid completion item from vscode.html-language-features(.:<"=/) {"label":"countries.js","extensionId":{"value":"vscode.html-language-features","_lower":"vscode.html-language-features"},"kind":20,"sortText":"countries.js","insertText":"countries.js","range":{"insert":{"startLineNumber":6,"startColumn":34,"endLineNumber":6,"endColumn":35},"replace":{"startLineNumber":6,"startColumn":34,"endLineNumber":12,"endColumn":7}},"insertTextRules":0,"_id":[27,0]}
2024-10-17 22:11:28.543 [warning] [suggest] did IGNORE invalid completion item from vscode.html-language-features(.:<"=/) {"label":"index.html","extensionId":{"value":"vscode.html-language-features","_lower":"vscode.html-language-features"},"kind":20,"sortText":"index.html","insertText":"index.html","range":{"insert":{"startLineNumber":6,"startColumn":34,"endLineNumber":6,"endColumn":35},"replace":{"startLineNumber":6,"startColumn":34,"endLineNumber":12,"endColumn":7}},"insertTextRules":0,"_id":[27,1]}
2024-10-17 22:11:28.745 [warning] [suggest] did IGNORE invalid completion item from vscode.html-language-features(.:<"=/) {"label":"countries.js","extensionId":{"value":"vscode.html-language-features","_lower":"vscode.html-language-features"},"kind":20,"sortText":"countries.js","insertText":"countries.js","range":{"insert":{"startLineNumber":6,"startColumn":34,"endLineNumber":6,"endColumn":36},"replace":{"startLineNumber":6,"startColumn":34,"endLineNumber":12,"endColumn":7}},"insertTextRules":0,"_id":[28,0]}
2024-10-17 22:11:28.745 [warning] [suggest] did IGNORE invalid completion item from vscode.html-language-features(.:<"=/) {"label":"index.html","extensionId":{"value":"vscode.html-language-features","_lower":"vscode.html-language-features"},"kind":20,"sortText":"index.html","insertText":"index.html","range":{"insert":{"startLineNumber":6,"startColumn":34,"endLineNumber":6,"endColumn":36},"replace":{"startLineNumber":6,"startColumn":34,"endLineNumber":12,"endColumn":7}},"insertTextRules":0,"_id":[28,1]}
2024-10-17 22:11:29.150 [warning] [suggest] did IGNORE invalid completion item from vscode.html-language-features(.:<"=/) {"label":"countries.js","extensionId":{"value":"vscode.html-language-features","_lower":"vscode.html-language-features"},"kind":20,"sortText":"countries.js","insertText":"countries.js","range":{"insert":{"startLineNumber":6,"startColumn":34,"endLineNumber":6,"endColumn":37},"replace":{"startLineNumber":6,"startColumn":34,"endLineNumber":12,"endColumn":7}},"insertTextRules":0,"_id":[29,0]}
2024-10-17 22:11:29.151 [warning] [suggest] did IGNORE invalid completion item from vscode.html-language-features(.:<"=/) {"label":"index.html","extensionId":{"value":"vscode.html-language-features","_lower":"vscode.html-language-features"},"kind":20,"sortText":"index.html","insertText":"index.html","range":{"insert":{"startLineNumber":6,"startColumn":34,"endLineNumber":6,"endColumn":37},"replace":{"startLineNumber":6,"startColumn":34,"endLineNumber":12,"endColumn":7}},"insertTextRules":0,"_id":[29,1]}
2024-10-17 22:11:29.254 [warning] [suggest] did IGNORE invalid completion item from vscode.html-language-features(.:<"=/) {"label":"countries.js","extensionId":{"value":"vscode.html-language-features","_lower":"vscode.html-language-features"},"kind":20,"sortText":"countries.js","insertText":"countries.js","range":{"insert":{"startLineNumber":6,"startColumn":34,"endLineNumber":6,"endColumn":38},"replace":{"startLineNumber":6,"startColumn":34,"endLineNumber":12,"endColumn":7}},"insertTextRules":0,"_id":[30,0]}
2024-10-17 22:11:29.254 [warning] [suggest] did IGNORE invalid completion item from vscode.html-language-features(.:<"=/) {"label":"index.html","extensionId":{"value":"vscode.html-language-features","_lower":"vscode.html-language-features"},"kind":20,"sortText":"index.html","insertText":"index.html","range":{"insert":{"startLineNumber":6,"startColumn":34,"endLineNumber":6,"endColumn":38},"replace":{"startLineNumber":6,"startColumn":34,"endLineNumber":12,"endColumn":7}},"insertTextRules":0,"_id":[30,1]}
2024-10-17 22:11:29.333 [warning] [suggest] did IGNORE invalid completion item from vscode.html-language-features(.:<"=/) {"label":"countries.js","extensionId":{"value":"vscode.html-language-features","_lower":"vscode.html-language-features"},"kind":20,"sortText":"countries.js","insertText":"countries.js","range":{"insert":{"startLineNumber":6,"startColumn":34,"endLineNumber":6,"endColumn":39},"replace":{"startLineNumber":6,"startColumn":34,"endLineNumber":12,"endColumn":7}},"insertTextRules":0,"_id":[31,0]}
2024-10-17 22:11:29.340 [warning] [suggest] did IGNORE invalid completion item from vscode.html-language-features(.:<"=/) {"label":"index.html","extensionId":{"value":"vscode.html-language-features","_lower":"vscode.html-language-features"},"kind":20,"sortText":"index.html","insertText":"index.html","range":{"insert":{"startLineNumber":6,"startColumn":34,"endLineNumber":6,"endColumn":39},"replace":{"startLineNumber":6,"startColumn":34,"endLineNumber":12,"endColumn":7}},"insertTextRules":0,"_id":[31,1]}
2024-10-17 22:11:29.459 [warning] [suggest] did IGNORE invalid completion item from vscode.html-language-features(.:<"=/) {"label":"countries.js","extensionId":{"value":"vscode.html-language-features","_lower":"vscode.html-language-features"},"kind":20,"sortText":"countries.js","insertText":"countries.js","range":{"insert":{"startLineNumber":6,"startColumn":34,"endLineNumber":6,"endColumn":40},"replace":{"startLineNumber":6,"startColumn":34,"endLineNumber":12,"endColumn":7}},"insertTextRules":0,"_id":[32,0]}
2024-10-17 22:11:29.460 [warning] [suggest] did IGNORE invalid completion item from vscode.html-language-features(.:<"=/) {"label":"index.html","extensionId":{"value":"vscode.html-language-features","_lower":"vscode.html-language-features"},"kind":20,"sortText":"index.html","insertText":"index.html","range":{"insert":{"startLineNumber":6,"startColumn":34,"endLineNumber":6,"endColumn":40},"replace":{"startLineNumber":6,"startColumn":34,"endLineNumber":12,"endColumn":7}},"insertTextRules":0,"_id":[32,1]}
2024-10-17 22:11:29.511 [warning] [suggest] did IGNORE invalid completion item from vscode.html-language-features(.:<"=/) {"label":"countries.js","extensionId":{"value":"vscode.html-language-features","_lower":"vscode.html-language-features"},"kind":20,"sortText":"countries.js","insertText":"countries.js","range":{"insert":{"startLineNumber":6,"startColumn":34,"endLineNumber":6,"endColumn":41},"replace":{"startLineNumber":6,"startColumn":34,"endLineNumber":12,"endColumn":7}},"insertTextRules":0,"_id":[33,0]}
2024-10-17 22:11:29.512 [warning] [suggest] did IGNORE invalid completion item from vscode.html-language-features(.:<"=/) {"label":"index.html","extensionId":{"value":"vscode.html-language-features","_lower":"vscode.html-language-features"},"kind":20,"sortText":"index.html","insertText":"index.html","range":{"insert":{"startLineNumber":6,"startColumn":34,"endLineNumber":6,"endColumn":41},"replace":{"startLineNumber":6,"startColumn":34,"endLineNumber":12,"endColumn":7}},"insertTextRules":0,"_id":[33,1]}
2024-10-17 22:11:29.660 [error] Beklenmeyen bir hata oluştu. Daha fazla ayrıntı için lütfen günlüğe bakın.
2024-10-17 22:11:29.662 [warning] [suggest] did IGNORE invalid completion item from vscode.html-language-features(.:<"=/) {"label":"countries.js","extensionId":{"value":"vscode.html-language-features","_lower":"vscode.html-language-features"},"kind":20,"sortText":"countries.js","insertText":"countries.js","range":{"insert":{"startLineNumber":6,"startColumn":34,"endLineNumber":6,"endColumn":42},"replace":{"startLineNumber":6,"startColumn":34,"endLineNumber":12,"endColumn":7}},"insertTextRules":0,"_id":[34,0]}
2024-10-17 22:11:29.662 [warning] [suggest] did IGNORE invalid completion item from vscode.html-language-features(.:<"=/) {"label":"index.html","extensionId":{"value":"vscode.html-language-features","_lower":"vscode.html-language-features"},"kind":20,"sortText":"index.html","insertText":"index.html","range":{"insert":{"startLineNumber":6,"startColumn":34,"endLineNumber":6,"endColumn":42},"replace":{"startLineNumber":6,"startColumn":34,"endLineNumber":12,"endColumn":7}},"insertTextRules":0,"_id":[34,1]}
2024-10-17 22:11:29.765 [warning] [suggest] did IGNORE invalid completion item from vscode.html-language-features(.:<"=/) {"label":"countries.js","extensionId":{"value":"vscode.html-language-features","_lower":"vscode.html-language-features"},"kind":20,"sortText":"countries.js","insertText":"countries.js","range":{"insert":{"startLineNumber":6,"startColumn":34,"endLineNumber":6,"endColumn":43},"replace":{"startLineNumber":6,"startColumn":34,"endLineNumber":12,"endColumn":7}},"insertTextRules":0,"_id":[35,0]}
2024-10-17 22:11:29.765 [warning] [suggest] did IGNORE invalid completion item from vscode.html-language-features(.:<"=/) {"label":"index.html","extensionId":{"value":"vscode.html-language-features","_lower":"vscode.html-language-features"},"kind":20,"sortText":"index.html","insertText":"index.html","range":{"insert":{"startLineNumber":6,"startColumn":34,"endLineNumber":6,"endColumn":43},"replace":{"startLineNumber":6,"startColumn":34,"endLineNumber":12,"endColumn":7}},"insertTextRules":0,"_id":[35,1]}
2024-10-17 22:12:02.425 [error] Beklenmeyen bir hata oluştu. Daha fazla ayrıntı için lütfen günlüğe bakın.
2024-10-17 22:12:05.390 [error] Beklenmeyen bir hata oluştu. Daha fazla ayrıntı için lütfen günlüğe bakın.
2024-10-17 22:12:06.573 [error] Beklenmeyen bir hata oluştu. Daha fazla ayrıntı için lütfen günlüğe bakın.
2024-10-17 22:12:09.930 [error] Beklenmeyen bir hata oluştu. Daha fazla ayrıntı için lütfen günlüğe bakın.
2024-10-17 22:12:16.108 [error] Beklenmeyen bir hata oluştu. Daha fazla ayrıntı için lütfen günlüğe bakın.
2024-10-17 22:12:20.530 [error] Beklenmeyen bir hata oluştu. Daha fazla ayrıntı için lütfen günlüğe bakın.
2024-10-17 22:12:47.221 [error] Beklenmeyen bir hata oluştu. Daha fazla ayrıntı için lütfen günlüğe bakın.
2024-10-17 22:12:52.319 [error] Beklenmeyen bir hata oluştu. Daha fazla ayrıntı için lütfen günlüğe bakın.
2024-10-17 22:12:55.652 [error] Beklenmeyen bir hata oluştu. Daha fazla ayrıntı için lütfen günlüğe bakın.
2024-10-17 22:12:57.944 [error] Beklenmeyen bir hata oluştu. Daha fazla ayrıntı için lütfen günlüğe bakın.
2024-10-17 22:13:18.852 [error] Beklenmeyen bir hata oluştu. Daha fazla ayrıntı için lütfen günlüğe bakın.
2024-10-17 22:14:28.118 [error] Beklenmeyen bir hata oluştu. Daha fazla ayrıntı için lütfen günlüğe bakın.
2024-10-17 22:15:04.912 [error] Beklenmeyen bir hata oluştu. Daha fazla ayrıntı için lütfen günlüğe bakın.
2024-10-17 22:20:33.380 [info] Started local extension host with pid 453441.
2024-10-17 22:20:35.120 [error] Error scanning extensions at /$HOME/.vscode-oss/extensions/undefined_publisher.wallbash-0.0.1: Var olmayan '/$HOME/.vscode-oss/extensions/undefined_publisher.wallbash-0.0.1' dosyası çözümlenemiyor
2024-10-17 22:20:35.123 [error] Extension 'ms-python.debugpy CANNOT USE these API proposals 'portsAttributes, contribIssueReporter, debugVisualization, contribViewsWelcome'. You MUST start in extension development mode or use the --enable-proposed-api command line flag
2024-10-17 22:20:35.124 [error] Extension 'ms-python.python CANNOT USE these API proposals 'contribEditorContentMenu, quickPickSortByLabel, testObserver, quickPickItemTooltip, terminalDataWriteEvent, terminalExecuteCommandEvent, contribIssueReporter'. You MUST start in extension development mode or use the --enable-proposed-api command line flag
2024-10-17 22:20:35.183 [error] [ms-python.debugpy]: issue/reporter önerilen bir menü tanımlayıcısıdır. 'package.json#enabledApiProposals: ["contribIssueReporter"]' özelliğini gerektirir ve yalnızca geliştirme dışında veya --enable-proposed-api ms-python.debugpy komut satırı anahtarıyla çalışırken kullanılabilir
2024-10-17 22:20:35.185 [error] [ms-python.python]: issue/reporter önerilen bir menü tanımlayıcısıdır. 'package.json#enabledApiProposals: ["contribIssueReporter"]' özelliğini gerektirir ve yalnızca geliştirme dışında veya --enable-proposed-api ms-python.python komut satırı anahtarıyla çalışırken kullanılabilir
2024-10-17 22:20:35.191 [error] [ms-python.python]: editor/content önerilen bir menü tanımlayıcısıdır. 'package.json#enabledApiProposals: ["contribEditorContentMenu"]' özelliğini gerektirir ve yalnızca geliştirme dışında veya --enable-proposed-api ms-python.python komut satırı anahtarıyla çalışırken kullanılabilir
2024-10-17 22:20:37.033 [info] [perf] Render performance baseline is 111ms
2024-10-17 22:23:33.807 [error] Beklenmeyen bir hata oluştu. Daha fazla ayrıntı için lütfen günlüğe bakın.
2024-10-17 22:23:35.008 [error] Beklenmeyen bir hata oluştu. Daha fazla ayrıntı için lütfen günlüğe bakın.
2024-10-17 22:23:42.194 [error] Beklenmeyen bir hata oluştu. Daha fazla ayrıntı için lütfen günlüğe bakın.
2024-10-17 22:23:44.825 [error] Beklenmeyen bir hata oluştu. Daha fazla ayrıntı için lütfen günlüğe bakın.
2024-10-17 22:23:46.716 [error] Beklenmeyen bir hata oluştu. Daha fazla ayrıntı için lütfen günlüğe bakın.
2024-10-17 22:23:47.850 [error] Beklenmeyen bir hata oluştu. Daha fazla ayrıntı için lütfen günlüğe bakın.
2024-10-17 22:23:48.908 [error] Beklenmeyen bir hata oluştu. Daha fazla ayrıntı için lütfen günlüğe bakın.
2024-10-17 22:24:06.035 [error] Beklenmeyen bir hata oluştu. Daha fazla ayrıntı için lütfen günlüğe bakın.
2024-10-17 22:24:58.541 [error] Beklenmeyen bir hata oluştu. Daha fazla ayrıntı için lütfen günlüğe bakın.
2024-10-17 22:28:18.562 [error] Beklenmeyen bir hata oluştu. Daha fazla ayrıntı için lütfen günlüğe bakın.
2024-10-17 22:29:43.309 [error] spawn /home/xeyossr/.vscode-oss/extensions/ms-python.python-2024.14.1-universal/python-env-tools/bin/pet ENOENT: Error: spawn /home/xeyossr/.vscode-oss/extensions/ms-python.python-2024.14.1-universal/python-env-tools/bin/pet ENOENT
    at Process.ChildProcess._handle.onexit (node:internal/child_process:286:19)
    at onErrorNT (node:internal/child_process:484:16)
    at processTicksAndRejections (node:internal/process/task_queues:82:21)
2024-10-17 22:31:55.433 [error] Beklenmeyen bir hata oluştu. Daha fazla ayrıntı için lütfen günlüğe bakın.
