2024-10-17 22:08:16.364 [info] Added views:outline in workbench.view.explorer
2024-10-17 22:08:16.364 [info] Added views:workbench.view.search in workbench.view.search
2024-10-17 22:08:16.365 [info] Added views:workbench.scm in workbench.view.scm
2024-10-17 22:08:16.365 [info] Added views:workbench.panel.markers.view in workbench.panel.markers
2024-10-17 22:08:16.365 [info] Added views:workbench.panel.output in workbench.panel.output
2024-10-17 22:08:16.365 [info] Added views:terminal in terminal
2024-10-17 22:08:16.365 [info] Added views:timeline in workbench.view.explorer
2024-10-17 22:08:16.365 [info] Added views:workbench.explorer.fileView in workbench.view.explorer
2024-10-17 22:08:16.816 [info] Added views:workbench.debug.welcome in workbench.view.debug
2024-10-17 22:08:19.774 [info] Added views:discordTreeView in workbench.view.explorer
2024-10-17 22:08:19.956 [info] Added views:~remote.forwardedPorts in ~remote.forwardedPortsContainer
2024-10-17 22:08:22.224 [info] Added views:workbench.panel.repl.view in workbench.panel.repl
2024-10-17 22:08:24.139 [info] Added views:workbench.view.testing in workbench.view.extension.test
2024-10-17 22:10:21.095 [info] Removed views:workbench.view.testing from workbench.view.extension.test
2024-10-17 22:10:22.894 [info] Added views:outline in workbench.view.explorer
2024-10-17 22:10:22.894 [info] Added views:workbench.view.search in workbench.view.search
2024-10-17 22:10:22.894 [info] Added views:workbench.scm in workbench.view.scm
2024-10-17 22:10:22.894 [info] Added views:workbench.panel.markers.view in workbench.panel.markers
2024-10-17 22:10:22.894 [info] Added views:workbench.panel.output in workbench.panel.output
2024-10-17 22:10:22.894 [info] Added views:terminal in terminal
2024-10-17 22:10:22.894 [info] Added views:timeline in workbench.view.explorer
2024-10-17 22:10:22.894 [info] Added views:workbench.explorer.fileView in workbench.view.explorer
2024-10-17 22:10:23.379 [info] Added views:workbench.debug.variablesView,workbench.debug.watchExpressionsView,workbench.debug.callStackView,workbench.debug.breakPointsView in workbench.view.debug
2024-10-17 22:10:25.480 [info] Added views:discordTreeView in workbench.view.explorer
2024-10-17 22:10:25.641 [info] Added views:~remote.forwardedPorts in ~remote.forwardedPortsContainer
2024-10-17 22:10:26.362 [info] Added views:workbench.panel.repl.view in workbench.panel.repl
2024-10-17 22:10:26.363 [info] Removed views:workbench.debug.breakPointsView,workbench.debug.callStackView,workbench.debug.watchExpressionsView,workbench.debug.variablesView from workbench.view.debug
2024-10-17 22:10:26.363 [info] Added views:workbench.debug.welcome in workbench.view.debug
2024-10-17 22:20:33.241 [info] Added views:outline in workbench.view.explorer
2024-10-17 22:20:33.241 [info] Added views:workbench.view.search in workbench.view.search
2024-10-17 22:20:33.241 [info] Added views:workbench.scm in workbench.view.scm
2024-10-17 22:20:33.241 [info] Added views:workbench.panel.markers.view in workbench.panel.markers
2024-10-17 22:20:33.241 [info] Added views:workbench.panel.output in workbench.panel.output
2024-10-17 22:20:33.241 [info] Added views:terminal in terminal
2024-10-17 22:20:33.241 [info] Added views:timeline in workbench.view.explorer
2024-10-17 22:20:33.241 [info] Added views:workbench.explorer.fileView in workbench.view.explorer
2024-10-17 22:20:33.776 [info] Added views:workbench.debug.variablesView,workbench.debug.watchExpressionsView,workbench.debug.callStackView,workbench.debug.breakPointsView in workbench.view.debug
2024-10-17 22:20:35.245 [info] Added views:discordTreeView in workbench.view.explorer
2024-10-17 22:20:35.588 [info] Added views:workbench.panel.repl.view in workbench.panel.repl
2024-10-17 22:20:35.591 [info] Removed views:workbench.debug.breakPointsView,workbench.debug.callStackView,workbench.debug.watchExpressionsView,workbench.debug.variablesView from workbench.view.debug
2024-10-17 22:20:35.593 [info] Added views:workbench.debug.welcome in workbench.view.debug
2024-10-17 22:20:35.813 [info] Added views:~remote.forwardedPorts in ~remote.forwardedPortsContainer
2024-10-17 22:29:43.376 [info] Added views:workbench.view.testing in workbench.view.extension.test
2024-10-17 22:34:05.761 [info] Removed views:workbench.view.testing from workbench.view.extension.test
