2024-10-17 23:23:51.019 [info] Telemetry level is off
2024-10-17 23:23:51.019 [info] Experiments are disabled, only manually opted experiments are active.
2024-10-17 23:23:51.019 [warning] Dir "/home/xeyossr/Documents/Coding/20Projects/2 - ChessBot/.pixi/envs" is not watchable (directory does not exist)
2024-10-17 23:23:51.019 [info] Default formatter is set to null for workspace /home/xeyossr/Documents/Coding/20Projects/2 - ChessBot
2024-10-17 23:23:51.019 [error] Unable to check if shell integration is active [Error: Extension 'ms-python.python' CANNOT use API proposal: terminalDataWriteEvent.
Its package.json#enabledApiProposals-property declares:  but NOT terminalDataWriteEvent.
 The missing proposal MUST be added and you must start in extension development mode or use the following command line switch: --enable-proposed-api ms-python.python
	at H (file:///usr/lib/code/out/vs/workbench/api/node/extensionHostProcess.js:112:16479)
	at a.onDidWriteTerminalData (file:///usr/lib/code/out/vs/workbench/api/node/extensionHostProcess.js:156:45894)
	at new v (/home/xeyossr/.vscode-oss/extensions/ms-python.python-2024.14.1-universal/out/client/extension.js:2:904597)
	at me (/home/xeyossr/.vscode-oss/extensions/ms-python.python-2024.14.1-universal/out/client/extension.js:2:1750940)
	at /home/xeyossr/.vscode-oss/extensions/ms-python.python-2024.14.1-universal/out/client/extension.js:2:1754304
	at /home/xeyossr/.vscode-oss/extensions/ms-python.python-2024.14.1-universal/out/client/extension.js:2:1754332
	at Se (/home/xeyossr/.vscode-oss/extensions/ms-python.python-2024.14.1-universal/out/client/extension.js:2:1754399)
	at /home/xeyossr/.vscode-oss/extensions/ms-python.python-2024.14.1-universal/out/client/extension.js:2:1754879
	at we (/home/xeyossr/.vscode-oss/extensions/ms-python.python-2024.14.1-universal/out/client/extension.js:2:1754820)
	at Pe (/home/xeyossr/.vscode-oss/extensions/ms-python.python-2024.14.1-universal/out/client/extension.js:2:1754854)
	at /home/xeyossr/.vscode-oss/extensions/ms-python.python-2024.14.1-universal/out/client/extension.js:2:1752093
	at /home/xeyossr/.vscode-oss/extensions/ms-python.python-2024.14.1-universal/out/client/extension.js:2:1753698
	at Array.reduce (<anonymous>)
	at /home/xeyossr/.vscode-oss/extensions/ms-python.python-2024.14.1-universal/out/client/extension.js:2:1753670
	at /home/xeyossr/.vscode-oss/extensions/ms-python.python-2024.14.1-universal/out/client/extension.js:2:1753952
	at /home/xeyossr/.vscode-oss/extensions/ms-python.python-2024.14.1-universal/out/client/extension.js:2:1754332
	at Se (/home/xeyossr/.vscode-oss/extensions/ms-python.python-2024.14.1-universal/out/client/extension.js:2:1754399)
	at /home/xeyossr/.vscode-oss/extensions/ms-python.python-2024.14.1-universal/out/client/extension.js:2:1754879
	at we (/home/xeyossr/.vscode-oss/extensions/ms-python.python-2024.14.1-universal/out/client/extension.js:2:1754820)
	at Pe (/home/xeyossr/.vscode-oss/extensions/ms-python.python-2024.14.1-universal/out/client/extension.js:2:1754854)
	at /home/xeyossr/.vscode-oss/extensions/ms-python.python-2024.14.1-universal/out/client/extension.js:2:1752093
	at /home/xeyossr/.vscode-oss/extensions/ms-python.python-2024.14.1-universal/out/client/extension.js:2:1781763
	at /home/xeyossr/.vscode-oss/extensions/ms-python.python-2024.14.1-universal/out/client/extension.js:2:1781784
	at e._get (/home/xeyossr/.vscode-oss/extensions/ms-python.python-2024.14.1-universal/out/client/extension.js:2:1780797)
	at e._getButThrowIfAsync (/home/xeyossr/.vscode-oss/extensions/ms-python.python-2024.14.1-universal/out/client/extension.js:2:1780857)
	at e.get (/home/xeyossr/.vscode-oss/extensions/ms-python.python-2024.14.1-universal/out/client/extension.js:2:1776566)
	at e.dynamicValue (/home/xeyossr/.vscode-oss/extensions/ms-python.python-2024.14.1-universal/out/client/extension.js:2:1766299)
	at /home/xeyossr/.vscode-oss/extensions/ms-python.python-2024.14.1-universal/out/client/extension.js:2:1752476
	at Ee (/home/xeyossr/.vscode-oss/extensions/ms-python.python-2024.14.1-universal/out/client/extension.js:2:1752732)
	at Se (/home/xeyossr/.vscode-oss/extensions/ms-python.python-2024.14.1-universal/out/client/extension.js:2:1754448)
	at /home/xeyossr/.vscode-oss/extensions/ms-python.python-2024.14.1-universal/out/client/extension.js:2:1754879
	at we (/home/xeyossr/.vscode-oss/extensions/ms-python.python-2024.14.1-universal/out/client/extension.js:2:1754820)
	at Pe (/home/xeyossr/.vscode-oss/extensions/ms-python.python-2024.14.1-universal/out/client/extension.js:2:1754854)
	at /home/xeyossr/.vscode-oss/extensions/ms-python.python-2024.14.1-universal/out/client/extension.js:2:1752093
	at /home/xeyossr/.vscode-oss/extensions/ms-python.python-2024.14.1-universal/out/client/extension.js:2:1752027
	at Array.map (<anonymous>)
	at /home/xeyossr/.vscode-oss/extensions/ms-python.python-2024.14.1-universal/out/client/extension.js:2:1751998
	at /home/xeyossr/.vscode-oss/extensions/ms-python.python-2024.14.1-universal/out/client/extension.js:2:1753698
	at Array.reduce (<anonymous>)
	at /home/xeyossr/.vscode-oss/extensions/ms-python.python-2024.14.1-universal/out/client/extension.js:2:1753670
	at /home/xeyossr/.vscode-oss/extensions/ms-python.python-2024.14.1-universal/out/client/extension.js:2:1753952
	at /home/xeyossr/.vscode-oss/extensions/ms-python.python-2024.14.1-universal/out/client/extension.js:2:1754332
	at Se (/home/xeyossr/.vscode-oss/extensions/ms-python.python-2024.14.1-universal/out/client/extension.js:2:1754399)
	at /home/xeyossr/.vscode-oss/extensions/ms-python.python-2024.14.1-universal/out/client/extension.js:2:1754879
	at we (/home/xeyossr/.vscode-oss/extensions/ms-python.python-2024.14.1-universal/out/client/extension.js:2:1754820)
	at Pe (/home/xeyossr/.vscode-oss/extensions/ms-python.python-2024.14.1-universal/out/client/extension.js:2:1754854)
	at /home/xeyossr/.vscode-oss/extensions/ms-python.python-2024.14.1-universal/out/client/extension.js:2:1752093
	at /home/xeyossr/.vscode-oss/extensions/ms-python.python-2024.14.1-universal/out/client/extension.js:2:1781763
	at /home/xeyossr/.vscode-oss/extensions/ms-python.python-2024.14.1-universal/out/client/extension.js:2:1781784
	at e._get (/home/xeyossr/.vscode-oss/extensions/ms-python.python-2024.14.1-universal/out/client/extension.js:2:1780797)
	at e._getButThrowIfAsync (/home/xeyossr/.vscode-oss/extensions/ms-python.python-2024.14.1-universal/out/client/extension.js:2:1780857)
	at e.get (/home/xeyossr/.vscode-oss/extensions/ms-python.python-2024.14.1-universal/out/client/extension.js:2:1776566)
	at a.get (/home/xeyossr/.vscode-oss/extensions/ms-python.python-2024.14.1-universal/out/client/extension.js:2:523454)
	at /home/xeyossr/.vscode-oss/extensions/ms-python.python-2024.14.1-universal/out/client/extension.js:2:439421
	at async t.activateComponents (/home/xeyossr/.vscode-oss/extensions/ms-python.python-2024.14.1-universal/out/client/extension.js:2:437708)
	at async /home/xeyossr/.vscode-oss/extensions/ms-python.python-2024.14.1-universal/out/client/extension.js:2:2707679
	at async e (/home/xeyossr/.vscode-oss/extensions/ms-python.python-2024.14.1-universal/out/client/extension.js:2:2707211)
	at async x0.n (file:///usr/lib/code/out/vs/workbench/api/node/extensionHostProcess.js:114:4450)
	at async x0.m (file:///usr/lib/code/out/vs/workbench/api/node/extensionHostProcess.js:114:4413)
	at async x0.l (file:///usr/lib/code/out/vs/workbench/api/node/extensionHostProcess.js:114:3869)]
2024-10-17 23:23:51.019 [info] Python interpreter path: /bin/python
2024-10-17 23:23:51.276 [info] > pyenv which python
2024-10-17 23:23:51.276 [info] cwd: ~/Documents/Coding/20Projects/2 - ChessBot
2024-10-17 23:23:51.699 [error] [
  'Failed to activate a workspace, Class name = v, completed in 1032ms, has a falsy return value, Arg 1: <Uri:/home/xeyossr/Documents/Coding/20Projects/2 - ChessBot/index.html>, Arg 2: {"started":1729193030122}, Return Value: undefined',
  Error: Extension 'ms-python.python' CANNOT use API proposal: testObserver.
  Its package.json#enabledApiProposals-property declares:  but NOT testObserver.
   The missing proposal MUST be added and you must start in extension development mode or use the following command line switch: --enable-proposed-api ms-python.python
      at H (file:///usr/lib/code/out/vs/workbench/api/node/extensionHostProcess.js:112:16479)
      at Object.get testResults [as testResults] (file:///usr/lib/code/out/vs/workbench/api/node/extensionHostProcess.js:156:39221)
      at C.activate (/home/xeyossr/.vscode-oss/extensions/ms-python.python-2024.14.1-universal/out/client/extension.js:2:938870)
      at /home/xeyossr/.vscode-oss/extensions/ms-python.python-2024.14.1-universal/out/client/extension.js:2:2457
      at Array.map (<anonymous>)
      at v.activateWorkspace (/home/xeyossr/.vscode-oss/extensions/ms-python.python-2024.14.1-universal/out/client/extension.js:2:2447)
]
2024-10-17 23:23:51.699 [error] Failure during activation. Error: Extension 'ms-python.python' CANNOT use API proposal: testObserver.
Its package.json#enabledApiProposals-property declares:  but NOT testObserver.
 The missing proposal MUST be added and you must start in extension development mode or use the following command line switch: --enable-proposed-api ms-python.python
    at H (file:///usr/lib/code/out/vs/workbench/api/node/extensionHostProcess.js:112:16479)
    at Object.get testResults [as testResults] (file:///usr/lib/code/out/vs/workbench/api/node/extensionHostProcess.js:156:39221)
    at C.activate (/home/xeyossr/.vscode-oss/extensions/ms-python.python-2024.14.1-universal/out/client/extension.js:2:938870)
    at /home/xeyossr/.vscode-oss/extensions/ms-python.python-2024.14.1-universal/out/client/extension.js:2:2457
    at Array.map (<anonymous>)
    at v.activateWorkspace (/home/xeyossr/.vscode-oss/extensions/ms-python.python-2024.14.1-universal/out/client/extension.js:2:2447)
2024-10-17 23:23:51.699 [error] sendStartupTelemetry() failed. Error: Extension 'ms-python.python' CANNOT use API proposal: testObserver.
Its package.json#enabledApiProposals-property declares:  but NOT testObserver.
 The missing proposal MUST be added and you must start in extension development mode or use the following command line switch: --enable-proposed-api ms-python.python
    at H (file:///usr/lib/code/out/vs/workbench/api/node/extensionHostProcess.js:112:16479)
    at Object.get testResults [as testResults] (file:///usr/lib/code/out/vs/workbench/api/node/extensionHostProcess.js:156:39221)
    at C.activate (/home/xeyossr/.vscode-oss/extensions/ms-python.python-2024.14.1-universal/out/client/extension.js:2:938870)
    at /home/xeyossr/.vscode-oss/extensions/ms-python.python-2024.14.1-universal/out/client/extension.js:2:2457
    at Array.map (<anonymous>)
    at v.activateWorkspace (/home/xeyossr/.vscode-oss/extensions/ms-python.python-2024.14.1-universal/out/client/extension.js:2:2447)
2024-10-17 23:23:53.929 [info] Starting Jedi language server for 2 - ChessBot.
2024-10-17 23:24:55.627 [info] Telemetry level is off
2024-10-17 23:24:55.627 [info] Experiments are disabled, only manually opted experiments are active.
2024-10-17 23:24:55.627 [warning] Dir "/home/xeyossr/Documents/Coding/20Projects/Stalker/.pixi/envs" is not watchable (directory does not exist)
2024-10-17 23:24:55.627 [info] Default formatter is set to null for workspace /home/xeyossr/Documents/Coding/20Projects/Stalker
2024-10-17 23:24:55.627 [error] Unable to check if shell integration is active Error: Extension 'ms-python.python' CANNOT use API proposal: terminalDataWriteEvent.
Its package.json#enabledApiProposals-property declares:  but NOT terminalDataWriteEvent.
 The missing proposal MUST be added and you must start in extension development mode or use the following command line switch: --enable-proposed-api ms-python.python
    at H (file:///usr/lib/code/out/vs/workbench/api/node/extensionHostProcess.js:112:16479)
    at a.onDidWriteTerminalData (file:///usr/lib/code/out/vs/workbench/api/node/extensionHostProcess.js:156:45894)
    at new v (/home/xeyossr/.vscode-oss/extensions/ms-python.python-2024.14.1-universal/out/client/extension.js:2:904597)
    at me (/home/xeyossr/.vscode-oss/extensions/ms-python.python-2024.14.1-universal/out/client/extension.js:2:1750940)
    at /home/xeyossr/.vscode-oss/extensions/ms-python.python-2024.14.1-universal/out/client/extension.js:2:1754304
    at /home/xeyossr/.vscode-oss/extensions/ms-python.python-2024.14.1-universal/out/client/extension.js:2:1754332
    at Se (/home/xeyossr/.vscode-oss/extensions/ms-python.python-2024.14.1-universal/out/client/extension.js:2:1754399)
    at /home/xeyossr/.vscode-oss/extensions/ms-python.python-2024.14.1-universal/out/client/extension.js:2:1754879
    at we (/home/xeyossr/.vscode-oss/extensions/ms-python.python-2024.14.1-universal/out/client/extension.js:2:1754820)
    at Pe (/home/xeyossr/.vscode-oss/extensions/ms-python.python-2024.14.1-universal/out/client/extension.js:2:1754854)
    at /home/xeyossr/.vscode-oss/extensions/ms-python.python-2024.14.1-universal/out/client/extension.js:2:1752093
    at /home/xeyossr/.vscode-oss/extensions/ms-python.python-2024.14.1-universal/out/client/extension.js:2:1753698
    at Array.reduce (<anonymous>)
    at /home/xeyossr/.vscode-oss/extensions/ms-python.python-2024.14.1-universal/out/client/extension.js:2:1753670
    at /home/xeyossr/.vscode-oss/extensions/ms-python.python-2024.14.1-universal/out/client/extension.js:2:1753952
    at /home/xeyossr/.vscode-oss/extensions/ms-python.python-2024.14.1-universal/out/client/extension.js:2:1754332
    at Se (/home/xeyossr/.vscode-oss/extensions/ms-python.python-2024.14.1-universal/out/client/extension.js:2:1754399)
    at /home/xeyossr/.vscode-oss/extensions/ms-python.python-2024.14.1-universal/out/client/extension.js:2:1754879
    at we (/home/xeyossr/.vscode-oss/extensions/ms-python.python-2024.14.1-universal/out/client/extension.js:2:1754820)
    at Pe (/home/xeyossr/.vscode-oss/extensions/ms-python.python-2024.14.1-universal/out/client/extension.js:2:1754854)
    at /home/xeyossr/.vscode-oss/extensions/ms-python.python-2024.14.1-universal/out/client/extension.js:2:1752093
    at /home/xeyossr/.vscode-oss/extensions/ms-python.python-2024.14.1-universal/out/client/extension.js:2:1781763
    at /home/xeyossr/.vscode-oss/extensions/ms-python.python-2024.14.1-universal/out/client/extension.js:2:1781784
    at e._get (/home/xeyossr/.vscode-oss/extensions/ms-python.python-2024.14.1-universal/out/client/extension.js:2:1780797)
    at e._getButThrowIfAsync (/home/xeyossr/.vscode-oss/extensions/ms-python.python-2024.14.1-universal/out/client/extension.js:2:1780857)
    at e.get (/home/xeyossr/.vscode-oss/extensions/ms-python.python-2024.14.1-universal/out/client/extension.js:2:1776566)
    at e.dynamicValue (/home/xeyossr/.vscode-oss/extensions/ms-python.python-2024.14.1-universal/out/client/extension.js:2:1766299)
    at /home/xeyossr/.vscode-oss/extensions/ms-python.python-2024.14.1-universal/out/client/extension.js:2:1752476
    at Ee (/home/xeyossr/.vscode-oss/extensions/ms-python.python-2024.14.1-universal/out/client/extension.js:2:1752732)
    at Se (/home/xeyossr/.vscode-oss/extensions/ms-python.python-2024.14.1-universal/out/client/extension.js:2:1754448)
    at /home/xeyossr/.vscode-oss/extensions/ms-python.python-2024.14.1-universal/out/client/extension.js:2:1754879
    at we (/home/xeyossr/.vscode-oss/extensions/ms-python.python-2024.14.1-universal/out/client/extension.js:2:1754820)
    at Pe (/home/xeyossr/.vscode-oss/extensions/ms-python.python-2024.14.1-universal/out/client/extension.js:2:1754854)
    at /home/xeyossr/.vscode-oss/extensions/ms-python.python-2024.14.1-universal/out/client/extension.js:2:1752093
    at /home/xeyossr/.vscode-oss/extensions/ms-python.python-2024.14.1-universal/out/client/extension.js:2:1752027
    at Array.map (<anonymous>)
    at /home/xeyossr/.vscode-oss/extensions/ms-python.python-2024.14.1-universal/out/client/extension.js:2:1751998
    at /home/xeyossr/.vscode-oss/extensions/ms-python.python-2024.14.1-universal/out/client/extension.js:2:1753698
    at Array.reduce (<anonymous>)
    at /home/xeyossr/.vscode-oss/extensions/ms-python.python-2024.14.1-universal/out/client/extension.js:2:1753670
    at /home/xeyossr/.vscode-oss/extensions/ms-python.python-2024.14.1-universal/out/client/extension.js:2:1753952
    at /home/xeyossr/.vscode-oss/extensions/ms-python.python-2024.14.1-universal/out/client/extension.js:2:1754332
    at Se (/home/xeyossr/.vscode-oss/extensions/ms-python.python-2024.14.1-universal/out/client/extension.js:2:1754399)
    at /home/xeyossr/.vscode-oss/extensions/ms-python.python-2024.14.1-universal/out/client/extension.js:2:1754879
    at we (/home/xeyossr/.vscode-oss/extensions/ms-python.python-2024.14.1-universal/out/client/extension.js:2:1754820)
    at Pe (/home/xeyossr/.vscode-oss/extensions/ms-python.python-2024.14.1-universal/out/client/extension.js:2:1754854)
    at /home/xeyossr/.vscode-oss/extensions/ms-python.python-2024.14.1-universal/out/client/extension.js:2:1752093
    at /home/xeyossr/.vscode-oss/extensions/ms-python.python-2024.14.1-universal/out/client/extension.js:2:1781763
    at /home/xeyossr/.vscode-oss/extensions/ms-python.python-2024.14.1-universal/out/client/extension.js:2:1781784
    at e._get (/home/xeyossr/.vscode-oss/extensions/ms-python.python-2024.14.1-universal/out/client/extension.js:2:1780797)
    at e._getButThrowIfAsync (/home/xeyossr/.vscode-oss/extensions/ms-python.python-2024.14.1-universal/out/client/extension.js:2:1780857)
    at e.get (/home/xeyossr/.vscode-oss/extensions/ms-python.python-2024.14.1-universal/out/client/extension.js:2:1776566)
    at a.get (/home/xeyossr/.vscode-oss/extensions/ms-python.python-2024.14.1-universal/out/client/extension.js:2:523454)
    at /home/xeyossr/.vscode-oss/extensions/ms-python.python-2024.14.1-universal/out/client/extension.js:2:439421
    at t.activateComponents (/home/xeyossr/.vscode-oss/extensions/ms-python.python-2024.14.1-universal/out/client/extension.js:2:437708)
    at /home/xeyossr/.vscode-oss/extensions/ms-python.python-2024.14.1-universal/out/client/extension.js:2:2707679
    at e (/home/xeyossr/.vscode-oss/extensions/ms-python.python-2024.14.1-universal/out/client/extension.js:2:2707211)
    at x0.n (file:///usr/lib/code/out/vs/workbench/api/node/extensionHostProcess.js:114:4450)
    at x0.m (file:///usr/lib/code/out/vs/workbench/api/node/extensionHostProcess.js:114:4413)
    at x0.l (file:///usr/lib/code/out/vs/workbench/api/node/extensionHostProcess.js:114:3869)
2024-10-17 23:24:55.627 [info] Starting Environment refresh
2024-10-17 23:24:55.627 [info] Starting Environment refresh
2024-10-17 23:24:55.647 [info] > pixi --version
2024-10-17 23:24:55.662 [info] > hatch env show --json
2024-10-17 23:24:55.662 [info] cwd: .
2024-10-17 23:24:55.678 [info] Environments refresh finished (event): 88 milliseconds
2024-10-17 23:24:55.678 [info] Environments refresh paths discovered: 89 milliseconds
2024-10-17 23:24:55.679 [info] Environments refresh finished (event): 84 milliseconds
2024-10-17 23:24:55.679 [info] Environments refresh paths discovered: 84 milliseconds
2024-10-17 23:24:55.701 [info] Environment refresh took 114 milliseconds
2024-10-17 23:24:55.702 [info] Environment refresh took 107 milliseconds
2024-10-17 23:24:55.833 [info] > pyenv which python
2024-10-17 23:24:55.833 [info] cwd: .
2024-10-17 23:24:55.863 [warning] could not find a pixi interpreter for the interpreter at /bin/python
2024-10-17 23:24:55.880 [error] [
  'Failed to activate a workspace, Class name = v, completed in 292ms, has a falsy return value, Arg 1: <Uri:/home/xeyossr/Documents/Coding/20Projects/Stalker/app.py>, Arg 2: {"started":1729193095335}, Return Value: undefined',
  Error: Extension 'ms-python.python' CANNOT use API proposal: testObserver.
  Its package.json#enabledApiProposals-property declares:  but NOT testObserver.
   The missing proposal MUST be added and you must start in extension development mode or use the following command line switch: --enable-proposed-api ms-python.python
      at H (file:///usr/lib/code/out/vs/workbench/api/node/extensionHostProcess.js:112:16479)
      at Object.get testResults [as testResults] (file:///usr/lib/code/out/vs/workbench/api/node/extensionHostProcess.js:156:39221)
      at C.activate (/home/xeyossr/.vscode-oss/extensions/ms-python.python-2024.14.1-universal/out/client/extension.js:2:938870)
      at /home/xeyossr/.vscode-oss/extensions/ms-python.python-2024.14.1-universal/out/client/extension.js:2:2457
      at Array.map (<anonymous>)
      at v.activateWorkspace (/home/xeyossr/.vscode-oss/extensions/ms-python.python-2024.14.1-universal/out/client/extension.js:2:2447)
]
2024-10-17 23:24:55.881 [error] Failure during activation. Error: Extension 'ms-python.python' CANNOT use API proposal: testObserver.
Its package.json#enabledApiProposals-property declares:  but NOT testObserver.
 The missing proposal MUST be added and you must start in extension development mode or use the following command line switch: --enable-proposed-api ms-python.python
    at H (file:///usr/lib/code/out/vs/workbench/api/node/extensionHostProcess.js:112:16479)
    at Object.get testResults [as testResults] (file:///usr/lib/code/out/vs/workbench/api/node/extensionHostProcess.js:156:39221)
    at C.activate (/home/xeyossr/.vscode-oss/extensions/ms-python.python-2024.14.1-universal/out/client/extension.js:2:938870)
    at /home/xeyossr/.vscode-oss/extensions/ms-python.python-2024.14.1-universal/out/client/extension.js:2:2457
    at Array.map (<anonymous>)
    at v.activateWorkspace (/home/xeyossr/.vscode-oss/extensions/ms-python.python-2024.14.1-universal/out/client/extension.js:2:2447)
2024-10-17 23:24:55.881 [error] sendStartupTelemetry() failed. Error: Extension 'ms-python.python' CANNOT use API proposal: testObserver.
Its package.json#enabledApiProposals-property declares:  but NOT testObserver.
 The missing proposal MUST be added and you must start in extension development mode or use the following command line switch: --enable-proposed-api ms-python.python
    at H (file:///usr/lib/code/out/vs/workbench/api/node/extensionHostProcess.js:112:16479)
    at Object.get testResults [as testResults] (file:///usr/lib/code/out/vs/workbench/api/node/extensionHostProcess.js:156:39221)
    at C.activate (/home/xeyossr/.vscode-oss/extensions/ms-python.python-2024.14.1-universal/out/client/extension.js:2:938870)
    at /home/xeyossr/.vscode-oss/extensions/ms-python.python-2024.14.1-universal/out/client/extension.js:2:2457
    at Array.map (<anonymous>)
    at v.activateWorkspace (/home/xeyossr/.vscode-oss/extensions/ms-python.python-2024.14.1-universal/out/client/extension.js:2:2447)
2024-10-17 23:24:55.890 [info] Python interpreter path: /bin/python
2024-10-17 23:24:57.210 [info] Starting Jedi language server for Stalker.
2024-10-17 23:25:39.491 [info] Discover tests for workspace name: Stalker - uri: /home/xeyossr/Documents/Coding/20Projects/Stalker/app.py
2024-10-17 23:25:45.961 [info] Discover tests for workspace name: Stalker - uri: /home/xeyossr/Documents/Coding/20Projects/Stalker/app.py
2024-10-17 23:25:51.797 [info] Discover tests for workspace name: Stalker - uri: /home/xeyossr/Documents/Coding/20Projects/Stalker/app.py
2024-10-17 23:26:02.774 [info] Discover tests for workspace name: Stalker - uri: /home/xeyossr/Documents/Coding/20Projects/Stalker/app.py
2024-10-17 23:27:03.225 [info] Discover tests for workspace name: Stalker - uri: /home/xeyossr/Documents/Coding/20Projects/Stalker/app.py
2024-10-17 23:40:13.892 [info] Discover tests for workspace name: Stalker - uri: /home/xeyossr/Documents/Coding/20Projects/Stalker/app.py
2024-10-17 23:44:57.380 [info] Discover tests for workspace name: Stalker - uri: /home/xeyossr/Documents/Coding/20Projects/Stalker/app.py
2024-10-17 23:46:36.490 [info] Discover tests for workspace name: Stalker - uri: /home/xeyossr/Documents/Coding/20Projects/Stalker/app.py
2024-10-17 23:47:07.554 [info] Discover tests for workspace name: Stalker - uri: /home/xeyossr/Documents/Coding/20Projects/Stalker/app.py
2024-10-17 23:48:44.529 [info] Discover tests for workspace name: Stalker - uri: /home/xeyossr/Documents/Coding/20Projects/Stalker/app.py
2024-10-17 23:49:06.260 [info] Discover tests for workspace name: Stalker - uri: /home/xeyossr/Documents/Coding/20Projects/Stalker/app.py
2024-10-17 23:49:07.505 [info] Discover tests for workspace name: Stalker - uri: /home/xeyossr/Documents/Coding/20Projects/Stalker/app.py
2024-10-17 23:49:08.859 [info] Discover tests for workspace name: Stalker - uri: /home/xeyossr/Documents/Coding/20Projects/Stalker/app.py
2024-10-17 23:49:45.014 [info] Discover tests for workspace name: Stalker - uri: /home/xeyossr/Documents/Coding/20Projects/Stalker/app.py
2024-10-17 23:50:07.054 [info] Discover tests for workspace name: Stalker - uri: /home/xeyossr/Documents/Coding/20Projects/Stalker/app.py
2024-10-17 23:52:14.795 [info] Discover tests for workspace name: Stalker - uri: /home/xeyossr/Documents/Coding/20Projects/Stalker/app.py
2024-10-17 23:52:43.967 [info] Discover tests for workspace name: Stalker - uri: /home/xeyossr/Documents/Coding/20Projects/Stalker/app.py
2024-10-17 23:52:56.413 [info] Discover tests for workspace name: Stalker - uri: /home/xeyossr/Documents/Coding/20Projects/Stalker/app.py
2024-10-17 23:54:05.093 [info] Discover tests for workspace name: Stalker - uri: /home/xeyossr/Documents/Coding/20Projects/Stalker/app.py
