2024-10-17 23:24:18.460 [info] [Error - 11:24:18 PM] Server process exited with signal SIGTERM.
2024-10-17 23:25:01.031 [info] WARNING:pygls.protocol:Cancel notification for unknown message id "6"

2024-10-17 23:25:01.081 [info] WARNING:pygls.protocol:Cancel notification for unknown message id "8"

2024-10-17 23:25:01.083 [info] WARNING:pygls.protocol:Cancel notification for unknown message id "7"

2024-10-17 23:25:04.953 [info] WARNING:pygls.protocol:Cancel notification for unknown message id "16"

2024-10-17 23:25:05.442 [info] WARNING:pygls.protocol:Cancel notification for unknown message id "19"

2024-10-17 23:25:10.441 [info] WARNING:pygls.protocol:Cancel notification for unknown message id "35"

2024-10-17 23:25:43.046 [info] WARNING:pygls.protocol:Cancel notification for unknown message id "65"

2024-10-17 23:27:00.797 [info] WARNING:pygls.protocol:Cancel notification for unknown message id "118"

2024-10-17 23:40:11.791 [info] WARNING:pygls.protocol:Cancel notification for unknown message id "128"

2024-10-17 23:44:37.933 [info] WARNING:pygls.protocol:Cancel notification for unknown message id "138"

2024-10-17 23:44:38.188 [info] WARNING:pygls.protocol:Cancel notification for unknown message id "140"

2024-10-17 23:44:42.302 [info] WARNING:pygls.protocol:Cancel notification for unknown message id "142"

2024-10-17 23:44:53.488 [info] WARNING:pygls.protocol:Cancel notification for unknown message id "157"

2024-10-17 23:44:54.362 [info] WARNING:pygls.protocol:Cancel notification for unknown message id "161"

2024-10-17 23:44:56.522 [info] WARNING:pygls.protocol:Cancel notification for unknown message id "168"

2024-10-17 23:44:56.575 [info] WARNING:pygls.protocol:Cancel notification for unknown message id "169"

2024-10-17 23:45:35.391 [info] WARNING:pygls.protocol:Cancel notification for unknown message id "206"

2024-10-17 23:45:35.535 [info] WARNING:pygls.protocol:Cancel notification for unknown message id "207"

2024-10-17 23:45:55.770 [info] WARNING:pygls.protocol:Cancel notification for unknown message id "211"

2024-10-17 23:46:27.457 [info] WARNING:pygls.protocol:Cancel notification for unknown message id "230"

2024-10-17 23:46:30.167 [info] WARNING:pygls.protocol:Cancel notification for unknown message id "241"

2024-10-17 23:46:30.168 [info] WARNING:pygls.protocol:Cancel notification for unknown message id "240"

2024-10-17 23:46:30.204 [info] WARNING:pygls.protocol:Cancel notification for unknown message id "243"

2024-10-17 23:46:34.949 [info] WARNING:pygls.protocol:Cancel notification for unknown message id "272"

2024-10-17 23:47:06.345 [info] WARNING:pygls.protocol:Cancel notification for unknown message id "289"

2024-10-17 23:47:14.271 [info] WARNING:pygls.protocol:Cancel notification for unknown message id "301"

2024-10-17 23:47:14.433 [info] WARNING:pygls.protocol:Cancel notification for unknown message id "302"

2024-10-17 23:47:14.515 [info] WARNING:pygls.protocol:Cancel notification for unknown message id "303"

2024-10-17 23:47:14.538 [info] WARNING:pygls.protocol:Cancel notification for unknown message id "304"

2024-10-17 23:47:14.701 [info] WARNING:pygls.protocol:Cancel notification for unknown message id "305"

2024-10-17 23:47:14.789 [info] WARNING:pygls.protocol:Cancel notification for unknown message id "306"

2024-10-17 23:47:20.396 [info] WARNING:pygls.protocol:Cancel notification for unknown message id "309"

2024-10-17 23:48:01.743 [info] WARNING:pygls.protocol:Cancel notification for unknown message id "321"

2024-10-17 23:48:02.910 [info] WARNING:pygls.protocol:Cancel notification for unknown message id "327"

2024-10-17 23:48:03.256 [info] WARNING:pygls.protocol:Cancel notification for unknown message id "329"

2024-10-17 23:48:34.658 [info] ERROR:pygls.protocol:Failed to handle request 341 textDocument/documentHighlight DocumentHighlightParams(text_document=TextDocumentIdentifier(uri='file:///home/xeyossr/Documents/Coding/20Projects/Stalker/app.py'), position=5:30, work_done_token=None, partial_result_token=None)
Traceback (most recent call last):
  File "/home/xeyossr/.vscode-oss/extensions/ms-python.python-2024.14.1-universal/python_files/lib/jedilsp/pygls/protocol.py", line 340, in _handle_request
    self._execute_request(msg_id, handler, params)
  File "/home/xeyossr/.vscode-oss/extensions/ms-python.python-2024.14.1-universal/python_files/lib/jedilsp/pygls/protocol.py", line 264, in _execute_request
    self._send_response(msg_id, handler(params))
                                ^^^^^^^^^^^^^^^
  File "/home/xeyossr/.vscode-oss/extensions/ms-python.python-2024.14.1-universal/python_files/lib/jedilsp/jedi_language_server/server.py", line 364, in highlight
    names = jedi_script.get_references(*jedi_lines, scope="file")
            ^^^^^^^^^^^^^^^^^^^^^^^^^^^^^^^^^^^^^^^^^^^^^^^^^^^^^
  File "/home/xeyossr/.vscode-oss/extensions/ms-python.python-2024.14.1-universal/python_files/lib/jedilsp/jedi/api/helpers.py", line 484, in wrapper
    raise ValueError('`column` parameter (%d) is not in a valid range '
ValueError: `column` parameter (30) is not in a valid range (0-28) for line 6 ("Flask.redirect('index.html')\n").

2024-10-17 23:48:34.669 [info] [Error - 11:48:34 PM] Request textDocument/documentHighlight failed.
2024-10-17 23:48:34.669 [info]   Message: ValueError: `column` parameter (30) is not in a valid range (0-28) for line 6 ("Flask.redirect('index.html')\n").
  Code: -32602 
{'traceback': ['  File "/home/xeyossr/.vscode-oss/extensions/ms-python.python-2024.14.1-universal/python_files/lib/jedilsp/pygls/protocol.py", line 340, in _handle_request\n    self._execute_request(msg_id, handler, params)\n', '  File "/home/xeyossr/.vscode-oss/extensions/ms-python.python-2024.14.1-universal/python_files/lib/jedilsp/pygls/protocol.py", line 264, in _execute_request\n    self._send_response(msg_id, handler(params))\n                                ^^^^^^^^^^^^^^^\n', '  File "/home/xeyossr/.vscode-oss/extensions/ms-python.python-2024.14.1-universal/python_files/lib/jedilsp/jedi_language_server/server.py", line 364, in highlight\n    names = jedi_script.get_references(*jedi_lines, scope="file")\n            ^^^^^^^^^^^^^^^^^^^^^^^^^^^^^^^^^^^^^^^^^^^^^^^^^^^^^\n', '  File "/home/xeyossr/.vscode-oss/extensions/ms-python.python-2024.14.1-universal/python_files/lib/jedilsp/jedi/api/helpers.py", line 484, in wrapper\n    raise ValueError(\'`column` parameter (%d) is not in a valid range \'\n']}
2024-10-17 23:48:40.547 [info] WARNING:pygls.protocol:Cancel notification for unknown message id "364"

2024-10-17 23:48:41.493 [info] WARNING:pygls.protocol:Cancel notification for unknown message id "369"

2024-10-17 23:49:08.339 [info] WARNING:pygls.protocol:Cancel notification for unknown message id "416"

2024-10-17 23:49:38.076 [info] WARNING:pygls.protocol:Cancel notification for unknown message id "423"

2024-10-17 23:49:49.573 [info] WARNING:pygls.protocol:Cancel notification for unknown message id "449"

2024-10-17 23:49:49.574 [info] WARNING:pygls.protocol:Cancel notification for unknown message id "448"

2024-10-17 23:49:49.765 [info] WARNING:pygls.protocol:Cancel notification for unknown message id "451"

2024-10-17 23:49:49.848 [info] WARNING:pygls.protocol:Cancel notification for unknown message id "452"

2024-10-17 23:52:19.397 [info] WARNING:pygls.protocol:Cancel notification for unknown message id "488"

2024-10-17 23:54:04.316 [info] WARNING:pygls.protocol:Cancel notification for unknown message id "513"

2024-10-17 23:57:04.818 [info] [Error - 11:57:04 PM] Server process exited with signal SIGTERM.
