2024-10-18 16:32:28.221 [info] Started local extension host with pid 140186.
2024-10-18 16:32:29.983 [error] Error scanning extensions at /$HOME/.vscode-oss/extensions/undefined_publisher.wallbash-0.0.1: Var olmayan '/$HOME/.vscode-oss/extensions/undefined_publisher.wallbash-0.0.1' dosyası çözümlenemiyor
2024-10-18 16:32:29.987 [error] Extension 'ms-python.debugpy CANNOT USE these API proposals 'portsAttributes, contribIssueReporter, debugVisualization, contribViewsWelcome'. You MUST start in extension development mode or use the --enable-proposed-api command line flag
2024-10-18 16:32:29.987 [error] Extension 'ms-python.python CANNOT USE these API proposals 'contribEditorContentMenu, quickPickSortByLabel, testObserver, quickPickItemTooltip, terminalDataWriteEvent, terminalExecuteCommandEvent, contribIssueReporter, codeActionAI, notebookReplDocument, notebookVariableProvider'. You MUST start in extension development mode or use the --enable-proposed-api command line flag
2024-10-18 16:32:30.153 [error] [ms-python.debugpy]: issue/reporter önerilen bir menü tanımlayıcısıdır. 'package.json#enabledApiProposals: ["contribIssueReporter"]' özelliğini gerektirir ve yalnızca geliştirme dışında veya --enable-proposed-api ms-python.debugpy komut satırı anahtarıyla çalışırken kullanılabilir
2024-10-18 16:32:30.153 [error] [ms-python.python]: issue/reporter önerilen bir menü tanımlayıcısıdır. 'package.json#enabledApiProposals: ["contribIssueReporter"]' özelliğini gerektirir ve yalnızca geliştirme dışında veya --enable-proposed-api ms-python.python komut satırı anahtarıyla çalışırken kullanılabilir
2024-10-18 16:32:30.154 [error] [ms-python.python]: editor/content önerilen bir menü tanımlayıcısıdır. 'package.json#enabledApiProposals: ["contribEditorContentMenu"]' özelliğini gerektirir ve yalnızca geliştirme dışında veya --enable-proposed-api ms-python.python komut satırı anahtarıyla çalışırken kullanılabilir
2024-10-18 16:32:34.379 [error] spawn /home/xeyossr/.vscode-oss/extensions/ms-python.python-2024.16.1-universal/python-env-tools/bin/pet ENOENT: Error: spawn /home/xeyossr/.vscode-oss/extensions/ms-python.python-2024.16.1-universal/python-env-tools/bin/pet ENOENT
	at ChildProcess._handle.onexit (node:internal/child_process:286:19)
	at onErrorNT (node:internal/child_process:484:16)
	at process.processTicksAndRejections (node:internal/process/task_queues:82:21)
2024-10-18 16:32:35.070 [info] [perf] Render performance baseline is 169ms
2024-10-18 16:34:45.730 [info] Started local extension host with pid 142218.
2024-10-18 16:34:47.107 [error] Error scanning extensions at /$HOME/.vscode-oss/extensions/undefined_publisher.wallbash-0.0.1: Var olmayan '/$HOME/.vscode-oss/extensions/undefined_publisher.wallbash-0.0.1' dosyası çözümlenemiyor
2024-10-18 16:34:47.112 [error] Extension 'ms-python.debugpy CANNOT USE these API proposals 'portsAttributes, contribIssueReporter, debugVisualization, contribViewsWelcome'. You MUST start in extension development mode or use the --enable-proposed-api command line flag
2024-10-18 16:34:47.112 [error] Extension 'ms-python.python CANNOT USE these API proposals 'contribEditorContentMenu, quickPickSortByLabel, testObserver, quickPickItemTooltip, terminalDataWriteEvent, terminalExecuteCommandEvent, contribIssueReporter, codeActionAI, notebookReplDocument, notebookVariableProvider'. You MUST start in extension development mode or use the --enable-proposed-api command line flag
2024-10-18 16:34:47.195 [error] [ms-python.debugpy]: issue/reporter önerilen bir menü tanımlayıcısıdır. 'package.json#enabledApiProposals: ["contribIssueReporter"]' özelliğini gerektirir ve yalnızca geliştirme dışında veya --enable-proposed-api ms-python.debugpy komut satırı anahtarıyla çalışırken kullanılabilir
2024-10-18 16:34:47.199 [error] [ms-python.python]: issue/reporter önerilen bir menü tanımlayıcısıdır. 'package.json#enabledApiProposals: ["contribIssueReporter"]' özelliğini gerektirir ve yalnızca geliştirme dışında veya --enable-proposed-api ms-python.python komut satırı anahtarıyla çalışırken kullanılabilir
2024-10-18 16:34:47.200 [error] [ms-python.python]: editor/content önerilen bir menü tanımlayıcısıdır. 'package.json#enabledApiProposals: ["contribEditorContentMenu"]' özelliğini gerektirir ve yalnızca geliştirme dışında veya --enable-proposed-api ms-python.python komut satırı anahtarıyla çalışırken kullanılabilir
2024-10-18 16:35:18.318 [info] [perf] Render performance baseline is 118ms
2024-10-18 19:20:37.570 [warning] [lifecycle] onWillShutdown is taking a long time, pending operations: join.workingCopyHistory
