2024-10-18 16:32:27.727 [info] Added views:outline in workbench.view.explorer
2024-10-18 16:32:27.727 [info] Added views:workbench.view.search in workbench.view.search
2024-10-18 16:32:27.727 [info] Added views:workbench.scm in workbench.view.scm
2024-10-18 16:32:27.727 [info] Added views:workbench.panel.markers.view in workbench.panel.markers
2024-10-18 16:32:27.727 [info] Added views:workbench.panel.output in workbench.panel.output
2024-10-18 16:32:27.727 [info] Added views:terminal in terminal
2024-10-18 16:32:27.727 [info] Added views:timeline in workbench.view.explorer
2024-10-18 16:32:27.727 [info] Added views:workbench.explorer.fileView in workbench.view.explorer
2024-10-18 16:32:28.184 [info] Added views:workbench.debug.welcome in workbench.view.debug
2024-10-18 16:32:30.267 [info] Added views:discordTreeView in workbench.view.explorer
2024-10-18 16:32:31.162 [info] Added views:workbench.panel.repl.view in workbench.panel.repl
2024-10-18 16:32:32.908 [info] Added views:workbench.views.extensions.installed,extensions.recommendedList in workbench.view.extensions
2024-10-18 16:32:33.150 [info] Added views:~remote.forwardedPorts in ~remote.forwardedPortsContainer
2024-10-18 16:32:34.718 [info] Added views:workbench.view.testing in workbench.view.extension.test
2024-10-18 16:32:43.388 [info] Removed views:extensions.recommendedList,workbench.views.extensions.installed from workbench.view.extensions
2024-10-18 16:32:43.400 [info] Added views:workbench.views.extensions.marketplace in workbench.view.extensions
2024-10-18 16:34:44.285 [info] Removed views:workbench.view.testing from workbench.view.extension.test
2024-10-18 16:34:45.620 [info] Added views:outline in workbench.view.explorer
2024-10-18 16:34:45.620 [info] Added views:workbench.view.search in workbench.view.search
2024-10-18 16:34:45.620 [info] Added views:workbench.scm in workbench.view.scm
2024-10-18 16:34:45.620 [info] Added views:workbench.panel.markers.view in workbench.panel.markers
2024-10-18 16:34:45.620 [info] Added views:workbench.panel.output in workbench.panel.output
2024-10-18 16:34:45.620 [info] Added views:terminal in terminal
2024-10-18 16:34:45.620 [info] Added views:timeline in workbench.view.explorer
2024-10-18 16:34:45.620 [info] Added views:workbench.explorer.fileView in workbench.view.explorer
2024-10-18 16:34:46.120 [info] Added views:workbench.debug.variablesView,workbench.debug.watchExpressionsView,workbench.debug.callStackView,workbench.debug.breakPointsView in workbench.view.debug
2024-10-18 16:34:47.300 [info] Added views:discordTreeView in workbench.view.explorer
2024-10-18 16:34:47.823 [info] Added views:workbench.panel.repl.view in workbench.panel.repl
2024-10-18 16:34:47.831 [info] Removed views:workbench.debug.breakPointsView,workbench.debug.callStackView,workbench.debug.watchExpressionsView,workbench.debug.variablesView from workbench.view.debug
2024-10-18 16:34:47.834 [info] Added views:workbench.debug.welcome in workbench.view.debug
2024-10-18 16:34:47.952 [info] Added views:~remote.forwardedPorts in ~remote.forwardedPortsContainer
