2024-10-19 11:35:49.171 [info] Added views:outline in workbench.view.explorer
2024-10-19 11:35:49.171 [info] Added views:workbench.view.search in workbench.view.search
2024-10-19 11:35:49.171 [info] Added views:workbench.scm in workbench.view.scm
2024-10-19 11:35:49.171 [info] Added views:workbench.panel.markers.view in workbench.panel.markers
2024-10-19 11:35:49.171 [info] Added views:workbench.panel.output in workbench.panel.output
2024-10-19 11:35:49.171 [info] Added views:terminal in terminal
2024-10-19 11:35:49.171 [info] Added views:timeline in workbench.view.explorer
2024-10-19 11:35:49.171 [info] Added views:workbench.explorer.fileView in workbench.view.explorer
2024-10-19 11:35:49.912 [info] Added views:workbench.debug.welcome in workbench.view.debug
2024-10-19 11:35:49.916 [info] Added views:workbench.debug.breakPointsView in workbench.view.debug
2024-10-19 11:35:52.446 [info] Added views:discordTreeView in workbench.view.explorer
2024-10-19 11:35:52.927 [info] Added views:workbench.panel.repl.view in workbench.panel.repl
2024-10-19 11:36:35.790 [info] Added views:~remote.forwardedPorts in ~remote.forwardedPortsContainer
2024-10-19 11:36:41.603 [info] Added views:outline in workbench.view.explorer
2024-10-19 11:36:41.603 [info] Added views:workbench.view.search in workbench.view.search
2024-10-19 11:36:41.603 [info] Added views:workbench.scm in workbench.view.scm
2024-10-19 11:36:41.603 [info] Added views:workbench.panel.markers.view in workbench.panel.markers
2024-10-19 11:36:41.603 [info] Added views:workbench.panel.output in workbench.panel.output
2024-10-19 11:36:41.603 [info] Added views:terminal in terminal
2024-10-19 11:36:41.603 [info] Added views:timeline in workbench.view.explorer
2024-10-19 11:36:41.603 [info] Added views:workbench.explorer.fileView in workbench.view.explorer
2024-10-19 11:36:41.882 [info] Added views:workbench.debug.variablesView,workbench.debug.watchExpressionsView,workbench.debug.callStackView,workbench.debug.breakPointsView in workbench.view.debug
2024-10-19 11:36:42.983 [info] Added views:discordTreeView in workbench.view.explorer
2024-10-19 11:36:43.306 [info] Added views:workbench.panel.repl.view in workbench.panel.repl
2024-10-19 11:36:43.311 [info] Removed views:workbench.debug.breakPointsView,workbench.debug.callStackView,workbench.debug.watchExpressionsView,workbench.debug.variablesView from workbench.view.debug
2024-10-19 11:36:43.314 [info] Added views:workbench.debug.welcome in workbench.view.debug
2024-10-19 11:36:43.382 [info] Added views:~remote.forwardedPorts in ~remote.forwardedPortsContainer
2024-10-19 11:38:00.145 [info] Added views:workbench.view.testing in workbench.view.extension.test
2024-10-19 11:48:57.641 [info] Removed views:workbench.view.testing from workbench.view.extension.test
2024-10-19 11:49:00.271 [info] Added views:outline in workbench.view.explorer
2024-10-19 11:49:00.271 [info] Added views:workbench.view.search in workbench.view.search
2024-10-19 11:49:00.271 [info] Added views:workbench.scm in workbench.view.scm
2024-10-19 11:49:00.271 [info] Added views:workbench.panel.markers.view in workbench.panel.markers
2024-10-19 11:49:00.272 [info] Added views:workbench.panel.output in workbench.panel.output
2024-10-19 11:49:00.272 [info] Added views:terminal in terminal
2024-10-19 11:49:00.272 [info] Added views:timeline in workbench.view.explorer
2024-10-19 11:49:00.272 [info] Added views:workbench.explorer.fileView in workbench.view.explorer
2024-10-19 11:49:00.817 [info] Added views:workbench.debug.variablesView,workbench.debug.watchExpressionsView,workbench.debug.callStackView,workbench.debug.breakPointsView in workbench.view.debug
2024-10-19 11:49:02.065 [info] Added views:discordTreeView in workbench.view.explorer
2024-10-19 11:49:02.145 [info] Added views:~remote.forwardedPorts in ~remote.forwardedPortsContainer
2024-10-19 11:49:02.916 [info] Added views:workbench.panel.repl.view in workbench.panel.repl
2024-10-19 11:49:02.919 [info] Removed views:workbench.debug.breakPointsView,workbench.debug.callStackView,workbench.debug.watchExpressionsView,workbench.debug.variablesView from workbench.view.debug
2024-10-19 11:49:02.921 [info] Added views:workbench.debug.welcome in workbench.view.debug
2024-10-19 11:49:04.325 [info] Added views:workbench.view.testing in workbench.view.extension.test
2024-10-19 12:16:17.425 [info] Removed views:workbench.view.testing from workbench.view.extension.test
2024-10-19 12:16:19.361 [info] Added views:outline in workbench.view.explorer
2024-10-19 12:16:19.361 [info] Added views:workbench.view.search in workbench.view.search
2024-10-19 12:16:19.361 [info] Added views:workbench.scm in workbench.view.scm
2024-10-19 12:16:19.361 [info] Added views:workbench.panel.markers.view in workbench.panel.markers
2024-10-19 12:16:19.361 [info] Added views:workbench.panel.output in workbench.panel.output
2024-10-19 12:16:19.362 [info] Added views:terminal in terminal
2024-10-19 12:16:19.362 [info] Added views:timeline in workbench.view.explorer
2024-10-19 12:16:19.362 [info] Added views:workbench.explorer.fileView in workbench.view.explorer
2024-10-19 12:16:19.717 [info] Added views:workbench.debug.welcome in workbench.view.debug
2024-10-19 12:16:21.810 [info] Added views:discordTreeView in workbench.view.explorer
2024-10-19 12:16:22.720 [info] Added views:workbench.panel.repl.view in workbench.panel.repl
2024-10-19 12:16:26.202 [info] Added views:workbench.view.testing in workbench.view.extension.test
2024-10-19 12:16:29.511 [info] Added views:~remote.forwardedPorts in ~remote.forwardedPortsContainer
2024-10-19 13:21:07.451 [info] Removed views:workbench.view.testing from workbench.view.extension.test
