2024-10-19 20:50:02.444 [info] [ana] Günlük düzeyi: Info
2024-10-19 20:50:02.444 [info] [ana] Şurada bulunan git doğrulanıyor: "git"
2024-10-19 20:50:02.444 [info] [ana] "git" konumundaki "2.47.0" git'i kullanılıyor
2024-10-19 20:50:02.444 [info] [Model][doInitialScan] Initial repository scan started
2024-10-19 20:50:02.444 [info] > git rev-parse --show-toplevel [4ms]
2024-10-19 20:50:02.447 [info] > git rev-parse --git-dir --git-common-dir [3ms]
2024-10-19 20:50:02.483 [info] [Model][openRepository] Opened repository: /home/xeyossr/Documents/GitHub/dotfiles
2024-10-19 20:50:02.490 [info] [Model][doInitialScan] Initial repository scan completed - repositories (1), closed repositories (0), parent repositories (0), unsafe repositories (0)
2024-10-19 20:50:02.536 [info] > git config --get commit.template [30ms]
2024-10-19 20:50:02.554 [info] > git for-each-ref --format=%(refname)%00%(upstream:short)%00%(objectname)%00%(upstream:track)%00%(upstream:remotename)%00%(upstream:remoteref) refs/heads/main refs/remotes/main [25ms]
2024-10-19 20:50:02.576 [warning] [Git][revParse] Unable to read file: ENOENT: no such file or directory, open '/home/xeyossr/Documents/GitHub/dotfiles/.git/refs/remotes/origin/main'
2024-10-19 20:50:02.684 [info] > git rev-parse refs/remotes/origin/main [109ms]
2024-10-19 20:50:03.108 [info] > git status -z -uall [399ms]
2024-10-19 20:50:03.114 [info] > git for-each-ref --sort -committerdate --format %(refname) %(objectname) %(*objectname) [385ms]
2024-10-19 20:50:03.400 [info] > git for-each-ref --format=%(refname)%00%(upstream:short)%00%(objectname)%00%(upstream:track)%00%(upstream:remotename)%00%(upstream:remoteref) refs/heads/main refs/remotes/main [224ms]
2024-10-19 20:50:03.814 [info] > git config --local branch.main.vscode-merge-base [372ms]
2024-10-19 20:50:03.815 [warning] [Git][config] git config failed: Failed to execute git
2024-10-19 20:50:03.833 [info] > git config --get commit.template [449ms]
2024-10-19 20:50:03.853 [info] > git check-ignore -v -z --stdin [3ms]
2024-10-19 20:50:03.859 [info] > git reflog main --grep-reflog=branch: Created from *. [27ms]
2024-10-19 20:50:03.933 [info] > git symbolic-ref --short refs/remotes/origin/HEAD [33ms]
2024-10-19 20:50:03.969 [info] > git for-each-ref --format=%(refname)%00%(upstream:short)%00%(objectname)%00%(upstream:track)%00%(upstream:remotename)%00%(upstream:remoteref) refs/heads/origin/main refs/remotes/origin/main [23ms]
2024-10-19 20:50:03.983 [info] > git for-each-ref --format=%(refname)%00%(upstream:short)%00%(objectname)%00%(upstream:track)%00%(upstream:remotename)%00%(upstream:remoteref) refs/heads/main refs/remotes/main [52ms]
2024-10-19 20:50:04.033 [warning] [Git][revParse] Unable to read file: ENOENT: no such file or directory, open '/home/xeyossr/Documents/GitHub/dotfiles/.git/refs/remotes/origin/main'
2024-10-19 20:50:04.035 [info] > git show --textconv :README.md [30ms]
2024-10-19 20:50:04.037 [info] > git ls-files --stage -- /home/xeyossr/Documents/GitHub/dotfiles/README.md [16ms]
2024-10-19 20:50:04.059 [info] > git config --local branch.main.vscode-merge-base origin/main [76ms]
2024-10-19 20:50:04.160 [info] > git cat-file -s a7a84ec7f751f9073dbd71e2e124b65b8262896b [104ms]
2024-10-19 20:50:04.162 [info] > git rev-parse refs/remotes/origin/main [128ms]
2024-10-19 20:50:04.250 [info] > git for-each-ref --format=%(refname)%00%(upstream:short)%00%(objectname)%00%(upstream:track)%00%(upstream:remotename)%00%(upstream:remoteref) refs/heads/main refs/remotes/main [67ms]
2024-10-19 20:50:04.262 [info] > git config --get commit.template [106ms]
2024-10-19 20:50:04.335 [info] > git config --local branch.main.vscode-merge-base [73ms]
2024-10-19 20:50:04.551 [info] > git for-each-ref --format=%(refname)%00%(upstream:short)%00%(objectname)%00%(upstream:track)%00%(upstream:remotename)%00%(upstream:remoteref) refs/heads/origin/main refs/remotes/origin/main [198ms]
2024-10-19 20:50:04.580 [info] > git merge-base refs/heads/main refs/remotes/origin/main [18ms]
2024-10-19 20:50:04.595 [info] > git for-each-ref --format=%(refname)%00%(upstream:short)%00%(objectname)%00%(upstream:track)%00%(upstream:remotename)%00%(upstream:remoteref) refs/heads/main refs/remotes/main [65ms]
2024-10-19 20:50:04.610 [warning] [Git][revParse] Unable to read file: ENOENT: no such file or directory, open '/home/xeyossr/Documents/GitHub/dotfiles/.git/refs/remotes/origin/main'
2024-10-19 20:50:04.612 [info] > git diff --name-status -z --diff-filter=ADMR 3080875ef810dec375e6ec15b0b492578c89b661...refs/remotes/origin/main [17ms]
2024-10-19 20:50:04.614 [info] > git rev-parse refs/remotes/origin/main [5ms]
2024-10-19 20:50:04.640 [info] > git status -z -uall [12ms]
2024-10-19 20:50:04.644 [info] > git for-each-ref --sort -committerdate --format %(refname) %(objectname) %(*objectname) [7ms]
2024-10-19 20:50:05.346 [info] > git ls-files --stage -- /home/xeyossr/Documents/GitHub/dotfiles/README.md [2ms]
2024-10-19 20:50:05.359 [info] > git cat-file -s a7a84ec7f751f9073dbd71e2e124b65b8262896b [3ms]
2024-10-19 20:50:05.403 [info] > git show --textconv :README.md [3ms]
2024-10-19 20:50:23.809 [info] > git show --textconv :README.md [10ms]
2024-10-19 20:50:23.811 [info] > git ls-files --stage -- /home/xeyossr/Documents/GitHub/dotfiles/README.md [4ms]
2024-10-19 20:50:23.819 [info] > git cat-file -s a7a84ec7f751f9073dbd71e2e124b65b8262896b [2ms]
2024-10-19 20:50:46.129 [info] > git show --textconv :README.md [10ms]
2024-10-19 20:50:46.131 [info] > git ls-files --stage -- /home/xeyossr/Documents/GitHub/dotfiles/README.md [3ms]
2024-10-19 20:50:46.139 [info] > git cat-file -s a7a84ec7f751f9073dbd71e2e124b65b8262896b [2ms]
2024-10-19 20:50:48.407 [info] > git show --textconv :README.md [22ms]
2024-10-19 20:50:48.407 [info] > git ls-files --stage -- /home/xeyossr/Documents/GitHub/dotfiles/README.md [2ms]
2024-10-19 20:50:48.423 [info] > git cat-file -s a7a84ec7f751f9073dbd71e2e124b65b8262896b [4ms]
2024-10-19 20:55:13.462 [info] > git config --get commit.template [8ms]
2024-10-19 20:55:13.463 [info] > git ls-files --stage -- /home/xeyossr/Documents/GitHub/dotfiles/README.md [64ms]
2024-10-19 20:55:13.487 [info] > git cat-file -s a7a84ec7f751f9073dbd71e2e124b65b8262896b [2ms]
2024-10-19 20:55:13.505 [info] > git for-each-ref --format=%(refname)%00%(upstream:short)%00%(objectname)%00%(upstream:track)%00%(upstream:remotename)%00%(upstream:remoteref) refs/heads/main refs/remotes/main [4ms]
2024-10-19 20:55:13.517 [warning] [Git][revParse] Unable to read file: ENOENT: no such file or directory, open '/home/xeyossr/Documents/GitHub/dotfiles/.git/refs/remotes/origin/main'
2024-10-19 20:55:13.526 [info] > git rev-parse refs/remotes/origin/main [9ms]
2024-10-19 20:55:13.587 [info] > git status -z -uall [45ms]
2024-10-19 20:55:13.622 [info] > git for-each-ref --sort -committerdate --format %(refname) %(objectname) %(*objectname) [41ms]
2024-10-19 20:55:13.637 [info] > git show --textconv :README.md [22ms]
2024-10-19 20:59:20.029 [info] > git check-ignore -v -z --stdin [12ms]
2024-10-19 20:59:20.508 [info] > git config --get commit.template [4ms]
2024-10-19 20:59:20.524 [info] > git for-each-ref --format=%(refname)%00%(upstream:short)%00%(objectname)%00%(upstream:track)%00%(upstream:remotename)%00%(upstream:remoteref) refs/heads/main refs/remotes/main [4ms]
2024-10-19 20:59:20.534 [warning] [Git][revParse] Unable to read file: ENOENT: no such file or directory, open '/home/xeyossr/Documents/GitHub/dotfiles/.git/refs/remotes/origin/main'
2024-10-19 20:59:20.536 [info] > git rev-parse refs/remotes/origin/main [2ms]
2024-10-19 20:59:20.553 [info] > git status -z -uall [10ms]
2024-10-19 20:59:20.555 [info] > git for-each-ref --sort -committerdate --format %(refname) %(objectname) %(*objectname) [4ms]
2024-10-19 20:59:34.350 [info] > git check-ignore -v -z --stdin [6ms]
2024-10-19 20:59:34.923 [info] > git config --get commit.template [16ms]
2024-10-19 20:59:34.925 [info] > git for-each-ref --format=%(refname)%00%(upstream:short)%00%(objectname)%00%(upstream:track)%00%(upstream:remotename)%00%(upstream:remoteref) refs/heads/main refs/remotes/main [4ms]
2024-10-19 20:59:34.936 [warning] [Git][revParse] Unable to read file: ENOENT: no such file or directory, open '/home/xeyossr/Documents/GitHub/dotfiles/.git/refs/remotes/origin/main'
2024-10-19 20:59:34.938 [info] > git rev-parse refs/remotes/origin/main [2ms]
2024-10-19 20:59:34.955 [info] > git status -z -uall [10ms]
2024-10-19 20:59:34.957 [info] > git for-each-ref --sort -committerdate --format %(refname) %(objectname) %(*objectname) [3ms]
2024-10-19 20:59:36.577 [info] > git check-ignore -v -z --stdin [3ms]
2024-10-19 20:59:37.154 [info] > git show --textconv :README.md [35ms]
2024-10-19 20:59:37.155 [info] > git ls-files --stage -- /home/xeyossr/Documents/GitHub/dotfiles/README.md [10ms]
2024-10-19 20:59:37.175 [info] > git cat-file -s a7a84ec7f751f9073dbd71e2e124b65b8262896b [2ms]
2024-10-19 20:59:39.989 [info] > git config --get commit.template [14ms]
2024-10-19 20:59:39.991 [info] > git for-each-ref --format=%(refname)%00%(upstream:short)%00%(objectname)%00%(upstream:track)%00%(upstream:remotename)%00%(upstream:remoteref) refs/heads/main refs/remotes/main [4ms]
2024-10-19 20:59:40.002 [warning] [Git][revParse] Unable to read file: ENOENT: no such file or directory, open '/home/xeyossr/Documents/GitHub/dotfiles/.git/refs/remotes/origin/main'
2024-10-19 20:59:40.004 [info] > git rev-parse refs/remotes/origin/main [3ms]
2024-10-19 20:59:40.030 [info] > git status -z -uall [15ms]
2024-10-19 20:59:40.034 [info] > git for-each-ref --sort -committerdate --format %(refname) %(objectname) %(*objectname) [6ms]
2024-10-19 20:59:55.406 [info] > git config --get commit.template [14ms]
2024-10-19 20:59:55.408 [info] > git for-each-ref --format=%(refname)%00%(upstream:short)%00%(objectname)%00%(upstream:track)%00%(upstream:remotename)%00%(upstream:remoteref) refs/heads/main refs/remotes/main [4ms]
2024-10-19 20:59:55.417 [warning] [Git][revParse] Unable to read file: ENOENT: no such file or directory, open '/home/xeyossr/Documents/GitHub/dotfiles/.git/refs/remotes/origin/main'
2024-10-19 20:59:55.419 [info] > git rev-parse refs/remotes/origin/main [1ms]
2024-10-19 20:59:55.433 [info] > git status -z -uall [8ms]
2024-10-19 20:59:55.435 [info] > git for-each-ref --sort -committerdate --format %(refname) %(objectname) %(*objectname) [3ms]
2024-10-19 21:00:10.695 [info] > git config --get commit.template [13ms]
2024-10-19 21:00:10.697 [info] > git for-each-ref --format=%(refname)%00%(upstream:short)%00%(objectname)%00%(upstream:track)%00%(upstream:remotename)%00%(upstream:remoteref) refs/heads/main refs/remotes/main [4ms]
2024-10-19 21:00:10.707 [warning] [Git][revParse] Unable to read file: ENOENT: no such file or directory, open '/home/xeyossr/Documents/GitHub/dotfiles/.git/refs/remotes/origin/main'
2024-10-19 21:00:10.710 [info] > git rev-parse refs/remotes/origin/main [3ms]
2024-10-19 21:00:10.733 [info] > git status -z -uall [13ms]
2024-10-19 21:00:10.735 [info] > git for-each-ref --sort -committerdate --format %(refname) %(objectname) %(*objectname) [4ms]
2024-10-19 21:02:04.538 [info] > git config --get commit.template [15ms]
2024-10-19 21:02:04.541 [info] > git for-each-ref --format=%(refname)%00%(upstream:short)%00%(objectname)%00%(upstream:track)%00%(upstream:remotename)%00%(upstream:remoteref) refs/heads/main refs/remotes/main [5ms]
2024-10-19 21:02:04.552 [warning] [Git][revParse] Unable to read file: ENOENT: no such file or directory, open '/home/xeyossr/Documents/GitHub/dotfiles/.git/refs/remotes/origin/main'
2024-10-19 21:02:04.555 [info] > git rev-parse refs/remotes/origin/main [3ms]
2024-10-19 21:02:04.576 [info] > git status -z -uall [10ms]
2024-10-19 21:02:04.578 [info] > git for-each-ref --sort -committerdate --format %(refname) %(objectname) %(*objectname) [5ms]
2024-10-19 21:08:52.706 [info] > git check-ignore -v -z --stdin [10ms]
2024-10-19 21:08:53.216 [info] > git config --get commit.template [15ms]
2024-10-19 21:08:53.217 [info] > git for-each-ref --format=%(refname)%00%(upstream:short)%00%(objectname)%00%(upstream:track)%00%(upstream:remotename)%00%(upstream:remoteref) refs/heads/main refs/remotes/main [5ms]
2024-10-19 21:08:53.228 [warning] [Git][revParse] Unable to read file: ENOENT: no such file or directory, open '/home/xeyossr/Documents/GitHub/dotfiles/.git/refs/remotes/origin/main'
2024-10-19 21:08:53.231 [info] > git rev-parse refs/remotes/origin/main [3ms]
2024-10-19 21:08:53.256 [info] > git status -z -uall [14ms]
2024-10-19 21:08:53.259 [info] > git for-each-ref --sort -committerdate --format %(refname) %(objectname) %(*objectname) [4ms]
2024-10-19 21:08:55.432 [info] > git show --textconv :README.md [21ms]
2024-10-19 21:08:55.443 [info] > git ls-files --stage -- /home/xeyossr/Documents/GitHub/dotfiles/README.md [12ms]
2024-10-19 21:08:55.465 [info] > git cat-file -s a7a84ec7f751f9073dbd71e2e124b65b8262896b [3ms]
2024-10-19 21:08:58.293 [info] > git config --get commit.template [6ms]
2024-10-19 21:08:58.310 [info] > git for-each-ref --format=%(refname)%00%(upstream:short)%00%(objectname)%00%(upstream:track)%00%(upstream:remotename)%00%(upstream:remoteref) refs/heads/main refs/remotes/main [4ms]
2024-10-19 21:08:58.323 [warning] [Git][revParse] Unable to read file: ENOENT: no such file or directory, open '/home/xeyossr/Documents/GitHub/dotfiles/.git/refs/remotes/origin/main'
2024-10-19 21:08:58.327 [info] > git rev-parse refs/remotes/origin/main [4ms]
2024-10-19 21:08:58.358 [info] > git status -z -uall [17ms]
2024-10-19 21:08:58.360 [info] > git for-each-ref --sort -committerdate --format %(refname) %(objectname) %(*objectname) [6ms]
2024-10-19 21:08:59.521 [info] > git show --textconv :README.md [15ms]
2024-10-19 21:08:59.523 [info] > git ls-files --stage -- /home/xeyossr/Documents/GitHub/dotfiles/README.md [4ms]
2024-10-19 21:08:59.538 [info] > git cat-file -s a7a84ec7f751f9073dbd71e2e124b65b8262896b [4ms]
2024-10-19 21:09:03.384 [info] > git config --get commit.template [5ms]
2024-10-19 21:09:03.401 [info] > git for-each-ref --format=%(refname)%00%(upstream:short)%00%(objectname)%00%(upstream:track)%00%(upstream:remotename)%00%(upstream:remoteref) refs/heads/main refs/remotes/main [4ms]
2024-10-19 21:09:03.413 [warning] [Git][revParse] Unable to read file: ENOENT: no such file or directory, open '/home/xeyossr/Documents/GitHub/dotfiles/.git/refs/remotes/origin/main'
2024-10-19 21:09:03.416 [info] > git rev-parse refs/remotes/origin/main [3ms]
2024-10-19 21:09:03.440 [info] > git status -z -uall [13ms]
2024-10-19 21:09:03.444 [info] > git for-each-ref --sort -committerdate --format %(refname) %(objectname) %(*objectname) [4ms]
2024-10-19 21:09:12.608 [info] > git show --textconv :README.md [14ms]
2024-10-19 21:09:12.611 [info] > git ls-files --stage -- /home/xeyossr/Documents/GitHub/dotfiles/README.md [4ms]
2024-10-19 21:09:12.626 [info] > git cat-file -s a7a84ec7f751f9073dbd71e2e124b65b8262896b [3ms]
2024-10-19 21:09:22.587 [info] > git check-ignore -v -z --stdin [2ms]
2024-10-19 21:09:23.095 [info] > git config --get commit.template [8ms]
2024-10-19 21:09:23.113 [info] > git for-each-ref --format=%(refname)%00%(upstream:short)%00%(objectname)%00%(upstream:track)%00%(upstream:remotename)%00%(upstream:remoteref) refs/heads/main refs/remotes/main [3ms]
2024-10-19 21:09:23.120 [warning] [Git][revParse] Unable to read file: ENOENT: no such file or directory, open '/home/xeyossr/Documents/GitHub/dotfiles/.git/refs/remotes/origin/main'
2024-10-19 21:09:23.126 [info] > git rev-parse refs/remotes/origin/main [6ms]
2024-10-19 21:09:23.148 [info] > git status -z -uall [14ms]
2024-10-19 21:09:23.149 [info] > git for-each-ref --sort -committerdate --format %(refname) %(objectname) %(*objectname) [3ms]
2024-10-19 21:09:23.253 [info] > git show --textconv :README.md [16ms]
2024-10-19 21:09:23.261 [info] > git ls-files --stage -- /home/xeyossr/Documents/GitHub/dotfiles/README.md [9ms]
2024-10-19 21:09:23.274 [info] > git cat-file -s a7a84ec7f751f9073dbd71e2e124b65b8262896b [4ms]
2024-10-19 21:09:28.180 [info] > git config --get commit.template [14ms]
2024-10-19 21:09:28.182 [info] > git for-each-ref --format=%(refname)%00%(upstream:short)%00%(objectname)%00%(upstream:track)%00%(upstream:remotename)%00%(upstream:remoteref) refs/heads/main refs/remotes/main [4ms]
2024-10-19 21:09:28.194 [warning] [Git][revParse] Unable to read file: ENOENT: no such file or directory, open '/home/xeyossr/Documents/GitHub/dotfiles/.git/refs/remotes/origin/main'
2024-10-19 21:09:28.196 [info] > git rev-parse refs/remotes/origin/main [2ms]
2024-10-19 21:09:28.219 [info] > git status -z -uall [13ms]
2024-10-19 21:09:28.222 [info] > git for-each-ref --sort -committerdate --format %(refname) %(objectname) %(*objectname) [4ms]
2024-10-19 21:09:33.245 [info] > git config --get commit.template [9ms]
2024-10-19 21:09:33.247 [info] > git for-each-ref --format=%(refname)%00%(upstream:short)%00%(objectname)%00%(upstream:track)%00%(upstream:remotename)%00%(upstream:remoteref) refs/heads/main refs/remotes/main [3ms]
2024-10-19 21:09:33.254 [warning] [Git][revParse] Unable to read file: ENOENT: no such file or directory, open '/home/xeyossr/Documents/GitHub/dotfiles/.git/refs/remotes/origin/main'
2024-10-19 21:09:33.258 [info] > git rev-parse refs/remotes/origin/main [4ms]
2024-10-19 21:09:33.296 [info] > git status -z -uall [24ms]
2024-10-19 21:09:33.296 [info] > git for-each-ref --sort -committerdate --format %(refname) %(objectname) %(*objectname) [11ms]
2024-10-19 21:09:53.914 [info] > git config --get commit.template [13ms]
2024-10-19 21:09:53.916 [info] > git for-each-ref --format=%(refname)%00%(upstream:short)%00%(objectname)%00%(upstream:track)%00%(upstream:remotename)%00%(upstream:remoteref) refs/heads/main refs/remotes/main [4ms]
2024-10-19 21:09:53.928 [warning] [Git][revParse] Unable to read file: ENOENT: no such file or directory, open '/home/xeyossr/Documents/GitHub/dotfiles/.git/refs/remotes/origin/main'
2024-10-19 21:09:53.930 [info] > git rev-parse refs/remotes/origin/main [3ms]
2024-10-19 21:09:53.952 [info] > git status -z -uall [12ms]
2024-10-19 21:09:53.954 [info] > git for-each-ref --sort -committerdate --format %(refname) %(objectname) %(*objectname) [3ms]
2024-10-19 21:21:16.881 [info] > git config --get commit.template [4ms]
2024-10-19 21:21:16.894 [info] > git for-each-ref --format=%(refname)%00%(upstream:short)%00%(objectname)%00%(upstream:track)%00%(upstream:remotename)%00%(upstream:remoteref) refs/heads/main refs/remotes/main [3ms]
2024-10-19 21:21:16.900 [warning] [Git][revParse] Unable to read file: ENOENT: no such file or directory, open '/home/xeyossr/Documents/GitHub/dotfiles/.git/refs/remotes/origin/main'
2024-10-19 21:21:16.902 [info] > git rev-parse refs/remotes/origin/main [2ms]
2024-10-19 21:21:16.918 [info] > git status -z -uall [8ms]
2024-10-19 21:21:16.920 [info] > git for-each-ref --sort -committerdate --format %(refname) %(objectname) %(*objectname) [2ms]
2024-10-19 21:30:11.307 [info] > git config --get commit.template [7ms]
2024-10-19 21:30:11.322 [info] > git for-each-ref --format=%(refname)%00%(upstream:short)%00%(objectname)%00%(upstream:track)%00%(upstream:remotename)%00%(upstream:remoteref) refs/heads/main refs/remotes/main [3ms]
2024-10-19 21:30:11.337 [warning] [Git][revParse] Unable to read file: ENOENT: no such file or directory, open '/home/xeyossr/Documents/GitHub/dotfiles/.git/refs/remotes/origin/main'
2024-10-19 21:30:11.339 [info] > git rev-parse refs/remotes/origin/main [2ms]
2024-10-19 21:30:11.365 [info] > git status -z -uall [16ms]
2024-10-19 21:30:11.366 [info] > git for-each-ref --sort -committerdate --format %(refname) %(objectname) %(*objectname) [6ms]
2024-10-19 21:30:11.400 [info] > git ls-files --stage -- /home/xeyossr/Documents/GitHub/dotfiles/README.md [4ms]
2024-10-19 21:30:11.411 [info] > git cat-file -s a7a84ec7f751f9073dbd71e2e124b65b8262896b [4ms]
2024-10-19 21:30:11.427 [info] > git show --textconv :README.md [3ms]
2024-10-19 21:34:36.769 [info] > git config --get commit.template [3ms]
2024-10-19 21:34:36.784 [info] > git for-each-ref --format=%(refname)%00%(upstream:short)%00%(objectname)%00%(upstream:track)%00%(upstream:remotename)%00%(upstream:remoteref) refs/heads/main refs/remotes/main [3ms]
2024-10-19 21:34:36.794 [warning] [Git][revParse] Unable to read file: ENOENT: no such file or directory, open '/home/xeyossr/Documents/GitHub/dotfiles/.git/refs/remotes/origin/main'
2024-10-19 21:34:36.796 [info] > git rev-parse refs/remotes/origin/main [3ms]
2024-10-19 21:34:36.819 [info] > git status -z -uall [12ms]
2024-10-19 21:34:36.821 [info] > git for-each-ref --sort -committerdate --format %(refname) %(objectname) %(*objectname) [4ms]
2024-10-19 21:34:39.157 [info] > git show --textconv :README.md [11ms]
2024-10-19 21:34:39.158 [info] > git ls-files --stage -- /home/xeyossr/Documents/GitHub/dotfiles/README.md [1ms]
2024-10-19 21:34:39.168 [info] > git cat-file -s a7a84ec7f751f9073dbd71e2e124b65b8262896b [3ms]
2024-10-19 21:34:39.505 [info] > git check-ignore -v -z --stdin [5ms]
2024-10-19 21:34:41.856 [info] > git config --get commit.template [13ms]
2024-10-19 21:34:41.858 [info] > git for-each-ref --format=%(refname)%00%(upstream:short)%00%(objectname)%00%(upstream:track)%00%(upstream:remotename)%00%(upstream:remoteref) refs/heads/main refs/remotes/main [4ms]
2024-10-19 21:34:41.870 [warning] [Git][revParse] Unable to read file: ENOENT: no such file or directory, open '/home/xeyossr/Documents/GitHub/dotfiles/.git/refs/remotes/origin/main'
2024-10-19 21:34:41.874 [info] > git rev-parse refs/remotes/origin/main [4ms]
2024-10-19 21:34:41.893 [info] > git status -z -uall [9ms]
2024-10-19 21:34:41.896 [info] > git for-each-ref --sort -committerdate --format %(refname) %(objectname) %(*objectname) [3ms]
2024-10-19 21:35:01.703 [info] > git config --get commit.template [13ms]
2024-10-19 21:35:01.706 [info] > git for-each-ref --format=%(refname)%00%(upstream:short)%00%(objectname)%00%(upstream:track)%00%(upstream:remotename)%00%(upstream:remoteref) refs/heads/main refs/remotes/main [4ms]
2024-10-19 21:35:01.717 [warning] [Git][revParse] Unable to read file: ENOENT: no such file or directory, open '/home/xeyossr/Documents/GitHub/dotfiles/.git/refs/remotes/origin/main'
2024-10-19 21:35:01.720 [info] > git rev-parse refs/remotes/origin/main [3ms]
2024-10-19 21:35:01.746 [info] > git status -z -uall [15ms]
2024-10-19 21:35:01.747 [info] > git for-each-ref --sort -committerdate --format %(refname) %(objectname) %(*objectname) [6ms]
2024-10-19 21:35:33.507 [info] > git config --get commit.template [27ms]
2024-10-19 21:35:33.509 [info] > git for-each-ref --format=%(refname)%00%(upstream:short)%00%(objectname)%00%(upstream:track)%00%(upstream:remotename)%00%(upstream:remoteref) refs/heads/main refs/remotes/main [6ms]
2024-10-19 21:35:33.528 [warning] [Git][revParse] Unable to read file: ENOENT: no such file or directory, open '/home/xeyossr/Documents/GitHub/dotfiles/.git/refs/remotes/origin/main'
2024-10-19 21:35:33.532 [info] > git rev-parse refs/remotes/origin/main [5ms]
2024-10-19 21:35:33.578 [info] > git status -z -uall [26ms]
2024-10-19 21:35:33.581 [info] > git for-each-ref --sort -committerdate --format %(refname) %(objectname) %(*objectname) [6ms]
2024-10-19 21:35:35.011 [info] > git check-ignore -v -z --stdin [3ms]
2024-10-19 21:35:36.306 [info] > git show --textconv :README.md [13ms]
2024-10-19 21:35:36.307 [info] > git ls-files --stage -- /home/xeyossr/Documents/GitHub/dotfiles/README.md [2ms]
2024-10-19 21:35:36.320 [info] > git cat-file -s a7a84ec7f751f9073dbd71e2e124b65b8262896b [6ms]
2024-10-19 21:35:38.606 [info] > git config --get commit.template [3ms]
2024-10-19 21:35:38.618 [info] > git for-each-ref --format=%(refname)%00%(upstream:short)%00%(objectname)%00%(upstream:track)%00%(upstream:remotename)%00%(upstream:remoteref) refs/heads/main refs/remotes/main [3ms]
2024-10-19 21:35:38.628 [warning] [Git][revParse] Unable to read file: ENOENT: no such file or directory, open '/home/xeyossr/Documents/GitHub/dotfiles/.git/refs/remotes/origin/main'
2024-10-19 21:35:38.630 [info] > git rev-parse refs/remotes/origin/main [3ms]
2024-10-19 21:35:38.648 [info] > git status -z -uall [10ms]
2024-10-19 21:35:38.651 [info] > git for-each-ref --sort -committerdate --format %(refname) %(objectname) %(*objectname) [3ms]
2024-10-19 21:36:09.272 [info] > git show --textconv :README.md [14ms]
2024-10-19 21:36:09.275 [info] > git ls-files --stage -- /home/xeyossr/Documents/GitHub/dotfiles/README.md [4ms]
2024-10-19 21:36:09.292 [info] > git cat-file -s a7a84ec7f751f9073dbd71e2e124b65b8262896b [5ms]
2024-10-19 21:36:10.101 [info] > git config --get commit.template [3ms]
2024-10-19 21:36:10.115 [info] > git for-each-ref --format=%(refname)%00%(upstream:short)%00%(objectname)%00%(upstream:track)%00%(upstream:remotename)%00%(upstream:remoteref) refs/heads/main refs/remotes/main [4ms]
2024-10-19 21:36:10.128 [warning] [Git][revParse] Unable to read file: ENOENT: no such file or directory, open '/home/xeyossr/Documents/GitHub/dotfiles/.git/refs/remotes/origin/main'
2024-10-19 21:36:10.130 [info] > git rev-parse refs/remotes/origin/main [2ms]
2024-10-19 21:36:10.163 [info] > git status -z -uall [19ms]
2024-10-19 21:36:10.164 [info] > git for-each-ref --sort -committerdate --format %(refname) %(objectname) %(*objectname) [3ms]
2024-10-19 21:36:12.641 [info] > git show --textconv :README.md [14ms]
2024-10-19 21:36:12.643 [info] > git ls-files --stage -- /home/xeyossr/Documents/GitHub/dotfiles/README.md [4ms]
2024-10-19 21:36:12.659 [info] > git cat-file -s a7a84ec7f751f9073dbd71e2e124b65b8262896b [5ms]
2024-10-19 21:36:18.397 [info] > git config --get commit.template [5ms]
2024-10-19 21:36:18.417 [info] > git for-each-ref --format=%(refname)%00%(upstream:short)%00%(objectname)%00%(upstream:track)%00%(upstream:remotename)%00%(upstream:remoteref) refs/heads/main refs/remotes/main [4ms]
2024-10-19 21:36:18.429 [warning] [Git][revParse] Unable to read file: ENOENT: no such file or directory, open '/home/xeyossr/Documents/GitHub/dotfiles/.git/refs/remotes/origin/main'
2024-10-19 21:36:18.432 [info] > git rev-parse refs/remotes/origin/main [3ms]
2024-10-19 21:36:18.459 [info] > git status -z -uall [17ms]
2024-10-19 21:36:18.459 [info] > git for-each-ref --sort -committerdate --format %(refname) %(objectname) %(*objectname) [1ms]
2024-10-19 21:36:33.483 [info] > git config --get commit.template [20ms]
2024-10-19 21:36:33.488 [info] > git for-each-ref --format=%(refname)%00%(upstream:short)%00%(objectname)%00%(upstream:track)%00%(upstream:remotename)%00%(upstream:remoteref) refs/heads/main refs/remotes/main [6ms]
2024-10-19 21:36:33.501 [warning] [Git][revParse] Unable to read file: ENOENT: no such file or directory, open '/home/xeyossr/Documents/GitHub/dotfiles/.git/refs/remotes/origin/main'
2024-10-19 21:36:33.506 [info] > git rev-parse refs/remotes/origin/main [5ms]
2024-10-19 21:36:33.535 [info] > git status -z -uall [16ms]
2024-10-19 21:36:33.539 [info] > git for-each-ref --sort -committerdate --format %(refname) %(objectname) %(*objectname) [6ms]
2024-10-19 21:36:36.423 [info] > git show --textconv :README.md [15ms]
2024-10-19 21:36:36.426 [info] > git ls-files --stage -- /home/xeyossr/Documents/GitHub/dotfiles/README.md [4ms]
2024-10-19 21:36:36.443 [info] > git cat-file -s a7a84ec7f751f9073dbd71e2e124b65b8262896b [5ms]
2024-10-19 21:36:38.579 [info] > git config --get commit.template [18ms]
2024-10-19 21:36:38.582 [info] > git for-each-ref --format=%(refname)%00%(upstream:short)%00%(objectname)%00%(upstream:track)%00%(upstream:remotename)%00%(upstream:remoteref) refs/heads/main refs/remotes/main [4ms]
2024-10-19 21:36:38.598 [warning] [Git][revParse] Unable to read file: ENOENT: no such file or directory, open '/home/xeyossr/Documents/GitHub/dotfiles/.git/refs/remotes/origin/main'
2024-10-19 21:36:38.602 [info] > git rev-parse refs/remotes/origin/main [4ms]
2024-10-19 21:36:38.634 [info] > git status -z -uall [18ms]
2024-10-19 21:36:38.636 [info] > git for-each-ref --sort -committerdate --format %(refname) %(objectname) %(*objectname) [6ms]
2024-10-19 21:36:48.491 [info] > git config --get commit.template [9ms]
2024-10-19 21:36:48.492 [info] > git for-each-ref --format=%(refname)%00%(upstream:short)%00%(objectname)%00%(upstream:track)%00%(upstream:remotename)%00%(upstream:remoteref) refs/heads/main refs/remotes/main [2ms]
2024-10-19 21:36:48.499 [warning] [Git][revParse] Unable to read file: ENOENT: no such file or directory, open '/home/xeyossr/Documents/GitHub/dotfiles/.git/refs/remotes/origin/main'
2024-10-19 21:36:48.500 [info] > git rev-parse refs/remotes/origin/main [1ms]
2024-10-19 21:36:48.516 [info] > git status -z -uall [8ms]
2024-10-19 21:36:48.518 [info] > git for-each-ref --sort -committerdate --format %(refname) %(objectname) %(*objectname) [3ms]
2024-10-19 21:36:59.470 [info] [ana] Günlük düzeyi: Info
2024-10-19 21:36:59.470 [info] [ana] Şurada bulunan git doğrulanıyor: "git"
2024-10-19 21:36:59.470 [info] [ana] "git" konumundaki "2.47.0" git'i kullanılıyor
2024-10-19 21:36:59.470 [info] [Model][doInitialScan] Initial repository scan started
2024-10-19 21:36:59.470 [info] > git rev-parse --show-toplevel [75ms]
2024-10-19 21:36:59.508 [info] > git rev-parse --git-dir --git-common-dir [20ms]
2024-10-19 21:36:59.613 [info] [Model][openRepository] Opened repository: /home/xeyossr/Documents/GitHub/dotfiles
2024-10-19 21:36:59.982 [info] > git rev-parse --show-toplevel [40ms]
2024-10-19 21:36:59.983 [info] [Model][doInitialScan] Initial repository scan completed - repositories (1), closed repositories (0), parent repositories (0), unsafe repositories (0)
2024-10-19 21:36:59.985 [info] > git config --get commit.template [64ms]
2024-10-19 21:37:00.008 [info] > git for-each-ref --format=%(refname)%00%(upstream:short)%00%(objectname)%00%(upstream:track)%00%(upstream:remotename)%00%(upstream:remoteref) refs/heads/main refs/remotes/main [8ms]
2024-10-19 21:37:00.019 [warning] [Git][revParse] Unable to read file: ENOENT: no such file or directory, open '/home/xeyossr/Documents/GitHub/dotfiles/.git/refs/remotes/origin/main'
2024-10-19 21:37:00.021 [info] > git rev-parse refs/remotes/origin/main [3ms]
2024-10-19 21:37:00.057 [info] > git status -z -uall [19ms]
2024-10-19 21:37:00.061 [info] > git for-each-ref --sort -committerdate --format %(refname) %(objectname) %(*objectname) [9ms]
2024-10-19 21:37:00.102 [info] > git for-each-ref --format=%(refname)%00%(upstream:short)%00%(objectname)%00%(upstream:track)%00%(upstream:remotename)%00%(upstream:remoteref) refs/heads/main refs/remotes/main [17ms]
2024-10-19 21:37:00.127 [info] > git config --local branch.main.vscode-merge-base [11ms]
2024-10-19 21:37:00.139 [info] > git config --get commit.template [37ms]
2024-10-19 21:37:00.141 [info] > git for-each-ref --format=%(refname)%00%(upstream:short)%00%(objectname)%00%(upstream:track)%00%(upstream:remotename)%00%(upstream:remoteref) refs/heads/origin/main refs/remotes/origin/main [4ms]
2024-10-19 21:37:00.177 [info] > git merge-base refs/heads/main refs/remotes/origin/main [25ms]
2024-10-19 21:37:00.207 [info] > git diff --name-status -z --diff-filter=ADMR 3080875ef810dec375e6ec15b0b492578c89b661...refs/remotes/origin/main [21ms]
2024-10-19 21:37:00.208 [info] > git for-each-ref --format=%(refname)%00%(upstream:short)%00%(objectname)%00%(upstream:track)%00%(upstream:remotename)%00%(upstream:remoteref) refs/heads/main refs/remotes/main [33ms]
2024-10-19 21:37:00.217 [warning] [Git][revParse] Unable to read file: ENOENT: no such file or directory, open '/home/xeyossr/Documents/GitHub/dotfiles/.git/refs/remotes/origin/main'
2024-10-19 21:37:00.219 [info] > git rev-parse refs/remotes/origin/main [2ms]
2024-10-19 21:37:00.244 [info] > git status -z -uall [14ms]
2024-10-19 21:37:00.247 [info] > git for-each-ref --sort -committerdate --format %(refname) %(objectname) %(*objectname) [8ms]
2024-10-19 21:37:00.640 [info] > git check-ignore -v -z --stdin [102ms]
2024-10-19 21:37:00.647 [info] > git show --textconv :README.md [26ms]
2024-10-19 21:37:00.648 [info] > git ls-files --stage -- /home/xeyossr/Documents/GitHub/dotfiles/README.md [13ms]
2024-10-19 21:37:00.664 [info] > git cat-file -s a7a84ec7f751f9073dbd71e2e124b65b8262896b [5ms]
2024-10-19 21:38:54.035 [info] > git check-ignore -v -z --stdin [3ms]
2024-10-19 21:38:54.552 [info] > git config --get commit.template [15ms]
2024-10-19 21:38:54.553 [info] > git for-each-ref --format=%(refname)%00%(upstream:short)%00%(objectname)%00%(upstream:track)%00%(upstream:remotename)%00%(upstream:remoteref) refs/heads/main refs/remotes/main [2ms]
2024-10-19 21:38:54.560 [warning] [Git][revParse] Unable to read file: ENOENT: no such file or directory, open '/home/xeyossr/Documents/GitHub/dotfiles/.git/refs/remotes/origin/main'
2024-10-19 21:38:54.562 [info] > git rev-parse refs/remotes/origin/main [2ms]
2024-10-19 21:38:54.584 [info] > git status -z -uall [12ms]
2024-10-19 21:38:54.587 [info] > git for-each-ref --sort -committerdate --format %(refname) %(objectname) %(*objectname) [6ms]
2024-10-19 21:38:58.676 [info] > git show --textconv :README.md [20ms]
2024-10-19 21:38:58.686 [info] > git ls-files --stage -- /home/xeyossr/Documents/GitHub/dotfiles/README.md [11ms]
2024-10-19 21:38:58.710 [info] > git cat-file -s a7a84ec7f751f9073dbd71e2e124b65b8262896b [6ms]
2024-10-19 21:38:58.973 [info] > git check-ignore -v -z --stdin [5ms]
2024-10-19 21:38:59.627 [info] > git config --get commit.template [17ms]
2024-10-19 21:38:59.630 [info] > git for-each-ref --format=%(refname)%00%(upstream:short)%00%(objectname)%00%(upstream:track)%00%(upstream:remotename)%00%(upstream:remoteref) refs/heads/main refs/remotes/main [5ms]
2024-10-19 21:38:59.644 [warning] [Git][revParse] Unable to read file: ENOENT: no such file or directory, open '/home/xeyossr/Documents/GitHub/dotfiles/.git/refs/remotes/origin/main'
2024-10-19 21:38:59.650 [info] > git rev-parse refs/remotes/origin/main [5ms]
2024-10-19 21:38:59.681 [info] > git status -z -uall [19ms]
2024-10-19 21:38:59.686 [info] > git for-each-ref --sort -committerdate --format %(refname) %(objectname) %(*objectname) [7ms]
2024-10-19 21:39:13.359 [info] > git config --get commit.template [14ms]
2024-10-19 21:39:13.362 [info] > git for-each-ref --format=%(refname)%00%(upstream:short)%00%(objectname)%00%(upstream:track)%00%(upstream:remotename)%00%(upstream:remoteref) refs/heads/main refs/remotes/main [4ms]
2024-10-19 21:39:13.373 [warning] [Git][revParse] Unable to read file: ENOENT: no such file or directory, open '/home/xeyossr/Documents/GitHub/dotfiles/.git/refs/remotes/origin/main'
2024-10-19 21:39:13.376 [info] > git rev-parse refs/remotes/origin/main [2ms]
2024-10-19 21:39:13.399 [info] > git status -z -uall [13ms]
2024-10-19 21:39:13.402 [info] > git for-each-ref --sort -committerdate --format %(refname) %(objectname) %(*objectname) [4ms]
2024-10-19 21:39:37.479 [info] > git config --get commit.template [14ms]
2024-10-19 21:39:37.481 [info] > git for-each-ref --format=%(refname)%00%(upstream:short)%00%(objectname)%00%(upstream:track)%00%(upstream:remotename)%00%(upstream:remoteref) refs/heads/main refs/remotes/main [3ms]
2024-10-19 21:39:37.491 [warning] [Git][revParse] Unable to read file: ENOENT: no such file or directory, open '/home/xeyossr/Documents/GitHub/dotfiles/.git/refs/remotes/origin/main'
2024-10-19 21:39:37.494 [info] > git rev-parse refs/remotes/origin/main [3ms]
2024-10-19 21:39:37.522 [info] > git status -z -uall [17ms]
2024-10-19 21:39:37.523 [info] > git for-each-ref --sort -committerdate --format %(refname) %(objectname) %(*objectname) [4ms]
2024-10-19 21:40:08.183 [info] > git check-ignore -v -z --stdin [3ms]
2024-10-19 21:40:08.757 [info] > git config --get commit.template [14ms]
2024-10-19 21:40:08.760 [info] > git for-each-ref --format=%(refname)%00%(upstream:short)%00%(objectname)%00%(upstream:track)%00%(upstream:remotename)%00%(upstream:remoteref) refs/heads/main refs/remotes/main [4ms]
2024-10-19 21:40:08.772 [warning] [Git][revParse] Unable to read file: ENOENT: no such file or directory, open '/home/xeyossr/Documents/GitHub/dotfiles/.git/refs/remotes/origin/main'
2024-10-19 21:40:08.775 [info] > git rev-parse refs/remotes/origin/main [3ms]
2024-10-19 21:40:08.796 [info] > git status -z -uall [11ms]
2024-10-19 21:40:08.797 [info] > git for-each-ref --sort -committerdate --format %(refname) %(objectname) %(*objectname) [3ms]
