2024-10-19 11:38:00.259 [info] Telemetry level is off
2024-10-19 11:38:00.259 [info] Experiments are disabled, only manually opted experiments are active.
2024-10-19 11:38:00.259 [warning] Dir "/home/xeyossr/Documents/Coding/Day #30 - Music Player App/.pixi/envs" is not watchable (directory does not exist)
2024-10-19 11:38:00.259 [info] Default formatter is set to null for workspace /home/xeyossr/Documents/Coding/Day #30 - Music Player App
2024-10-19 11:38:00.259 [error] Unable to check if shell integration is active Error: Extension 'ms-python.python' CANNOT use API proposal: terminalDataWriteEvent.
Its package.json#enabledApiProposals-property declares:  but NOT terminalDataWriteEvent.
 The missing proposal MUST be added and you must start in extension development mode or use the following command line switch: --enable-proposed-api ms-python.python
    at H (file:///usr/lib/code/out/vs/workbench/api/node/extensionHostProcess.js:112:16479)
    at a.onDidWriteTerminalData (file:///usr/lib/code/out/vs/workbench/api/node/extensionHostProcess.js:156:45894)
    at new v (/home/xeyossr/.vscode-oss/extensions/ms-python.python-2024.16.1-universal/out/client/extension.js:2:911828)
    at me (/home/xeyossr/.vscode-oss/extensions/ms-python.python-2024.16.1-universal/out/client/extension.js:2:1761402)
    at /home/xeyossr/.vscode-oss/extensions/ms-python.python-2024.16.1-universal/out/client/extension.js:2:1764766
    at /home/xeyossr/.vscode-oss/extensions/ms-python.python-2024.16.1-universal/out/client/extension.js:2:1764794
    at Se (/home/xeyossr/.vscode-oss/extensions/ms-python.python-2024.16.1-universal/out/client/extension.js:2:1764861)
    at /home/xeyossr/.vscode-oss/extensions/ms-python.python-2024.16.1-universal/out/client/extension.js:2:1765341
    at we (/home/xeyossr/.vscode-oss/extensions/ms-python.python-2024.16.1-universal/out/client/extension.js:2:1765282)
    at Pe (/home/xeyossr/.vscode-oss/extensions/ms-python.python-2024.16.1-universal/out/client/extension.js:2:1765316)
    at /home/xeyossr/.vscode-oss/extensions/ms-python.python-2024.16.1-universal/out/client/extension.js:2:1762555
    at /home/xeyossr/.vscode-oss/extensions/ms-python.python-2024.16.1-universal/out/client/extension.js:2:1764160
    at Array.reduce (<anonymous>)
    at /home/xeyossr/.vscode-oss/extensions/ms-python.python-2024.16.1-universal/out/client/extension.js:2:1764132
    at /home/xeyossr/.vscode-oss/extensions/ms-python.python-2024.16.1-universal/out/client/extension.js:2:1764414
    at /home/xeyossr/.vscode-oss/extensions/ms-python.python-2024.16.1-universal/out/client/extension.js:2:1764794
    at Se (/home/xeyossr/.vscode-oss/extensions/ms-python.python-2024.16.1-universal/out/client/extension.js:2:1764861)
    at /home/xeyossr/.vscode-oss/extensions/ms-python.python-2024.16.1-universal/out/client/extension.js:2:1765341
    at we (/home/xeyossr/.vscode-oss/extensions/ms-python.python-2024.16.1-universal/out/client/extension.js:2:1765282)
    at Pe (/home/xeyossr/.vscode-oss/extensions/ms-python.python-2024.16.1-universal/out/client/extension.js:2:1765316)
    at /home/xeyossr/.vscode-oss/extensions/ms-python.python-2024.16.1-universal/out/client/extension.js:2:1762555
    at /home/xeyossr/.vscode-oss/extensions/ms-python.python-2024.16.1-universal/out/client/extension.js:2:1792225
    at /home/xeyossr/.vscode-oss/extensions/ms-python.python-2024.16.1-universal/out/client/extension.js:2:1792246
    at e._get (/home/xeyossr/.vscode-oss/extensions/ms-python.python-2024.16.1-universal/out/client/extension.js:2:1791259)
    at e._getButThrowIfAsync (/home/xeyossr/.vscode-oss/extensions/ms-python.python-2024.16.1-universal/out/client/extension.js:2:1791319)
    at e.get (/home/xeyossr/.vscode-oss/extensions/ms-python.python-2024.16.1-universal/out/client/extension.js:2:1787028)
    at e.dynamicValue (/home/xeyossr/.vscode-oss/extensions/ms-python.python-2024.16.1-universal/out/client/extension.js:2:1776761)
    at /home/xeyossr/.vscode-oss/extensions/ms-python.python-2024.16.1-universal/out/client/extension.js:2:1762938
    at Ee (/home/xeyossr/.vscode-oss/extensions/ms-python.python-2024.16.1-universal/out/client/extension.js:2:1763194)
    at Se (/home/xeyossr/.vscode-oss/extensions/ms-python.python-2024.16.1-universal/out/client/extension.js:2:1764910)
    at /home/xeyossr/.vscode-oss/extensions/ms-python.python-2024.16.1-universal/out/client/extension.js:2:1765341
    at we (/home/xeyossr/.vscode-oss/extensions/ms-python.python-2024.16.1-universal/out/client/extension.js:2:1765282)
    at Pe (/home/xeyossr/.vscode-oss/extensions/ms-python.python-2024.16.1-universal/out/client/extension.js:2:1765316)
    at /home/xeyossr/.vscode-oss/extensions/ms-python.python-2024.16.1-universal/out/client/extension.js:2:1762555
    at /home/xeyossr/.vscode-oss/extensions/ms-python.python-2024.16.1-universal/out/client/extension.js:2:1762489
    at Array.map (<anonymous>)
    at /home/xeyossr/.vscode-oss/extensions/ms-python.python-2024.16.1-universal/out/client/extension.js:2:1762460
    at /home/xeyossr/.vscode-oss/extensions/ms-python.python-2024.16.1-universal/out/client/extension.js:2:1764160
    at Array.reduce (<anonymous>)
    at /home/xeyossr/.vscode-oss/extensions/ms-python.python-2024.16.1-universal/out/client/extension.js:2:1764132
    at /home/xeyossr/.vscode-oss/extensions/ms-python.python-2024.16.1-universal/out/client/extension.js:2:1764414
    at /home/xeyossr/.vscode-oss/extensions/ms-python.python-2024.16.1-universal/out/client/extension.js:2:1764794
    at Se (/home/xeyossr/.vscode-oss/extensions/ms-python.python-2024.16.1-universal/out/client/extension.js:2:1764861)
    at /home/xeyossr/.vscode-oss/extensions/ms-python.python-2024.16.1-universal/out/client/extension.js:2:1765341
    at we (/home/xeyossr/.vscode-oss/extensions/ms-python.python-2024.16.1-universal/out/client/extension.js:2:1765282)
    at Pe (/home/xeyossr/.vscode-oss/extensions/ms-python.python-2024.16.1-universal/out/client/extension.js:2:1765316)
    at /home/xeyossr/.vscode-oss/extensions/ms-python.python-2024.16.1-universal/out/client/extension.js:2:1762555
    at /home/xeyossr/.vscode-oss/extensions/ms-python.python-2024.16.1-universal/out/client/extension.js:2:1792225
    at /home/xeyossr/.vscode-oss/extensions/ms-python.python-2024.16.1-universal/out/client/extension.js:2:1792246
    at e._get (/home/xeyossr/.vscode-oss/extensions/ms-python.python-2024.16.1-universal/out/client/extension.js:2:1791259)
    at e._getButThrowIfAsync (/home/xeyossr/.vscode-oss/extensions/ms-python.python-2024.16.1-universal/out/client/extension.js:2:1791319)
    at e.get (/home/xeyossr/.vscode-oss/extensions/ms-python.python-2024.16.1-universal/out/client/extension.js:2:1787028)
    at a.get (/home/xeyossr/.vscode-oss/extensions/ms-python.python-2024.16.1-universal/out/client/extension.js:2:525708)
    at /home/xeyossr/.vscode-oss/extensions/ms-python.python-2024.16.1-universal/out/client/extension.js:2:441541
    at t.activateComponents (/home/xeyossr/.vscode-oss/extensions/ms-python.python-2024.16.1-universal/out/client/extension.js:2:439784)
    at /home/xeyossr/.vscode-oss/extensions/ms-python.python-2024.16.1-universal/out/client/extension.js:2:2718965
    at e (/home/xeyossr/.vscode-oss/extensions/ms-python.python-2024.16.1-universal/out/client/extension.js:2:2718497)
    at x0.n (file:///usr/lib/code/out/vs/workbench/api/node/extensionHostProcess.js:114:4450)
    at x0.m (file:///usr/lib/code/out/vs/workbench/api/node/extensionHostProcess.js:114:4413)
    at x0.l (file:///usr/lib/code/out/vs/workbench/api/node/extensionHostProcess.js:114:3869)
2024-10-19 11:38:00.259 [info] Starting Environment refresh
2024-10-19 11:38:00.259 [info] Starting Environment refresh
2024-10-19 11:38:00.259 [info] > pixi --version
2024-10-19 11:38:00.259 [info] > hatch env show --json
2024-10-19 11:38:00.259 [info] cwd: ~/Documents/Coding/Day #30 - Music Player App
2024-10-19 11:38:00.260 [info] Environments refresh finished (event): 85 milliseconds
2024-10-19 11:38:00.260 [info] Environments refresh paths discovered: 85 milliseconds
2024-10-19 11:38:00.260 [info] Environments refresh finished (event): 83 milliseconds
2024-10-19 11:38:00.260 [info] Environments refresh paths discovered: 83 milliseconds
2024-10-19 11:38:00.264 [info] Environment refresh took 90 milliseconds
2024-10-19 11:38:00.267 [info] Environment refresh took 90 milliseconds
2024-10-19 11:38:00.278 [info] > pyenv which python
2024-10-19 11:38:00.278 [info] cwd: ~/Documents/Coding/Day #30 - Music Player App
2024-10-19 11:38:00.453 [info] Python interpreter path: /bin/python
2024-10-19 11:38:00.578 [error] [
  'Failed to activate a workspace, Class name = v, completed in 404ms, has a falsy return value, Arg 1: <Uri:/home/xeyossr/Documents/Coding/Day #30 - Music Player App/app.py>, Arg 2: {"started":1729323480017}, Return Value: undefined',
  Error: Extension 'ms-python.python' CANNOT use API proposal: testObserver.
  Its package.json#enabledApiProposals-property declares:  but NOT testObserver.
   The missing proposal MUST be added and you must start in extension development mode or use the following command line switch: --enable-proposed-api ms-python.python
      at H (file:///usr/lib/code/out/vs/workbench/api/node/extensionHostProcess.js:112:16479)
      at Object.get testResults [as testResults] (file:///usr/lib/code/out/vs/workbench/api/node/extensionHostProcess.js:156:39221)
      at C.activate (/home/xeyossr/.vscode-oss/extensions/ms-python.python-2024.16.1-universal/out/client/extension.js:2:947691)
      at /home/xeyossr/.vscode-oss/extensions/ms-python.python-2024.16.1-universal/out/client/extension.js:2:2457
      at Array.map (<anonymous>)
      at v.activateWorkspace (/home/xeyossr/.vscode-oss/extensions/ms-python.python-2024.16.1-universal/out/client/extension.js:2:2447)
]
2024-10-19 11:38:00.578 [error] Failure during activation. Error: Extension 'ms-python.python' CANNOT use API proposal: testObserver.
Its package.json#enabledApiProposals-property declares:  but NOT testObserver.
 The missing proposal MUST be added and you must start in extension development mode or use the following command line switch: --enable-proposed-api ms-python.python
    at H (file:///usr/lib/code/out/vs/workbench/api/node/extensionHostProcess.js:112:16479)
    at Object.get testResults [as testResults] (file:///usr/lib/code/out/vs/workbench/api/node/extensionHostProcess.js:156:39221)
    at C.activate (/home/xeyossr/.vscode-oss/extensions/ms-python.python-2024.16.1-universal/out/client/extension.js:2:947691)
    at /home/xeyossr/.vscode-oss/extensions/ms-python.python-2024.16.1-universal/out/client/extension.js:2:2457
    at Array.map (<anonymous>)
    at v.activateWorkspace (/home/xeyossr/.vscode-oss/extensions/ms-python.python-2024.16.1-universal/out/client/extension.js:2:2447)
2024-10-19 11:38:00.578 [error] sendStartupTelemetry() failed. Error: Extension 'ms-python.python' CANNOT use API proposal: testObserver.
Its package.json#enabledApiProposals-property declares:  but NOT testObserver.
 The missing proposal MUST be added and you must start in extension development mode or use the following command line switch: --enable-proposed-api ms-python.python
    at H (file:///usr/lib/code/out/vs/workbench/api/node/extensionHostProcess.js:112:16479)
    at Object.get testResults [as testResults] (file:///usr/lib/code/out/vs/workbench/api/node/extensionHostProcess.js:156:39221)
    at C.activate (/home/xeyossr/.vscode-oss/extensions/ms-python.python-2024.16.1-universal/out/client/extension.js:2:947691)
    at /home/xeyossr/.vscode-oss/extensions/ms-python.python-2024.16.1-universal/out/client/extension.js:2:2457
    at Array.map (<anonymous>)
    at v.activateWorkspace (/home/xeyossr/.vscode-oss/extensions/ms-python.python-2024.16.1-universal/out/client/extension.js:2:2447)
2024-10-19 11:38:02.345 [info] Starting Jedi language server for Day #30 - Music Player App.
2024-10-19 11:38:16.339 [info] Discover tests for workspace name: Day #30 - Music Player App - uri: /home/xeyossr/Documents/Coding/Day #30 - Music Player App/app.py
2024-10-19 11:40:28.288 [info] Discover tests for workspace name: Day #30 - Music Player App - uri: /home/xeyossr/Documents/Coding/Day #30 - Music Player App/app.py
2024-10-19 11:41:27.973 [info] Discover tests for workspace name: Day #30 - Music Player App - uri: /home/xeyossr/Documents/Coding/Day #30 - Music Player App/app.py
2024-10-19 11:49:04.402 [info] Telemetry level is off
2024-10-19 11:49:04.402 [info] Experiments are disabled, only manually opted experiments are active.
2024-10-19 11:49:04.402 [warning] Dir "/home/xeyossr/Documents/Coding/XMusic App/.pixi/envs" is not watchable (directory does not exist)
2024-10-19 11:49:04.402 [info] Default formatter is set to null for workspace /home/xeyossr/Documents/Coding/XMusic App
2024-10-19 11:49:04.402 [error] Unable to check if shell integration is active [Error: Extension 'ms-python.python' CANNOT use API proposal: terminalDataWriteEvent.
Its package.json#enabledApiProposals-property declares:  but NOT terminalDataWriteEvent.
 The missing proposal MUST be added and you must start in extension development mode or use the following command line switch: --enable-proposed-api ms-python.python
	at H (file:///usr/lib/code/out/vs/workbench/api/node/extensionHostProcess.js:112:16479)
	at a.onDidWriteTerminalData (file:///usr/lib/code/out/vs/workbench/api/node/extensionHostProcess.js:156:45894)
	at new v (/home/xeyossr/.vscode-oss/extensions/ms-python.python-2024.16.1-universal/out/client/extension.js:2:911828)
	at me (/home/xeyossr/.vscode-oss/extensions/ms-python.python-2024.16.1-universal/out/client/extension.js:2:1761402)
	at /home/xeyossr/.vscode-oss/extensions/ms-python.python-2024.16.1-universal/out/client/extension.js:2:1764766
	at /home/xeyossr/.vscode-oss/extensions/ms-python.python-2024.16.1-universal/out/client/extension.js:2:1764794
	at Se (/home/xeyossr/.vscode-oss/extensions/ms-python.python-2024.16.1-universal/out/client/extension.js:2:1764861)
	at /home/xeyossr/.vscode-oss/extensions/ms-python.python-2024.16.1-universal/out/client/extension.js:2:1765341
	at we (/home/xeyossr/.vscode-oss/extensions/ms-python.python-2024.16.1-universal/out/client/extension.js:2:1765282)
	at Pe (/home/xeyossr/.vscode-oss/extensions/ms-python.python-2024.16.1-universal/out/client/extension.js:2:1765316)
	at /home/xeyossr/.vscode-oss/extensions/ms-python.python-2024.16.1-universal/out/client/extension.js:2:1762555
	at /home/xeyossr/.vscode-oss/extensions/ms-python.python-2024.16.1-universal/out/client/extension.js:2:1764160
	at Array.reduce (<anonymous>)
	at /home/xeyossr/.vscode-oss/extensions/ms-python.python-2024.16.1-universal/out/client/extension.js:2:1764132
	at /home/xeyossr/.vscode-oss/extensions/ms-python.python-2024.16.1-universal/out/client/extension.js:2:1764414
	at /home/xeyossr/.vscode-oss/extensions/ms-python.python-2024.16.1-universal/out/client/extension.js:2:1764794
	at Se (/home/xeyossr/.vscode-oss/extensions/ms-python.python-2024.16.1-universal/out/client/extension.js:2:1764861)
	at /home/xeyossr/.vscode-oss/extensions/ms-python.python-2024.16.1-universal/out/client/extension.js:2:1765341
	at we (/home/xeyossr/.vscode-oss/extensions/ms-python.python-2024.16.1-universal/out/client/extension.js:2:1765282)
	at Pe (/home/xeyossr/.vscode-oss/extensions/ms-python.python-2024.16.1-universal/out/client/extension.js:2:1765316)
	at /home/xeyossr/.vscode-oss/extensions/ms-python.python-2024.16.1-universal/out/client/extension.js:2:1762555
	at /home/xeyossr/.vscode-oss/extensions/ms-python.python-2024.16.1-universal/out/client/extension.js:2:1792225
	at /home/xeyossr/.vscode-oss/extensions/ms-python.python-2024.16.1-universal/out/client/extension.js:2:1792246
	at e._get (/home/xeyossr/.vscode-oss/extensions/ms-python.python-2024.16.1-universal/out/client/extension.js:2:1791259)
	at e._getButThrowIfAsync (/home/xeyossr/.vscode-oss/extensions/ms-python.python-2024.16.1-universal/out/client/extension.js:2:1791319)
	at e.get (/home/xeyossr/.vscode-oss/extensions/ms-python.python-2024.16.1-universal/out/client/extension.js:2:1787028)
	at e.dynamicValue (/home/xeyossr/.vscode-oss/extensions/ms-python.python-2024.16.1-universal/out/client/extension.js:2:1776761)
	at /home/xeyossr/.vscode-oss/extensions/ms-python.python-2024.16.1-universal/out/client/extension.js:2:1762938
	at Ee (/home/xeyossr/.vscode-oss/extensions/ms-python.python-2024.16.1-universal/out/client/extension.js:2:1763194)
	at Se (/home/xeyossr/.vscode-oss/extensions/ms-python.python-2024.16.1-universal/out/client/extension.js:2:1764910)
	at /home/xeyossr/.vscode-oss/extensions/ms-python.python-2024.16.1-universal/out/client/extension.js:2:1765341
	at we (/home/xeyossr/.vscode-oss/extensions/ms-python.python-2024.16.1-universal/out/client/extension.js:2:1765282)
	at Pe (/home/xeyossr/.vscode-oss/extensions/ms-python.python-2024.16.1-universal/out/client/extension.js:2:1765316)
	at /home/xeyossr/.vscode-oss/extensions/ms-python.python-2024.16.1-universal/out/client/extension.js:2:1762555
	at /home/xeyossr/.vscode-oss/extensions/ms-python.python-2024.16.1-universal/out/client/extension.js:2:1762489
	at Array.map (<anonymous>)
	at /home/xeyossr/.vscode-oss/extensions/ms-python.python-2024.16.1-universal/out/client/extension.js:2:1762460
	at /home/xeyossr/.vscode-oss/extensions/ms-python.python-2024.16.1-universal/out/client/extension.js:2:1764160
	at Array.reduce (<anonymous>)
	at /home/xeyossr/.vscode-oss/extensions/ms-python.python-2024.16.1-universal/out/client/extension.js:2:1764132
	at /home/xeyossr/.vscode-oss/extensions/ms-python.python-2024.16.1-universal/out/client/extension.js:2:1764414
	at /home/xeyossr/.vscode-oss/extensions/ms-python.python-2024.16.1-universal/out/client/extension.js:2:1764794
	at Se (/home/xeyossr/.vscode-oss/extensions/ms-python.python-2024.16.1-universal/out/client/extension.js:2:1764861)
	at /home/xeyossr/.vscode-oss/extensions/ms-python.python-2024.16.1-universal/out/client/extension.js:2:1765341
	at we (/home/xeyossr/.vscode-oss/extensions/ms-python.python-2024.16.1-universal/out/client/extension.js:2:1765282)
	at Pe (/home/xeyossr/.vscode-oss/extensions/ms-python.python-2024.16.1-universal/out/client/extension.js:2:1765316)
	at /home/xeyossr/.vscode-oss/extensions/ms-python.python-2024.16.1-universal/out/client/extension.js:2:1762555
	at /home/xeyossr/.vscode-oss/extensions/ms-python.python-2024.16.1-universal/out/client/extension.js:2:1792225
	at /home/xeyossr/.vscode-oss/extensions/ms-python.python-2024.16.1-universal/out/client/extension.js:2:1792246
	at e._get (/home/xeyossr/.vscode-oss/extensions/ms-python.python-2024.16.1-universal/out/client/extension.js:2:1791259)
	at e._getButThrowIfAsync (/home/xeyossr/.vscode-oss/extensions/ms-python.python-2024.16.1-universal/out/client/extension.js:2:1791319)
	at e.get (/home/xeyossr/.vscode-oss/extensions/ms-python.python-2024.16.1-universal/out/client/extension.js:2:1787028)
	at a.get (/home/xeyossr/.vscode-oss/extensions/ms-python.python-2024.16.1-universal/out/client/extension.js:2:525708)
	at /home/xeyossr/.vscode-oss/extensions/ms-python.python-2024.16.1-universal/out/client/extension.js:2:441541
	at async t.activateComponents (/home/xeyossr/.vscode-oss/extensions/ms-python.python-2024.16.1-universal/out/client/extension.js:2:439784)
	at async /home/xeyossr/.vscode-oss/extensions/ms-python.python-2024.16.1-universal/out/client/extension.js:2:2718965
	at async e (/home/xeyossr/.vscode-oss/extensions/ms-python.python-2024.16.1-universal/out/client/extension.js:2:2718497)
	at async x0.n (file:///usr/lib/code/out/vs/workbench/api/node/extensionHostProcess.js:114:4450)
	at async x0.m (file:///usr/lib/code/out/vs/workbench/api/node/extensionHostProcess.js:114:4413)
	at async x0.l (file:///usr/lib/code/out/vs/workbench/api/node/extensionHostProcess.js:114:3869)]
2024-10-19 11:49:04.402 [info] Starting Environment refresh
2024-10-19 11:49:04.402 [info] Starting Environment refresh
2024-10-19 11:49:04.421 [info] > pixi --version
2024-10-19 11:49:04.433 [info] > hatch env show --json
2024-10-19 11:49:04.433 [info] cwd: ~/Documents/Coding/XMusic App
2024-10-19 11:49:04.797 [info] Environments refresh finished (event): 436 milliseconds
2024-10-19 11:49:04.797 [info] Environments refresh paths discovered: 436 milliseconds
2024-10-19 11:49:04.798 [info] Environments refresh finished (event): 435 milliseconds
2024-10-19 11:49:04.798 [info] Environments refresh paths discovered: 435 milliseconds
2024-10-19 11:49:04.915 [info] Environment refresh took 555 milliseconds
2024-10-19 11:49:04.926 [info] Environment refresh took 563 milliseconds
2024-10-19 11:49:05.010 [info] > pyenv which python
2024-10-19 11:49:05.010 [info] cwd: ~/Documents/Coding/XMusic App
2024-10-19 11:49:05.139 [error] [
  'Failed to activate a workspace, Class name = v, completed in 752ms, has a falsy return value, Arg 1: <Uri:/home/xeyossr/Documents/Coding/XMusic App>, Arg 2: {"started":1729324144126}, Return Value: undefined',
  Error: Extension 'ms-python.python' CANNOT use API proposal: testObserver.
  Its package.json#enabledApiProposals-property declares:  but NOT testObserver.
   The missing proposal MUST be added and you must start in extension development mode or use the following command line switch: --enable-proposed-api ms-python.python
      at H (file:///usr/lib/code/out/vs/workbench/api/node/extensionHostProcess.js:112:16479)
      at Object.get testResults [as testResults] (file:///usr/lib/code/out/vs/workbench/api/node/extensionHostProcess.js:156:39221)
      at C.activate (/home/xeyossr/.vscode-oss/extensions/ms-python.python-2024.16.1-universal/out/client/extension.js:2:947691)
      at /home/xeyossr/.vscode-oss/extensions/ms-python.python-2024.16.1-universal/out/client/extension.js:2:2457
      at Array.map (<anonymous>)
      at v.activateWorkspace (/home/xeyossr/.vscode-oss/extensions/ms-python.python-2024.16.1-universal/out/client/extension.js:2:2447)
]
2024-10-19 11:49:05.139 [error] Failure during activation. Error: Extension 'ms-python.python' CANNOT use API proposal: testObserver.
Its package.json#enabledApiProposals-property declares:  but NOT testObserver.
 The missing proposal MUST be added and you must start in extension development mode or use the following command line switch: --enable-proposed-api ms-python.python
    at H (file:///usr/lib/code/out/vs/workbench/api/node/extensionHostProcess.js:112:16479)
    at Object.get testResults [as testResults] (file:///usr/lib/code/out/vs/workbench/api/node/extensionHostProcess.js:156:39221)
    at C.activate (/home/xeyossr/.vscode-oss/extensions/ms-python.python-2024.16.1-universal/out/client/extension.js:2:947691)
    at /home/xeyossr/.vscode-oss/extensions/ms-python.python-2024.16.1-universal/out/client/extension.js:2:2457
    at Array.map (<anonymous>)
    at v.activateWorkspace (/home/xeyossr/.vscode-oss/extensions/ms-python.python-2024.16.1-universal/out/client/extension.js:2:2447)
2024-10-19 11:49:05.139 [error] sendStartupTelemetry() failed. Error: Extension 'ms-python.python' CANNOT use API proposal: testObserver.
Its package.json#enabledApiProposals-property declares:  but NOT testObserver.
 The missing proposal MUST be added and you must start in extension development mode or use the following command line switch: --enable-proposed-api ms-python.python
    at H (file:///usr/lib/code/out/vs/workbench/api/node/extensionHostProcess.js:112:16479)
    at Object.get testResults [as testResults] (file:///usr/lib/code/out/vs/workbench/api/node/extensionHostProcess.js:156:39221)
    at C.activate (/home/xeyossr/.vscode-oss/extensions/ms-python.python-2024.16.1-universal/out/client/extension.js:2:947691)
    at /home/xeyossr/.vscode-oss/extensions/ms-python.python-2024.16.1-universal/out/client/extension.js:2:2457
    at Array.map (<anonymous>)
    at v.activateWorkspace (/home/xeyossr/.vscode-oss/extensions/ms-python.python-2024.16.1-universal/out/client/extension.js:2:2447)
2024-10-19 11:49:05.145 [info] Python interpreter path: /bin/python
2024-10-19 11:49:08.182 [info] Starting Jedi language server for XMusic App.
2024-10-19 11:50:28.830 [info] Discover tests for workspace name: XMusic App - uri: /home/xeyossr/Documents/Coding/XMusic App/app.py
2024-10-19 11:50:36.031 [info] Discover tests for workspace name: XMusic App - uri: /home/xeyossr/Documents/Coding/XMusic App/app.py
2024-10-19 11:50:41.981 [info] Discover tests for workspace name: XMusic App - uri: /home/xeyossr/Documents/Coding/XMusic App/app.py
2024-10-19 12:15:04.262 [info] Discover tests for workspace name: XMusic App - uri: /home/xeyossr/Documents/Coding/XMusic App/app.py
2024-10-19 12:16:26.409 [info] Telemetry level is off
2024-10-19 12:16:26.409 [info] Experiments are disabled, only manually opted experiments are active.
2024-10-19 12:16:26.409 [warning] Dir "/home/xeyossr/Documents/Coding/XMusic App/.pixi/envs" is not watchable (directory does not exist)
2024-10-19 12:16:26.409 [info] Default formatter is set to null for workspace /home/xeyossr/Documents/Coding/XMusic App
2024-10-19 12:16:26.409 [error] Unable to check if shell integration is active [Error: Extension 'ms-python.python' CANNOT use API proposal: terminalDataWriteEvent.
Its package.json#enabledApiProposals-property declares:  but NOT terminalDataWriteEvent.
 The missing proposal MUST be added and you must start in extension development mode or use the following command line switch: --enable-proposed-api ms-python.python
	at H (file:///usr/lib/code/out/vs/workbench/api/node/extensionHostProcess.js:112:16479)
	at a.onDidWriteTerminalData (file:///usr/lib/code/out/vs/workbench/api/node/extensionHostProcess.js:156:45894)
	at new v (/home/xeyossr/.vscode-oss/extensions/ms-python.python-2024.16.1-universal/out/client/extension.js:2:911828)
	at me (/home/xeyossr/.vscode-oss/extensions/ms-python.python-2024.16.1-universal/out/client/extension.js:2:1761402)
	at /home/xeyossr/.vscode-oss/extensions/ms-python.python-2024.16.1-universal/out/client/extension.js:2:1764766
	at /home/xeyossr/.vscode-oss/extensions/ms-python.python-2024.16.1-universal/out/client/extension.js:2:1764794
	at Se (/home/xeyossr/.vscode-oss/extensions/ms-python.python-2024.16.1-universal/out/client/extension.js:2:1764861)
	at /home/xeyossr/.vscode-oss/extensions/ms-python.python-2024.16.1-universal/out/client/extension.js:2:1765341
	at we (/home/xeyossr/.vscode-oss/extensions/ms-python.python-2024.16.1-universal/out/client/extension.js:2:1765282)
	at Pe (/home/xeyossr/.vscode-oss/extensions/ms-python.python-2024.16.1-universal/out/client/extension.js:2:1765316)
	at /home/xeyossr/.vscode-oss/extensions/ms-python.python-2024.16.1-universal/out/client/extension.js:2:1762555
	at /home/xeyossr/.vscode-oss/extensions/ms-python.python-2024.16.1-universal/out/client/extension.js:2:1764160
	at Array.reduce (<anonymous>)
	at /home/xeyossr/.vscode-oss/extensions/ms-python.python-2024.16.1-universal/out/client/extension.js:2:1764132
	at /home/xeyossr/.vscode-oss/extensions/ms-python.python-2024.16.1-universal/out/client/extension.js:2:1764414
	at /home/xeyossr/.vscode-oss/extensions/ms-python.python-2024.16.1-universal/out/client/extension.js:2:1764794
	at Se (/home/xeyossr/.vscode-oss/extensions/ms-python.python-2024.16.1-universal/out/client/extension.js:2:1764861)
	at /home/xeyossr/.vscode-oss/extensions/ms-python.python-2024.16.1-universal/out/client/extension.js:2:1765341
	at we (/home/xeyossr/.vscode-oss/extensions/ms-python.python-2024.16.1-universal/out/client/extension.js:2:1765282)
	at Pe (/home/xeyossr/.vscode-oss/extensions/ms-python.python-2024.16.1-universal/out/client/extension.js:2:1765316)
	at /home/xeyossr/.vscode-oss/extensions/ms-python.python-2024.16.1-universal/out/client/extension.js:2:1762555
	at /home/xeyossr/.vscode-oss/extensions/ms-python.python-2024.16.1-universal/out/client/extension.js:2:1792225
	at /home/xeyossr/.vscode-oss/extensions/ms-python.python-2024.16.1-universal/out/client/extension.js:2:1792246
	at e._get (/home/xeyossr/.vscode-oss/extensions/ms-python.python-2024.16.1-universal/out/client/extension.js:2:1791259)
	at e._getButThrowIfAsync (/home/xeyossr/.vscode-oss/extensions/ms-python.python-2024.16.1-universal/out/client/extension.js:2:1791319)
	at e.get (/home/xeyossr/.vscode-oss/extensions/ms-python.python-2024.16.1-universal/out/client/extension.js:2:1787028)
	at e.dynamicValue (/home/xeyossr/.vscode-oss/extensions/ms-python.python-2024.16.1-universal/out/client/extension.js:2:1776761)
	at /home/xeyossr/.vscode-oss/extensions/ms-python.python-2024.16.1-universal/out/client/extension.js:2:1762938
	at Ee (/home/xeyossr/.vscode-oss/extensions/ms-python.python-2024.16.1-universal/out/client/extension.js:2:1763194)
	at Se (/home/xeyossr/.vscode-oss/extensions/ms-python.python-2024.16.1-universal/out/client/extension.js:2:1764910)
	at /home/xeyossr/.vscode-oss/extensions/ms-python.python-2024.16.1-universal/out/client/extension.js:2:1765341
	at we (/home/xeyossr/.vscode-oss/extensions/ms-python.python-2024.16.1-universal/out/client/extension.js:2:1765282)
	at Pe (/home/xeyossr/.vscode-oss/extensions/ms-python.python-2024.16.1-universal/out/client/extension.js:2:1765316)
	at /home/xeyossr/.vscode-oss/extensions/ms-python.python-2024.16.1-universal/out/client/extension.js:2:1762555
	at /home/xeyossr/.vscode-oss/extensions/ms-python.python-2024.16.1-universal/out/client/extension.js:2:1762489
	at Array.map (<anonymous>)
	at /home/xeyossr/.vscode-oss/extensions/ms-python.python-2024.16.1-universal/out/client/extension.js:2:1762460
	at /home/xeyossr/.vscode-oss/extensions/ms-python.python-2024.16.1-universal/out/client/extension.js:2:1764160
	at Array.reduce (<anonymous>)
	at /home/xeyossr/.vscode-oss/extensions/ms-python.python-2024.16.1-universal/out/client/extension.js:2:1764132
	at /home/xeyossr/.vscode-oss/extensions/ms-python.python-2024.16.1-universal/out/client/extension.js:2:1764414
	at /home/xeyossr/.vscode-oss/extensions/ms-python.python-2024.16.1-universal/out/client/extension.js:2:1764794
	at Se (/home/xeyossr/.vscode-oss/extensions/ms-python.python-2024.16.1-universal/out/client/extension.js:2:1764861)
	at /home/xeyossr/.vscode-oss/extensions/ms-python.python-2024.16.1-universal/out/client/extension.js:2:1765341
	at we (/home/xeyossr/.vscode-oss/extensions/ms-python.python-2024.16.1-universal/out/client/extension.js:2:1765282)
	at Pe (/home/xeyossr/.vscode-oss/extensions/ms-python.python-2024.16.1-universal/out/client/extension.js:2:1765316)
	at /home/xeyossr/.vscode-oss/extensions/ms-python.python-2024.16.1-universal/out/client/extension.js:2:1762555
	at /home/xeyossr/.vscode-oss/extensions/ms-python.python-2024.16.1-universal/out/client/extension.js:2:1792225
	at /home/xeyossr/.vscode-oss/extensions/ms-python.python-2024.16.1-universal/out/client/extension.js:2:1792246
	at e._get (/home/xeyossr/.vscode-oss/extensions/ms-python.python-2024.16.1-universal/out/client/extension.js:2:1791259)
	at e._getButThrowIfAsync (/home/xeyossr/.vscode-oss/extensions/ms-python.python-2024.16.1-universal/out/client/extension.js:2:1791319)
	at e.get (/home/xeyossr/.vscode-oss/extensions/ms-python.python-2024.16.1-universal/out/client/extension.js:2:1787028)
	at a.get (/home/xeyossr/.vscode-oss/extensions/ms-python.python-2024.16.1-universal/out/client/extension.js:2:525708)
	at /home/xeyossr/.vscode-oss/extensions/ms-python.python-2024.16.1-universal/out/client/extension.js:2:441541
	at async t.activateComponents (/home/xeyossr/.vscode-oss/extensions/ms-python.python-2024.16.1-universal/out/client/extension.js:2:439784)
	at async /home/xeyossr/.vscode-oss/extensions/ms-python.python-2024.16.1-universal/out/client/extension.js:2:2718965
	at async e (/home/xeyossr/.vscode-oss/extensions/ms-python.python-2024.16.1-universal/out/client/extension.js:2:2718497)
	at async x0.n (file:///usr/lib/code/out/vs/workbench/api/node/extensionHostProcess.js:114:4450)
	at async x0.m (file:///usr/lib/code/out/vs/workbench/api/node/extensionHostProcess.js:114:4413)
	at async x0.l (file:///usr/lib/code/out/vs/workbench/api/node/extensionHostProcess.js:114:3869)]
2024-10-19 12:16:26.409 [info] Python interpreter path: /bin/python
2024-10-19 12:16:26.496 [info] > pyenv which python
2024-10-19 12:16:26.496 [info] cwd: ~/Documents/Coding/XMusic App
2024-10-19 12:16:26.976 [error] [
  'Failed to activate a workspace, Class name = v, completed in 703ms, has a falsy return value, Arg 1: <Uri:/home/xeyossr/Documents/Coding/XMusic App/static/js/index.js>, Arg 2: {"started":1729325785924}, Return Value: undefined',
  [Error: Extension 'ms-python.python' CANNOT use API proposal: testObserver.
  Its package.json#enabledApiProposals-property declares:  but NOT testObserver.
   The missing proposal MUST be added and you must start in extension development mode or use the following command line switch: --enable-proposed-api ms-python.python
  	at H (file:///usr/lib/code/out/vs/workbench/api/node/extensionHostProcess.js:112:16479)
  	at get testResults (file:///usr/lib/code/out/vs/workbench/api/node/extensionHostProcess.js:156:39221)
  	at C.activate (/home/xeyossr/.vscode-oss/extensions/ms-python.python-2024.16.1-universal/out/client/extension.js:2:947691)
  	at /home/xeyossr/.vscode-oss/extensions/ms-python.python-2024.16.1-universal/out/client/extension.js:2:2457
  	at Array.map (<anonymous>)
  	at v.activateWorkspace (/home/xeyossr/.vscode-oss/extensions/ms-python.python-2024.16.1-universal/out/client/extension.js:2:2447)]
]
2024-10-19 12:16:26.977 [error] Failure during activation. [Error: Extension 'ms-python.python' CANNOT use API proposal: testObserver.
Its package.json#enabledApiProposals-property declares:  but NOT testObserver.
 The missing proposal MUST be added and you must start in extension development mode or use the following command line switch: --enable-proposed-api ms-python.python
	at H (file:///usr/lib/code/out/vs/workbench/api/node/extensionHostProcess.js:112:16479)
	at get testResults (file:///usr/lib/code/out/vs/workbench/api/node/extensionHostProcess.js:156:39221)
	at C.activate (/home/xeyossr/.vscode-oss/extensions/ms-python.python-2024.16.1-universal/out/client/extension.js:2:947691)
	at /home/xeyossr/.vscode-oss/extensions/ms-python.python-2024.16.1-universal/out/client/extension.js:2:2457
	at Array.map (<anonymous>)
	at v.activateWorkspace (/home/xeyossr/.vscode-oss/extensions/ms-python.python-2024.16.1-universal/out/client/extension.js:2:2447)]
2024-10-19 12:16:26.977 [error] sendStartupTelemetry() failed. [Error: Extension 'ms-python.python' CANNOT use API proposal: testObserver.
Its package.json#enabledApiProposals-property declares:  but NOT testObserver.
 The missing proposal MUST be added and you must start in extension development mode or use the following command line switch: --enable-proposed-api ms-python.python
	at H (file:///usr/lib/code/out/vs/workbench/api/node/extensionHostProcess.js:112:16479)
	at get testResults (file:///usr/lib/code/out/vs/workbench/api/node/extensionHostProcess.js:156:39221)
	at C.activate (/home/xeyossr/.vscode-oss/extensions/ms-python.python-2024.16.1-universal/out/client/extension.js:2:947691)
	at /home/xeyossr/.vscode-oss/extensions/ms-python.python-2024.16.1-universal/out/client/extension.js:2:2457
	at Array.map (<anonymous>)
	at v.activateWorkspace (/home/xeyossr/.vscode-oss/extensions/ms-python.python-2024.16.1-universal/out/client/extension.js:2:2447)]
2024-10-19 12:16:33.871 [info] Starting Jedi language server for XMusic App.
