2024-10-19 11:38:02.872 [info] WARNING:pygls.protocol:Cancel notification for unknown message id "3"

2024-10-19 11:38:09.242 [info] WARNING:pygls.protocol:Cancel notification for unknown message id "26"

2024-10-19 11:38:09.250 [info] WARNING:pygls.protocol:Cancel notification for unknown message id "27"

2024-10-19 11:39:06.043 [info] WARNING:pygls.protocol:Cancel notification for unknown message id "59"

2024-10-19 11:39:18.384 [info] WARNING:pygls.protocol:Cancel notification for unknown message id "93"

2024-10-19 11:39:21.060 [info] Exception in thread Thread-108:
Traceback (most recent call last):
  File "/home/xeyossr/.vscode-oss/extensions/ms-python.python-2024.16.1-universal/python_files/lib/jedilsp/jedi_language_server/jedi_utils.py", line 299, in lsp_python_diagnostic

2024-10-19 11:39:21.061 [info]     compile(source, uri, "exec", PyCF_ONLY_AST)
  File "file:///home/xeyossr/Documents/Coding/Day%20%2330%20-%20Music%20Player%20App/app.py", line 5
    @app.route('/')
SyntaxError: invalid syntax

During handling of the above exception, another exception occurred:

Traceback (most recent call last):
  File "/usr/lib/python3.12/threading.py", line 1075, in _bootstrap_inner

2024-10-19 11:39:21.063 [info]     self.run()
  File "/usr/lib/python3.12/threading.py", line 1433, in run

2024-10-19 11:39:21.064 [info]     self.function(*self.args, **self.kwargs)
  File "/home/xeyossr/.vscode-oss/extensions/ms-python.python-2024.16.1-universal/python_files/lib/jedilsp/jedi_language_server/jedi_utils.py", line 71, in run

2024-10-19 11:39:21.064 [info]     return func(*args, **kwargs)
           ^^^^^^^^^^^^^^^^^^^^^
  File "/home/xeyossr/.vscode-oss/extensions/ms-python.python-2024.16.1-universal/python_files/lib/jedilsp/jedi_language_server/server.py", line 653, in _publish_diagnostics

2024-10-19 11:39:21.065 [info]     diagnostic = jedi_utils.lsp_python_diagnostic(uri, doc.source)
                 ^^^^^^^^^^^^^^^^^^^^^^^^^^^^^^^^^^^^^^^^^^^^^^^^^
  File "/home/xeyossr/.vscode-oss/extensions/ms-python.python-2024.16.1-universal/python_files/lib/jedilsp/jedi_language_server/jedi_utils.py", line 320, in lsp_python_diagnostic

2024-10-19 11:39:21.066 [info]     end=Position(line=until_line, character=until_column),

2024-10-19 11:39:21.066 [info]         ^^^^^^^^^^^^^^^^^^^^^^^^^^^^^^^^^^^^^^^^^^^^^^^^^
  File "<attrs generated init lsprotocol.types.Position>", line 7, in __init__
  File "/home/xeyossr/.vscode-oss/extensions/ms-python.python-2024.16.1-universal/python_files/lib/jedilsp/lsprotocol/validators.py", line 44, in uinteger_validator

2024-10-19 11:39:21.066 [info]     raise ValueError(
ValueError: Position.character should be in range [0:2147483647], but was -1.

2024-10-19 11:39:24.565 [info] Exception in thread Thread-112:
Traceback (most recent call last):
  File "/home/xeyossr/.vscode-oss/extensions/ms-python.python-2024.16.1-universal/python_files/lib/jedilsp/jedi_language_server/jedi_utils.py", line 299, in lsp_python_diagnostic

2024-10-19 11:39:24.565 [info]     compile(source, uri, "exec", PyCF_ONLY_AST)
  File "file:///home/xeyossr/Documents/Coding/Day%20%2330%20-%20Music%20Player%20App/app.py", line 6
    
SyntaxError: invalid syntax

During handling of the above exception, another exception occurred:

Traceback (most recent call last):
  File "/usr/lib/python3.12/threading.py", line 1075, in _bootstrap_inner

2024-10-19 11:39:24.566 [info]     self.run()
  File "/usr/lib/python3.12/threading.py", line 1433, in run

2024-10-19 11:39:24.567 [info]     self.function(*self.args, **self.kwargs)
  File "/home/xeyossr/.vscode-oss/extensions/ms-python.python-2024.16.1-universal/python_files/lib/jedilsp/jedi_language_server/jedi_utils.py", line 71, in run

2024-10-19 11:39:24.567 [info]     return func(*args, **kwargs)
           ^^^^^^^^^^^^^^^^^^^^^
  File "/home/xeyossr/.vscode-oss/extensions/ms-python.python-2024.16.1-universal/python_files/lib/jedilsp/jedi_language_server/server.py", line 653, in _publish_diagnostics

2024-10-19 11:39:24.567 [info]     diagnostic = jedi_utils.lsp_python_diagnostic(uri, doc.source)
                 ^^^^^^^^^^^^^^^^^^^^^^^^^^^^^^^^^^^^^^^^^^^^^^^^^
  File "/home/xeyossr/.vscode-oss/extensions/ms-python.python-2024.16.1-universal/python_files/lib/jedilsp/jedi_language_server/jedi_utils.py", line 320, in lsp_python_diagnostic

2024-10-19 11:39:24.568 [info]     end=Position(line=until_line, character=until_column),

2024-10-19 11:39:24.568 [info]         ^^^^^^^^^^^^^^^^^^^^^^^^^^^^^^^^^^^^^^^^^^^^^^^^^
  File "<attrs generated init lsprotocol.types.Position>", line 7, in __init__
  File "/home/xeyossr/.vscode-oss/extensions/ms-python.python-2024.16.1-universal/python_files/lib/jedilsp/lsprotocol/validators.py", line 44, in uinteger_validator
    raise ValueError(

2024-10-19 11:39:24.568 [info] ValueError: Position.character should be in range [0:2147483647], but was -1.

2024-10-19 11:40:21.356 [info] WARNING:pygls.protocol:Cancel notification for unknown message id "205"

2024-10-19 11:41:03.765 [info] WARNING:pygls.protocol:Cancel notification for unknown message id "263"

2024-10-19 11:41:16.021 [info] WARNING:pygls.protocol:Cancel notification for unknown message id "288"

2024-10-19 11:41:21.561 [info] WARNING:pygls.protocol:Cancel notification for unknown message id "306"

2024-10-19 11:48:58.525 [info] [Error - 11:48:58 AM] Server process exited with signal SIGTERM.
2024-10-19 11:50:25.892 [info] WARNING:pygls.protocol:Cancel notification for unknown message id "1"

2024-10-19 11:50:32.796 [info] WARNING:pygls.protocol:Cancel notification for unknown message id "27"

2024-10-19 11:50:37.861 [info] WARNING:pygls.protocol:Cancel notification for unknown message id "44"

2024-10-19 12:12:55.226 [info] WARNING:pygls.protocol:Cancel notification for unknown message id "71"

2024-10-19 12:13:36.724 [info] WARNING:pygls.protocol:Cancel notification for unknown message id "82"

2024-10-19 12:13:50.900 [info] WARNING:pygls.protocol:Cancel notification for unknown message id "141"

2024-10-19 12:14:09.340 [info] WARNING:pygls.protocol:Cancel notification for unknown message id "208"

2024-10-19 12:14:17.721 [info] WARNING:pygls.protocol:Cancel notification for unknown message id "235"

2024-10-19 12:14:42.086 [info] Exception in thread Thread-220:
Traceback (most recent call last):

2024-10-19 12:14:42.086 [info]   File "/home/xeyossr/.vscode-oss/extensions/ms-python.python-2024.16.1-universal/python_files/lib/jedilsp/jedi_language_server/jedi_utils.py", line 299, in lsp_python_diagnostic

2024-10-19 12:14:42.091 [info]     compile(source, uri, "exec", PyCF_ONLY_AST)

2024-10-19 12:14:42.092 [info]   File "file:///home/xeyossr/Documents/Coding/XMusic%20App/app.py", line 15
    if __name__ == '__main__':
IndentationError: expected an indented block after 'with' statement on line 13

During handling of the above exception, another exception occurred:

Traceback (most recent call last):
  File "/usr/lib/python3.12/threading.py", line 1075, in _bootstrap_inner

2024-10-19 12:14:42.094 [info]     self.run()
  File "/usr/lib/python3.12/threading.py", line 1433, in run

2024-10-19 12:14:42.094 [info]     self.function(*self.args, **self.kwargs)
  File "/home/xeyossr/.vscode-oss/extensions/ms-python.python-2024.16.1-universal/python_files/lib/jedilsp/jedi_language_server/jedi_utils.py", line 71, in run

2024-10-19 12:14:42.095 [info]     return func(*args, **kwargs)
           ^^^^^^^^^^^^^^^^^^^^^
  File "/home/xeyossr/.vscode-oss/extensions/ms-python.python-2024.16.1-universal/python_files/lib/jedilsp/jedi_language_server/server.py", line 653, in _publish_diagnostics

2024-10-19 12:14:42.096 [info]     diagnostic = jedi_utils.lsp_python_diagnostic(uri, doc.source)
                 ^^^^^^^^^^^^^^^^^^^^^^^^^^^^^^^^^^^^^^^^^^^^^^^^^

2024-10-19 12:14:42.096 [info]   File "/home/xeyossr/.vscode-oss/extensions/ms-python.python-2024.16.1-universal/python_files/lib/jedilsp/jedi_language_server/jedi_utils.py", line 320, in lsp_python_diagnostic

2024-10-19 12:14:42.096 [info]     end=Position(line=until_line, character=until_column),
        ^^^^^^^^^^^^^^^^^^^^^^^^^^^^^^^^^^^^^^^^^^^^^^^^^

2024-10-19 12:14:42.097 [info]   File "<attrs generated init lsprotocol.types.Position>", line 7, in __init__

2024-10-19 12:14:42.097 [info]   File "/home/xeyossr/.vscode-oss/extensions/ms-python.python-2024.16.1-universal/python_files/lib/jedilsp/lsprotocol/validators.py", line 44, in uinteger_validator

2024-10-19 12:14:42.098 [info]     raise ValueError(
ValueError: Position.character should be in range [0:2147483647], but was -1.

2024-10-19 12:14:44.796 [info] WARNING:pygls.protocol:Cancel notification for unknown message id "291"

2024-10-19 12:14:44.813 [info] WARNING:pygls.protocol:Cancel notification for unknown message id "292"

2024-10-19 12:14:44.854 [info] WARNING:pygls.protocol:Cancel notification for unknown message id "294"

2024-10-19 12:14:44.925 [info] WARNING:pygls.protocol:Cancel notification for unknown message id "295"

2024-10-19 12:14:45.813 [info] Exception in thread Thread-226:
Traceback (most recent call last):
  File "/home/xeyossr/.vscode-oss/extensions/ms-python.python-2024.16.1-universal/python_files/lib/jedilsp/jedi_language_server/jedi_utils.py", line 299, in lsp_python_diagnostic

2024-10-19 12:14:45.813 [info]     compile(source, uri, "exec", PyCF_ONLY_AST)
  File "file:///home/xeyossr/Documents/Coding/XMusic%20App/app.py", line 15
    if __name__ == '__main__':
IndentationError: expected an indented block after 'with' statement on line 13

During handling of the above exception, another exception occurred:

Traceback (most recent call last):
  File "/usr/lib/python3.12/threading.py", line 1075, in _bootstrap_inner

2024-10-19 12:14:45.814 [info]     self.run()
  File "/usr/lib/python3.12/threading.py", line 1433, in run

2024-10-19 12:14:45.815 [info]     self.function(*self.args, **self.kwargs)
  File "/home/xeyossr/.vscode-oss/extensions/ms-python.python-2024.16.1-universal/python_files/lib/jedilsp/jedi_language_server/jedi_utils.py", line 71, in run

2024-10-19 12:14:45.815 [info]     return func(*args, **kwargs)
           ^^^^^^^^^^^^^^^^^^^^^
  File "/home/xeyossr/.vscode-oss/extensions/ms-python.python-2024.16.1-universal/python_files/lib/jedilsp/jedi_language_server/server.py", line 653, in _publish_diagnostics

2024-10-19 12:14:45.816 [info]     diagnostic = jedi_utils.lsp_python_diagnostic(uri, doc.source)

2024-10-19 12:14:45.816 [info]                  ^^^^^^^^^^^^^^^^^^^^^^^^^^^^^^^^^^^^^^^^^^^^^^^^^
  File "/home/xeyossr/.vscode-oss/extensions/ms-python.python-2024.16.1-universal/python_files/lib/jedilsp/jedi_language_server/jedi_utils.py", line 320, in lsp_python_diagnostic

2024-10-19 12:14:45.816 [info]     end=Position(line=until_line, character=until_column),
        ^^^^^^^^^^^^^^^^^^^^^^^^^^^^^^^^^^^^^^^^^^^^^^^^^
  File "<attrs generated init lsprotocol.types.Position>", line 7, in __init__

2024-10-19 12:14:45.816 [info]   File "/home/xeyossr/.vscode-oss/extensions/ms-python.python-2024.16.1-universal/python_files/lib/jedilsp/lsprotocol/validators.py", line 44, in uinteger_validator
    raise ValueError(

2024-10-19 12:14:45.817 [info] ValueError: Position.character should be in range [0:2147483647], but was -1.

2024-10-19 12:14:48.705 [info] Exception in thread Thread-227:
Traceback (most recent call last):
  File "/home/xeyossr/.vscode-oss/extensions/ms-python.python-2024.16.1-universal/python_files/lib/jedilsp/jedi_language_server/jedi_utils.py", line 299, in lsp_python_diagnostic

2024-10-19 12:14:48.706 [info]     compile(source, uri, "exec", PyCF_ONLY_AST)
  File "file:///home/xeyossr/Documents/Coding/XMusic%20App/app.py", line 16
    if __name__ == '__main__':
IndentationError: expected an indented block after 'with' statement on line 13

During handling of the above exception, another exception occurred:

Traceback (most recent call last):
  File "/usr/lib/python3.12/threading.py", line 1075, in _bootstrap_inner

2024-10-19 12:14:48.707 [info]     self.run()
  File "/usr/lib/python3.12/threading.py", line 1433, in run

2024-10-19 12:14:48.708 [info]     self.function(*self.args, **self.kwargs)
  File "/home/xeyossr/.vscode-oss/extensions/ms-python.python-2024.16.1-universal/python_files/lib/jedilsp/jedi_language_server/jedi_utils.py", line 71, in run

2024-10-19 12:14:48.708 [info]     return func(*args, **kwargs)
           ^^^^^^^^^^^^^^^^^^^^^
  File "/home/xeyossr/.vscode-oss/extensions/ms-python.python-2024.16.1-universal/python_files/lib/jedilsp/jedi_language_server/server.py", line 653, in _publish_diagnostics

2024-10-19 12:14:48.709 [info]     diagnostic = jedi_utils.lsp_python_diagnostic(uri, doc.source)

2024-10-19 12:14:48.709 [info]                  ^^^^^^^^^^^^^^^^^^^^^^^^^^^^^^^^^^^^^^^^^^^^^^^^^
  File "/home/xeyossr/.vscode-oss/extensions/ms-python.python-2024.16.1-universal/python_files/lib/jedilsp/jedi_language_server/jedi_utils.py", line 320, in lsp_python_diagnostic

2024-10-19 12:14:48.709 [info]     end=Position(line=until_line, character=until_column),
        ^^^^^^^^^^^^^^^^^^^^^^^^^^^^^^^^^^^^^^^^^^^^^^^^^

2024-10-19 12:14:48.709 [info]   File "<attrs generated init lsprotocol.types.Position>", line 7, in __init__
  File "/home/xeyossr/.vscode-oss/extensions/ms-python.python-2024.16.1-universal/python_files/lib/jedilsp/lsprotocol/validators.py", line 44, in uinteger_validator

2024-10-19 12:14:48.709 [info]     raise ValueError(
ValueError: Position.character should be in range [0:2147483647], but was -1.

2024-10-19 12:14:52.411 [info] WARNING:pygls.protocol:Cancel notification for unknown message id "318"

2024-10-19 12:14:59.743 [info] WARNING:pygls.protocol:Cancel notification for unknown message id "345"

2024-10-19 12:16:36.950 [info] WARNING:pygls.protocol:Cancel notification for unknown message id "1"

2024-10-19 12:16:59.577 [info] WARNING:pygls.protocol:Cancel notification for unknown message id "7"

2024-10-19 12:46:06.264 [info] WARNING:pygls.protocol:Cancel notification for unknown message id "9"

2024-10-19 12:46:06.355 [info] WARNING:pygls.protocol:Cancel notification for unknown message id "11"

2024-10-19 12:46:06.357 [info] WARNING:pygls.protocol:Cancel notification for unknown message id "10"

2024-10-19 13:08:17.774 [info] WARNING:pygls.protocol:Cancel notification for unknown message id "12"

2024-10-19 13:13:31.536 [info] WARNING:pygls.protocol:Cancel notification for unknown message id "13"

