2024-10-19 14:28:32.054 [info] [ana] Günlük düzeyi: Info
2024-10-19 14:28:32.054 [info] [ana] Şurada bulunan git doğrulanıyor: "git"
2024-10-19 14:28:32.054 [info] [ana] "git" konumundaki "2.47.0" git'i kullanılıyor
2024-10-19 14:28:32.054 [info] [Model][doInitialScan] Initial repository scan started
2024-10-19 14:28:32.054 [info] > git rev-parse --show-toplevel [25ms]
2024-10-19 14:28:32.054 [info] fatal: not a git repository (or any parent up to mount point /)
Stopping at filesystem boundary (GIT_DISCOVERY_ACROSS_FILESYSTEM not set).
2024-10-19 14:28:32.054 [info] > git rev-parse --show-toplevel [135ms]
2024-10-19 14:28:32.054 [info] fatal: not a git repository (or any parent up to mount point /)
Stopping at filesystem boundary (GIT_DISCOVERY_ACROSS_FILESYSTEM not set).
2024-10-19 14:28:32.055 [info] > git rev-parse --show-toplevel [7ms]
2024-10-19 14:28:32.055 [info] fatal: not a git repository (or any parent up to mount point /)
Stopping at filesystem boundary (GIT_DISCOVERY_ACROSS_FILESYSTEM not set).
2024-10-19 14:28:32.097 [info] > git rev-parse --show-toplevel [30ms]
2024-10-19 14:28:32.097 [info] fatal: not a git repository (or any parent up to mount point /)
Stopping at filesystem boundary (GIT_DISCOVERY_ACROSS_FILESYSTEM not set).
2024-10-19 14:28:32.097 [info] [Model][doInitialScan] Initial repository scan completed - repositories (0), closed repositories (0), parent repositories (0), unsafe repositories (0)
2024-10-19 14:28:51.790 [info] > git rev-parse --show-toplevel [9ms]
2024-10-19 14:28:51.790 [info] fatal: not a git repository (or any parent up to mount point /)
Stopping at filesystem boundary (GIT_DISCOVERY_ACROSS_FILESYSTEM not set).
2024-10-19 14:28:52.237 [info] > git rev-parse --show-toplevel [3ms]
2024-10-19 14:28:52.237 [info] fatal: not a git repository (or any parent up to mount point /)
Stopping at filesystem boundary (GIT_DISCOVERY_ACROSS_FILESYSTEM not set).
2024-10-19 14:28:52.321 [info] > git rev-parse --show-toplevel [3ms]
2024-10-19 14:28:52.322 [info] fatal: not a git repository (or any parent up to mount point /)
Stopping at filesystem boundary (GIT_DISCOVERY_ACROSS_FILESYSTEM not set).
2024-10-19 14:28:52.659 [info] > git rev-parse --show-toplevel [4ms]
2024-10-19 14:28:52.659 [info] fatal: not a git repository (or any parent up to mount point /)
Stopping at filesystem boundary (GIT_DISCOVERY_ACROSS_FILESYSTEM not set).
2024-10-19 14:34:39.302 [info] > git rev-parse --show-toplevel [18ms]
2024-10-19 14:34:39.307 [info] fatal: not a git repository (or any parent up to mount point /)
Stopping at filesystem boundary (GIT_DISCOVERY_ACROSS_FILESYSTEM not set).
2024-10-19 14:34:48.646 [info] > git rev-parse --show-toplevel [13ms]
2024-10-19 14:34:48.646 [info] fatal: not a git repository (or any parent up to mount point /)
Stopping at filesystem boundary (GIT_DISCOVERY_ACROSS_FILESYSTEM not set).
2024-10-19 14:34:54.678 [info] > git rev-parse --show-toplevel [3ms]
2024-10-19 14:34:54.678 [info] fatal: not a git repository (or any parent up to mount point /)
Stopping at filesystem boundary (GIT_DISCOVERY_ACROSS_FILESYSTEM not set).
2024-10-19 14:35:29.312 [info] > git rev-parse --show-toplevel [12ms]
2024-10-19 14:35:29.312 [info] fatal: not a git repository (or any parent up to mount point /)
Stopping at filesystem boundary (GIT_DISCOVERY_ACROSS_FILESYSTEM not set).
2024-10-19 14:35:59.453 [info] > git rev-parse --show-toplevel [4ms]
2024-10-19 14:35:59.453 [info] fatal: not a git repository (or any parent up to mount point /)
Stopping at filesystem boundary (GIT_DISCOVERY_ACROSS_FILESYSTEM not set).
2024-10-19 14:46:36.935 [info] > git rev-parse --show-toplevel [19ms]
2024-10-19 14:46:36.940 [info] fatal: not a git repository (or any parent up to mount point /)
Stopping at filesystem boundary (GIT_DISCOVERY_ACROSS_FILESYSTEM not set).
2024-10-19 14:47:46.737 [info] > git rev-parse --show-toplevel [4ms]
2024-10-19 14:47:46.737 [info] fatal: not a git repository (or any parent up to mount point /)
Stopping at filesystem boundary (GIT_DISCOVERY_ACROSS_FILESYSTEM not set).
2024-10-19 14:58:51.632 [info] > git rev-parse --show-toplevel [56ms]
2024-10-19 14:58:51.637 [info] fatal: not a git repository (or any parent up to mount point /)
Stopping at filesystem boundary (GIT_DISCOVERY_ACROSS_FILESYSTEM not set).
2024-10-19 14:58:52.182 [info] > git rev-parse --show-toplevel [11ms]
2024-10-19 14:58:52.182 [info] fatal: not a git repository (or any parent up to mount point /)
Stopping at filesystem boundary (GIT_DISCOVERY_ACROSS_FILESYSTEM not set).
