2024-10-18 21:42:27.907 [info] Starting TS Server
2024-10-18 21:42:27.907 [info] Using tsserver from: /usr/lib/code/extensions/node_modules/typescript/lib/tsserver.js
2024-10-18 21:42:27.907 [info] <syntax> Forking...
2024-10-18 21:42:27.907 [info] <syntax> Starting...
2024-10-18 21:42:27.907 [info] <semantic> Forking...
2024-10-18 21:42:27.907 [info] <semantic> Starting...
2024-10-18 21:52:48.771 [error] TSServer exited. Code: null. Signal: SIGTERM
2024-10-18 21:52:48.771 [info] Starting TS Server
2024-10-18 21:52:48.771 [info] Not starting server: disposed
2024-10-18 21:53:15.514 [info] Starting TS Server
2024-10-18 21:53:15.514 [info] Using tsserver from: /usr/lib/code/extensions/node_modules/typescript/lib/tsserver.js
2024-10-18 21:53:15.514 [info] <syntax> Forking...
2024-10-18 21:53:15.514 [info] <syntax> Starting...
2024-10-18 21:53:15.514 [info] <semantic> Forking...
2024-10-18 21:53:15.514 [info] <semantic> Starting...
2024-10-18 21:56:46.279 [error] TSServer exited. Code: null. Signal: SIGTERM
2024-10-18 21:56:46.279 [info] Starting TS Server
2024-10-18 21:56:46.279 [info] Not starting server: disposed
2024-10-18 22:09:46.260 [info] Starting TS Server
2024-10-18 22:09:46.260 [info] Using tsserver from: /usr/lib/code/extensions/node_modules/typescript/lib/tsserver.js
2024-10-18 22:09:46.260 [info] <syntax> Forking...
2024-10-18 22:09:46.260 [info] <syntax> Starting...
2024-10-18 22:09:46.260 [info] <semantic> Forking...
2024-10-18 22:09:46.260 [info] <semantic> Starting...
2024-10-18 22:15:28.224 [error] TSServer exited. Code: null. Signal: SIGTERM
2024-10-18 22:15:28.225 [info] Starting TS Server
2024-10-18 22:15:28.225 [info] Not starting server: disposed
