2024-10-18 19:22:32.526 [info] [ana] Günlük düzeyi: Info
2024-10-18 19:22:32.526 [info] [ana] Şurada bulunan git doğrulanıyor: "git"
2024-10-18 19:22:32.526 [info] [ana] "git" konumundaki "2.47.0" git'i kullanılıyor
2024-10-18 19:22:32.526 [info] [Model][doInitialScan] Initial repository scan started
2024-10-18 19:22:32.541 [info] > git rev-parse --show-toplevel [27ms]
2024-10-18 19:22:32.541 [info] fatal: not a git repository (or any parent up to mount point /)
Stopping at filesystem boundary (GIT_DISCOVERY_ACROSS_FILESYSTEM not set).
2024-10-18 19:22:32.604 [info] > git rev-parse --show-toplevel [2ms]
2024-10-18 19:22:32.604 [info] fatal: not a git repository (or any parent up to mount point /)
Stopping at filesystem boundary (GIT_DISCOVERY_ACROSS_FILESYSTEM not set).
2024-10-18 19:22:33.008 [info] > git rev-parse --show-toplevel [360ms]
2024-10-18 19:22:33.009 [info] fatal: not a git repository (or any parent up to mount point /)
Stopping at filesystem boundary (GIT_DISCOVERY_ACROSS_FILESYSTEM not set).
2024-10-18 19:22:33.123 [info] > git rev-parse --show-toplevel [7ms]
2024-10-18 19:22:33.123 [info] fatal: not a git repository (or any parent up to mount point /)
Stopping at filesystem boundary (GIT_DISCOVERY_ACROSS_FILESYSTEM not set).
2024-10-18 19:22:33.131 [info] [Model][doInitialScan] Initial repository scan completed - repositories (0), closed repositories (0), parent repositories (0), unsafe repositories (0)
2024-10-18 19:22:57.749 [info] [ana] Günlük düzeyi: Info
2024-10-18 19:22:57.749 [info] [ana] Şurada bulunan git doğrulanıyor: "git"
2024-10-18 19:22:57.749 [info] [ana] "git" konumundaki "2.47.0" git'i kullanılıyor
2024-10-18 19:22:57.749 [info] [Model][doInitialScan] Initial repository scan started
2024-10-18 19:22:57.749 [info] > git rev-parse --show-toplevel [318ms]
2024-10-18 19:22:57.749 [info] fatal: not a git repository (or any parent up to mount point /)
Stopping at filesystem boundary (GIT_DISCOVERY_ACROSS_FILESYSTEM not set).
2024-10-18 19:22:57.892 [info] > git rev-parse --show-toplevel [320ms]
2024-10-18 19:22:57.892 [info] fatal: not a git repository (or any parent up to mount point /)
Stopping at filesystem boundary (GIT_DISCOVERY_ACROSS_FILESYSTEM not set).
2024-10-18 19:22:57.915 [info] > git rev-parse --show-toplevel [3ms]
2024-10-18 19:22:57.915 [info] fatal: not a git repository (or any parent up to mount point /)
Stopping at filesystem boundary (GIT_DISCOVERY_ACROSS_FILESYSTEM not set).
2024-10-18 19:22:57.980 [info] > git rev-parse --show-toplevel [32ms]
2024-10-18 19:22:57.980 [info] fatal: not a git repository (or any parent up to mount point /)
Stopping at filesystem boundary (GIT_DISCOVERY_ACROSS_FILESYSTEM not set).
2024-10-18 19:22:57.981 [info] [Model][doInitialScan] Initial repository scan completed - repositories (0), closed repositories (0), parent repositories (0), unsafe repositories (0)
2024-10-18 19:23:03.377 [info] > git rev-parse --show-toplevel [32ms]
2024-10-18 19:23:03.377 [info] fatal: not a git repository (or any parent up to mount point /)
Stopping at filesystem boundary (GIT_DISCOVERY_ACROSS_FILESYSTEM not set).
2024-10-18 19:23:03.605 [info] > git rev-parse --show-toplevel [5ms]
2024-10-18 19:23:03.605 [info] fatal: not a git repository (or any parent up to mount point /)
Stopping at filesystem boundary (GIT_DISCOVERY_ACROSS_FILESYSTEM not set).
2024-10-18 19:23:03.706 [info] > git rev-parse --show-toplevel [2ms]
2024-10-18 19:23:03.707 [info] fatal: not a git repository (or any parent up to mount point /)
Stopping at filesystem boundary (GIT_DISCOVERY_ACROSS_FILESYSTEM not set).
2024-10-18 19:23:04.011 [info] > git rev-parse --show-toplevel [3ms]
2024-10-18 19:23:04.011 [info] fatal: not a git repository (or any parent up to mount point /)
Stopping at filesystem boundary (GIT_DISCOVERY_ACROSS_FILESYSTEM not set).
2024-10-18 19:23:05.715 [info] > git rev-parse --show-toplevel [10ms]
2024-10-18 19:23:05.715 [info] fatal: not a git repository (or any parent up to mount point /)
Stopping at filesystem boundary (GIT_DISCOVERY_ACROSS_FILESYSTEM not set).
2024-10-18 19:23:22.853 [info] > git rev-parse --show-toplevel [4ms]
2024-10-18 19:23:22.853 [info] fatal: not a git repository (or any parent up to mount point /)
Stopping at filesystem boundary (GIT_DISCOVERY_ACROSS_FILESYSTEM not set).
2024-10-18 19:28:24.422 [info] > git rev-parse --show-toplevel [14ms]
2024-10-18 19:28:24.423 [info] fatal: not a git repository (or any parent up to mount point /)
Stopping at filesystem boundary (GIT_DISCOVERY_ACROSS_FILESYSTEM not set).
2024-10-18 19:28:33.853 [info] > git rev-parse --show-toplevel [10ms]
2024-10-18 19:28:33.853 [info] fatal: not a git repository (or any parent up to mount point /)
Stopping at filesystem boundary (GIT_DISCOVERY_ACROSS_FILESYSTEM not set).
2024-10-18 19:30:27.613 [info] > git rev-parse --show-toplevel [8ms]
2024-10-18 19:30:27.614 [info] fatal: not a git repository (or any parent up to mount point /)
Stopping at filesystem boundary (GIT_DISCOVERY_ACROSS_FILESYSTEM not set).
2024-10-18 19:30:38.893 [info] > git rev-parse --show-toplevel [7ms]
2024-10-18 19:30:38.894 [info] fatal: not a git repository (or any parent up to mount point /)
Stopping at filesystem boundary (GIT_DISCOVERY_ACROSS_FILESYSTEM not set).
2024-10-18 19:30:39.917 [info] > git rev-parse --show-toplevel [8ms]
2024-10-18 19:30:39.917 [info] fatal: not a git repository (or any parent up to mount point /)
Stopping at filesystem boundary (GIT_DISCOVERY_ACROSS_FILESYSTEM not set).
2024-10-18 19:30:45.958 [info] > git rev-parse --show-toplevel [28ms]
2024-10-18 19:30:45.958 [info] fatal: not a git repository (or any parent up to mount point /)
Stopping at filesystem boundary (GIT_DISCOVERY_ACROSS_FILESYSTEM not set).
2024-10-18 19:30:50.838 [info] > git rev-parse --show-toplevel [8ms]
2024-10-18 19:30:50.838 [info] fatal: not a git repository (or any parent up to mount point /)
Stopping at filesystem boundary (GIT_DISCOVERY_ACROSS_FILESYSTEM not set).
2024-10-18 19:30:53.778 [info] > git rev-parse --show-toplevel [5ms]
2024-10-18 19:30:53.778 [info] fatal: not a git repository (or any parent up to mount point /)
Stopping at filesystem boundary (GIT_DISCOVERY_ACROSS_FILESYSTEM not set).
2024-10-18 19:32:21.386 [info] > git rev-parse --show-toplevel [18ms]
2024-10-18 19:32:21.390 [info] fatal: not a git repository (or any parent up to mount point /)
Stopping at filesystem boundary (GIT_DISCOVERY_ACROSS_FILESYSTEM not set).
2024-10-18 19:32:22.912 [info] > git rev-parse --show-toplevel [13ms]
2024-10-18 19:32:22.912 [info] fatal: not a git repository (or any parent up to mount point /)
Stopping at filesystem boundary (GIT_DISCOVERY_ACROSS_FILESYSTEM not set).
